                      :-) GROMACS - gmx mdrun, 2019.1 (-:

                            GROMACS is written by:
     Emile Apol      Rossen Apostolov      Paul Bauer     Herman J.C. Berendsen
    Par Bjelkmar      Christian Blau   Viacheslav Bolnykh     Kevin Boyd    
 Aldert van Buuren   Rudi van Drunen     Anton Feenstra       Alan Gray     
  Gerrit Groenhof     Anca Hamuraru    Vincent Hindriksen  M. Eric Irrgang  
  Aleksei Iupinov   Christoph Junghans     Joe Jordan     Dimitrios Karkoulis
    Peter Kasson        Jiri Kraus      Carsten Kutzner      Per Larsson    
  Justin A. Lemkul    Viveca Lindahl    Magnus Lundborg     Erik Marklund   
    Pascal Merz     Pieter Meulenhoff    Teemu Murtola       Szilard Pall   
    Sander Pronk      Roland Schulz      Michael Shirts    Alexey Shvetsov  
   Alfons Sijbers     Peter Tieleman      Jon Vincent      Teemu Virolainen 
 Christian Wennberg    Maarten Wolf   
                           and the project leaders:
        Mark Abraham, Berk Hess, Erik Lindahl, and David van der Spoel

Copyright (c) 1991-2000, University of Groningen, The Netherlands.
Copyright (c) 2001-2018, The GROMACS development team at
Uppsala University, Stockholm University and
the Royal Institute of Technology, Sweden.
check out http://www.gromacs.org for more information.

GROMACS is free software; you can redistribute it and/or modify it
under the terms of the GNU Lesser General Public License
as published by the Free Software Foundation; either version 2.1
of the License, or (at your option) any later version.

GROMACS:      gmx mdrun, version 2019.1
Executable:   /Softs/lumiere/gromacs/mpi/gcc/2019.1-sp/bin/gmx_mpi
Data prefix:  /Softs/lumiere/gromacs/mpi/gcc/2019.1-sp
Working dir:  /Work/Users/ctsilefski/water
Process ID:   2593
Command line:
  gmx_mpi mdrun -s topol.tpr

GROMACS version:    2019.1
Precision:          single
Memory model:       64 bit
MPI library:        MPI
OpenMP support:     enabled (GMX_OPENMP_MAX_THREADS = 64)
GPU support:        disabled
SIMD instructions:  AVX_256
FFT library:        fftw-3.3.8-sse2-avx
RDTSCP usage:       enabled
TNG support:        enabled
Hwloc support:      disabled
Tracing support:    disabled
C compiler:         /Softs/lumiere/mpi/openmpi/gcc/1.7.5/bin/mpicc GNU 4.9.0
C compiler flags:    -mavx     -O3 -DNDEBUG -funroll-all-loops -fexcess-precision=fast  
C++ compiler:       /Softs/lumiere/mpi/openmpi/gcc/1.7.5/bin/mpic++ GNU 4.9.0
C++ compiler flags:  -mavx    -std=c++11   -O3 -DNDEBUG -funroll-all-loops -fexcess-precision=fast  


Running on 1 node with total 16 cores, 16 logical cores
Hardware detected on host node2-30 (the node of MPI rank 0):
  CPU info:
    Vendor: Intel
    Brand:  Intel(R) Xeon(R) CPU E5-2640 v3 @ 2.60GHz
    Family: 6   Model: 63   Stepping: 2
    Features: aes apic avx avx2 clfsh cmov cx8 cx16 f16c fma htt intel lahf mmx msr nonstop_tsc pcid pclmuldq pdcm pdpe1gb popcnt pse rdrnd rdtscp sse2 sse3 sse4.1 sse4.2 ssse3 tdt x2apic
  Hardware topology: Basic
    Sockets, cores, and logical processors:
      Socket  0: [   0] [   1] [   2] [   3] [   4] [   5] [   6] [   7]
      Socket  1: [   8] [   9] [  10] [  11] [  12] [  13] [  14] [  15]

Highest SIMD level requested by all nodes in run: AVX2_256
SIMD instructions selected at compile time:       AVX_256
This program was compiled for different hardware than you are running on,
which could influence performance.

++++ PLEASE READ AND CITE THE FOLLOWING REFERENCE ++++
M. J. Abraham, T. Murtola, R. Schulz, S. Páll, J. C. Smith, B. Hess, E.
Lindahl
GROMACS: High performance molecular simulations through multi-level
parallelism from laptops to supercomputers
SoftwareX 1 (2015) pp. 19-25
-------- -------- --- Thank You --- -------- --------


++++ PLEASE READ AND CITE THE FOLLOWING REFERENCE ++++
S. Páll, M. J. Abraham, C. Kutzner, B. Hess, E. Lindahl
Tackling Exascale Software Challenges in Molecular Dynamics Simulations with
GROMACS
In S. Markidis & E. Laure (Eds.), Solving Software Challenges for Exascale 8759 (2015) pp. 3-27
-------- -------- --- Thank You --- -------- --------


++++ PLEASE READ AND CITE THE FOLLOWING REFERENCE ++++
S. Pronk, S. Páll, R. Schulz, P. Larsson, P. Bjelkmar, R. Apostolov, M. R.
Shirts, J. C. Smith, P. M. Kasson, D. van der Spoel, B. Hess, and E. Lindahl
GROMACS 4.5: a high-throughput and highly parallel open source molecular
simulation toolkit
Bioinformatics 29 (2013) pp. 845-54
-------- -------- --- Thank You --- -------- --------


++++ PLEASE READ AND CITE THE FOLLOWING REFERENCE ++++
B. Hess and C. Kutzner and D. van der Spoel and E. Lindahl
GROMACS 4: Algorithms for highly efficient, load-balanced, and scalable
molecular simulation
J. Chem. Theory Comput. 4 (2008) pp. 435-447
-------- -------- --- Thank You --- -------- --------


++++ PLEASE READ AND CITE THE FOLLOWING REFERENCE ++++
D. van der Spoel, E. Lindahl, B. Hess, G. Groenhof, A. E. Mark and H. J. C.
Berendsen
GROMACS: Fast, Flexible and Free
J. Comp. Chem. 26 (2005) pp. 1701-1719
-------- -------- --- Thank You --- -------- --------


++++ PLEASE READ AND CITE THE FOLLOWING REFERENCE ++++
E. Lindahl and B. Hess and D. van der Spoel
GROMACS 3.0: A package for molecular simulation and trajectory analysis
J. Mol. Mod. 7 (2001) pp. 306-317
-------- -------- --- Thank You --- -------- --------


++++ PLEASE READ AND CITE THE FOLLOWING REFERENCE ++++
H. J. C. Berendsen, D. van der Spoel and R. van Drunen
GROMACS: A message-passing parallel molecular dynamics implementation
Comp. Phys. Comm. 91 (1995) pp. 43-56
-------- -------- --- Thank You --- -------- --------


++++ PLEASE CITE THE DOI FOR THIS VERSION OF GROMACS ++++
https://doi.org/10.5281/zenodo.2564764
-------- -------- --- Thank You --- -------- --------


The number of OpenMP threads was set by environment variable OMP_NUM_THREADS to 1

Input Parameters:
   integrator                     = md
   tinit                          = 0
   dt                             = 0.001
   nsteps                         = 1000000
   init-step                      = 0
   simulation-part                = 1
   comm-mode                      = Linear
   nstcomm                        = 100
   bd-fric                        = 0
   ld-seed                        = -519503051
   emtol                          = 10
   emstep                         = 0.01
   niter                          = 20
   fcstep                         = 0
   nstcgsteep                     = 1000
   nbfgscorr                      = 10
   rtpi                           = 0.05
   nstxout                        = 10000
   nstvout                        = 0
   nstfout                        = 0
   nstlog                         = 10000
   nstcalcenergy                  = 100
   nstenergy                      = 10000
   nstxout-compressed             = 0
   compressed-x-precision         = 1000
   cutoff-scheme                  = Verlet
   nstlist                        = 10
   ns-type                        = Grid
   pbc                            = xyz
   periodic-molecules             = false
   verlet-buffer-tolerance        = 0.001
   rlist                          = 0.701
   coulombtype                    = PME
   coulomb-modifier               = Potential-shift
   rcoulomb-switch                = 0
   rcoulomb                       = 0.7
   epsilon-r                      = 1
   epsilon-rf                     = inf
   vdw-type                       = Cut-off
   vdw-modifier                   = Potential-shift
   rvdw-switch                    = 0
   rvdw                           = 0.7
   DispCorr                       = EnerPres
   table-extension                = 1
   fourierspacing                 = 0.15
   fourier-nx                     = 14
   fourier-ny                     = 14
   fourier-nz                     = 14
   pme-order                      = 4
   ewald-rtol                     = 1e-05
   ewald-rtol-lj                  = 0.001
   lj-pme-comb-rule               = Geometric
   ewald-geometry                 = 0
   epsilon-surface                = 0
   tcoupl                         = Berendsen
   nsttcouple                     = 10
   nh-chain-length                = 0
   print-nose-hoover-chain-variables = false
   pcoupl                         = Berendsen
   pcoupltype                     = Isotropic
   nstpcouple                     = 10
   tau-p                          = 1
   compressibility (3x3):
      compressibility[    0]={ 1.00000e-06,  0.00000e+00,  0.00000e+00}
      compressibility[    1]={ 0.00000e+00,  1.00000e-06,  0.00000e+00}
      compressibility[    2]={ 0.00000e+00,  0.00000e+00,  1.00000e-06}
   ref-p (3x3):
      ref-p[    0]={ 2.00000e+01,  0.00000e+00,  0.00000e+00}
      ref-p[    1]={ 0.00000e+00,  2.00000e+01,  0.00000e+00}
      ref-p[    2]={ 0.00000e+00,  0.00000e+00,  2.00000e+01}
   refcoord-scaling               = No
   posres-com (3):
      posres-com[0]= 0.00000e+00
      posres-com[1]= 0.00000e+00
      posres-com[2]= 0.00000e+00
   posres-comB (3):
      posres-comB[0]= 0.00000e+00
      posres-comB[1]= 0.00000e+00
      posres-comB[2]= 0.00000e+00
   QMMM                           = false
   QMconstraints                  = 0
   QMMMscheme                     = 0
   MMChargeScaleFactor            = 1
qm-opts:
   ngQM                           = 0
   constraint-algorithm           = Lincs
   continuation                   = false
   Shake-SOR                      = false
   shake-tol                      = 0.0001
   lincs-order                    = 4
   lincs-iter                     = 1
   lincs-warnangle                = 30
   nwall                          = 0
   wall-type                      = 9-3
   wall-r-linpot                  = -1
   wall-atomtype[0]               = -1
   wall-atomtype[1]               = -1
   wall-density[0]                = 0
   wall-density[1]                = 0
   wall-ewald-zfac                = 3
   pull                           = false
   awh                            = false
   rotation                       = false
   interactiveMD                  = false
   disre                          = No
   disre-weighting                = Conservative
   disre-mixed                    = false
   dr-fc                          = 1000
   dr-tau                         = 0
   nstdisreout                    = 100
   orire-fc                       = 0
   orire-tau                      = 0
   nstorireout                    = 100
   free-energy                    = no
   cos-acceleration               = 0
   deform (3x3):
      deform[    0]={ 0.00000e+00,  0.00000e+00,  0.00000e+00}
      deform[    1]={ 0.00000e+00,  0.00000e+00,  0.00000e+00}
      deform[    2]={ 0.00000e+00,  0.00000e+00,  0.00000e+00}
   simulated-tempering            = false
   swapcoords                     = no
   userint1                       = 0
   userint2                       = 0
   userint3                       = 0
   userint4                       = 0
   userreal1                      = 0
   userreal2                      = 0
   userreal3                      = 0
   userreal4                      = 0
   applied-forces:
     electric-field:
       x:
         E0                       = 0
         omega                    = 0
         t0                       = 0
         sigma                    = 0
       y:
         E0                       = 0
         omega                    = 0
         t0                       = 0
         sigma                    = 0
       z:
         E0                       = 0
         omega                    = 0
         t0                       = 0
         sigma                    = 0
grpopts:
   nrdf:         381
   ref-t:         298
   tau-t:         0.1
annealing:          No
annealing-npoints:           0
   acc:	           0           0           0
   nfreeze:           N           N           N
   energygrp-flags[  0]: 0

Changing nstlist from 10 to 50, rlist from 0.701 to 0.791


Initializing Domain Decomposition on 16 ranks
Dynamic load balancing: locked
Using update groups, nr 64, average size 4.0 atoms, max. radius 0.096 nm
Minimum cell size due to atom displacement: 0.267 nm
Initial maximum distances in bonded interactions:
    two-body bonded interactions: 0.152 nm, Exclusion, atoms 46 47
Minimum cell size due to bonded interactions: 0.000 nm
Using 0 separate PME ranks, as there are too few total
 ranks for efficient splitting
Scaling the initial minimum size with 1/0.8 (option -dds) = 1.25
Optimizing the DD grid for 16 cells with a minimum initial size of 0.334 nm
The maximum allowed number of cells is: X 5 Y 5 Z 5
Domain decomposition grid 2 x 4 x 2, separate PME ranks 0
PME domain decomposition: 2 x 8 x 1
Domain decomposition rank 0, coordinates 0 0 0

The initial number of communication pulses is: X 1 Y 2 Z 1
The initial domain decomposition cell size is: X 1.00 nm Y 0.50 nm Z 1.00 nm

The maximum allowed distance for atom groups involved in interactions is:
                 non-bonded interactions           0.982 nm
(the following are initial values, they could change due to box deformation)
            two-body bonded interactions  (-rdd)   0.982 nm
          multi-body bonded interactions  (-rdd)   0.500 nm
              virtual site constructions  (-rcon)  0.500 nm

When dynamic load balancing gets turned on, these settings will change to:
The maximum number of communication pulses is: X 1 Y 3 Z 1
The minimum size for domain decomposition cells is 0.327 nm
The requested allowed shrink of DD cells (option -dds) is: 0.80
The allowed shrink of domain decomposition cells is: X 0.98 Y 0.65 Z 0.98
The maximum allowed distance for atom groups involved in interactions is:
                 non-bonded interactions           0.982 nm
            two-body bonded interactions  (-rdd)   0.982 nm
          multi-body bonded interactions  (-rdd)   0.327 nm
              virtual site constructions  (-rcon)  0.327 nm

Using 16 MPI processes
Using 1 OpenMP thread per MPI process


Non-default thread affinity set probably by the OpenMP library,
disabling internal thread affinity
System total charge: 0.000
Will do PME sum in reciprocal space for electrostatic interactions.

++++ PLEASE READ AND CITE THE FOLLOWING REFERENCE ++++
U. Essmann, L. Perera, M. L. Berkowitz, T. Darden, H. Lee and L. G. Pedersen 
A smooth particle mesh Ewald method
J. Chem. Phys. 103 (1995) pp. 8577-8592
-------- -------- --- Thank You --- -------- --------

Using a Gaussian width (1/beta) of 0.224114 nm for Ewald
Potential shift: LJ r^-12: -7.225e+01 r^-6: -8.500e+00, Ewald -1.429e-05
Initialized non-bonded Ewald correction tables, spacing: 7.81e-04 size: 898

Long Range LJ corr.: <C6> 1.9135e-04
Generated table with 895 data points for Ewald.
Tabscale = 500 points/nm
Generated table with 895 data points for LJ6.
Tabscale = 500 points/nm
Generated table with 895 data points for LJ12.
Tabscale = 500 points/nm

Using SIMD 4x4 nonbonded short-range kernels

Using a dual 4x4 pair-list setup updated with dynamic pruning:
  outer list: updated every 50 steps, buffer 0.091 nm, rlist 0.791 nm
  inner list: updated every 10 steps, buffer 0.001 nm, rlist 0.701 nm
At tolerance 0.001 kJ/mol/ps per atom, equivalent classical 1x1 list would be:
  outer list: updated every 50 steps, buffer 0.159 nm, rlist 0.859 nm
  inner list: updated every 10 steps, buffer 0.016 nm, rlist 0.716 nm

Using geometric Lennard-Jones combination rule

Removing pbc first time

Initializing LINear Constraint Solver

++++ PLEASE READ AND CITE THE FOLLOWING REFERENCE ++++
B. Hess
P-LINCS: A Parallel Linear Constraint Solver for molecular simulation
J. Chem. Theory Comput. 4 (2008) pp. 116-122
-------- -------- --- Thank You --- -------- --------

The number of constraints is 192
192 constraints are involved in constraint triangles,
will apply an additional matrix expansion of order 4 for couplings
between constraints inside triangles

Linking all bonded interactions to atoms
There are 64 inter charge-group virtual sites,
will an extra communication step for selected coordinates and forces


Intra-simulation communication will occur every 10 steps.
Center of mass motion removal mode is Linear
We have the following groups for center of mass motion removal:
  0:  rest

++++ PLEASE READ AND CITE THE FOLLOWING REFERENCE ++++
H. J. C. Berendsen, J. P. M. Postma, A. DiNola and J. R. Haak
Molecular dynamics with coupling to an external bath
J. Chem. Phys. 81 (1984) pp. 3684-3690
-------- -------- --- Thank You --- -------- --------

There are: 192 Atoms
There are: 64 VSites
Atom distribution over 16 domains: av 16 stddev 12 min 0 max 52

Constraining the starting coordinates (step 0)

Constraining the coordinates at t0-dt (step 0)
RMS relative constraint deviation after constraining: 1.40e-04
Initial temperature: 300.665 K

Started mdrun on rank 0 Thu Apr  1 17:00:15 2021

           Step           Time
              0        0.00000

   Energies (kJ/mol)
        LJ (SR)  Disper. corr.   Coulomb (SR)   Coul. recip.      Potential
    6.68942e+02   -1.89347e+01   -1.30021e+05    2.20167e+02   -1.29151e+05
    Kinetic En.   Total Energy  Conserved En.    Temperature Pres. DC (bar)
    4.76514e+02   -1.28675e+05   -1.28675e+05    3.00847e+02   -3.97344e+01
 Pressure (bar)   Constr. rmsd
   -8.89193e+02    8.85366e-04


DD  step 49 load imb.: force 18.8%

step 100 Turning on dynamic load balancing, because the performance loss due to load imbalance is 4.4 %.

DD  load balancing is limited by minimum cell size in dimension Z
DD  step 9999  vol min/aver 0.811! load imb.: force 11.9%
           Step           Time
          10000       10.00000

   Energies (kJ/mol)
        LJ (SR)  Disper. corr.   Coulomb (SR)   Coul. recip.      Potential
    5.84753e+02   -1.89568e+01   -1.29848e+05    1.55803e+02   -1.29127e+05
    Kinetic En.   Total Energy  Conserved En.    Temperature Pres. DC (bar)
    4.80270e+02   -1.28646e+05   -1.28783e+05    3.03219e+02   -3.98263e+01
 Pressure (bar)   Constr. rmsd
    1.49657e+02    8.98636e-04


DD  load balancing is limited by minimum cell size in dimension X Z
DD  step 19999  vol min/aver 0.863! load imb.: force 11.8%
           Step           Time
          20000       20.00000

   Energies (kJ/mol)
        LJ (SR)  Disper. corr.   Coulomb (SR)   Coul. recip.      Potential
    5.08891e+02   -1.89681e+01   -1.29662e+05    1.85449e+02   -1.28986e+05
    Kinetic En.   Total Energy  Conserved En.    Temperature Pres. DC (bar)
    4.40241e+02   -1.28546e+05   -1.28785e+05    2.77946e+02   -3.98732e+01
 Pressure (bar)   Constr. rmsd
    2.00048e+01    9.02402e-04


DD  load balancing is limited by minimum cell size in dimension X Z
DD  step 29999  vol min/aver 0.656! load imb.: force  8.1%
           Step           Time
          30000       30.00000

   Energies (kJ/mol)
        LJ (SR)  Disper. corr.   Coulomb (SR)   Coul. recip.      Potential
    5.10687e+02   -1.89829e+01   -1.29699e+05    1.74383e+02   -1.29033e+05
    Kinetic En.   Total Energy  Conserved En.    Temperature Pres. DC (bar)
    4.83573e+02   -1.28550e+05   -1.28789e+05    3.05305e+02   -3.99345e+01
 Pressure (bar)   Constr. rmsd
   -2.07483e+02    9.02749e-04


DD  load balancing is limited by minimum cell size in dimension X Z
DD  step 39999  vol min/aver 0.711! load imb.: force 10.9%
           Step           Time
          40000       40.00000

   Energies (kJ/mol)
        LJ (SR)  Disper. corr.   Coulomb (SR)   Coul. recip.      Potential
    5.24393e+02   -1.89973e+01   -1.29683e+05    1.78207e+02   -1.29000e+05
    Kinetic En.   Total Energy  Conserved En.    Temperature Pres. DC (bar)
    4.88312e+02   -1.28511e+05   -1.28792e+05    3.08296e+02   -3.99945e+01
 Pressure (bar)   Constr. rmsd
    2.79120e+01    9.04466e-04


DD  load balancing is limited by minimum cell size in dimension X Z
DD  step 49999  vol min/aver 0.738! load imb.: force 15.3%
           Step           Time
          50000       50.00000

   Energies (kJ/mol)
        LJ (SR)  Disper. corr.   Coulomb (SR)   Coul. recip.      Potential
    4.14704e+02   -1.90058e+01   -1.29583e+05    1.84492e+02   -1.29003e+05
    Kinetic En.   Total Energy  Conserved En.    Temperature Pres. DC (bar)
    4.35617e+02   -1.28567e+05   -1.28794e+05    2.75027e+02   -4.00301e+01
 Pressure (bar)   Constr. rmsd
   -8.30454e+02    9.05277e-04


DD  load balancing is limited by minimum cell size in dimension X Y Z
DD  step 59999  vol min/aver 0.711! load imb.: force 11.5%
           Step           Time
          60000       60.00000

   Energies (kJ/mol)
        LJ (SR)  Disper. corr.   Coulomb (SR)   Coul. recip.      Potential
    5.79776e+02   -1.90159e+01   -1.29706e+05    1.47165e+02   -1.28998e+05
    Kinetic En.   Total Energy  Conserved En.    Temperature Pres. DC (bar)
    4.66141e+02   -1.28532e+05   -1.28797e+05    2.94299e+02   -4.00721e+01
 Pressure (bar)   Constr. rmsd
    4.70964e+02    9.06326e-04


DD  load balancing is limited by minimum cell size in dimension Y Z
DD  step 69999  vol min/aver 0.739! load imb.: force  9.4%
           Step           Time
          70000       70.00000

   Energies (kJ/mol)
        LJ (SR)  Disper. corr.   Coulomb (SR)   Coul. recip.      Potential
    5.28240e+02   -1.90227e+01   -1.29749e+05    1.71768e+02   -1.29068e+05
    Kinetic En.   Total Energy  Conserved En.    Temperature Pres. DC (bar)
    4.80098e+02   -1.28588e+05   -1.28801e+05    3.03110e+02   -4.01005e+01
 Pressure (bar)   Constr. rmsd
   -3.52266e+01    9.01951e-04


DD  load balancing is limited by minimum cell size in dimension Y Z
DD  step 79999  vol min/aver 0.661! load imb.: force 12.7%
           Step           Time
          80000       80.00000

   Energies (kJ/mol)
        LJ (SR)  Disper. corr.   Coulomb (SR)   Coul. recip.      Potential
    5.33003e+02   -1.90316e+01   -1.29725e+05    1.59956e+02   -1.29051e+05
    Kinetic En.   Total Energy  Conserved En.    Temperature Pres. DC (bar)
    5.12297e+02   -1.28539e+05   -1.28805e+05    3.23439e+02   -4.01374e+01
 Pressure (bar)   Constr. rmsd
   -4.17428e+01    9.05100e-04


DD  load balancing is limited by minimum cell size in dimension X Y Z
DD  step 89999  vol min/aver 0.708! load imb.: force  6.7%
           Step           Time
          90000       90.00000

   Energies (kJ/mol)
        LJ (SR)  Disper. corr.   Coulomb (SR)   Coul. recip.      Potential
    4.75851e+02   -1.90426e+01   -1.29706e+05    1.62967e+02   -1.29086e+05
    Kinetic En.   Total Energy  Conserved En.    Temperature Pres. DC (bar)
    4.77534e+02   -1.28608e+05   -1.28808e+05    3.01492e+02   -4.01836e+01
 Pressure (bar)   Constr. rmsd
   -2.99785e+02    9.03475e-04


DD  load balancing is limited by minimum cell size in dimension X Z
DD  step 99999  vol min/aver 0.846! load imb.: force  7.5%
           Step           Time
         100000      100.00000

   Energies (kJ/mol)
        LJ (SR)  Disper. corr.   Coulomb (SR)   Coul. recip.      Potential
    5.91080e+02   -1.90556e+01   -1.29830e+05    1.61686e+02   -1.29096e+05
    Kinetic En.   Total Energy  Conserved En.    Temperature Pres. DC (bar)
    4.67504e+02   -1.28629e+05   -1.28810e+05    2.95159e+02   -4.02378e+01
 Pressure (bar)   Constr. rmsd
    2.49708e+02    8.97861e-04


DD  load balancing is limited by minimum cell size in dimension Z
DD  step 109999  vol min/aver 0.718! load imb.: force 10.6%
           Step           Time
         110000      110.00000

   Energies (kJ/mol)
        LJ (SR)  Disper. corr.   Coulomb (SR)   Coul. recip.      Potential
    4.12517e+02   -1.90690e+01   -1.29540e+05    1.64729e+02   -1.28982e+05
    Kinetic En.   Total Energy  Conserved En.    Temperature Pres. DC (bar)
    4.33579e+02   -1.28549e+05   -1.28813e+05    2.73741e+02   -4.02937e+01
 Pressure (bar)   Constr. rmsd
   -5.99105e+02    9.05167e-04


DD  load balancing is limited by minimum cell size in dimension X Z
DD  step 119999  vol min/aver 0.663! load imb.: force 12.0%
           Step           Time
         120000      120.00000

   Energies (kJ/mol)
        LJ (SR)  Disper. corr.   Coulomb (SR)   Coul. recip.      Potential
    5.67183e+02   -1.90761e+01   -1.29698e+05    1.62474e+02   -1.28987e+05
    Kinetic En.   Total Energy  Conserved En.    Temperature Pres. DC (bar)
    4.91209e+02   -1.28496e+05   -1.28816e+05    3.10125e+02   -4.03234e+01
 Pressure (bar)   Constr. rmsd
    3.39414e+02    9.05390e-04


DD  load balancing is limited by minimum cell size in dimension X Y Z
DD  step 129999  vol min/aver 0.691! load imb.: force 17.1%
           Step           Time
         130000      130.00000

   Energies (kJ/mol)
        LJ (SR)  Disper. corr.   Coulomb (SR)   Coul. recip.      Potential
    4.16731e+02   -1.90888e+01   -1.29638e+05    1.53581e+02   -1.29087e+05
    Kinetic En.   Total Energy  Conserved En.    Temperature Pres. DC (bar)
    4.93098e+02   -1.28594e+05   -1.28818e+05    3.11318e+02   -4.03768e+01
 Pressure (bar)   Constr. rmsd
   -9.19122e+02    9.04076e-04


DD  load balancing is limited by minimum cell size in dimension X Y Z
DD  step 139999  vol min/aver 0.697! load imb.: force 13.7%
           Step           Time
         140000      140.00000

   Energies (kJ/mol)
        LJ (SR)  Disper. corr.   Coulomb (SR)   Coul. recip.      Potential
    4.92923e+02   -1.90951e+01   -1.29702e+05    1.46219e+02   -1.29082e+05
    Kinetic En.   Total Energy  Conserved En.    Temperature Pres. DC (bar)
    4.70337e+02   -1.28612e+05   -1.28820e+05    2.96948e+02   -4.04028e+01
 Pressure (bar)   Constr. rmsd
   -2.29311e+02    9.03445e-04


DD  load balancing is limited by minimum cell size in dimension X Y Z
DD  step 149999  vol min/aver 0.676! load imb.: force 11.7%
           Step           Time
         150000      150.00000

   Energies (kJ/mol)
        LJ (SR)  Disper. corr.   Coulomb (SR)   Coul. recip.      Potential
    6.75331e+02   -1.91064e+01   -1.29857e+05    1.59301e+02   -1.29041e+05
    Kinetic En.   Total Energy  Conserved En.    Temperature Pres. DC (bar)
    4.67502e+02   -1.28574e+05   -1.28822e+05    2.95158e+02   -4.04502e+01
 Pressure (bar)   Constr. rmsd
    9.92742e+02    8.97489e-04


DD  load balancing is limited by minimum cell size in dimension X Y Z
DD  step 159999  vol min/aver 0.740! load imb.: force 11.2%
           Step           Time
         160000      160.00000

   Energies (kJ/mol)
        LJ (SR)  Disper. corr.   Coulomb (SR)   Coul. recip.      Potential
    4.55138e+02   -1.91178e+01   -1.29599e+05    1.69526e+02   -1.28993e+05
    Kinetic En.   Total Energy  Conserved En.    Temperature Pres. DC (bar)
    4.72060e+02   -1.28521e+05   -1.28825e+05    2.98035e+02   -4.04980e+01
 Pressure (bar)   Constr. rmsd
   -3.23027e+02    9.04145e-04


DD  load balancing is limited by minimum cell size in dimension X Z
DD  step 169999  vol min/aver 0.852! load imb.: force 10.1%
           Step           Time
         170000      170.00000

   Energies (kJ/mol)
        LJ (SR)  Disper. corr.   Coulomb (SR)   Coul. recip.      Potential
    4.51508e+02   -1.91229e+01   -1.29669e+05    1.74239e+02   -1.29062e+05
    Kinetic En.   Total Energy  Conserved En.    Temperature Pres. DC (bar)
    4.46038e+02   -1.28616e+05   -1.28827e+05    2.81607e+02   -4.05192e+01
 Pressure (bar)   Constr. rmsd
   -6.67445e+02    9.00514e-04


DD  load balancing is limited by minimum cell size in dimension Z
DD  step 179999  vol min/aver 0.713! load imb.: force  6.8%
           Step           Time
         180000      180.00000

   Energies (kJ/mol)
        LJ (SR)  Disper. corr.   Coulomb (SR)   Coul. recip.      Potential
    4.65196e+02   -1.91421e+01   -1.29669e+05    1.60402e+02   -1.29063e+05
    Kinetic En.   Total Energy  Conserved En.    Temperature Pres. DC (bar)
    5.22513e+02   -1.28540e+05   -1.28830e+05    3.29889e+02   -4.05998e+01
 Pressure (bar)   Constr. rmsd
   -5.18002e+02    9.03884e-04


DD  load balancing is limited by minimum cell size in dimension X Z
DD  step 189999  vol min/aver 0.807! load imb.: force  8.6%
           Step           Time
         190000      190.00000

   Energies (kJ/mol)
        LJ (SR)  Disper. corr.   Coulomb (SR)   Coul. recip.      Potential
    5.43055e+02   -1.91576e+01   -1.29757e+05    1.53255e+02   -1.29080e+05
    Kinetic En.   Total Energy  Conserved En.    Temperature Pres. DC (bar)
    4.59000e+02   -1.28621e+05   -1.28832e+05    2.89790e+02   -4.06650e+01
 Pressure (bar)   Constr. rmsd
    1.19204e+00    8.98376e-04


DD  load balancing is limited by minimum cell size in dimension X Y Z
DD  step 199999  vol min/aver 0.662! load imb.: force 10.7%
           Step           Time
         200000      200.00000

   Energies (kJ/mol)
        LJ (SR)  Disper. corr.   Coulomb (SR)   Coul. recip.      Potential
    5.23492e+02   -1.91706e+01   -1.29693e+05    1.48357e+02   -1.29040e+05
    Kinetic En.   Total Energy  Conserved En.    Temperature Pres. DC (bar)
    4.65082e+02   -1.28575e+05   -1.28836e+05    2.93630e+02   -4.07198e+01
 Pressure (bar)   Constr. rmsd
   -2.38228e+01    9.03397e-04


DD  load balancing is limited by minimum cell size in dimension X Z
DD  step 209999  vol min/aver 0.820! load imb.: force 13.1%
           Step           Time
         210000      210.00000

   Energies (kJ/mol)
        LJ (SR)  Disper. corr.   Coulomb (SR)   Coul. recip.      Potential
    6.75978e+02   -1.91835e+01   -1.29911e+05    1.53904e+02   -1.29101e+05
    Kinetic En.   Total Energy  Conserved En.    Temperature Pres. DC (bar)
    4.64927e+02   -1.28636e+05   -1.28838e+05    2.93532e+02   -4.07737e+01
 Pressure (bar)   Constr. rmsd
    1.02093e+03    8.92245e-04


DD  load balancing is limited by minimum cell size in dimension X Y Z
DD  step 219999  vol min/aver 0.680! load imb.: force 16.3%
           Step           Time
         220000      220.00000

   Energies (kJ/mol)
        LJ (SR)  Disper. corr.   Coulomb (SR)   Coul. recip.      Potential
    4.74606e+02   -1.91972e+01   -1.29695e+05    1.61523e+02   -1.29078e+05
    Kinetic En.   Total Energy  Conserved En.    Temperature Pres. DC (bar)
    4.79347e+02   -1.28599e+05   -1.28842e+05    3.02636e+02   -4.08317e+01
 Pressure (bar)   Constr. rmsd
   -4.74712e+02    9.01714e-04


DD  load balancing is limited by minimum cell size in dimension X Z
DD  step 229999  vol min/aver 0.724! load imb.: force 15.2%
           Step           Time
         230000      230.00000

   Energies (kJ/mol)
        LJ (SR)  Disper. corr.   Coulomb (SR)   Coul. recip.      Potential
    4.41942e+02   -1.92110e+01   -1.29577e+05    1.57458e+02   -1.28997e+05
    Kinetic En.   Total Energy  Conserved En.    Temperature Pres. DC (bar)
    4.75190e+02   -1.28522e+05   -1.28846e+05    3.00012e+02   -4.08895e+01
 Pressure (bar)   Constr. rmsd
   -4.71999e+02    9.06621e-04


DD  load balancing is limited by minimum cell size in dimension X Z
DD  step 239999  vol min/aver 0.868! load imb.: force 14.4%
           Step           Time
         240000      240.00000

   Energies (kJ/mol)
        LJ (SR)  Disper. corr.   Coulomb (SR)   Coul. recip.      Potential
    5.56449e+02   -1.92227e+01   -1.29732e+05    1.47154e+02   -1.29048e+05
    Kinetic En.   Total Energy  Conserved En.    Temperature Pres. DC (bar)
    4.48374e+02   -1.28600e+05   -1.28848e+05    2.83081e+02   -4.09387e+01
 Pressure (bar)   Constr. rmsd
    8.89247e+01    9.00306e-04


DD  load balancing is limited by minimum cell size in dimension X Y Z
DD  step 249999  vol min/aver 0.747! load imb.: force 10.7%
           Step           Time
         250000      250.00000

   Energies (kJ/mol)
        LJ (SR)  Disper. corr.   Coulomb (SR)   Coul. recip.      Potential
    5.14120e+02   -1.92284e+01   -1.29804e+05    1.70016e+02   -1.29139e+05
    Kinetic En.   Total Energy  Conserved En.    Temperature Pres. DC (bar)
    5.30336e+02   -1.28609e+05   -1.28852e+05    3.34828e+02   -4.09630e+01
 Pressure (bar)   Constr. rmsd
   -1.63893e+02    9.01269e-04


DD  load balancing is limited by minimum cell size in dimension X Y Z
DD  step 259999  vol min/aver 0.725! load imb.: force 11.7%
           Step           Time
         260000      260.00000

   Energies (kJ/mol)
        LJ (SR)  Disper. corr.   Coulomb (SR)   Coul. recip.      Potential
    5.04759e+02   -1.92373e+01   -1.29672e+05    1.83309e+02   -1.29003e+05
    Kinetic En.   Total Energy  Conserved En.    Temperature Pres. DC (bar)
    4.69841e+02   -1.28533e+05   -1.28855e+05    2.96635e+02   -4.10004e+01
 Pressure (bar)   Constr. rmsd
   -1.14839e+02    9.02615e-04


DD  load balancing is limited by minimum cell size in dimension Z
DD  step 269999  vol min/aver 0.706! load imb.: force 11.3%
           Step           Time
         270000      270.00000

   Energies (kJ/mol)
        LJ (SR)  Disper. corr.   Coulomb (SR)   Coul. recip.      Potential
    5.48864e+02   -1.92525e+01   -1.29744e+05    1.78322e+02   -1.29036e+05
    Kinetic En.   Total Energy  Conserved En.    Temperature Pres. DC (bar)
    4.52688e+02   -1.28583e+05   -1.28858e+05    2.85805e+02   -4.10644e+01
 Pressure (bar)   Constr. rmsd
    3.09629e+02    8.99780e-04


DD  load balancing is limited by minimum cell size in dimension X Z
DD  step 279999  vol min/aver 0.783! load imb.: force 11.4%
           Step           Time
         280000      280.00000

   Energies (kJ/mol)
        LJ (SR)  Disper. corr.   Coulomb (SR)   Coul. recip.      Potential
    4.62729e+02   -1.92696e+01   -1.29597e+05    1.63979e+02   -1.28989e+05
    Kinetic En.   Total Energy  Conserved En.    Temperature Pres. DC (bar)
    4.07180e+02   -1.28582e+05   -1.28861e+05    2.57074e+02   -4.11366e+01
 Pressure (bar)   Constr. rmsd
   -3.25332e+02    9.02918e-04


DD  load balancing is limited by minimum cell size in dimension X Z
DD  step 289999  vol min/aver 0.676! load imb.: force 16.6%
           Step           Time
         290000      290.00000

   Energies (kJ/mol)
        LJ (SR)  Disper. corr.   Coulomb (SR)   Coul. recip.      Potential
    6.18318e+02   -1.92806e+01   -1.29822e+05    1.79948e+02   -1.29043e+05
    Kinetic En.   Total Energy  Conserved En.    Temperature Pres. DC (bar)
    4.30904e+02   -1.28612e+05   -1.28862e+05    2.72052e+02   -4.11833e+01
 Pressure (bar)   Constr. rmsd
    5.96795e+02    8.98460e-04


DD  load balancing is limited by minimum cell size in dimension X Y Z
DD  step 299999  vol min/aver 0.659! load imb.: force 16.8%
           Step           Time
         300000      300.00000

   Energies (kJ/mol)
        LJ (SR)  Disper. corr.   Coulomb (SR)   Coul. recip.      Potential
    4.97884e+02   -1.92894e+01   -1.29695e+05    1.77862e+02   -1.29039e+05
    Kinetic En.   Total Energy  Conserved En.    Temperature Pres. DC (bar)
    4.47004e+02   -1.28592e+05   -1.28865e+05    2.82217e+02   -4.12204e+01
 Pressure (bar)   Constr. rmsd
   -2.37135e+02    9.01716e-04


DD  load balancing is limited by minimum cell size in dimension X Z
DD  step 309999  vol min/aver 0.760! load imb.: force 15.7%
           Step           Time
         310000      310.00000

   Energies (kJ/mol)
        LJ (SR)  Disper. corr.   Coulomb (SR)   Coul. recip.      Potential
    5.39416e+02   -1.92973e+01   -1.29782e+05    1.56410e+02   -1.29105e+05
    Kinetic En.   Total Energy  Conserved En.    Temperature Pres. DC (bar)
    4.84546e+02   -1.28621e+05   -1.28867e+05    3.05919e+02   -4.12539e+01
 Pressure (bar)   Constr. rmsd
   -2.30320e+01    8.99936e-04


DD  load balancing is limited by minimum cell size in dimension X Y Z
DD  step 319999  vol min/aver 0.729! load imb.: force 16.1%
           Step           Time
         320000      320.00000

   Energies (kJ/mol)
        LJ (SR)  Disper. corr.   Coulomb (SR)   Coul. recip.      Potential
    6.22844e+02   -1.93148e+01   -1.29888e+05    1.69209e+02   -1.29115e+05
    Kinetic En.   Total Energy  Conserved En.    Temperature Pres. DC (bar)
    4.44748e+02   -1.28670e+05   -1.28870e+05    2.80792e+02   -4.13278e+01
 Pressure (bar)   Constr. rmsd
    6.21869e+02    8.95239e-04


DD  load balancing is limited by minimum cell size in dimension Y Z
DD  step 329999  vol min/aver 0.854! load imb.: force 13.7%
           Step           Time
         330000      330.00000

   Energies (kJ/mol)
        LJ (SR)  Disper. corr.   Coulomb (SR)   Coul. recip.      Potential
    5.79530e+02   -1.93193e+01   -1.29730e+05    1.55989e+02   -1.29014e+05
    Kinetic En.   Total Energy  Conserved En.    Temperature Pres. DC (bar)
    4.86865e+02   -1.28527e+05   -1.28873e+05    3.07383e+02   -4.13468e+01
 Pressure (bar)   Constr. rmsd
    4.68594e+02    9.01015e-04


DD  load balancing is limited by minimum cell size in dimension X Y Z
DD  step 339999  vol min/aver 0.732! load imb.: force 10.4%
           Step           Time
         340000      340.00000

   Energies (kJ/mol)
        LJ (SR)  Disper. corr.   Coulomb (SR)   Coul. recip.      Potential
    4.96059e+02   -1.93317e+01   -1.29636e+05    1.67800e+02   -1.28992e+05
    Kinetic En.   Total Energy  Conserved En.    Temperature Pres. DC (bar)
    4.72978e+02   -1.28519e+05   -1.28876e+05    2.98615e+02   -4.13997e+01
 Pressure (bar)   Constr. rmsd
   -1.50699e+02    9.04848e-04


DD  load balancing is limited by minimum cell size in dimension Y Z
DD  step 349999  vol min/aver 0.731! load imb.: force  9.2%
           Step           Time
         350000      350.00000

   Energies (kJ/mol)
        LJ (SR)  Disper. corr.   Coulomb (SR)   Coul. recip.      Potential
    4.47959e+02   -1.93428e+01   -1.29631e+05    1.67437e+02   -1.29035e+05
    Kinetic En.   Total Energy  Conserved En.    Temperature Pres. DC (bar)
    4.21551e+02   -1.28613e+05   -1.28878e+05    2.66146e+02   -4.14467e+01
 Pressure (bar)   Constr. rmsd
   -6.10456e+02    9.02256e-04


DD  load balancing is limited by minimum cell size in dimension X Z
DD  step 359999  vol min/aver 0.773! load imb.: force 15.2%
           Step           Time
         360000      360.00000

   Energies (kJ/mol)
        LJ (SR)  Disper. corr.   Coulomb (SR)   Coul. recip.      Potential
    5.29568e+02   -1.93503e+01   -1.29740e+05    1.70421e+02   -1.29060e+05
    Kinetic En.   Total Energy  Conserved En.    Temperature Pres. DC (bar)
    4.88670e+02   -1.28571e+05   -1.28882e+05    3.08523e+02   -4.14782e+01
 Pressure (bar)   Constr. rmsd
   -1.55399e+01    9.02000e-04


DD  load balancing is limited by minimum cell size in dimension X Z
DD  step 369999  vol min/aver 0.786! load imb.: force 13.0%
           Step           Time
         370000      370.00000

   Energies (kJ/mol)
        LJ (SR)  Disper. corr.   Coulomb (SR)   Coul. recip.      Potential
    4.64283e+02   -1.93619e+01   -1.29643e+05    1.62603e+02   -1.29035e+05
    Kinetic En.   Total Energy  Conserved En.    Temperature Pres. DC (bar)
    4.57596e+02   -1.28578e+05   -1.28884e+05    2.88904e+02   -4.15276e+01
 Pressure (bar)   Constr. rmsd
   -5.45213e+02    9.02139e-04


DD  load balancing is limited by minimum cell size in dimension X Z
DD  step 379999  vol min/aver 0.858! load imb.: force 22.4%
           Step           Time
         380000      380.00000

   Energies (kJ/mol)
        LJ (SR)  Disper. corr.   Coulomb (SR)   Coul. recip.      Potential
    5.94539e+02   -1.93795e+01   -1.29806e+05    1.37481e+02   -1.29094e+05
    Kinetic En.   Total Energy  Conserved En.    Temperature Pres. DC (bar)
    4.77466e+02   -1.28616e+05   -1.28887e+05    3.01449e+02   -4.16025e+01
 Pressure (bar)   Constr. rmsd
    3.91214e+02    8.97624e-04


DD  load balancing is limited by minimum cell size in dimension X Z
DD  step 389999  vol min/aver 0.889! load imb.: force 17.3%
           Step           Time
         390000      390.00000

   Energies (kJ/mol)
        LJ (SR)  Disper. corr.   Coulomb (SR)   Coul. recip.      Potential
    4.34495e+02   -1.93954e+01   -1.29642e+05    1.80982e+02   -1.29046e+05
    Kinetic En.   Total Energy  Conserved En.    Temperature Pres. DC (bar)
    4.56300e+02   -1.28590e+05   -1.28890e+05    2.88086e+02   -4.16697e+01
 Pressure (bar)   Constr. rmsd
   -7.28736e+02    9.00352e-04


DD  load balancing is limited by minimum cell size in dimension X Y Z
DD  step 399999  vol min/aver 0.695! load imb.: force 19.2%
           Step           Time
         400000      400.00000

   Energies (kJ/mol)
        LJ (SR)  Disper. corr.   Coulomb (SR)   Coul. recip.      Potential
    5.10940e+02   -1.94107e+01   -1.29776e+05    1.60453e+02   -1.29124e+05
    Kinetic En.   Total Energy  Conserved En.    Temperature Pres. DC (bar)
    4.94745e+02   -1.28629e+05   -1.28892e+05    3.12358e+02   -4.17348e+01
 Pressure (bar)   Constr. rmsd
   -1.74708e+02    9.01527e-04


DD  load balancing is limited by minimum cell size in dimension X Y Z
DD  step 409999  vol min/aver 0.698! load imb.: force 23.8%
           Step           Time
         410000      410.00000

   Energies (kJ/mol)
        LJ (SR)  Disper. corr.   Coulomb (SR)   Coul. recip.      Potential
    6.23213e+02   -1.94219e+01   -1.29840e+05    1.66453e+02   -1.29070e+05
    Kinetic En.   Total Energy  Conserved En.    Temperature Pres. DC (bar)
    4.76417e+02   -1.28594e+05   -1.28895e+05    3.00787e+02   -4.17826e+01
 Pressure (bar)   Constr. rmsd
    6.01857e+02    8.99032e-04


DD  load balancing is limited by minimum cell size in dimension X Y Z
DD  step 419999  vol min/aver 0.790! load imb.: force 14.7%
           Step           Time
         420000      420.00000

   Energies (kJ/mol)
        LJ (SR)  Disper. corr.   Coulomb (SR)   Coul. recip.      Potential
    5.24242e+02   -1.94377e+01   -1.29763e+05    1.51450e+02   -1.29107e+05
    Kinetic En.   Total Energy  Conserved En.    Temperature Pres. DC (bar)
    4.92769e+02   -1.28614e+05   -1.28898e+05    3.11110e+02   -4.18498e+01
 Pressure (bar)   Constr. rmsd
   -1.92446e+02    9.02025e-04


DD  load balancing is limited by minimum cell size in dimension X Z
DD  step 429999  vol min/aver 0.782! load imb.: force 25.1%
           Step           Time
         430000      430.00000

   Energies (kJ/mol)
        LJ (SR)  Disper. corr.   Coulomb (SR)   Coul. recip.      Potential
    4.96732e+02   -1.94523e+01   -1.29694e+05    1.52996e+02   -1.29064e+05
    Kinetic En.   Total Energy  Conserved En.    Temperature Pres. DC (bar)
    4.84160e+02   -1.28579e+05   -1.28902e+05    3.05675e+02   -4.19120e+01
 Pressure (bar)   Constr. rmsd
   -3.45745e+02    9.03542e-04


DD  load balancing is limited by minimum cell size in dimension X Y Z
DD  step 439999  vol min/aver 0.669! load imb.: force 18.6%
           Step           Time
         440000      440.00000

   Energies (kJ/mol)
        LJ (SR)  Disper. corr.   Coulomb (SR)   Coul. recip.      Potential
    6.20706e+02   -1.94650e+01   -1.29780e+05    1.81964e+02   -1.28997e+05
    Kinetic En.   Total Energy  Conserved En.    Temperature Pres. DC (bar)
    4.41244e+02   -1.28556e+05   -1.28904e+05    2.78580e+02   -4.19662e+01
 Pressure (bar)   Constr. rmsd
    7.12229e+02    9.00040e-04


DD  load balancing is limited by minimum cell size in dimension X Y Z
DD  step 449999  vol min/aver 0.711! load imb.: force 12.7%
           Step           Time
         450000      450.00000

   Energies (kJ/mol)
        LJ (SR)  Disper. corr.   Coulomb (SR)   Coul. recip.      Potential
    4.25400e+02   -1.94786e+01   -1.29543e+05    1.57132e+02   -1.28980e+05
    Kinetic En.   Total Energy  Conserved En.    Temperature Pres. DC (bar)
    4.63112e+02   -1.28517e+05   -1.28908e+05    2.92386e+02   -4.20241e+01
 Pressure (bar)   Constr. rmsd
   -7.28155e+02    9.05487e-04


DD  load balancing is limited by minimum cell size in dimension X Z
DD  step 459999  vol min/aver 0.726! load imb.: force 21.4%
           Step           Time
         460000      460.00000

   Energies (kJ/mol)
        LJ (SR)  Disper. corr.   Coulomb (SR)   Coul. recip.      Potential
    4.26668e+02   -1.94835e+01   -1.29599e+05    1.53769e+02   -1.29038e+05
    Kinetic En.   Total Energy  Conserved En.    Temperature Pres. DC (bar)
    4.65480e+02   -1.28573e+05   -1.28910e+05    2.93882e+02   -4.20450e+01
 Pressure (bar)   Constr. rmsd
   -5.32473e+02    9.04604e-04


DD  load balancing is limited by minimum cell size in dimension X Y Z
DD  step 469999  vol min/aver 0.680! load imb.: force 27.2%
           Step           Time
         470000      470.00000

   Energies (kJ/mol)
        LJ (SR)  Disper. corr.   Coulomb (SR)   Coul. recip.      Potential
    5.33195e+02   -1.94865e+01   -1.29772e+05    1.57985e+02   -1.29100e+05
    Kinetic En.   Total Energy  Conserved En.    Temperature Pres. DC (bar)
    4.74077e+02   -1.28626e+05   -1.28912e+05    2.99309e+02   -4.20582e+01
 Pressure (bar)   Constr. rmsd
    1.29425e+02    8.99594e-04


DD  load balancing is limited by minimum cell size in dimension X Y Z
DD  step 479999  vol min/aver 0.674! load imb.: force 19.1%
           Step           Time
         480000      480.00000

   Energies (kJ/mol)
        LJ (SR)  Disper. corr.   Coulomb (SR)   Coul. recip.      Potential
    5.47969e+02   -1.94951e+01   -1.29745e+05    1.75981e+02   -1.29041e+05
    Kinetic En.   Total Energy  Conserved En.    Temperature Pres. DC (bar)
    4.97410e+02   -1.28544e+05   -1.28916e+05    3.14040e+02   -4.20946e+01
 Pressure (bar)   Constr. rmsd
    6.15193e+01    9.01999e-04


DD  load balancing is limited by minimum cell size in dimension X Y Z
DD  step 489999  vol min/aver 0.670! load imb.: force 28.8%
           Step           Time
         490000      490.00000

   Energies (kJ/mol)
        LJ (SR)  Disper. corr.   Coulomb (SR)   Coul. recip.      Potential
    4.02296e+02   -1.95193e+01   -1.29556e+05    1.57664e+02   -1.29016e+05
    Kinetic En.   Total Energy  Conserved En.    Temperature Pres. DC (bar)
    4.86091e+02   -1.28530e+05   -1.28919e+05    3.06894e+02   -4.21982e+01
 Pressure (bar)   Constr. rmsd
   -8.05971e+02    9.05472e-04


DD  load balancing is limited by minimum cell size in dimension X Z
DD  step 499999  vol min/aver 0.783! load imb.: force 14.5%
           Step           Time
         500000      500.00000

   Energies (kJ/mol)
        LJ (SR)  Disper. corr.   Coulomb (SR)   Coul. recip.      Potential
    5.56265e+02   -1.95431e+01   -1.29765e+05    1.50512e+02   -1.29077e+05
    Kinetic En.   Total Energy  Conserved En.    Temperature Pres. DC (bar)
    4.75503e+02   -1.28602e+05   -1.28921e+05    3.00209e+02   -4.23001e+01
 Pressure (bar)   Constr. rmsd
    2.15390e+02    8.99619e-04


DD  load balancing is limited by minimum cell size in dimension X Z
DD  step 509999  vol min/aver 0.853! load imb.: force 12.1%
           Step           Time
         510000      510.00000

   Energies (kJ/mol)
        LJ (SR)  Disper. corr.   Coulomb (SR)   Coul. recip.      Potential
    4.81710e+02   -1.95556e+01   -1.29647e+05    1.35389e+02   -1.29049e+05
    Kinetic En.   Total Energy  Conserved En.    Temperature Pres. DC (bar)
    4.88435e+02   -1.28561e+05   -1.28924e+05    3.08374e+02   -4.23538e+01
 Pressure (bar)   Constr. rmsd
   -1.67701e+02    9.02875e-04


DD  load balancing is limited by minimum cell size in dimension X Z
DD  step 519999  vol min/aver 0.735! load imb.: force 22.4%
           Step           Time
         520000      520.00000

   Energies (kJ/mol)
        LJ (SR)  Disper. corr.   Coulomb (SR)   Coul. recip.      Potential
    5.45899e+02   -1.95622e+01   -1.29826e+05    1.53484e+02   -1.29146e+05
    Kinetic En.   Total Energy  Conserved En.    Temperature Pres. DC (bar)
    5.10135e+02   -1.28636e+05   -1.28927e+05    3.22074e+02   -4.23820e+01
 Pressure (bar)   Constr. rmsd
    3.77501e+01    9.00612e-04


DD  load balancing is limited by minimum cell size in dimension X Z
DD  step 529999  vol min/aver 0.800! load imb.: force 13.5%
           Step           Time
         530000      530.00000

   Energies (kJ/mol)
        LJ (SR)  Disper. corr.   Coulomb (SR)   Coul. recip.      Potential
    6.18991e+02   -1.95759e+01   -1.29772e+05    1.49038e+02   -1.29024e+05
    Kinetic En.   Total Energy  Conserved En.    Temperature Pres. DC (bar)
    4.93429e+02   -1.28530e+05   -1.28929e+05    3.11527e+02   -4.24408e+01
 Pressure (bar)   Constr. rmsd
    9.06057e+02    8.99771e-04


DD  load balancing is limited by minimum cell size in dimension X Y Z
DD  step 539999  vol min/aver 0.797! load imb.: force 17.9%
           Step           Time
         540000      540.00000

   Energies (kJ/mol)
        LJ (SR)  Disper. corr.   Coulomb (SR)   Coul. recip.      Potential
    4.97296e+02   -1.95883e+01   -1.29684e+05    1.67762e+02   -1.29039e+05
    Kinetic En.   Total Energy  Conserved En.    Temperature Pres. DC (bar)
    4.70094e+02   -1.28569e+05   -1.28932e+05    2.96794e+02   -4.24939e+01
 Pressure (bar)   Constr. rmsd
   -2.55559e+02    8.99704e-04


DD  load balancing is limited by minimum cell size in dimension X Y Z
DD  step 549999  vol min/aver 0.737! load imb.: force 10.9%
           Step           Time
         550000      550.00000

   Energies (kJ/mol)
        LJ (SR)  Disper. corr.   Coulomb (SR)   Coul. recip.      Potential
    6.02830e+02   -1.96008e+01   -1.29758e+05    1.71478e+02   -1.29003e+05
    Kinetic En.   Total Energy  Conserved En.    Temperature Pres. DC (bar)
    4.67425e+02   -1.28536e+05   -1.28935e+05    2.95109e+02   -4.25475e+01
 Pressure (bar)   Constr. rmsd
    6.00850e+02    9.04636e-04


DD  load balancing is limited by minimum cell size in dimension X Z
DD  step 559999  vol min/aver 0.706! load imb.: force 13.2%
           Step           Time
         560000      560.00000

   Energies (kJ/mol)
        LJ (SR)  Disper. corr.   Coulomb (SR)   Coul. recip.      Potential
    5.01264e+02   -1.96128e+01   -1.29699e+05    1.67912e+02   -1.29049e+05
    Kinetic En.   Total Energy  Conserved En.    Temperature Pres. DC (bar)
    4.56162e+02   -1.28593e+05   -1.28937e+05    2.87999e+02   -4.25992e+01
 Pressure (bar)   Constr. rmsd
   -2.65687e+02    9.00634e-04


DD  load balancing is limited by minimum cell size in dimension X Y Z
DD  step 569999  vol min/aver 0.675! load imb.: force 10.7%
           Step           Time
         570000      570.00000

   Energies (kJ/mol)
        LJ (SR)  Disper. corr.   Coulomb (SR)   Coul. recip.      Potential
    5.53394e+02   -1.96290e+01   -1.29721e+05    1.57727e+02   -1.29029e+05
    Kinetic En.   Total Energy  Conserved En.    Temperature Pres. DC (bar)
    4.87362e+02   -1.28542e+05   -1.28940e+05    3.07697e+02   -4.26687e+01
 Pressure (bar)   Constr. rmsd
    3.27688e+02    9.03814e-04


DD  load balancing is limited by minimum cell size in dimension X Y Z
DD  step 579999  vol min/aver 0.675! load imb.: force 16.3%
           Step           Time
         580000      580.00000

   Energies (kJ/mol)
        LJ (SR)  Disper. corr.   Coulomb (SR)   Coul. recip.      Potential
    6.06880e+02   -1.96556e+01   -1.29883e+05    1.55877e+02   -1.29140e+05
    Kinetic En.   Total Energy  Conserved En.    Temperature Pres. DC (bar)
    4.81865e+02   -1.28658e+05   -1.28943e+05    3.04226e+02   -4.27835e+01
 Pressure (bar)   Constr. rmsd
    1.98674e+02    8.99980e-04


DD  load balancing is limited by minimum cell size in dimension X Z
DD  step 589999  vol min/aver 0.716! load imb.: force 10.7%
           Step           Time
         590000      590.00000

   Energies (kJ/mol)
        LJ (SR)  Disper. corr.   Coulomb (SR)   Coul. recip.      Potential
    4.31219e+02   -1.96969e+01   -1.29589e+05    1.54470e+02   -1.29023e+05
    Kinetic En.   Total Energy  Conserved En.    Temperature Pres. DC (bar)
    5.22187e+02   -1.28501e+05   -1.28947e+05    3.29684e+02   -4.29617e+01
 Pressure (bar)   Constr. rmsd
   -7.25933e+02    9.06776e-04


DD  load balancing is limited by minimum cell size in dimension X Y Z
DD  step 599999  vol min/aver 0.760! load imb.: force 12.8%
           Step           Time
         600000      600.00000

   Energies (kJ/mol)
        LJ (SR)  Disper. corr.   Coulomb (SR)   Coul. recip.      Potential
    4.95217e+02   -1.97360e+01   -1.29667e+05    1.91375e+02   -1.29000e+05
    Kinetic En.   Total Energy  Conserved En.    Temperature Pres. DC (bar)
    4.68010e+02   -1.28532e+05   -1.28948e+05    2.95478e+02   -4.31304e+01
 Pressure (bar)   Constr. rmsd
   -2.26911e+02    9.03717e-04


DD  load balancing is limited by minimum cell size in dimension X Y Z
DD  step 609999  vol min/aver 0.680! load imb.: force 13.0%
           Step           Time
         610000      610.00000

   Energies (kJ/mol)
        LJ (SR)  Disper. corr.   Coulomb (SR)   Coul. recip.      Potential
    5.19924e+02   -1.97598e+01   -1.29744e+05    1.68458e+02   -1.29075e+05
    Kinetic En.   Total Energy  Conserved En.    Temperature Pres. DC (bar)
    4.59873e+02   -1.28615e+05   -1.28950e+05    2.90341e+02   -4.32336e+01
 Pressure (bar)   Constr. rmsd
   -2.01114e+02    9.01218e-04


DD  load balancing is limited by minimum cell size in dimension X Y Z
DD  step 619999  vol min/aver 0.688! load imb.: force 12.2%
           Step           Time
         620000      620.00000

   Energies (kJ/mol)
        LJ (SR)  Disper. corr.   Coulomb (SR)   Coul. recip.      Potential
    4.91869e+02   -1.97801e+01   -1.29668e+05    1.62736e+02   -1.29033e+05
    Kinetic En.   Total Energy  Conserved En.    Temperature Pres. DC (bar)
    4.69865e+02   -1.28564e+05   -1.28953e+05    2.96650e+02   -4.33214e+01
 Pressure (bar)   Constr. rmsd
   -1.95760e+02    9.04728e-04


DD  load balancing is limited by minimum cell size in dimension X Y Z
DD  step 629999  vol min/aver 0.769! load imb.: force 11.3%
           Step           Time
         630000      630.00000

   Energies (kJ/mol)
        LJ (SR)  Disper. corr.   Coulomb (SR)   Coul. recip.      Potential
    4.95405e+02   -1.97835e+01   -1.29751e+05    1.69368e+02   -1.29106e+05
    Kinetic En.   Total Energy  Conserved En.    Temperature Pres. DC (bar)
    4.90533e+02   -1.28615e+05   -1.28955e+05    3.09699e+02   -4.33361e+01
 Pressure (bar)   Constr. rmsd
   -2.94011e+02    8.99058e-04


DD  load balancing is limited by minimum cell size in dimension X Z
DD  step 639999  vol min/aver 0.805! load imb.: force 22.6%
           Step           Time
         640000      640.00000

   Energies (kJ/mol)
        LJ (SR)  Disper. corr.   Coulomb (SR)   Coul. recip.      Potential
    5.59995e+02   -1.97981e+01   -1.29734e+05    1.83460e+02   -1.29010e+05
    Kinetic En.   Total Energy  Conserved En.    Temperature Pres. DC (bar)
    4.61234e+02   -1.28549e+05   -1.28958e+05    2.91200e+02   -4.33993e+01
 Pressure (bar)   Constr. rmsd
    2.75239e+02    9.03038e-04


DD  load balancing is limited by minimum cell size in dimension Z
DD  step 649999  vol min/aver 0.723! load imb.: force 12.6%
           Step           Time
         650000      650.00000

   Energies (kJ/mol)
        LJ (SR)  Disper. corr.   Coulomb (SR)   Coul. recip.      Potential
    5.64198e+02   -1.98125e+01   -1.29806e+05    1.73331e+02   -1.29088e+05
    Kinetic En.   Total Energy  Conserved En.    Temperature Pres. DC (bar)
    4.89378e+02   -1.28599e+05   -1.28961e+05    3.08969e+02   -4.34620e+01
 Pressure (bar)   Constr. rmsd
    2.12154e+02    8.98329e-04


DD  load balancing is limited by minimum cell size in dimension X Y Z
DD  step 659999  vol min/aver 0.680! load imb.: force 15.7%
           Step           Time
         660000      660.00000

   Energies (kJ/mol)
        LJ (SR)  Disper. corr.   Coulomb (SR)   Coul. recip.      Potential
    5.36063e+02   -1.98217e+01   -1.29773e+05    1.62353e+02   -1.29094e+05
    Kinetic En.   Total Energy  Conserved En.    Temperature Pres. DC (bar)
    4.47311e+02   -1.28647e+05   -1.28964e+05    2.82410e+02   -4.35016e+01
 Pressure (bar)   Constr. rmsd
   -1.08900e+02    8.98966e-04


DD  load balancing is limited by minimum cell size in dimension X Z
DD  step 669999  vol min/aver 0.753! load imb.: force 18.7%
           Step           Time
         670000      670.00000

   Energies (kJ/mol)
        LJ (SR)  Disper. corr.   Coulomb (SR)   Coul. recip.      Potential
    5.59457e+02   -1.98326e+01   -1.29835e+05    1.41206e+02   -1.29154e+05
    Kinetic En.   Total Energy  Conserved En.    Temperature Pres. DC (bar)
    5.09084e+02   -1.28645e+05   -1.28967e+05    3.21411e+02   -4.35493e+01
 Pressure (bar)   Constr. rmsd
    1.88516e+02    9.00071e-04


DD  load balancing is limited by minimum cell size in dimension Y Z
DD  step 679999  vol min/aver 0.749! load imb.: force 15.8%
           Step           Time
         680000      680.00000

   Energies (kJ/mol)
        LJ (SR)  Disper. corr.   Coulomb (SR)   Coul. recip.      Potential
    4.66428e+02   -1.98425e+01   -1.29650e+05    1.61874e+02   -1.29042e+05
    Kinetic En.   Total Energy  Conserved En.    Temperature Pres. DC (bar)
    4.27153e+02   -1.28615e+05   -1.28970e+05    2.69683e+02   -4.35922e+01
 Pressure (bar)   Constr. rmsd
   -3.70177e+02    9.01079e-04


DD  load balancing is limited by minimum cell size in dimension X Y Z
DD  step 689999  vol min/aver 0.702! load imb.: force 14.8%
           Step           Time
         690000      690.00000

   Energies (kJ/mol)
        LJ (SR)  Disper. corr.   Coulomb (SR)   Coul. recip.      Potential
    5.18905e+02   -1.98680e+01   -1.29642e+05    1.56191e+02   -1.28987e+05
    Kinetic En.   Total Energy  Conserved En.    Temperature Pres. DC (bar)
    4.42856e+02   -1.28544e+05   -1.28973e+05    2.79598e+02   -4.37033e+01
 Pressure (bar)   Constr. rmsd
    3.41918e+02    9.03439e-04


DD  load balancing is limited by minimum cell size in dimension X Z
DD  step 699999  vol min/aver 0.680! load imb.: force 11.0%
           Step           Time
         700000      700.00000

   Energies (kJ/mol)
        LJ (SR)  Disper. corr.   Coulomb (SR)   Coul. recip.      Potential
    5.09885e+02   -1.98951e+01   -1.29621e+05    1.74157e+02   -1.28956e+05
    Kinetic En.   Total Energy  Conserved En.    Temperature Pres. DC (bar)
    4.60645e+02   -1.28496e+05   -1.28975e+05    2.90829e+02   -4.38211e+01
 Pressure (bar)   Constr. rmsd
    7.21943e+01    9.04287e-04


DD  load balancing is limited by minimum cell size in dimension X Z
DD  step 709999  vol min/aver 0.683! load imb.: force 10.4%
           Step           Time
         710000      710.00000

   Energies (kJ/mol)
        LJ (SR)  Disper. corr.   Coulomb (SR)   Coul. recip.      Potential
    4.56329e+02   -1.99233e+01   -1.29640e+05    1.53427e+02   -1.29050e+05
    Kinetic En.   Total Energy  Conserved En.    Temperature Pres. DC (bar)
    4.41015e+02   -1.28609e+05   -1.28978e+05    2.78435e+02   -4.39442e+01
 Pressure (bar)   Constr. rmsd
   -7.07526e+02    9.01912e-04


DD  load balancing is limited by minimum cell size in dimension X Y Z
DD  step 719999  vol min/aver 0.680! load imb.: force  7.2%
           Step           Time
         720000      720.00000

   Energies (kJ/mol)
        LJ (SR)  Disper. corr.   Coulomb (SR)   Coul. recip.      Potential
    4.65165e+02   -1.99587e+01   -1.29668e+05    1.59036e+02   -1.29064e+05
    Kinetic En.   Total Energy  Conserved En.    Temperature Pres. DC (bar)
    4.85862e+02   -1.28578e+05   -1.28980e+05    3.06749e+02   -4.40991e+01
 Pressure (bar)   Constr. rmsd
   -4.80668e+02    9.02705e-04


DD  load balancing is limited by minimum cell size in dimension X Y Z
DD  step 729999  vol min/aver 0.680! load imb.: force  7.0%
           Step           Time
         730000      730.00000

   Energies (kJ/mol)
        LJ (SR)  Disper. corr.   Coulomb (SR)   Coul. recip.      Potential
    4.83194e+02   -1.99799e+01   -1.29670e+05    1.89285e+02   -1.29017e+05
    Kinetic En.   Total Energy  Conserved En.    Temperature Pres. DC (bar)
    4.65054e+02   -1.28552e+05   -1.28983e+05    2.93612e+02   -4.41918e+01
 Pressure (bar)   Constr. rmsd
   -2.12310e+02    9.03474e-04


DD  load balancing is limited by minimum cell size in dimension X Z
DD  step 739999  vol min/aver 0.754! load imb.: force  7.0%
           Step           Time
         740000      740.00000

   Energies (kJ/mol)
        LJ (SR)  Disper. corr.   Coulomb (SR)   Coul. recip.      Potential
    5.95675e+02   -2.00163e+01   -1.29712e+05    1.72842e+02   -1.28963e+05
    Kinetic En.   Total Energy  Conserved En.    Temperature Pres. DC (bar)
    4.89204e+02   -1.28474e+05   -1.28986e+05    3.08860e+02   -4.43512e+01
 Pressure (bar)   Constr. rmsd
    5.96208e+02    9.06303e-04


DD  load balancing is limited by minimum cell size in dimension X Y Z
DD  step 749999  vol min/aver 0.683! load imb.: force  9.5%
           Step           Time
         750000      750.00000

   Energies (kJ/mol)
        LJ (SR)  Disper. corr.   Coulomb (SR)   Coul. recip.      Potential
    5.10959e+02   -2.00496e+01   -1.29715e+05    1.57812e+02   -1.29067e+05
    Kinetic En.   Total Energy  Conserved En.    Temperature Pres. DC (bar)
    4.55169e+02   -1.28612e+05   -1.28988e+05    2.87371e+02   -4.44973e+01
 Pressure (bar)   Constr. rmsd
   -2.71130e+02    9.02205e-04


DD  load balancing is limited by minimum cell size in dimension X Z
DD  step 759999  vol min/aver 0.684! load imb.: force  7.2%
           Step           Time
         760000      760.00000

   Energies (kJ/mol)
        LJ (SR)  Disper. corr.   Coulomb (SR)   Coul. recip.      Potential
    5.49034e+02   -2.00955e+01   -1.29804e+05    1.50308e+02   -1.29124e+05
    Kinetic En.   Total Energy  Conserved En.    Temperature Pres. DC (bar)
    4.68305e+02   -1.28656e+05   -1.28991e+05    2.95665e+02   -4.46992e+01
 Pressure (bar)   Constr. rmsd
    9.83987e+01    9.01123e-04


DD  load balancing is limited by minimum cell size in dimension X Y Z
DD  step 769999  vol min/aver 0.685! load imb.: force 20.4%
           Step           Time
         770000      770.00000

   Energies (kJ/mol)
        LJ (SR)  Disper. corr.   Coulomb (SR)   Coul. recip.      Potential
    4.90626e+02   -2.01294e+01   -1.29647e+05    1.68225e+02   -1.29008e+05
    Kinetic En.   Total Energy  Conserved En.    Temperature Pres. DC (bar)
    4.56357e+02   -1.28552e+05   -1.28994e+05    2.88121e+02   -4.48485e+01
 Pressure (bar)   Constr. rmsd
   -1.80280e+02    9.02585e-04


DD  load balancing is limited by minimum cell size in dimension X Y Z
DD  step 779999  vol min/aver 0.687! load imb.: force 10.1%
           Step           Time
         780000      780.00000

   Energies (kJ/mol)
        LJ (SR)  Disper. corr.   Coulomb (SR)   Coul. recip.      Potential
    5.31737e+02   -2.01771e+01   -1.29748e+05    1.52239e+02   -1.29084e+05
    Kinetic En.   Total Energy  Conserved En.    Temperature Pres. DC (bar)
    5.31157e+02   -1.28553e+05   -1.28997e+05    3.35347e+02   -4.50594e+01
 Pressure (bar)   Constr. rmsd
   -4.97164e+00    9.04363e-04


DD  load balancing is limited by minimum cell size in dimension X Y Z
DD  step 789999  vol min/aver 0.691! load imb.: force 13.6%
           Step           Time
         790000      790.00000

   Energies (kJ/mol)
        LJ (SR)  Disper. corr.   Coulomb (SR)   Coul. recip.      Potential
    5.41918e+02   -2.02050e+01   -1.29792e+05    1.61329e+02   -1.29109e+05
    Kinetic En.   Total Energy  Conserved En.    Temperature Pres. DC (bar)
    4.92991e+02   -1.28616e+05   -1.28999e+05    3.11250e+02   -4.51825e+01
 Pressure (bar)   Constr. rmsd
   -1.08549e+02    8.98639e-04


DD  load balancing is limited by minimum cell size in dimension X Y Z
DD  step 799999  vol min/aver 0.689! load imb.: force 18.5%
           Step           Time
         800000      800.00000

   Energies (kJ/mol)
        LJ (SR)  Disper. corr.   Coulomb (SR)   Coul. recip.      Potential
    5.15797e+02   -2.02280e+01   -1.29689e+05    1.62061e+02   -1.29032e+05
    Kinetic En.   Total Energy  Conserved En.    Temperature Pres. DC (bar)
    4.74536e+02   -1.28557e+05   -1.29002e+05    2.99599e+02   -4.52845e+01
 Pressure (bar)   Constr. rmsd
    4.31997e+01    9.02505e-04


DD  load balancing is limited by minimum cell size in dimension X Z
DD  step 809999  vol min/aver 0.690! load imb.: force 16.2%
           Step           Time
         810000      810.00000

   Energies (kJ/mol)
        LJ (SR)  Disper. corr.   Coulomb (SR)   Coul. recip.      Potential
    4.55496e+02   -2.02642e+01   -1.29637e+05    1.52804e+02   -1.29049e+05
    Kinetic En.   Total Energy  Conserved En.    Temperature Pres. DC (bar)
    5.14671e+02   -1.28534e+05   -1.29006e+05    3.24938e+02   -4.54452e+01
 Pressure (bar)   Constr. rmsd
   -5.02422e+02    9.08597e-04


DD  load balancing is limited by minimum cell size in dimension X Z
DD  step 819999  vol min/aver 0.742! load imb.: force 12.5%
           Step           Time
         820000      820.00000

   Energies (kJ/mol)
        LJ (SR)  Disper. corr.   Coulomb (SR)   Coul. recip.      Potential
    4.90284e+02   -2.03127e+01   -1.29650e+05    1.46318e+02   -1.29034e+05
    Kinetic En.   Total Energy  Conserved En.    Temperature Pres. DC (bar)
    3.90674e+02   -1.28643e+05   -1.29006e+05    2.46652e+02   -4.56609e+01
 Pressure (bar)   Constr. rmsd
   -3.43200e+02    8.98712e-04


DD  load balancing is limited by minimum cell size in dimension X Z
DD  step 829999  vol min/aver 0.772! load imb.: force 13.6%
           Step           Time
         830000      830.00000

   Energies (kJ/mol)
        LJ (SR)  Disper. corr.   Coulomb (SR)   Coul. recip.      Potential
    4.99666e+02   -2.03581e+01   -1.29706e+05    1.86275e+02   -1.29040e+05
    Kinetic En.   Total Energy  Conserved En.    Temperature Pres. DC (bar)
    5.04607e+02   -1.28535e+05   -1.29010e+05    3.18584e+02   -4.58629e+01
 Pressure (bar)   Constr. rmsd
   -9.75393e+01    9.01967e-04


DD  load balancing is limited by minimum cell size in dimension X Y Z
DD  step 839999  vol min/aver 0.696! load imb.: force  8.2%
           Step           Time
         840000      840.00000

   Energies (kJ/mol)
        LJ (SR)  Disper. corr.   Coulomb (SR)   Coul. recip.      Potential
    5.06755e+02   -2.04079e+01   -1.29723e+05    1.55981e+02   -1.29081e+05
    Kinetic En.   Total Energy  Conserved En.    Temperature Pres. DC (bar)
    4.93919e+02   -1.28587e+05   -1.29012e+05    3.11836e+02   -4.60854e+01
 Pressure (bar)   Constr. rmsd
   -2.10259e+02    9.01843e-04


DD  load balancing is limited by minimum cell size in dimension X Y Z
DD  step 849999  vol min/aver 0.696! load imb.: force 12.3%
           Step           Time
         850000      850.00000

   Energies (kJ/mol)
        LJ (SR)  Disper. corr.   Coulomb (SR)   Coul. recip.      Potential
    4.49455e+02   -2.04493e+01   -1.29620e+05    1.59276e+02   -1.29032e+05
    Kinetic En.   Total Energy  Conserved En.    Temperature Pres. DC (bar)
    5.04008e+02   -1.28528e+05   -1.29015e+05    3.18206e+02   -4.62708e+01
 Pressure (bar)   Constr. rmsd
   -5.19571e+02    9.04450e-04


DD  load balancing is limited by minimum cell size in dimension X Y Z
DD  step 859999  vol min/aver 0.697! load imb.: force  9.0%
           Step           Time
         860000      860.00000

   Energies (kJ/mol)
        LJ (SR)  Disper. corr.   Coulomb (SR)   Coul. recip.      Potential
    4.59295e+02   -2.04789e+01   -1.29575e+05    1.72695e+02   -1.28964e+05
    Kinetic En.   Total Energy  Conserved En.    Temperature Pres. DC (bar)
    4.85963e+02   -1.28478e+05   -1.29018e+05    3.06813e+02   -4.64034e+01
 Pressure (bar)   Constr. rmsd
   -4.98306e+02    9.04419e-04


DD  load balancing is limited by minimum cell size in dimension X Z
DD  step 869999  vol min/aver 0.756! load imb.: force 10.6%
           Step           Time
         870000      870.00000

   Energies (kJ/mol)
        LJ (SR)  Disper. corr.   Coulomb (SR)   Coul. recip.      Potential
    5.42164e+02   -2.05351e+01   -1.29767e+05    1.51255e+02   -1.29094e+05
    Kinetic En.   Total Energy  Conserved En.    Temperature Pres. DC (bar)
    4.70346e+02   -1.28624e+05   -1.29020e+05    2.96953e+02   -4.66558e+01
 Pressure (bar)   Constr. rmsd
    6.20935e+01    9.01482e-04


DD  load balancing is limited by minimum cell size in dimension X Y Z
DD  step 879999  vol min/aver 0.726! load imb.: force 11.7%
           Step           Time
         880000      880.00000

   Energies (kJ/mol)
        LJ (SR)  Disper. corr.   Coulomb (SR)   Coul. recip.      Potential
    4.77682e+02   -2.05766e+01   -1.29648e+05    1.59905e+02   -1.29031e+05
    Kinetic En.   Total Energy  Conserved En.    Temperature Pres. DC (bar)
    4.40994e+02   -1.28590e+05   -1.29023e+05    2.78422e+02   -4.68428e+01
 Pressure (bar)   Constr. rmsd
   -2.75512e+02    9.01002e-04


DD  load balancing is limited by minimum cell size in dimension X Y Z
DD  step 889999  vol min/aver 0.701! load imb.: force 17.3%
           Step           Time
         890000      890.00000

   Energies (kJ/mol)
        LJ (SR)  Disper. corr.   Coulomb (SR)   Coul. recip.      Potential
    5.79405e+02   -2.06056e+01   -1.29747e+05    1.74356e+02   -1.29014e+05
    Kinetic En.   Total Energy  Conserved En.    Temperature Pres. DC (bar)
    4.62203e+02   -1.28552e+05   -1.29026e+05    2.91812e+02   -4.69735e+01
 Pressure (bar)   Constr. rmsd
    3.01973e+02    9.04740e-04


DD  load balancing is limited by minimum cell size in dimension X Y Z
DD  step 899999  vol min/aver 0.711! load imb.: force 11.0%
           Step           Time
         900000      900.00000

   Energies (kJ/mol)
        LJ (SR)  Disper. corr.   Coulomb (SR)   Coul. recip.      Potential
    4.36196e+02   -2.06502e+01   -1.29611e+05    1.63041e+02   -1.29033e+05
    Kinetic En.   Total Energy  Conserved En.    Temperature Pres. DC (bar)
    4.78182e+02   -1.28555e+05   -1.29028e+05    3.01901e+02   -4.71752e+01
 Pressure (bar)   Constr. rmsd
   -7.13344e+02    9.06743e-04


DD  load balancing is limited by minimum cell size in dimension X Z
DD  step 909999  vol min/aver 0.807! load imb.: force  5.6%
           Step           Time
         910000      910.00000

   Energies (kJ/mol)
        LJ (SR)  Disper. corr.   Coulomb (SR)   Coul. recip.      Potential
    4.64391e+02   -2.06870e+01   -1.29669e+05    1.52687e+02   -1.29072e+05
    Kinetic En.   Total Energy  Conserved En.    Temperature Pres. DC (bar)
    4.78193e+02   -1.28594e+05   -1.29030e+05    3.01907e+02   -4.73417e+01
 Pressure (bar)   Constr. rmsd
   -4.18468e+02    9.03431e-04


DD  load balancing is limited by minimum cell size in dimension X Y Z
DD  step 919999  vol min/aver 0.707! load imb.: force  8.8%
           Step           Time
         920000      920.00000

   Energies (kJ/mol)
        LJ (SR)  Disper. corr.   Coulomb (SR)   Coul. recip.      Potential
    5.53914e+02   -2.07230e+01   -1.29737e+05    1.86614e+02   -1.29017e+05
    Kinetic En.   Total Energy  Conserved En.    Temperature Pres. DC (bar)
    4.68496e+02   -1.28549e+05   -1.29031e+05    2.95785e+02   -4.75049e+01
 Pressure (bar)   Constr. rmsd
    3.48065e+02    9.00145e-04


DD  load balancing is limited by minimum cell size in dimension X Y Z
DD  step 929999  vol min/aver 0.706! load imb.: force  7.7%
           Step           Time
         930000      930.00000

   Energies (kJ/mol)
        LJ (SR)  Disper. corr.   Coulomb (SR)   Coul. recip.      Potential
    5.18321e+02   -2.07571e+01   -1.29697e+05    1.51430e+02   -1.29048e+05
    Kinetic En.   Total Energy  Conserved En.    Temperature Pres. DC (bar)
    4.65384e+02   -1.28583e+05   -1.29034e+05    2.93821e+02   -4.76598e+01
 Pressure (bar)   Constr. rmsd
   -2.19334e+02    9.03835e-04


DD  load balancing is limited by minimum cell size in dimension X Y Z
DD  step 939999  vol min/aver 0.791! load imb.: force 10.2%
           Step           Time
         940000      940.00000

   Energies (kJ/mol)
        LJ (SR)  Disper. corr.   Coulomb (SR)   Coul. recip.      Potential
    5.61836e+02   -2.07948e+01   -1.29760e+05    1.73856e+02   -1.29045e+05
    Kinetic En.   Total Energy  Conserved En.    Temperature Pres. DC (bar)
    4.66416e+02   -1.28579e+05   -1.29036e+05    2.94472e+02   -4.78315e+01
 Pressure (bar)   Constr. rmsd
    1.56087e+02    9.00476e-04


DD  load balancing is limited by minimum cell size in dimension X Z
DD  step 949999  vol min/aver 0.832! load imb.: force  5.7%
           Step           Time
         950000      950.00000

   Energies (kJ/mol)
        LJ (SR)  Disper. corr.   Coulomb (SR)   Coul. recip.      Potential
    5.70169e+02   -2.08094e+01   -1.29705e+05    1.74957e+02   -1.28980e+05
    Kinetic En.   Total Energy  Conserved En.    Temperature Pres. DC (bar)
    4.48929e+02   -1.28531e+05   -1.29039e+05    2.83432e+02   -4.78980e+01
 Pressure (bar)   Constr. rmsd
    5.03573e+02    9.00274e-04


DD  load balancing is limited by minimum cell size in dimension X Y Z
DD  step 959999  vol min/aver 0.738! load imb.: force  5.9%
           Step           Time
         960000      960.00000

   Energies (kJ/mol)
        LJ (SR)  Disper. corr.   Coulomb (SR)   Coul. recip.      Potential
    5.34900e+02   -2.08214e+01   -1.29709e+05    1.64788e+02   -1.29030e+05
    Kinetic En.   Total Energy  Conserved En.    Temperature Pres. DC (bar)
    4.76863e+02   -1.28553e+05   -1.29041e+05    3.01068e+02   -4.79524e+01
 Pressure (bar)   Constr. rmsd
    6.28023e+01    9.00935e-04


DD  load balancing is limited by minimum cell size in dimension X Y Z
DD  step 969999  vol min/aver 0.709! load imb.: force  6.6%
           Step           Time
         970000      970.00000

   Energies (kJ/mol)
        LJ (SR)  Disper. corr.   Coulomb (SR)   Coul. recip.      Potential
    6.39052e+02   -2.08368e+01   -1.29876e+05    1.65365e+02   -1.29092e+05
    Kinetic En.   Total Energy  Conserved En.    Temperature Pres. DC (bar)
    4.60563e+02   -1.28632e+05   -1.29043e+05    2.90777e+02   -4.80230e+01
 Pressure (bar)   Constr. rmsd
    7.24449e+02    8.96999e-04


DD  load balancing is limited by minimum cell size in dimension X Z
DD  step 979999  vol min/aver 0.783! load imb.: force  5.9%
           Step           Time
         980000      980.00000

   Energies (kJ/mol)
        LJ (SR)  Disper. corr.   Coulomb (SR)   Coul. recip.      Potential
    4.68924e+02   -2.08550e+01   -1.29690e+05    1.67927e+02   -1.29074e+05
    Kinetic En.   Total Energy  Conserved En.    Temperature Pres. DC (bar)
    4.46369e+02   -1.28628e+05   -1.29046e+05    2.81815e+02   -4.81059e+01
 Pressure (bar)   Constr. rmsd
   -5.42619e+02    9.00788e-04


DD  load balancing is limited by minimum cell size in dimension X Z
DD  step 989999  vol min/aver 0.836! load imb.: force  8.2%
           Step           Time
         990000      990.00000

   Energies (kJ/mol)
        LJ (SR)  Disper. corr.   Coulomb (SR)   Coul. recip.      Potential
    5.11435e+02   -2.08683e+01   -1.29708e+05    1.54530e+02   -1.29063e+05
    Kinetic En.   Total Energy  Conserved En.    Temperature Pres. DC (bar)
    4.59107e+02   -1.28604e+05   -1.29049e+05    2.89858e+02   -4.81668e+01
 Pressure (bar)   Constr. rmsd
   -1.75584e+02    9.03340e-04


DD  load balancing is limited by minimum cell size in dimension X Z
DD  step 999999  vol min/aver 0.720! load imb.: force  9.8%
           Step           Time
        1000000     1000.00000

Writing checkpoint, step 1000000 at Thu Apr  1 17:02:10 2021


   Energies (kJ/mol)
        LJ (SR)  Disper. corr.   Coulomb (SR)   Coul. recip.      Potential
    4.78742e+02   -2.09160e+01   -1.29690e+05    1.65695e+02   -1.29067e+05
    Kinetic En.   Total Energy  Conserved En.    Temperature Pres. DC (bar)
    5.00306e+02   -1.28566e+05   -1.29051e+05    3.15869e+02   -4.83851e+01
 Pressure (bar)   Constr. rmsd
   -3.51153e+02    9.01460e-04

	<======  ###############  ==>
	<====  A V E R A G E S  ====>
	<==  ###############  ======>

	Statistics over 1000001 steps using 10001 frames

   Energies (kJ/mol)
        LJ (SR)  Disper. corr.   Coulomb (SR)   Coul. recip.      Potential
    5.15297e+02   -1.96879e+01   -1.29702e+05    1.63692e+02   -1.29042e+05
    Kinetic En.   Total Energy  Conserved En.    Temperature Pres. DC (bar)
    4.71978e+02   -1.28571e+05   -1.28919e+05    2.97983e+02   -4.29571e+01
 Pressure (bar)   Constr. rmsd
   -7.75709e+01    0.00000e+00

          Box-X          Box-Y          Box-Z
    1.97478e+00    1.97478e+00    1.97478e+00

   Total Virial (kJ/mol)
    1.51698e+02   -2.05164e-01   -2.03536e-01
   -2.04997e-01    2.10389e+02   -3.76509e-01
   -2.03455e-01   -3.76532e-01    1.63115e+02

   Pressure (bar)
    3.58085e+01    1.44526e+00    2.21802e-01
    1.44454e+00   -2.48767e+02    1.44054e+00
    2.21452e-01    1.44065e+00   -1.97536e+01


	M E G A - F L O P S   A C C O U N T I N G

 NB=Group-cutoff nonbonded kernels    NxN=N-by-N cluster Verlet kernels
 RF=Reaction-Field  VdW=Van der Waals  QSTab=quadratic-spline table
 W3=SPC/TIP3p  W4=TIP4p (single or pairs)
 V&F=Potential and force  V=Potential only  F=Force only

 Computing:                               M-Number         M-Flops  % Flops
-----------------------------------------------------------------------------
 Pair Search distance check             370.270420        3332.434     0.1
 NxN Ewald Elec. + LJ [F]             14446.404944      953462.726    35.8
 NxN Ewald Elec. + LJ [V&F]             145.954232       15617.103     0.6
 NxN LJ [F]                              53.255344        1757.426     0.1
 NxN LJ [V&F]                             0.540672          23.249     0.0
 NxN Ewald Elec. [F]                  14403.026864      878584.639    33.0
 NxN Ewald Elec. [V&F]                  145.513048       12223.096     0.5
 Calc Weights                           768.000768       27648.028     1.0
 Spread Q Bspline                     16384.016384       32768.033     1.2
 Gather F Bspline                     16384.016384       98304.098     3.7
 3D-FFT                               62684.062684      501472.501    18.8
 Solve PME                             1568.001568      100352.100     3.8
 Reset In Box                             5.120256          15.361     0.0
 CG-CoM                                   5.120512          15.362     0.0
 Virial                                  97.600976        1756.818     0.1
 Stop-CM                                  2.560512          25.605     0.0
 P-Coupling                              25.600256         153.602     0.0
 Calc-Ekin                               51.200512        1382.414     0.1
 Lincs                                  192.000576       11520.035     0.4
 Lincs-Mat                             3863.498016       15453.992     0.6
 Constraint-V                           384.000768        3072.006     0.1
 Constraint-Vir                          19.200192         460.805     0.0
 Virtual Site 3                          70.400128        2604.805     0.1
-----------------------------------------------------------------------------
 Total                                                 2662006.236   100.0
-----------------------------------------------------------------------------


    D O M A I N   D E C O M P O S I T I O N   S T A T I S T I C S

 av. #atoms communicated per step for force:  2 x 2032.5
 av. #atoms communicated per step for vsites: 3 x 0.0


Dynamic load balancing report:
 DLB was turned on during the run due to measured imbalance.
 Average load imbalance: 13.2%.
 The balanceable part of the MD step is 26%, load imbalance is computed from this.
 Part of the total run time spent waiting due to load imbalance: 3.4%.
 Steps where the load balancing was limited by -rdd, -rcon and/or -dds: X 1 % Y 1 % Z 1 %


     R E A L   C Y C L E   A N D   T I M E   A C C O U N T I N G

On 16 MPI ranks

 Computing:          Num   Num      Call    Wall time         Giga-Cycles
                     Ranks Threads  Count      (s)         total sum    %
-----------------------------------------------------------------------------
 Domain decomp.        16    1      20001       1.875         78.002   1.6
 DD comm. load         16    1      20000       0.057          2.374   0.0
 DD comm. bounds       16    1      19999       0.227          9.458   0.2
 Vsite constr.         16    1    1000001       0.555         23.097   0.5
 Neighbor search       16    1      20001       1.104         45.944   1.0
 Comm. coord.          16    1     980000       9.612        399.864   8.3
 Force                 16    1    1000001       7.914        329.219   6.9
 Wait + Comm. F        16    1    1000001       7.078        294.453   6.1
 PME mesh              16    1    1000001      73.282       3048.563  63.6
 NB X/F buffer ops.    16    1    2960001       3.413        141.962   3.0
 Vsite spread          16    1    1100002       0.843         35.066   0.7
 Write traj.           16    1        101       0.004          0.146   0.0
 Update                16    1    1000001       1.846         76.809   1.6
 Constraints           16    1    1000003       3.056        127.125   2.7
 Comm. energies        16    1     100001       1.291         53.717   1.1
 Rest                                           3.143        130.765   2.7
-----------------------------------------------------------------------------
 Total                                        115.301       4796.566 100.0
-----------------------------------------------------------------------------
 Breakdown of PME mesh computation
-----------------------------------------------------------------------------
 PME redist. X/F       16    1    2000002      20.636        858.450  17.9
 PME spread            16    1    1000001      12.226        508.591  10.6
 PME gather            16    1    1000001      11.246        467.850   9.8
 PME 3D-FFT            16    1    2000002       8.562        356.169   7.4
 PME 3D-FFT Comm.      16    1    4000004      18.763        780.552  16.3
 PME solve Elec        16    1    1000001       1.207         50.216   1.0
-----------------------------------------------------------------------------

               Core t (s)   Wall t (s)        (%)
       Time:     1844.805      115.301     1600.0
                 (ns/day)    (hour/ns)
Performance:      749.343        0.032
Finished mdrun on rank 0 Thu Apr  1 17:02:10 2021

