                       :-) GROMACS - gmx mdrun, 2021 (-:

                            GROMACS is written by:
     Andrey Alekseenko              Emile Apol              Rossen Apostolov     
         Paul Bauer           Herman J.C. Berendsen           Par Bjelkmar       
       Christian Blau           Viacheslav Bolnykh             Kevin Boyd        
     Aldert van Buuren           Rudi van Drunen             Anton Feenstra      
    Gilles Gouaillardet             Alan Gray               Gerrit Groenhof      
       Anca Hamuraru            Vincent Hindriksen          M. Eric Irrgang      
      Aleksei Iupinov           Christoph Junghans             Joe Jordan        
    Dimitrios Karkoulis            Peter Kasson                Jiri Kraus        
      Carsten Kutzner              Per Larsson              Justin A. Lemkul     
       Viveca Lindahl            Magnus Lundborg             Erik Marklund       
        Pascal Merz             Pieter Meulenhoff            Teemu Murtola       
        Szilard Pall               Sander Pronk              Roland Schulz       
       Michael Shirts            Alexey Shvetsov             Alfons Sijbers      
       Peter Tieleman              Jon Vincent              Teemu Virolainen     
     Christian Wennberg            Maarten Wolf              Artem Zhmurov       
                           and the project leaders:
        Mark Abraham, Berk Hess, Erik Lindahl, and David van der Spoel

Copyright (c) 1991-2000, University of Groningen, The Netherlands.
Copyright (c) 2001-2019, The GROMACS development team at
Uppsala University, Stockholm University and
the Royal Institute of Technology, Sweden.
check out http://www.gromacs.org for more information.

GROMACS is free software; you can redistribute it and/or modify it
under the terms of the GNU Lesser General Public License
as published by the Free Software Foundation; either version 2.1
of the License, or (at your option) any later version.

GROMACS:      gmx mdrun, version 2021
Executable:   /usr/local/gromacs/bin/gmx
Data prefix:  /usr/local/gromacs
Working dir:  /home/cyril/Documents/FAC/MASTER-1/SEMESTER-8/LAB/gromacs/computations
Process ID:   85696
Command line:
  gmx mdrun -s topol.tpr

GROMACS version:    2021
Verified release checksum is 3e06a5865d6ff726fc417dea8d55afd37ac3cbb94c02c54c76d7a881c49c5dd8
Precision:          mixed
Memory model:       64 bit
MPI library:        thread_mpi
OpenMP support:     enabled (GMX_OPENMP_MAX_THREADS = 64)
GPU support:        disabled
SIMD instructions:  AVX2_256
FFT library:        fftw-3.3.8-sse2-avx-avx2-avx2_128
RDTSCP usage:       enabled
TNG support:        enabled
Hwloc support:      disabled
Tracing support:    disabled
C compiler:         /usr/bin/cc GNU 10.2.0
C compiler flags:   -mavx2 -mfma -Wno-missing-field-initializers -fexcess-precision=fast -funroll-all-loops -O3 -DNDEBUG
C++ compiler:       /usr/bin/c++ GNU 10.2.0
C++ compiler flags: -mavx2 -mfma -Wno-missing-field-initializers -fexcess-precision=fast -funroll-all-loops -fopenmp -O3 -DNDEBUG


Running on 1 node with total 4 cores, 8 logical cores
Hardware detected:
  CPU info:
    Vendor: Intel
    Brand:  Intel(R) Core(TM) i5-8365U CPU @ 1.60GHz
    Family: 6   Model: 142   Stepping: 12
    Features: aes apic avx avx2 clfsh cmov cx8 cx16 f16c fma htt intel lahf mmx msr nonstop_tsc pcid pclmuldq pdcm pdpe1gb popcnt pse rdrnd rdtscp sse2 sse3 sse4.1 sse4.2 ssse3 tdt x2apic
  Hardware topology: Basic
    Sockets, cores, and logical processors:
      Socket  0: [   0   4] [   1   5] [   2   6] [   3   7]


++++ PLEASE READ AND CITE THE FOLLOWING REFERENCE ++++
M. J. Abraham, T. Murtola, R. Schulz, S. Páll, J. C. Smith, B. Hess, E.
Lindahl
GROMACS: High performance molecular simulations through multi-level
parallelism from laptops to supercomputers
SoftwareX 1 (2015) pp. 19-25
-------- -------- --- Thank You --- -------- --------


++++ PLEASE READ AND CITE THE FOLLOWING REFERENCE ++++
S. Páll, M. J. Abraham, C. Kutzner, B. Hess, E. Lindahl
Tackling Exascale Software Challenges in Molecular Dynamics Simulations with
GROMACS
In S. Markidis & E. Laure (Eds.), Solving Software Challenges for Exascale 8759 (2015) pp. 3-27
-------- -------- --- Thank You --- -------- --------


++++ PLEASE READ AND CITE THE FOLLOWING REFERENCE ++++
S. Pronk, S. Páll, R. Schulz, P. Larsson, P. Bjelkmar, R. Apostolov, M. R.
Shirts, J. C. Smith, P. M. Kasson, D. van der Spoel, B. Hess, and E. Lindahl
GROMACS 4.5: a high-throughput and highly parallel open source molecular
simulation toolkit
Bioinformatics 29 (2013) pp. 845-54
-------- -------- --- Thank You --- -------- --------


++++ PLEASE READ AND CITE THE FOLLOWING REFERENCE ++++
B. Hess and C. Kutzner and D. van der Spoel and E. Lindahl
GROMACS 4: Algorithms for highly efficient, load-balanced, and scalable
molecular simulation
J. Chem. Theory Comput. 4 (2008) pp. 435-447
-------- -------- --- Thank You --- -------- --------


++++ PLEASE READ AND CITE THE FOLLOWING REFERENCE ++++
D. van der Spoel, E. Lindahl, B. Hess, G. Groenhof, A. E. Mark and H. J. C.
Berendsen
GROMACS: Fast, Flexible and Free
J. Comp. Chem. 26 (2005) pp. 1701-1719
-------- -------- --- Thank You --- -------- --------


++++ PLEASE READ AND CITE THE FOLLOWING REFERENCE ++++
E. Lindahl and B. Hess and D. van der Spoel
GROMACS 3.0: A package for molecular simulation and trajectory analysis
J. Mol. Mod. 7 (2001) pp. 306-317
-------- -------- --- Thank You --- -------- --------


++++ PLEASE READ AND CITE THE FOLLOWING REFERENCE ++++
H. J. C. Berendsen, D. van der Spoel and R. van Drunen
GROMACS: A message-passing parallel molecular dynamics implementation
Comp. Phys. Comm. 91 (1995) pp. 43-56
-------- -------- --- Thank You --- -------- --------


++++ PLEASE CITE THE DOI FOR THIS VERSION OF GROMACS ++++
https://doi.org/10.5281/zenodo.4457626
-------- -------- --- Thank You --- -------- --------

Input Parameters:
   integrator                     = md
   tinit                          = 0
   dt                             = 0.001
   nsteps                         = 1000000
   init-step                      = 0
   simulation-part                = 1
   mts                            = false
   comm-mode                      = Linear
   nstcomm                        = 100
   bd-fric                        = 0
   ld-seed                        = -4220975
   emtol                          = 10
   emstep                         = 0.01
   niter                          = 20
   fcstep                         = 0
   nstcgsteep                     = 1000
   nbfgscorr                      = 10
   rtpi                           = 0.05
   nstxout                        = 10000
   nstvout                        = 0
   nstfout                        = 0
   nstlog                         = 10000
   nstcalcenergy                  = 100
   nstenergy                      = 10000
   nstxout-compressed             = 0
   compressed-x-precision         = 1000
   cutoff-scheme                  = Verlet
   nstlist                        = 10
   pbc                            = xyz
   periodic-molecules             = false
   verlet-buffer-tolerance        = 0.001
   rlist                          = 0.9
   coulombtype                    = PME
   coulomb-modifier               = Potential-shift
   rcoulomb-switch                = 0
   rcoulomb                       = 0.9
   epsilon-r                      = 1
   epsilon-rf                     = inf
   vdw-type                       = Cut-off
   vdw-modifier                   = Potential-shift
   rvdw-switch                    = 0
   rvdw                           = 0.9
   DispCorr                       = EnerPres
   table-extension                = 1
   fourierspacing                 = 0.15
   fourier-nx                     = 14
   fourier-ny                     = 14
   fourier-nz                     = 14
   pme-order                      = 4
   ewald-rtol                     = 1e-05
   ewald-rtol-lj                  = 0.001
   lj-pme-comb-rule               = Geometric
   ewald-geometry                 = 0
   epsilon-surface                = 0
   tcoupl                         = Berendsen
   nsttcouple                     = 10
   nh-chain-length                = 0
   print-nose-hoover-chain-variables = false
   pcoupl                         = Berendsen
   pcoupltype                     = Isotropic
   nstpcouple                     = 10
   tau-p                          = 1
   compressibility (3x3):
      compressibility[    0]={ 1.00000e-06,  0.00000e+00,  0.00000e+00}
      compressibility[    1]={ 0.00000e+00,  1.00000e-06,  0.00000e+00}
      compressibility[    2]={ 0.00000e+00,  0.00000e+00,  1.00000e-06}
   ref-p (3x3):
      ref-p[    0]={ 2.00000e+01,  0.00000e+00,  0.00000e+00}
      ref-p[    1]={ 0.00000e+00,  2.00000e+01,  0.00000e+00}
      ref-p[    2]={ 0.00000e+00,  0.00000e+00,  2.00000e+01}
   refcoord-scaling               = No
   posres-com (3):
      posres-com[0]= 0.00000e+00
      posres-com[1]= 0.00000e+00
      posres-com[2]= 0.00000e+00
   posres-comB (3):
      posres-comB[0]= 0.00000e+00
      posres-comB[1]= 0.00000e+00
      posres-comB[2]= 0.00000e+00
   QMMM                           = false
qm-opts:
   ngQM                           = 0
   constraint-algorithm           = Lincs
   continuation                   = false
   Shake-SOR                      = false
   shake-tol                      = 0.0001
   lincs-order                    = 4
   lincs-iter                     = 1
   lincs-warnangle                = 30
   nwall                          = 0
   wall-type                      = 9-3
   wall-r-linpot                  = -1
   wall-atomtype[0]               = -1
   wall-atomtype[1]               = -1
   wall-density[0]                = 0
   wall-density[1]                = 0
   wall-ewald-zfac                = 3
   pull                           = false
   awh                            = false
   rotation                       = false
   interactiveMD                  = false
   disre                          = No
   disre-weighting                = Conservative
   disre-mixed                    = false
   dr-fc                          = 1000
   dr-tau                         = 0
   nstdisreout                    = 100
   orire-fc                       = 0
   orire-tau                      = 0
   nstorireout                    = 100
   free-energy                    = no
   cos-acceleration               = 0
   deform (3x3):
      deform[    0]={ 0.00000e+00,  0.00000e+00,  0.00000e+00}
      deform[    1]={ 0.00000e+00,  0.00000e+00,  0.00000e+00}
      deform[    2]={ 0.00000e+00,  0.00000e+00,  0.00000e+00}
   simulated-tempering            = false
   swapcoords                     = no
   userint1                       = 0
   userint2                       = 0
   userint3                       = 0
   userint4                       = 0
   userreal1                      = 0
   userreal2                      = 0
   userreal3                      = 0
   userreal4                      = 0
   applied-forces:
     electric-field:
       x:
         E0                       = 0
         omega                    = 0
         t0                       = 0
         sigma                    = 0
       y:
         E0                       = 0
         omega                    = 0
         t0                       = 0
         sigma                    = 0
       z:
         E0                       = 0
         omega                    = 0
         t0                       = 0
         sigma                    = 0
     density-guided-simulation:
       active                     = false
       group                      = protein
       similarity-measure         = inner-product
       atom-spreading-weight      = unity
       force-constant             = 1e+09
       gaussian-transform-spreading-width = 0.2
       gaussian-transform-spreading-range-in-multiples-of-width = 4
       reference-density-filename = reference.mrc
       nst                        = 1
       normalize-densities        = true
       adaptive-force-scaling     = false
       adaptive-force-scaling-time-constant = 4
       shift-vector               = 
       transformation-matrix      = 
grpopts:
   nrdf:         381
   ref-t:         298
   tau-t:         0.1
annealing:          No
annealing-npoints:           0
   acc:	           0           0           0
   nfreeze:           N           N           N
   energygrp-flags[  0]: 0

Changing nstlist from 10 to 50, rlist from 0.9 to 0.979

Using 1 MPI thread
Using 8 OpenMP threads 

Pinning threads with an auto-selected logical core stride of 1
System total charge: 0.000
Will do PME sum in reciprocal space for electrostatic interactions.

++++ PLEASE READ AND CITE THE FOLLOWING REFERENCE ++++
U. Essmann, L. Perera, M. L. Berkowitz, T. Darden, H. Lee and L. G. Pedersen 
A smooth particle mesh Ewald method
J. Chem. Phys. 103 (1995) pp. 8577-8592
-------- -------- --- Thank You --- -------- --------

Using a Gaussian width (1/beta) of 0.288146 nm for Ewald
Potential shift: LJ r^-12: -3.541e+00 r^-6: -1.882e+00, Ewald -1.111e-05
Initialized non-bonded Ewald tables, spacing: 8.85e-04 size: 1018

Long Range LJ corr.: <C6> 1.9135e-04


Using SIMD 4x8 nonbonded short-range kernels

Using a dual 4x8 pair-list setup updated with dynamic pruning:
  outer list: updated every 50 steps, buffer 0.079 nm, rlist 0.979 nm
  inner list: updated every 12 steps, buffer 0.001 nm, rlist 0.901 nm
At tolerance 0.001 kJ/mol/ps per atom, equivalent classical 1x1 list would be:
  outer list: updated every 50 steps, buffer 0.152 nm, rlist 1.052 nm
  inner list: updated every 12 steps, buffer 0.021 nm, rlist 0.921 nm

Using geometric Lennard-Jones combination rule
Removing pbc first time

Initializing LINear Constraint Solver

++++ PLEASE READ AND CITE THE FOLLOWING REFERENCE ++++
B. Hess
P-LINCS: A Parallel Linear Constraint Solver for molecular simulation
J. Chem. Theory Comput. 4 (2008) pp. 116-122
-------- -------- --- Thank You --- -------- --------

The number of constraints is 192
192 constraints are involved in constraint triangles,
will apply an additional matrix expansion of order 4 for couplings
between constraints inside triangles

++++ PLEASE READ AND CITE THE FOLLOWING REFERENCE ++++
H. J. C. Berendsen, J. P. M. Postma, A. DiNola and J. R. Haak
Molecular dynamics with coupling to an external bath
J. Chem. Phys. 81 (1984) pp. 3684-3690
-------- -------- --- Thank You --- -------- --------

There are: 192 Atoms
There are: 64 VSites

Constraining the starting coordinates (step 0)

Constraining the coordinates at t0-dt (step 0)
Center of mass motion removal mode is Linear
We have the following groups for center of mass motion removal:
  0:  rest
RMS relative constraint deviation after constraining: 9.76e-05
Initial temperature: 309.132 K

Started mdrun on rank 0 Thu Mar 11 11:10:17 2021

           Step           Time
              0        0.00000

   Energies (kJ/mol)
        LJ (SR)  Disper. corr.   Coulomb (SR)   Coul. recip.      Potential
    6.19745e+02   -8.96080e+00   -1.29727e+05    1.05449e+02   -1.29011e+05
    Kinetic En.   Total Energy  Conserved En.    Temperature Pres. DC (bar)
    4.90004e+02   -1.28521e+05   -1.28521e+05    3.09364e+02   -1.86954e+01
 Pressure (bar)   Constr. rmsd
   -9.39894e+02    8.87825e-04

           Step           Time
          10000       10.00000

   Energies (kJ/mol)
        LJ (SR)  Disper. corr.   Coulomb (SR)   Coul. recip.      Potential
    5.18078e+02   -8.98587e+00   -1.29662e+05    5.92756e+01   -1.29093e+05
    Kinetic En.   Total Energy  Conserved En.    Temperature Pres. DC (bar)
    4.78329e+02   -1.28615e+05   -1.28628e+05    3.01994e+02   -1.87996e+01
 Pressure (bar)   Constr. rmsd
   -1.29089e+02    9.01609e-04

           Step           Time
          20000       20.00000

   Energies (kJ/mol)
        LJ (SR)  Disper. corr.   Coulomb (SR)   Coul. recip.      Potential
    4.69284e+02   -9.00347e+00   -1.29562e+05    7.52352e+01   -1.29027e+05
    Kinetic En.   Total Energy  Conserved En.    Temperature Pres. DC (bar)
    4.97159e+02   -1.28529e+05   -1.28630e+05    3.13882e+02   -1.88729e+01
 Pressure (bar)   Constr. rmsd
   -2.96002e+02    9.04159e-04

           Step           Time
          30000       30.00000

   Energies (kJ/mol)
        LJ (SR)  Disper. corr.   Coulomb (SR)   Coul. recip.      Potential
    5.61289e+02   -9.01916e+00   -1.29692e+05    6.86542e+01   -1.29071e+05
    Kinetic En.   Total Energy  Conserved En.    Temperature Pres. DC (bar)
    4.72326e+02   -1.28599e+05   -1.28632e+05    2.98204e+02   -1.89384e+01
 Pressure (bar)   Constr. rmsd
    1.48807e+02    9.00311e-04

           Step           Time
          40000       40.00000

   Energies (kJ/mol)
        LJ (SR)  Disper. corr.   Coulomb (SR)   Coul. recip.      Potential
    5.95681e+02   -9.03527e+00   -1.29715e+05    6.12309e+01   -1.29067e+05
    Kinetic En.   Total Energy  Conserved En.    Temperature Pres. DC (bar)
    4.42165e+02   -1.28625e+05   -1.28633e+05    2.79161e+02   -1.90058e+01
 Pressure (bar)   Constr. rmsd
    3.49462e+02    8.98044e-04

           Step           Time
          50000       50.00000

   Energies (kJ/mol)
        LJ (SR)  Disper. corr.   Coulomb (SR)   Coul. recip.      Potential
    6.01456e+02   -9.05228e+00   -1.29766e+05    8.57273e+01   -1.29087e+05
    Kinetic En.   Total Energy  Conserved En.    Temperature Pres. DC (bar)
    4.71399e+02   -1.28616e+05   -1.28635e+05    2.97618e+02   -1.90771e+01
 Pressure (bar)   Constr. rmsd
    4.62431e+02    9.00525e-04

           Step           Time
          60000       60.00000

   Energies (kJ/mol)
        LJ (SR)  Disper. corr.   Coulomb (SR)   Coul. recip.      Potential
    5.11682e+02   -9.06549e+00   -1.29562e+05    7.24951e+01   -1.28987e+05
    Kinetic En.   Total Energy  Conserved En.    Temperature Pres. DC (bar)
    4.38849e+02   -1.28548e+05   -1.28638e+05    2.77068e+02   -1.91325e+01
 Pressure (bar)   Constr. rmsd
    7.90538e+01    9.01507e-04

           Step           Time
          70000       70.00000

   Energies (kJ/mol)
        LJ (SR)  Disper. corr.   Coulomb (SR)   Coul. recip.      Potential
    4.13359e+02   -9.07918e+00   -1.29445e+05    6.39120e+01   -1.28977e+05
    Kinetic En.   Total Energy  Conserved En.    Temperature Pres. DC (bar)
    4.33290e+02   -1.28544e+05   -1.28640e+05    2.73558e+02   -1.91900e+01
 Pressure (bar)   Constr. rmsd
   -5.69662e+02    9.05153e-04

           Step           Time
          80000       80.00000

   Energies (kJ/mol)
        LJ (SR)  Disper. corr.   Coulomb (SR)   Coul. recip.      Potential
    5.87622e+02   -9.09545e+00   -1.29663e+05    7.37408e+01   -1.29011e+05
    Kinetic En.   Total Energy  Conserved En.    Temperature Pres. DC (bar)
    4.90221e+02   -1.28521e+05   -1.28642e+05    3.09501e+02   -1.92585e+01
 Pressure (bar)   Constr. rmsd
    5.29027e+02    9.03728e-04

           Step           Time
          90000       90.00000

   Energies (kJ/mol)
        LJ (SR)  Disper. corr.   Coulomb (SR)   Coul. recip.      Potential
    4.64022e+02   -9.11593e+00   -1.29606e+05    7.52611e+01   -1.29076e+05
    Kinetic En.   Total Energy  Conserved En.    Temperature Pres. DC (bar)
    5.04481e+02   -1.28572e+05   -1.28643e+05    3.18505e+02   -1.93449e+01
 Pressure (bar)   Constr. rmsd
   -4.23092e+02    9.04778e-04

           Step           Time
         100000      100.00000

   Energies (kJ/mol)
        LJ (SR)  Disper. corr.   Coulomb (SR)   Coul. recip.      Potential
    4.87558e+02   -9.13499e+00   -1.29608e+05    6.92725e+01   -1.29061e+05
    Kinetic En.   Total Energy  Conserved En.    Temperature Pres. DC (bar)
    4.78852e+02   -1.28582e+05   -1.28644e+05    3.02324e+02   -1.94255e+01
 Pressure (bar)   Constr. rmsd
   -2.26474e+02    9.01277e-04

           Step           Time
         110000      110.00000

   Energies (kJ/mol)
        LJ (SR)  Disper. corr.   Coulomb (SR)   Coul. recip.      Potential
    4.73612e+02   -9.15435e+00   -1.29558e+05    6.72453e+01   -1.29026e+05
    Kinetic En.   Total Energy  Conserved En.    Temperature Pres. DC (bar)
    4.59184e+02   -1.28567e+05   -1.28646e+05    2.89906e+02   -1.95075e+01
 Pressure (bar)   Constr. rmsd
   -3.21042e+02    9.03427e-04

           Step           Time
         120000      120.00000

   Energies (kJ/mol)
        LJ (SR)  Disper. corr.   Coulomb (SR)   Coul. recip.      Potential
    4.63278e+02   -9.16991e+00   -1.29638e+05    5.99668e+01   -1.29124e+05
    Kinetic En.   Total Energy  Conserved En.    Temperature Pres. DC (bar)
    5.10711e+02   -1.28613e+05   -1.28648e+05    3.22438e+02   -1.95735e+01
 Pressure (bar)   Constr. rmsd
   -5.64356e+02    9.01117e-04

           Step           Time
         130000      130.00000

   Energies (kJ/mol)
        LJ (SR)  Disper. corr.   Coulomb (SR)   Coul. recip.      Potential
    5.54088e+02   -9.18722e+00   -1.29771e+05    6.32909e+01   -1.29163e+05
    Kinetic En.   Total Energy  Conserved En.    Temperature Pres. DC (bar)
    5.24334e+02   -1.28638e+05   -1.28650e+05    3.31039e+02   -1.96471e+01
 Pressure (bar)   Constr. rmsd
    8.14565e-01    9.00356e-04

           Step           Time
         140000      140.00000

   Energies (kJ/mol)
        LJ (SR)  Disper. corr.   Coulomb (SR)   Coul. recip.      Potential
    5.47078e+02   -9.20902e+00   -1.29625e+05    7.92841e+01   -1.29008e+05
    Kinetic En.   Total Energy  Conserved En.    Temperature Pres. DC (bar)
    4.80109e+02   -1.28527e+05   -1.28652e+05    3.03117e+02   -1.97400e+01
 Pressure (bar)   Constr. rmsd
    3.41559e+02    9.04448e-04

           Step           Time
         150000      150.00000

   Energies (kJ/mol)
        LJ (SR)  Disper. corr.   Coulomb (SR)   Coul. recip.      Potential
    5.78688e+02   -9.22774e+00   -1.29756e+05    6.79330e+01   -1.29118e+05
    Kinetic En.   Total Energy  Conserved En.    Temperature Pres. DC (bar)
    4.98338e+02   -1.28620e+05   -1.28654e+05    3.14626e+02   -1.98199e+01
 Pressure (bar)   Constr. rmsd
    3.25761e+02    8.99435e-04

           Step           Time
         160000      160.00000

   Energies (kJ/mol)
        LJ (SR)  Disper. corr.   Coulomb (SR)   Coul. recip.      Potential
    4.71436e+02   -9.24157e+00   -1.29569e+05    6.23119e+01   -1.29044e+05
    Kinetic En.   Total Energy  Conserved En.    Temperature Pres. DC (bar)
    4.91112e+02   -1.28553e+05   -1.28656e+05    3.10064e+02   -1.98791e+01
 Pressure (bar)   Constr. rmsd
   -2.21787e+02    9.01979e-04

           Step           Time
         170000      170.00000

   Energies (kJ/mol)
        LJ (SR)  Disper. corr.   Coulomb (SR)   Coul. recip.      Potential
    5.42629e+02   -9.25605e+00   -1.29606e+05    6.37193e+01   -1.29009e+05
    Kinetic En.   Total Energy  Conserved En.    Temperature Pres. DC (bar)
    4.58311e+02   -1.28550e+05   -1.28657e+05    2.89355e+02   -1.99411e+01
 Pressure (bar)   Constr. rmsd
    1.06584e+02    9.00024e-04

           Step           Time
         180000      180.00000

   Energies (kJ/mol)
        LJ (SR)  Disper. corr.   Coulomb (SR)   Coul. recip.      Potential
    3.99964e+02   -9.26895e+00   -1.29480e+05    6.66069e+01   -1.29023e+05
    Kinetic En.   Total Energy  Conserved En.    Temperature Pres. DC (bar)
    4.16507e+02   -1.28606e+05   -1.28660e+05    2.62962e+02   -1.99965e+01
 Pressure (bar)   Constr. rmsd
   -7.74609e+02    9.03205e-04

           Step           Time
         190000      190.00000

   Energies (kJ/mol)
        LJ (SR)  Disper. corr.   Coulomb (SR)   Coul. recip.      Potential
    4.39621e+02   -9.27921e+00   -1.29550e+05    7.07251e+01   -1.29049e+05
    Kinetic En.   Total Energy  Conserved En.    Temperature Pres. DC (bar)
    4.87410e+02   -1.28562e+05   -1.28662e+05    3.07726e+02   -2.00406e+01
 Pressure (bar)   Constr. rmsd
   -3.77333e+02    9.02412e-04

           Step           Time
         200000      200.00000

   Energies (kJ/mol)
        LJ (SR)  Disper. corr.   Coulomb (SR)   Coul. recip.      Potential
    5.10485e+02   -9.28292e+00   -1.29649e+05    8.14362e+01   -1.29067e+05
    Kinetic En.   Total Energy  Conserved En.    Temperature Pres. DC (bar)
    4.94233e+02   -1.28572e+05   -1.28663e+05    3.12034e+02   -2.00565e+01
 Pressure (bar)   Constr. rmsd
   -2.29922e+02    9.01487e-04

           Step           Time
         210000      210.00000

   Energies (kJ/mol)
        LJ (SR)  Disper. corr.   Coulomb (SR)   Coul. recip.      Potential
    4.86558e+02   -9.29192e+00   -1.29608e+05    7.20438e+01   -1.29058e+05
    Kinetic En.   Total Energy  Conserved En.    Temperature Pres. DC (bar)
    4.49343e+02   -1.28609e+05   -1.28665e+05    2.83693e+02   -2.00952e+01
 Pressure (bar)   Constr. rmsd
   -3.13377e+02    9.02912e-04

           Step           Time
         220000      220.00000

   Energies (kJ/mol)
        LJ (SR)  Disper. corr.   Coulomb (SR)   Coul. recip.      Potential
    5.04783e+02   -9.30375e+00   -1.29574e+05    7.05830e+01   -1.29008e+05
    Kinetic En.   Total Energy  Conserved En.    Temperature Pres. DC (bar)
    4.66572e+02   -1.28541e+05   -1.28666e+05    2.94571e+02   -2.01462e+01
 Pressure (bar)   Constr. rmsd
   -1.19664e+01    9.00928e-04

           Step           Time
         230000      230.00000

   Energies (kJ/mol)
        LJ (SR)  Disper. corr.   Coulomb (SR)   Coul. recip.      Potential
    4.87145e+02   -9.30942e+00   -1.29546e+05    5.70804e+01   -1.29012e+05
    Kinetic En.   Total Energy  Conserved En.    Temperature Pres. DC (bar)
    4.38597e+02   -1.28573e+05   -1.28668e+05    2.76909e+02   -2.01706e+01
 Pressure (bar)   Constr. rmsd
   -3.27283e+01    9.03432e-04

           Step           Time
         240000      240.00000

   Energies (kJ/mol)
        LJ (SR)  Disper. corr.   Coulomb (SR)   Coul. recip.      Potential
    4.49302e+02   -9.32239e+00   -1.29512e+05    7.36036e+01   -1.28998e+05
    Kinetic En.   Total Energy  Conserved En.    Temperature Pres. DC (bar)
    4.43880e+02   -1.28554e+05   -1.28669e+05    2.80244e+02   -2.02266e+01
 Pressure (bar)   Constr. rmsd
   -3.20813e+02    9.02418e-04

           Step           Time
         250000      250.00000

   Energies (kJ/mol)
        LJ (SR)  Disper. corr.   Coulomb (SR)   Coul. recip.      Potential
    4.51819e+02   -9.34075e+00   -1.29575e+05    6.76728e+01   -1.29065e+05
    Kinetic En.   Total Energy  Conserved En.    Temperature Pres. DC (bar)
    4.89468e+02   -1.28575e+05   -1.28671e+05    3.09026e+02   -2.03059e+01
 Pressure (bar)   Constr. rmsd
   -4.97658e+02    9.01964e-04

           Step           Time
         260000      260.00000

   Energies (kJ/mol)
        LJ (SR)  Disper. corr.   Coulomb (SR)   Coul. recip.      Potential
    5.01805e+02   -9.35428e+00   -1.29613e+05    7.49314e+01   -1.29046e+05
    Kinetic En.   Total Energy  Conserved En.    Temperature Pres. DC (bar)
    4.90165e+02   -1.28556e+05   -1.28673e+05    3.09466e+02   -2.03645e+01
 Pressure (bar)   Constr. rmsd
   -4.31137e+01    9.03134e-04

           Step           Time
         270000      270.00000

   Energies (kJ/mol)
        LJ (SR)  Disper. corr.   Coulomb (SR)   Coul. recip.      Potential
    4.51559e+02   -9.37030e+00   -1.29588e+05    7.65058e+01   -1.29069e+05
    Kinetic En.   Total Energy  Conserved En.    Temperature Pres. DC (bar)
    4.77448e+02   -1.28592e+05   -1.28675e+05    3.01437e+02   -2.04340e+01
 Pressure (bar)   Constr. rmsd
   -3.96741e+02    9.06160e-04

           Step           Time
         280000      280.00000

   Energies (kJ/mol)
        LJ (SR)  Disper. corr.   Coulomb (SR)   Coul. recip.      Potential
    4.30583e+02   -9.38070e+00   -1.29561e+05    8.23462e+01   -1.29057e+05
    Kinetic En.   Total Energy  Conserved En.    Temperature Pres. DC (bar)
    4.43903e+02   -1.28613e+05   -1.28677e+05    2.80258e+02   -2.04791e+01
 Pressure (bar)   Constr. rmsd
   -8.06227e+02    9.01513e-04

           Step           Time
         290000      290.00000

   Energies (kJ/mol)
        LJ (SR)  Disper. corr.   Coulomb (SR)   Coul. recip.      Potential
    5.93100e+02   -9.39166e+00   -1.29743e+05    6.16283e+01   -1.29097e+05
    Kinetic En.   Total Energy  Conserved En.    Temperature Pres. DC (bar)
    5.06693e+02   -1.28591e+05   -1.28678e+05    3.19901e+02   -2.05268e+01
 Pressure (bar)   Constr. rmsd
    5.26180e+02    8.98211e-04

           Step           Time
         300000      300.00000

   Energies (kJ/mol)
        LJ (SR)  Disper. corr.   Coulomb (SR)   Coul. recip.      Potential
    5.17740e+02   -9.40274e+00   -1.29714e+05    6.42567e+01   -1.29141e+05
    Kinetic En.   Total Energy  Conserved En.    Temperature Pres. DC (bar)
    5.29631e+02   -1.28612e+05   -1.28681e+05    3.34383e+02   -2.05750e+01
 Pressure (bar)   Constr. rmsd
   -2.81532e+02    9.00664e-04

           Step           Time
         310000      310.00000

   Energies (kJ/mol)
        LJ (SR)  Disper. corr.   Coulomb (SR)   Coul. recip.      Potential
    5.47691e+02   -9.41079e+00   -1.29692e+05    7.26446e+01   -1.29081e+05
    Kinetic En.   Total Energy  Conserved En.    Temperature Pres. DC (bar)
    4.53152e+02   -1.28628e+05   -1.28683e+05    2.86098e+02   -2.06101e+01
 Pressure (bar)   Constr. rmsd
    1.88050e+02    8.98858e-04

           Step           Time
         320000      320.00000

   Energies (kJ/mol)
        LJ (SR)  Disper. corr.   Coulomb (SR)   Coul. recip.      Potential
    5.35394e+02   -9.41579e+00   -1.29638e+05    5.89774e+01   -1.29053e+05
    Kinetic En.   Total Energy  Conserved En.    Temperature Pres. DC (bar)
    4.42680e+02   -1.28611e+05   -1.28685e+05    2.79487e+02   -2.06319e+01
 Pressure (bar)   Constr. rmsd
    2.30327e+01    8.96866e-04

           Step           Time
         330000      330.00000

   Energies (kJ/mol)
        LJ (SR)  Disper. corr.   Coulomb (SR)   Coul. recip.      Potential
    5.61654e+02   -9.42119e+00   -1.29709e+05    5.92378e+01   -1.29098e+05
    Kinetic En.   Total Energy  Conserved En.    Temperature Pres. DC (bar)
    5.07603e+02   -1.28590e+05   -1.28687e+05    3.20476e+02   -2.06555e+01
 Pressure (bar)   Constr. rmsd
    2.39092e+02    8.98096e-04

           Step           Time
         340000      340.00000

   Energies (kJ/mol)
        LJ (SR)  Disper. corr.   Coulomb (SR)   Coul. recip.      Potential
    4.78471e+02   -9.42520e+00   -1.29616e+05    6.68789e+01   -1.29080e+05
    Kinetic En.   Total Energy  Conserved En.    Temperature Pres. DC (bar)
    4.87215e+02   -1.28592e+05   -1.28689e+05    3.07604e+02   -2.06729e+01
 Pressure (bar)   Constr. rmsd
   -3.54151e+02    9.03810e-04

           Step           Time
         350000      350.00000

   Energies (kJ/mol)
        LJ (SR)  Disper. corr.   Coulomb (SR)   Coul. recip.      Potential
    4.37969e+02   -9.43091e+00   -1.29608e+05    6.22659e+01   -1.29117e+05
    Kinetic En.   Total Energy  Conserved En.    Temperature Pres. DC (bar)
    4.85082e+02   -1.28632e+05   -1.28690e+05    3.06257e+02   -2.06979e+01
 Pressure (bar)   Constr. rmsd
   -8.96151e+02    9.02887e-04

           Step           Time
         360000      360.00000

   Energies (kJ/mol)
        LJ (SR)  Disper. corr.   Coulomb (SR)   Coul. recip.      Potential
    5.58505e+02   -9.43642e+00   -1.29721e+05    6.20510e+01   -1.29110e+05
    Kinetic En.   Total Energy  Conserved En.    Temperature Pres. DC (bar)
    4.65180e+02   -1.28645e+05   -1.28691e+05    2.93692e+02   -2.07219e+01
 Pressure (bar)   Constr. rmsd
    4.36657e+01    8.98352e-04

           Step           Time
         370000      370.00000

   Energies (kJ/mol)
        LJ (SR)  Disper. corr.   Coulomb (SR)   Coul. recip.      Potential
    5.02269e+02   -9.44337e+00   -1.29662e+05    6.54988e+01   -1.29104e+05
    Kinetic En.   Total Energy  Conserved En.    Temperature Pres. DC (bar)
    4.80163e+02   -1.28624e+05   -1.28694e+05    3.03151e+02   -2.07524e+01
 Pressure (bar)   Constr. rmsd
   -1.74283e+02    9.00048e-04

           Step           Time
         380000      380.00000

   Energies (kJ/mol)
        LJ (SR)  Disper. corr.   Coulomb (SR)   Coul. recip.      Potential
    4.76586e+02   -9.45314e+00   -1.29582e+05    7.91868e+01   -1.29035e+05
    Kinetic En.   Total Energy  Conserved En.    Temperature Pres. DC (bar)
    4.58978e+02   -1.28576e+05   -1.28696e+05    2.89776e+02   -2.07951e+01
 Pressure (bar)   Constr. rmsd
   -3.14022e+02    9.02936e-04

           Step           Time
         390000      390.00000

   Energies (kJ/mol)
        LJ (SR)  Disper. corr.   Coulomb (SR)   Coul. recip.      Potential
    5.58459e+02   -9.46196e+00   -1.29679e+05    6.63105e+01   -1.29064e+05
    Kinetic En.   Total Energy  Conserved En.    Temperature Pres. DC (bar)
    4.59115e+02   -1.28605e+05   -1.28697e+05    2.89863e+02   -2.08338e+01
 Pressure (bar)   Constr. rmsd
    2.79370e+02    8.99998e-04

           Step           Time
         400000      400.00000

   Energies (kJ/mol)
        LJ (SR)  Disper. corr.   Coulomb (SR)   Coul. recip.      Potential
    5.54384e+02   -9.46780e+00   -1.29748e+05    6.89223e+01   -1.29134e+05
    Kinetic En.   Total Energy  Conserved En.    Temperature Pres. DC (bar)
    4.43611e+02   -1.28691e+05   -1.28698e+05    2.80074e+02   -2.08593e+01
 Pressure (bar)   Constr. rmsd
    8.46741e+01    8.96953e-04

           Step           Time
         410000      410.00000

   Energies (kJ/mol)
        LJ (SR)  Disper. corr.   Coulomb (SR)   Coul. recip.      Potential
    4.78806e+02   -9.47785e+00   -1.29688e+05    6.03482e+01   -1.29158e+05
    Kinetic En.   Total Energy  Conserved En.    Temperature Pres. DC (bar)
    4.89888e+02   -1.28669e+05   -1.28701e+05    3.09291e+02   -2.09034e+01
 Pressure (bar)   Constr. rmsd
   -5.51572e+02    9.00675e-04

           Step           Time
         420000      420.00000

   Energies (kJ/mol)
        LJ (SR)  Disper. corr.   Coulomb (SR)   Coul. recip.      Potential
    5.51722e+02   -9.49166e+00   -1.29901e+05    6.78894e+01   -1.29290e+05
    Kinetic En.   Total Energy  Conserved En.    Temperature Pres. DC (bar)
    5.17622e+02   -1.28773e+05   -1.28702e+05    3.26801e+02   -2.09641e+01
 Pressure (bar)   Constr. rmsd
   -4.41047e+02    8.93052e-04

           Step           Time
         430000      430.00000

   Energies (kJ/mol)
        LJ (SR)  Disper. corr.   Coulomb (SR)   Coul. recip.      Potential
    5.19084e+02   -9.50401e+00   -1.29728e+05    7.23604e+01   -1.29146e+05
    Kinetic En.   Total Energy  Conserved En.    Temperature Pres. DC (bar)
    4.68008e+02   -1.28678e+05   -1.28704e+05    2.95477e+02   -2.10184e+01
 Pressure (bar)   Constr. rmsd
   -2.80008e+02    8.98203e-04

           Step           Time
         440000      440.00000

   Energies (kJ/mol)
        LJ (SR)  Disper. corr.   Coulomb (SR)   Coul. recip.      Potential
    4.91268e+02   -9.51238e+00   -1.29726e+05    7.30234e+01   -1.29171e+05
    Kinetic En.   Total Energy  Conserved En.    Temperature Pres. DC (bar)
    4.93008e+02   -1.28678e+05   -1.28706e+05    3.11261e+02   -2.10553e+01
 Pressure (bar)   Constr. rmsd
   -4.43925e+02    8.98578e-04

           Step           Time
         450000      450.00000

   Energies (kJ/mol)
        LJ (SR)  Disper. corr.   Coulomb (SR)   Coul. recip.      Potential
    5.55377e+02   -9.52332e+00   -1.29817e+05    6.57524e+01   -1.29205e+05
    Kinetic En.   Total Energy  Conserved En.    Temperature Pres. DC (bar)
    4.64632e+02   -1.28740e+05   -1.28706e+05    2.93346e+02   -2.11035e+01
 Pressure (bar)   Constr. rmsd
   -1.90237e+02    8.96678e-04

           Step           Time
         460000      460.00000

   Energies (kJ/mol)
        LJ (SR)  Disper. corr.   Coulomb (SR)   Coul. recip.      Potential
    4.96693e+02   -9.53426e+00   -1.29776e+05    6.57433e+01   -1.29223e+05
    Kinetic En.   Total Energy  Conserved En.    Temperature Pres. DC (bar)
    4.64003e+02   -1.28759e+05   -1.28708e+05    2.92949e+02   -2.11518e+01
 Pressure (bar)   Constr. rmsd
   -4.58146e+02    8.95627e-04

           Step           Time
         470000      470.00000

   Energies (kJ/mol)
        LJ (SR)  Disper. corr.   Coulomb (SR)   Coul. recip.      Potential
    4.94765e+02   -9.55119e+00   -1.29748e+05    6.67367e+01   -1.29196e+05
    Kinetic En.   Total Energy  Conserved En.    Temperature Pres. DC (bar)
    4.55219e+02   -1.28740e+05   -1.28709e+05    2.87403e+02   -2.12266e+01
 Pressure (bar)   Constr. rmsd
   -5.04858e+02    8.96298e-04

           Step           Time
         480000      480.00000

   Energies (kJ/mol)
        LJ (SR)  Disper. corr.   Coulomb (SR)   Coul. recip.      Potential
    6.52206e+02   -9.56258e+00   -1.29974e+05    7.32454e+01   -1.29258e+05
    Kinetic En.   Total Energy  Conserved En.    Temperature Pres. DC (bar)
    4.95980e+02   -1.28762e+05   -1.28710e+05    3.13138e+02   -2.12770e+01
 Pressure (bar)   Constr. rmsd
    4.22899e+02    8.92267e-04

           Step           Time
         490000      490.00000

   Energies (kJ/mol)
        LJ (SR)  Disper. corr.   Coulomb (SR)   Coul. recip.      Potential
    5.63461e+02   -9.57689e+00   -1.29863e+05    6.23930e+01   -1.29247e+05
    Kinetic En.   Total Energy  Conserved En.    Temperature Pres. DC (bar)
    4.71193e+02   -1.28775e+05   -1.28711e+05    2.97488e+02   -2.13404e+01
 Pressure (bar)   Constr. rmsd
   -7.82928e+00    8.90619e-04

           Step           Time
         500000      500.00000

   Energies (kJ/mol)
        LJ (SR)  Disper. corr.   Coulomb (SR)   Coul. recip.      Potential
    4.91271e+02   -9.58453e+00   -1.29763e+05    6.44774e+01   -1.29217e+05
    Kinetic En.   Total Energy  Conserved En.    Temperature Pres. DC (bar)
    4.73761e+02   -1.28743e+05   -1.28713e+05    2.99109e+02   -2.13743e+01
 Pressure (bar)   Constr. rmsd
   -6.44929e+02    8.93989e-04

           Step           Time
         510000      510.00000

   Energies (kJ/mol)
        LJ (SR)  Disper. corr.   Coulomb (SR)   Coul. recip.      Potential
    4.29446e+02   -9.59663e+00   -1.29453e+05    6.92859e+01   -1.28963e+05
    Kinetic En.   Total Energy  Conserved En.    Temperature Pres. DC (bar)
    4.24918e+02   -1.28538e+05   -1.28716e+05    2.68272e+02   -2.14281e+01
 Pressure (bar)   Constr. rmsd
   -5.73346e+02    9.01912e-04

           Step           Time
         520000      520.00000

   Energies (kJ/mol)
        LJ (SR)  Disper. corr.   Coulomb (SR)   Coul. recip.      Potential
    4.39545e+02   -9.60847e+00   -1.29507e+05    7.55958e+01   -1.29001e+05
    Kinetic En.   Total Energy  Conserved En.    Temperature Pres. DC (bar)
    4.53593e+02   -1.28547e+05   -1.28718e+05    2.86376e+02   -2.14807e+01
 Pressure (bar)   Constr. rmsd
   -2.57288e+02    9.04587e-04

           Step           Time
         530000      530.00000

   Energies (kJ/mol)
        LJ (SR)  Disper. corr.   Coulomb (SR)   Coul. recip.      Potential
    4.70389e+02   -9.62786e+00   -1.29618e+05    5.43054e+01   -1.29103e+05
    Kinetic En.   Total Energy  Conserved En.    Temperature Pres. DC (bar)
    5.21312e+02   -1.28582e+05   -1.28719e+05    3.29131e+02   -2.15671e+01
 Pressure (bar)   Constr. rmsd
   -4.56505e+02    9.03879e-04

           Step           Time
         540000      540.00000

   Energies (kJ/mol)
        LJ (SR)  Disper. corr.   Coulomb (SR)   Coul. recip.      Potential
    5.65861e+02   -9.63663e+00   -1.29720e+05    6.88286e+01   -1.29095e+05
    Kinetic En.   Total Energy  Conserved En.    Temperature Pres. DC (bar)
    4.58833e+02   -1.28636e+05   -1.28721e+05    2.89685e+02   -2.16062e+01
 Pressure (bar)   Constr. rmsd
    4.97278e+02    9.01397e-04

           Step           Time
         550000      550.00000

   Energies (kJ/mol)
        LJ (SR)  Disper. corr.   Coulomb (SR)   Coul. recip.      Potential
    4.95114e+02   -9.64416e+00   -1.29648e+05    6.76400e+01   -1.29095e+05
    Kinetic En.   Total Energy  Conserved En.    Temperature Pres. DC (bar)
    5.07927e+02   -1.28587e+05   -1.28723e+05    3.20680e+02   -2.16398e+01
 Pressure (bar)   Constr. rmsd
   -9.14821e+01    9.00815e-04

           Step           Time
         560000      560.00000

   Energies (kJ/mol)
        LJ (SR)  Disper. corr.   Coulomb (SR)   Coul. recip.      Potential
    5.58351e+02   -9.65195e+00   -1.29789e+05    6.82420e+01   -1.29173e+05
    Kinetic En.   Total Energy  Conserved En.    Temperature Pres. DC (bar)
    5.40254e+02   -1.28632e+05   -1.28725e+05    3.41090e+02   -2.16746e+01
 Pressure (bar)   Constr. rmsd
    5.58219e+01    8.98928e-04

           Step           Time
         570000      570.00000

   Energies (kJ/mol)
        LJ (SR)  Disper. corr.   Coulomb (SR)   Coul. recip.      Potential
    4.21742e+02   -9.66311e+00   -1.29525e+05    6.11490e+01   -1.29052e+05
    Kinetic En.   Total Energy  Conserved En.    Temperature Pres. DC (bar)
    4.50074e+02   -1.28602e+05   -1.28728e+05    2.84155e+02   -2.17246e+01
 Pressure (bar)   Constr. rmsd
   -7.10825e+02    9.00259e-04

           Step           Time
         580000      580.00000

   Energies (kJ/mol)
        LJ (SR)  Disper. corr.   Coulomb (SR)   Coul. recip.      Potential
    4.16214e+02   -9.67809e+00   -1.29565e+05    8.24644e+01   -1.29076e+05
    Kinetic En.   Total Energy  Conserved En.    Temperature Pres. DC (bar)
    4.87298e+02   -1.28588e+05   -1.28729e+05    3.07656e+02   -2.17916e+01
 Pressure (bar)   Constr. rmsd
   -9.20950e+02    9.01809e-04

           Step           Time
         590000      590.00000

   Energies (kJ/mol)
        LJ (SR)  Disper. corr.   Coulomb (SR)   Coul. recip.      Potential
    4.78550e+02   -9.68786e+00   -1.29604e+05    7.86836e+01   -1.29057e+05
    Kinetic En.   Total Energy  Conserved En.    Temperature Pres. DC (bar)
    4.50422e+02   -1.28606e+05   -1.28731e+05    2.84374e+02   -2.18354e+01
 Pressure (bar)   Constr. rmsd
   -4.53132e+02    9.01008e-04

           Step           Time
         600000      600.00000

   Energies (kJ/mol)
        LJ (SR)  Disper. corr.   Coulomb (SR)   Coul. recip.      Potential
    5.31524e+02   -9.70016e+00   -1.29594e+05    7.65572e+01   -1.28995e+05
    Kinetic En.   Total Energy  Conserved En.    Temperature Pres. DC (bar)
    4.48222e+02   -1.28547e+05   -1.28733e+05    2.82985e+02   -2.18907e+01
 Pressure (bar)   Constr. rmsd
    2.83792e+02    9.00957e-04

           Step           Time
         610000      610.00000

   Energies (kJ/mol)
        LJ (SR)  Disper. corr.   Coulomb (SR)   Coul. recip.      Potential
    5.21369e+02   -9.72108e+00   -1.29530e+05    6.40083e+01   -1.28955e+05
    Kinetic En.   Total Energy  Conserved En.    Temperature Pres. DC (bar)
    4.62668e+02   -1.28492e+05   -1.28735e+05    2.92106e+02   -2.19848e+01
 Pressure (bar)   Constr. rmsd
    9.07997e+01    9.04296e-04

           Step           Time
         620000      620.00000

   Energies (kJ/mol)
        LJ (SR)  Disper. corr.   Coulomb (SR)   Coul. recip.      Potential
    5.48449e+02   -9.74514e+00   -1.29585e+05    6.39454e+01   -1.28983e+05
    Kinetic En.   Total Energy  Conserved En.    Temperature Pres. DC (bar)
    4.26797e+02   -1.28556e+05   -1.28736e+05    2.69459e+02   -2.20932e+01
 Pressure (bar)   Constr. rmsd
    3.20631e+02    9.01369e-04

           Step           Time
         630000      630.00000

   Energies (kJ/mol)
        LJ (SR)  Disper. corr.   Coulomb (SR)   Coul. recip.      Potential
    4.74298e+02   -9.77013e+00   -1.29641e+05    6.40824e+01   -1.29112e+05
    Kinetic En.   Total Energy  Conserved En.    Temperature Pres. DC (bar)
    4.62789e+02   -1.28649e+05   -1.28738e+05    2.92182e+02   -2.22061e+01
 Pressure (bar)   Constr. rmsd
   -5.15708e+02    8.99137e-04

           Step           Time
         640000      640.00000

   Energies (kJ/mol)
        LJ (SR)  Disper. corr.   Coulomb (SR)   Coul. recip.      Potential
    4.73663e+02   -9.78768e+00   -1.29603e+05    5.79992e+01   -1.29081e+05
    Kinetic En.   Total Energy  Conserved En.    Temperature Pres. DC (bar)
    4.58594e+02   -1.28622e+05   -1.28740e+05    2.89534e+02   -2.22856e+01
 Pressure (bar)   Constr. rmsd
   -6.80739e+02    8.99871e-04

           Step           Time
         650000      650.00000

   Energies (kJ/mol)
        LJ (SR)  Disper. corr.   Coulomb (SR)   Coul. recip.      Potential
    5.37920e+02   -9.81269e+00   -1.29732e+05    5.53578e+01   -1.29149e+05
    Kinetic En.   Total Energy  Conserved En.    Temperature Pres. DC (bar)
    4.96289e+02   -1.28652e+05   -1.28743e+05    3.13333e+02   -2.23991e+01
 Pressure (bar)   Constr. rmsd
    2.07056e+01    8.99369e-04

           Step           Time
         660000      660.00000

   Energies (kJ/mol)
        LJ (SR)  Disper. corr.   Coulomb (SR)   Coul. recip.      Potential
    5.41120e+02   -9.83354e+00   -1.29629e+05    6.67395e+01   -1.29031e+05
    Kinetic En.   Total Energy  Conserved En.    Temperature Pres. DC (bar)
    4.83114e+02   -1.28548e+05   -1.28745e+05    3.05014e+02   -2.24939e+01
 Pressure (bar)   Constr. rmsd
    1.28537e+02    9.01695e-04

           Step           Time
         670000      670.00000

   Energies (kJ/mol)
        LJ (SR)  Disper. corr.   Coulomb (SR)   Coul. recip.      Potential
    4.40580e+02   -9.85971e+00   -1.29566e+05    6.53265e+01   -1.29070e+05
    Kinetic En.   Total Energy  Conserved En.    Temperature Pres. DC (bar)
    4.82877e+02   -1.28587e+05   -1.28747e+05    3.04865e+02   -2.26133e+01
 Pressure (bar)   Constr. rmsd
   -5.58281e+02    9.05975e-04

           Step           Time
         680000      680.00000

   Energies (kJ/mol)
        LJ (SR)  Disper. corr.   Coulomb (SR)   Coul. recip.      Potential
    4.72909e+02   -9.88286e+00   -1.29624e+05    5.63662e+01   -1.29104e+05
    Kinetic En.   Total Energy  Conserved En.    Temperature Pres. DC (bar)
    4.42150e+02   -1.28662e+05   -1.28748e+05    2.79152e+02   -2.27191e+01
 Pressure (bar)   Constr. rmsd
   -3.90789e+02    8.98237e-04

           Step           Time
         690000      690.00000

   Energies (kJ/mol)
        LJ (SR)  Disper. corr.   Coulomb (SR)   Coul. recip.      Potential
    4.47434e+02   -9.90615e+00   -1.29481e+05    6.73116e+01   -1.28977e+05
    Kinetic En.   Total Energy  Conserved En.    Temperature Pres. DC (bar)
    4.64108e+02   -1.28513e+05   -1.28751e+05    2.93015e+02   -2.28258e+01
 Pressure (bar)   Constr. rmsd
   -4.28290e+02    9.05189e-04

           Step           Time
         700000      700.00000

   Energies (kJ/mol)
        LJ (SR)  Disper. corr.   Coulomb (SR)   Coul. recip.      Potential
    4.25067e+02   -9.92628e+00   -1.29463e+05    5.99818e+01   -1.28988e+05
    Kinetic En.   Total Energy  Conserved En.    Temperature Pres. DC (bar)
    4.63265e+02   -1.28525e+05   -1.28752e+05    2.92483e+02   -2.29182e+01
 Pressure (bar)   Constr. rmsd
   -6.23987e+02    9.03337e-04

           Step           Time
         710000      710.00000

   Energies (kJ/mol)
        LJ (SR)  Disper. corr.   Coulomb (SR)   Coul. recip.      Potential
    5.36710e+02   -9.95603e+00   -1.29653e+05    6.38223e+01   -1.29063e+05
    Kinetic En.   Total Energy  Conserved En.    Temperature Pres. DC (bar)
    5.04716e+02   -1.28558e+05   -1.28753e+05    3.18653e+02   -2.30552e+01
 Pressure (bar)   Constr. rmsd
    1.33505e+02    9.02154e-04

           Step           Time
         720000      720.00000

   Energies (kJ/mol)
        LJ (SR)  Disper. corr.   Coulomb (SR)   Coul. recip.      Potential
    5.20900e+02   -9.98435e+00   -1.29649e+05    6.08778e+01   -1.29077e+05
    Kinetic En.   Total Energy  Conserved En.    Temperature Pres. DC (bar)
    4.50415e+02   -1.28626e+05   -1.28755e+05    2.84370e+02   -2.31859e+01
 Pressure (bar)   Constr. rmsd
   -2.82207e+02    8.97407e-04

           Step           Time
         730000      730.00000

   Energies (kJ/mol)
        LJ (SR)  Disper. corr.   Coulomb (SR)   Coul. recip.      Potential
    4.90748e+02   -1.00032e+01   -1.29572e+05    6.65051e+01   -1.29024e+05
    Kinetic En.   Total Energy  Conserved En.    Temperature Pres. DC (bar)
    4.74931e+02   -1.28550e+05   -1.28757e+05    2.99848e+02   -2.32730e+01
 Pressure (bar)   Constr. rmsd
   -2.31252e+02    9.02085e-04

           Step           Time
         740000      740.00000

   Energies (kJ/mol)
        LJ (SR)  Disper. corr.   Coulomb (SR)   Coul. recip.      Potential
    4.21361e+02   -1.00252e+01   -1.29457e+05    6.99862e+01   -1.28976e+05
    Kinetic En.   Total Energy  Conserved En.    Temperature Pres. DC (bar)
    4.74720e+02   -1.28501e+05   -1.28760e+05    2.99715e+02   -2.33750e+01
 Pressure (bar)   Constr. rmsd
   -6.07084e+02    9.06937e-04

           Step           Time
         750000      750.00000

   Energies (kJ/mol)
        LJ (SR)  Disper. corr.   Coulomb (SR)   Coul. recip.      Potential
    4.75621e+02   -1.00381e+01   -1.29632e+05    5.71791e+01   -1.29109e+05
    Kinetic En.   Total Energy  Conserved En.    Temperature Pres. DC (bar)
    4.84708e+02   -1.28624e+05   -1.28760e+05    3.06021e+02   -2.34353e+01
 Pressure (bar)   Constr. rmsd
   -3.01522e+02    9.01030e-04

           Step           Time
         760000      760.00000

   Energies (kJ/mol)
        LJ (SR)  Disper. corr.   Coulomb (SR)   Coul. recip.      Potential
    4.83141e+02   -1.00587e+01   -1.29648e+05    6.27310e+01   -1.29112e+05
    Kinetic En.   Total Energy  Conserved En.    Temperature Pres. DC (bar)
    4.81997e+02   -1.28630e+05   -1.28762e+05    3.04310e+02   -2.35309e+01
 Pressure (bar)   Constr. rmsd
   -4.40396e+02    9.02857e-04

           Step           Time
         770000      770.00000

   Energies (kJ/mol)
        LJ (SR)  Disper. corr.   Coulomb (SR)   Coul. recip.      Potential
    5.17109e+02   -1.00810e+01   -1.29625e+05    7.25768e+01   -1.29045e+05
    Kinetic En.   Total Energy  Conserved En.    Temperature Pres. DC (bar)
    4.89629e+02   -1.28555e+05   -1.28764e+05    3.09128e+02   -2.36348e+01
 Pressure (bar)   Constr. rmsd
    3.74513e+01    9.04194e-04

           Step           Time
         780000      780.00000

   Energies (kJ/mol)
        LJ (SR)  Disper. corr.   Coulomb (SR)   Coul. recip.      Potential
    5.57632e+02   -1.01020e+01   -1.29694e+05    6.30536e+01   -1.29084e+05
    Kinetic En.   Total Energy  Conserved En.    Temperature Pres. DC (bar)
    4.78693e+02   -1.28605e+05   -1.28765e+05    3.02223e+02   -2.37330e+01
 Pressure (bar)   Constr. rmsd
    5.56285e+01    9.01557e-04

           Step           Time
         790000      790.00000

   Energies (kJ/mol)
        LJ (SR)  Disper. corr.   Coulomb (SR)   Coul. recip.      Potential
    4.63828e+02   -1.01271e+01   -1.29572e+05    6.63198e+01   -1.29052e+05
    Kinetic En.   Total Energy  Conserved En.    Temperature Pres. DC (bar)
    4.95343e+02   -1.28556e+05   -1.28767e+05    3.12735e+02   -2.38504e+01
 Pressure (bar)   Constr. rmsd
   -5.05034e+02    9.04058e-04

           Step           Time
         800000      800.00000

   Energies (kJ/mol)
        LJ (SR)  Disper. corr.   Coulomb (SR)   Coul. recip.      Potential
    5.81069e+02   -1.01485e+01   -1.29712e+05    5.23586e+01   -1.29089e+05
    Kinetic En.   Total Energy  Conserved En.    Temperature Pres. DC (bar)
    4.41532e+02   -1.28648e+05   -1.28768e+05    2.78762e+02   -2.39509e+01
 Pressure (bar)   Constr. rmsd
    6.27924e+02    8.97510e-04

           Step           Time
         810000      810.00000

   Energies (kJ/mol)
        LJ (SR)  Disper. corr.   Coulomb (SR)   Coul. recip.      Potential
    4.36035e+02   -1.01698e+01   -1.29522e+05    8.27860e+01   -1.29013e+05
    Kinetic En.   Total Energy  Conserved En.    Temperature Pres. DC (bar)
    4.47560e+02   -1.28566e+05   -1.28771e+05    2.82567e+02   -2.40511e+01
 Pressure (bar)   Constr. rmsd
   -4.88173e+02    9.03696e-04

           Step           Time
         820000      820.00000

   Energies (kJ/mol)
        LJ (SR)  Disper. corr.   Coulomb (SR)   Coul. recip.      Potential
    5.51862e+02   -1.01887e+01   -1.29677e+05    6.44001e+01   -1.29071e+05
    Kinetic En.   Total Energy  Conserved En.    Temperature Pres. DC (bar)
    4.69777e+02   -1.28602e+05   -1.28772e+05    2.96594e+02   -2.41402e+01
 Pressure (bar)   Constr. rmsd
    4.53728e+01    9.02610e-04

           Step           Time
         830000      830.00000

   Energies (kJ/mol)
        LJ (SR)  Disper. corr.   Coulomb (SR)   Coul. recip.      Potential
    5.05491e+02   -1.02092e+01   -1.29634e+05    7.43635e+01   -1.29064e+05
    Kinetic En.   Total Energy  Conserved En.    Temperature Pres. DC (bar)
    4.38796e+02   -1.28626e+05   -1.28774e+05    2.77035e+02   -2.42372e+01
 Pressure (bar)   Constr. rmsd
   -2.17490e+02    8.98435e-04

           Step           Time
         840000      840.00000

   Energies (kJ/mol)
        LJ (SR)  Disper. corr.   Coulomb (SR)   Coul. recip.      Potential
    4.48983e+02   -1.02297e+01   -1.29535e+05    6.53811e+01   -1.29030e+05
    Kinetic En.   Total Energy  Conserved En.    Temperature Pres. DC (bar)
    4.24627e+02   -1.28606e+05   -1.28776e+05    2.68089e+02   -2.43342e+01
 Pressure (bar)   Constr. rmsd
   -5.02448e+02    9.04310e-04

           Step           Time
         850000      850.00000

   Energies (kJ/mol)
        LJ (SR)  Disper. corr.   Coulomb (SR)   Coul. recip.      Potential
    4.89479e+02   -1.02547e+01   -1.29635e+05    6.58490e+01   -1.29090e+05
    Kinetic En.   Total Energy  Conserved En.    Temperature Pres. DC (bar)
    5.13961e+02   -1.28576e+05   -1.28778e+05    3.24490e+02   -2.44526e+01
 Pressure (bar)   Constr. rmsd
   -1.13012e+02    9.02983e-04

           Step           Time
         860000      860.00000

   Energies (kJ/mol)
        LJ (SR)  Disper. corr.   Coulomb (SR)   Coul. recip.      Potential
    5.23434e+02   -1.02792e+01   -1.29698e+05    6.10201e+01   -1.29124e+05
    Kinetic En.   Total Energy  Conserved En.    Temperature Pres. DC (bar)
    4.92683e+02   -1.28631e+05   -1.28779e+05    3.11056e+02   -2.45690e+01
 Pressure (bar)   Constr. rmsd
   -2.98716e+02    9.03058e-04

           Step           Time
         870000      870.00000

   Energies (kJ/mol)
        LJ (SR)  Disper. corr.   Coulomb (SR)   Coul. recip.      Potential
    5.43446e+02   -1.03006e+01   -1.29641e+05    6.53924e+01   -1.29042e+05
    Kinetic En.   Total Energy  Conserved En.    Temperature Pres. DC (bar)
    4.31966e+02   -1.28610e+05   -1.28781e+05    2.72722e+02   -2.46710e+01
 Pressure (bar)   Constr. rmsd
    8.48854e+01    9.00205e-04

           Step           Time
         880000      880.00000

   Energies (kJ/mol)
        LJ (SR)  Disper. corr.   Coulomb (SR)   Coul. recip.      Potential
    4.34584e+02   -1.03197e+01   -1.29554e+05    6.99414e+01   -1.29060e+05
    Kinetic En.   Total Energy  Conserved En.    Temperature Pres. DC (bar)
    4.55987e+02   -1.28604e+05   -1.28784e+05    2.87888e+02   -2.47623e+01
 Pressure (bar)   Constr. rmsd
   -9.80917e+02    9.00710e-04

           Step           Time
         890000      890.00000

   Energies (kJ/mol)
        LJ (SR)  Disper. corr.   Coulomb (SR)   Coul. recip.      Potential
    5.79172e+02   -1.03456e+01   -1.29732e+05    6.77065e+01   -1.29096e+05
    Kinetic En.   Total Energy  Conserved En.    Temperature Pres. DC (bar)
    5.02433e+02   -1.28593e+05   -1.28786e+05    3.17212e+02   -2.48860e+01
 Pressure (bar)   Constr. rmsd
    3.10111e+02    9.00931e-04

           Step           Time
         900000      900.00000

   Energies (kJ/mol)
        LJ (SR)  Disper. corr.   Coulomb (SR)   Coul. recip.      Potential
    5.60448e+02   -1.03708e+01   -1.29690e+05    5.69751e+01   -1.29083e+05
    Kinetic En.   Total Energy  Conserved En.    Temperature Pres. DC (bar)
    4.57857e+02   -1.28625e+05   -1.28787e+05    2.89069e+02   -2.50068e+01
 Pressure (bar)   Constr. rmsd
    3.08577e+01    8.98961e-04

           Step           Time
         910000      910.00000

   Energies (kJ/mol)
        LJ (SR)  Disper. corr.   Coulomb (SR)   Coul. recip.      Potential
    4.72620e+02   -1.03962e+01   -1.29603e+05    7.08325e+01   -1.29070e+05
    Kinetic En.   Total Energy  Conserved En.    Temperature Pres. DC (bar)
    4.58666e+02   -1.28611e+05   -1.28789e+05    2.89579e+02   -2.51292e+01
 Pressure (bar)   Constr. rmsd
   -2.62037e+02    9.03616e-04

           Step           Time
         920000      920.00000

   Energies (kJ/mol)
        LJ (SR)  Disper. corr.   Coulomb (SR)   Coul. recip.      Potential
    5.53804e+02   -1.04229e+01   -1.29727e+05    5.64341e+01   -1.29127e+05
    Kinetic En.   Total Energy  Conserved En.    Temperature Pres. DC (bar)
    5.00531e+02   -1.28627e+05   -1.28791e+05    3.16011e+02   -2.52575e+01
 Pressure (bar)   Constr. rmsd
    1.17178e+01    8.99884e-04

           Step           Time
         930000      930.00000

   Energies (kJ/mol)
        LJ (SR)  Disper. corr.   Coulomb (SR)   Coul. recip.      Potential
    4.82760e+02   -1.04455e+01   -1.29631e+05    7.17288e+01   -1.29087e+05
    Kinetic En.   Total Energy  Conserved En.    Temperature Pres. DC (bar)
    4.63072e+02   -1.28624e+05   -1.28793e+05    2.92361e+02   -2.53668e+01
 Pressure (bar)   Constr. rmsd
   -5.10376e+02    8.99472e-04

           Step           Time
         940000      940.00000

   Energies (kJ/mol)
        LJ (SR)  Disper. corr.   Coulomb (SR)   Coul. recip.      Potential
    4.90832e+02   -1.04735e+01   -1.29668e+05    5.94820e+01   -1.29128e+05
    Kinetic En.   Total Energy  Conserved En.    Temperature Pres. DC (bar)
    5.21411e+02   -1.28606e+05   -1.28795e+05    3.29193e+02   -2.55023e+01
 Pressure (bar)   Constr. rmsd
   -3.83919e+02    9.03325e-04

           Step           Time
         950000      950.00000

   Energies (kJ/mol)
        LJ (SR)  Disper. corr.   Coulomb (SR)   Coul. recip.      Potential
    5.59051e+02   -1.04942e+01   -1.29737e+05    6.22825e+01   -1.29126e+05
    Kinetic En.   Total Energy  Conserved En.    Temperature Pres. DC (bar)
    5.02361e+02   -1.28624e+05   -1.28796e+05    3.17166e+02   -2.56029e+01
 Pressure (bar)   Constr. rmsd
    3.73105e+02    8.98687e-04

           Step           Time
         960000      960.00000

   Energies (kJ/mol)
        LJ (SR)  Disper. corr.   Coulomb (SR)   Coul. recip.      Potential
    5.27521e+02   -1.05226e+01   -1.29645e+05    7.13414e+01   -1.29057e+05
    Kinetic En.   Total Energy  Conserved En.    Temperature Pres. DC (bar)
    4.80740e+02   -1.28576e+05   -1.28798e+05    3.03516e+02   -2.57409e+01
 Pressure (bar)   Constr. rmsd
   -9.70593e+01    9.00201e-04

           Step           Time
         970000      970.00000

   Energies (kJ/mol)
        LJ (SR)  Disper. corr.   Coulomb (SR)   Coul. recip.      Potential
    4.56701e+02   -1.05597e+01   -1.29579e+05    5.80226e+01   -1.29075e+05
    Kinetic En.   Total Energy  Conserved En.    Temperature Pres. DC (bar)
    4.64757e+02   -1.28610e+05   -1.28800e+05    2.93424e+02   -2.59222e+01
 Pressure (bar)   Constr. rmsd
   -6.53962e+02    8.99931e-04

           Step           Time
         980000      980.00000

   Energies (kJ/mol)
        LJ (SR)  Disper. corr.   Coulomb (SR)   Coul. recip.      Potential
    5.35969e+02   -1.05839e+01   -1.29704e+05    8.67886e+01   -1.29092e+05
    Kinetic En.   Total Energy  Conserved En.    Temperature Pres. DC (bar)
    4.53404e+02   -1.28639e+05   -1.28801e+05    2.86257e+02   -2.60407e+01
 Pressure (bar)   Constr. rmsd
   -3.73754e+01    9.00554e-04

           Step           Time
         990000      990.00000

   Energies (kJ/mol)
        LJ (SR)  Disper. corr.   Coulomb (SR)   Coul. recip.      Potential
    5.24579e+02   -1.06068e+01   -1.29619e+05    5.48295e+01   -1.29050e+05
    Kinetic En.   Total Energy  Conserved En.    Temperature Pres. DC (bar)
    4.33447e+02   -1.28616e+05   -1.28803e+05    2.73657e+02   -2.61528e+01
 Pressure (bar)   Constr. rmsd
    8.18136e+01    9.01144e-04

           Step           Time
        1000000     1000.00000

Writing checkpoint, step 1000000 at Thu Mar 11 11:11:54 2021


   Energies (kJ/mol)
        LJ (SR)  Disper. corr.   Coulomb (SR)   Coul. recip.      Potential
    5.01089e+02   -1.06349e+01   -1.29711e+05    6.25346e+01   -1.29158e+05
    Kinetic En.   Total Energy  Conserved En.    Temperature Pres. DC (bar)
    5.07112e+02   -1.28651e+05   -1.28804e+05    3.20166e+02   -2.62909e+01
 Pressure (bar)   Constr. rmsd
   -2.85757e+02    8.98726e-04


Energy conservation over simulation part #1 of length 1000 ns, time 0 to 1000 ns
  Conserved energy drift: -1.11e-03 kJ/mol/ps per atom


	<======  ###############  ==>
	<====  A V E R A G E S  ====>
	<==  ###############  ======>

	Statistics over 1000001 steps using 10001 frames

   Energies (kJ/mol)
        LJ (SR)  Disper. corr.   Coulomb (SR)   Coul. recip.      Potential
    5.07693e+02   -9.68249e+00   -1.29643e+05    6.68990e+01   -1.29078e+05
    Kinetic En.   Total Energy  Conserved En.    Temperature Pres. DC (bar)
    4.71938e+02   -1.28606e+05   -1.28716e+05    2.97959e+02   -2.18572e+01
 Pressure (bar)   Constr. rmsd
   -1.52188e+02    0.00000e+00

          Box-X          Box-Y          Box-Z
    1.95017e+00    1.95017e+00    1.95017e+00

   Total Virial (kJ/mol)
    1.57129e+02    1.21732e-01   -1.25762e-01
    1.21556e-01    2.21594e+02    1.26575e+00
   -1.25758e-01    1.26584e+00    1.94094e+02

   Pressure (bar)
    2.30495e+01    4.46849e-02    1.76578e+00
    4.54722e-02   -3.15138e+02   -6.17865e+00
    1.76574e+00   -6.17903e+00   -1.64474e+02


	M E G A - F L O P S   A C C O U N T I N G

 NB=Group-cutoff nonbonded kernels    NxN=N-by-N cluster Verlet kernels
 RF=Reaction-Field  VdW=Van der Waals  QSTab=quadratic-spline table
 W3=SPC/TIP3p  W4=TIP4p (single or pairs)
 V&F=Potential and force  V=Potential only  F=Force only

 Computing:                               M-Number         M-Flops  % Flops
-----------------------------------------------------------------------------
 Pair Search distance check             550.866680        4957.800     0.1
 NxN Ewald Elec. + LJ [F]             24669.871328     1628211.508    41.8
 NxN Ewald Elec. + LJ [V&F]             249.230384       26667.651     0.7
 NxN LJ [F]                             316.183936       10434.070     0.3
 NxN LJ [V&F]                             3.265664         140.424     0.0
 NxN Ewald Elec. [F]                  24531.437248     1496417.672    38.4
 NxN Ewald Elec. [V&F]                  247.874064       20821.421     0.5
 Calc Weights                           768.000768       27648.028     0.7
 Spread Q Bspline                     16384.016384       32768.033     0.8
 Gather F Bspline                     16384.016384       98304.098     2.5
 3D-FFT                               62684.062684      501472.501    12.9
 Solve PME                              196.000196       12544.013     0.3
 Shift-X                                  5.120256          30.722     0.0
 Virial                                  30.100301         541.805     0.0
 Stop-CM                                  2.560512          25.605     0.0
 P-Coupling                              25.600256         153.602     0.0
 Calc-Ekin                               51.200512        1382.414     0.0
 Lincs                                  192.000576       11520.035     0.3
 Lincs-Mat                             3840.011520       15360.046     0.4
 Constraint-V                           384.000768        3456.007     0.1
 Constraint-Vir                          19.200192         460.805     0.0
 Virtual Site 3                          70.400128        2604.805     0.1
-----------------------------------------------------------------------------
 Total                                                 3895923.063   100.0
-----------------------------------------------------------------------------


     R E A L   C Y C L E   A N D   T I M E   A C C O U N T I N G

On 1 MPI rank, each using 8 OpenMP threads

 Computing:          Num   Num      Call    Wall time         Giga-Cycles
                     Ranks Threads  Count      (s)         total sum    %
-----------------------------------------------------------------------------
 Vsite constr.          1    8    1000001       2.431         36.879   2.5
 Neighbor search        1    8      20001       1.469         22.284   1.5
 Force                  1    8    1000001      19.880        301.539  20.5
 PME mesh               1    8    1000001      37.604        570.381  38.7
 NB X/F buffer ops.     1    8    1980001       6.578         99.770   6.8
 Vsite spread           1    8    1100002       3.610         54.755   3.7
 Write traj.            1    8        101       0.036          0.539   0.0
 Update                 1    8    1000001       3.273         49.647   3.4
 Constraints            1    8    1000003      18.739        284.234  19.3
 Rest                                           3.541         53.706   3.6
-----------------------------------------------------------------------------
 Total                                         97.160       1473.735 100.0
-----------------------------------------------------------------------------
 Breakdown of PME mesh computation
-----------------------------------------------------------------------------
 PME spread             1    8    1000001      12.800        194.146  13.2
 PME gather             1    8    1000001      10.225        155.097  10.5
 PME 3D-FFT             1    8    2000002      11.706        177.558  12.0
 PME solve Elec         1    8    1000001       1.984         30.094   2.0
-----------------------------------------------------------------------------

               Core t (s)   Wall t (s)        (%)
       Time:      777.281       97.160      800.0
                 (ns/day)    (hour/ns)
Performance:      889.253        0.027
Finished mdrun on rank 0 Thu Mar 11 11:11:54 2021

