Log file opened on Wed Jun 16 10:37:52 2021
Host: node2-46  pid: 16154  rank ID: 0  number of ranks:  16
                   :-) GROMACS - gmx mdrun, VERSION 5.1.2 (-:

                            GROMACS is written by:
     Emile Apol      Rossen Apostolov  Herman J.C. Berendsen    Par Bjelkmar   
 Aldert van Buuren   Rudi van Drunen     Anton Feenstra   Sebastian Fritsch 
  Gerrit Groenhof   Christoph Junghans   Anca Hamuraru    Vincent Hindriksen
 Dimitrios Karkoulis    Peter Kasson        Jiri Kraus      Carsten Kutzner  
    Per Larsson      Justin A. Lemkul   Magnus Lundborg   Pieter Meulenhoff 
   Erik Marklund      Teemu Murtola       Szilard Pall       Sander Pronk   
   Roland Schulz     Alexey Shvetsov     Michael Shirts     Alfons Sijbers  
   Peter Tieleman    Teemu Virolainen  Christian Wennberg    Maarten Wolf   
                           and the project leaders:
        Mark Abraham, Berk Hess, Erik Lindahl, and David van der Spoel

Copyright (c) 1991-2000, University of Groningen, The Netherlands.
Copyright (c) 2001-2015, The GROMACS development team at
Uppsala University, Stockholm University and
the Royal Institute of Technology, Sweden.
check out http://www.gromacs.org for more information.

GROMACS is free software; you can redistribute it and/or modify it
under the terms of the GNU Lesser General Public License
as published by the Free Software Foundation; either version 2.1
of the License, or (at your option) any later version.

GROMACS:      gmx mdrun, VERSION 5.1.2
Executable:   /Softs/lumiere/gromacs/gcc/5.1.2/bin/gmx_mpi
Data prefix:  /Softs/lumiere/gromacs/gcc/5.1.2
Command line:
  gmx_mpi mdrun -s topol.tpr -g md.log -o traj.trr -c conf.gro

GROMACS version:    VERSION 5.1.2
Precision:          single
Memory model:       64 bit
MPI library:        MPI
OpenMP support:     enabled (GMX_OPENMP_MAX_THREADS = 32)
GPU support:        disabled
OpenCL support:     disabled
invsqrt routine:    gmx_software_invsqrt(x)
SIMD instructions:  SSE4.1
FFT library:        fftw-3.3.4-sse2
RDTSCP usage:       enabled
C++11 compilation:  enabled
TNG support:        enabled
Tracing support:    disabled
Built on:           Mon May 23 11:21:59 CEST 2016
Built by:           kmazouzi@mesoadmin [CMAKE]
Build OS/arch:      Linux 2.6.32-431.el6.x86_64 x86_64
Build CPU vendor:   GenuineIntel
Build CPU brand:    Intel(R) Xeon(R) CPU E5-2609 0 @ 2.40GHz
Build CPU family:   6   Model: 45   Stepping: 7
Build CPU features: aes apic avx clfsh cmov cx8 cx16 htt lahf_lm mmx msr nonstop_tsc pcid pclmuldq pdcm pdpe1gb popcnt pse rdtscp sse2 sse3 sse4.1 sse4.2 ssse3 tdt x2apic
C compiler:         /Softs/lumiere/mpi/openmpi/gcc/1.7.5/bin/mpicc GNU 4.9.0
C compiler flags:    -msse4.1    -Wundef -Wextra -Wno-missing-field-initializers -Wno-sign-compare -Wpointer-arith -Wall -Wno-unused -Wunused-value -Wunused-parameter  -O3 -DNDEBUG -funroll-all-loops -fexcess-precision=fast  -Wno-array-bounds 
C++ compiler:       /Softs/lumiere/mpi/openmpi/gcc/1.7.5/bin/mpicxx GNU 4.9.0
C++ compiler flags:  -msse4.1   -std=c++0x  -Wundef -Wextra -Wno-missing-field-initializers -Wpointer-arith -Wall -Wno-unused-function  -O3 -DNDEBUG -funroll-all-loops -fexcess-precision=fast  -Wno-array-bounds 
Boost version:      1.55.0 (internal)


Number of logical cores detected (16) does not match the number reported by OpenMP (1).
Consider setting the launch configuration manually!

Running on 1 node with total 16 cores, 16 logical cores
Hardware detected on host node2-46 (the node of MPI rank 0):
  CPU info:
    Vendor: GenuineIntel
    Brand:  Intel(R) Xeon(R) CPU E5-2640 v3 @ 2.60GHz
    Family:  6  model: 63  stepping:  2
    CPU features: aes apic avx avx2 clfsh cmov cx8 cx16 f16c fma htt lahf_lm mmx msr nonstop_tsc pcid pclmuldq pdcm pdpe1gb popcnt pse rdrnd rdtscp sse2 sse3 sse4.1 sse4.2 ssse3 tdt x2apic
    SIMD instructions most likely to fit this hardware: AVX2_256
    SIMD instructions selected at GROMACS compile time: SSE4.1


Binary not matching hardware - you might be losing performance.
SIMD instructions most likely to fit this hardware: AVX2_256
SIMD instructions selected at GROMACS compile time: SSE4.1


++++ PLEASE READ AND CITE THE FOLLOWING REFERENCE ++++
M. J. Abraham, T. Murtola, R. Schulz, S. Páll, J. C. Smith, B. Hess, E.
Lindahl
GROMACS: High performance molecular simulations through multi-level
parallelism from laptops to supercomputers
SoftwareX 1 (2015) pp. 19-25
-------- -------- --- Thank You --- -------- --------


++++ PLEASE READ AND CITE THE FOLLOWING REFERENCE ++++
S. Páll, M. J. Abraham, C. Kutzner, B. Hess, E. Lindahl
Tackling Exascale Software Challenges in Molecular Dynamics Simulations with
GROMACS
In S. Markidis & E. Laure (Eds.), Solving Software Challenges for Exascale 8759 (2015) pp. 3-27
-------- -------- --- Thank You --- -------- --------


++++ PLEASE READ AND CITE THE FOLLOWING REFERENCE ++++
S. Pronk, S. Páll, R. Schulz, P. Larsson, P. Bjelkmar, R. Apostolov, M. R.
Shirts, J. C. Smith, P. M. Kasson, D. van der Spoel, B. Hess, and E. Lindahl
GROMACS 4.5: a high-throughput and highly parallel open source molecular
simulation toolkit
Bioinformatics 29 (2013) pp. 845-54
-------- -------- --- Thank You --- -------- --------


++++ PLEASE READ AND CITE THE FOLLOWING REFERENCE ++++
B. Hess and C. Kutzner and D. van der Spoel and E. Lindahl
GROMACS 4: Algorithms for highly efficient, load-balanced, and scalable
molecular simulation
J. Chem. Theory Comput. 4 (2008) pp. 435-447
-------- -------- --- Thank You --- -------- --------


++++ PLEASE READ AND CITE THE FOLLOWING REFERENCE ++++
D. van der Spoel, E. Lindahl, B. Hess, G. Groenhof, A. E. Mark and H. J. C.
Berendsen
GROMACS: Fast, Flexible and Free
J. Comp. Chem. 26 (2005) pp. 1701-1719
-------- -------- --- Thank You --- -------- --------


++++ PLEASE READ AND CITE THE FOLLOWING REFERENCE ++++
E. Lindahl and B. Hess and D. van der Spoel
GROMACS 3.0: A package for molecular simulation and trajectory analysis
J. Mol. Mod. 7 (2001) pp. 306-317
-------- -------- --- Thank You --- -------- --------


++++ PLEASE READ AND CITE THE FOLLOWING REFERENCE ++++
H. J. C. Berendsen, D. van der Spoel and R. van Drunen
GROMACS: A message-passing parallel molecular dynamics implementation
Comp. Phys. Comm. 91 (1995) pp. 43-56
-------- -------- --- Thank You --- -------- --------

Changing nstlist from 10 to 25, rlist from 0.953 to 0.982

Input Parameters:
   integrator                     = md
   tinit                          = 0
   dt                             = 0.001
   nsteps                         = 20000
   init-step                      = 0
   simulation-part                = 1
   comm-mode                      = Linear
   nstcomm                        = 100
   bd-fric                        = 0
   ld-seed                        = 91839561
   emtol                          = 10
   emstep                         = 0.01
   niter                          = 20
   fcstep                         = 0
   nstcgsteep                     = 1000
   nbfgscorr                      = 10
   rtpi                           = 0.05
   nstxout                        = 10000
   nstvout                        = 0
   nstfout                        = 0
   nstlog                         = 10000
   nstcalcenergy                  = 100
   nstenergy                      = 10000
   nstxout-compressed             = 0
   compressed-x-precision         = 1000
   cutoff-scheme                  = Verlet
   nstlist                        = 25
   ns-type                        = Grid
   pbc                            = xyz
   periodic-molecules             = FALSE
   verlet-buffer-tolerance        = 0.001
   rlist                          = 0.982
   rlistlong                      = 0.982
   nstcalclr                      = 10
   coulombtype                    = PME
   coulomb-modifier               = Potential-shift
   rcoulomb-switch                = 0
   rcoulomb                       = 0.95
   epsilon-r                      = 1
   epsilon-rf                     = inf
   vdw-type                       = Cut-off
   vdw-modifier                   = Potential-shift
   rvdw-switch                    = 0
   rvdw                           = 0.95
   DispCorr                       = EnerPres
   table-extension                = 1
   fourierspacing                 = 0.15
   fourier-nx                     = 84
   fourier-ny                     = 16
   fourier-nz                     = 16
   pme-order                      = 4
   ewald-rtol                     = 1e-05
   ewald-rtol-lj                  = 0.001
   lj-pme-comb-rule               = Geometric
   ewald-geometry                 = 0
   epsilon-surface                = 0
   implicit-solvent               = No
   gb-algorithm                   = Still
   nstgbradii                     = 1
   rgbradii                       = 1
   gb-epsilon-solvent             = 80
   gb-saltconc                    = 0
   gb-obc-alpha                   = 1
   gb-obc-beta                    = 0.8
   gb-obc-gamma                   = 4.85
   gb-dielectric-offset           = 0.009
   sa-algorithm                   = Ace-approximation
   sa-surface-tension             = 2.05016
   tcoupl                         = Berendsen
   nsttcouple                     = 10
   nh-chain-length                = 0
   print-nose-hoover-chain-variables = FALSE
   pcoupl                         = Berendsen
   pcoupltype                     = Anisotropic
   nstpcouple                     = 10
   tau-p                          = 1
   compressibility (3x3):
      compressibility[    0]={ 1.00000e-06,  0.00000e+00,  0.00000e+00}
      compressibility[    1]={ 0.00000e+00,  1.00000e-06,  0.00000e+00}
      compressibility[    2]={ 0.00000e+00,  0.00000e+00,  1.00000e-06}
   ref-p (3x3):
      ref-p[    0]={ 1.00000e+02,  0.00000e+00,  0.00000e+00}
      ref-p[    1]={ 0.00000e+00,  1.00000e+02,  0.00000e+00}
      ref-p[    2]={ 0.00000e+00,  0.00000e+00,  1.00000e+02}
   refcoord-scaling               = No
   posres-com (3):
      posres-com[0]= 0.00000e+00
      posres-com[1]= 0.00000e+00
      posres-com[2]= 0.00000e+00
   posres-comB (3):
      posres-comB[0]= 0.00000e+00
      posres-comB[1]= 0.00000e+00
      posres-comB[2]= 0.00000e+00
   QMMM                           = FALSE
   QMconstraints                  = 0
   QMMMscheme                     = 0
   MMChargeScaleFactor            = 1
qm-opts:
   ngQM                           = 0
   constraint-algorithm           = Lincs
   continuation                   = FALSE
   Shake-SOR                      = FALSE
   shake-tol                      = 0.0001
   lincs-order                    = 4
   lincs-iter                     = 1
   lincs-warnangle                = 30
   nwall                          = 0
   wall-type                      = 9-3
   wall-r-linpot                  = -1
   wall-atomtype[0]               = -1
   wall-atomtype[1]               = -1
   wall-density[0]                = 0
   wall-density[1]                = 0
   wall-ewald-zfac                = 3
   pull                           = FALSE
   rotation                       = FALSE
   interactiveMD                  = FALSE
   disre                          = No
   disre-weighting                = Conservative
   disre-mixed                    = FALSE
   dr-fc                          = 1000
   dr-tau                         = 0
   nstdisreout                    = 100
   orire-fc                       = 0
   orire-tau                      = 0
   nstorireout                    = 100
   free-energy                    = no
   cos-acceleration               = 0
   deform (3x3):
      deform[    0]={ 0.00000e+00,  0.00000e+00,  0.00000e+00}
      deform[    1]={ 0.00000e+00,  0.00000e+00,  0.00000e+00}
      deform[    2]={ 0.00000e+00,  0.00000e+00,  0.00000e+00}
   simulated-tempering            = FALSE
   E-x:
      n = 0
   E-xt:
      n = 0
   E-y:
      n = 0
   E-yt:
      n = 0
   E-z:
      n = 0
   E-zt:
      n = 0
   swapcoords                     = no
   adress                         = FALSE
   userint1                       = 0
   userint2                       = 0
   userint3                       = 0
   userint4                       = 0
   userreal1                      = 0
   userreal2                      = 0
   userreal3                      = 0
   userreal4                      = 0
grpopts:
   nrdf:       13585
   ref-t:         260
   tau-t:         0.1
annealing:      Single
annealing-npoints:           6
annealing-time [0]:	         0.0         4.0         8.0        12.0        16.0        20.0
annealing-temp [0]:	       260.0       268.0       276.0       284.0       292.0       300.0
   acc:	           0           0           0
   nfreeze:           N           N           N
   energygrp-flags[  0]: 0


Initializing Domain Decomposition on 16 ranks
Dynamic load balancing: auto
Will sort the charge groups at every domain (re)decomposition
Initial maximum inter charge-group distances:
    two-body bonded interactions: 0.192 nm, Exclusion, atoms 6867 6869
  multi-body bonded interactions: 0.192 nm, Angle, atoms 6867 6869
Minimum cell size due to bonded interactions: 0.211 nm
Maximum distance for 5 constraints, at 120 deg. angles, all-trans: 0.218 nm
Estimated maximum distance required for P-LINCS: 0.218 nm
This distance will limit the DD cell size, you can override this with -rcon
Using 0 separate PME ranks, as there are too few total
 ranks for efficient splitting
Scaling the initial minimum size with 1/0.8 (option -dds) = 1.25
Optimizing the DD grid for 16 cells with a minimum initial size of 0.272 nm
The maximum allowed number of cells is: X 44 Y 8 Z 8
Domain decomposition grid 16 x 1 x 1, separate PME ranks 0
PME domain decomposition: 16 x 1 x 1
Domain decomposition rank 0, coordinates 0 0 0

Using 16 MPI processes
Using 1 OpenMP thread per MPI process

Will do PME sum in reciprocal space for electrostatic interactions.

++++ PLEASE READ AND CITE THE FOLLOWING REFERENCE ++++
U. Essmann, L. Perera, M. L. Berkowitz, T. Darden, H. Lee and L. G. Pedersen 
A smooth particle mesh Ewald method
J. Chem. Phys. 103 (1995) pp. 8577-8592
-------- -------- --- Thank You --- -------- --------

Will do ordinary reciprocal space Ewald sum.
Using a Gaussian width (1/beta) of 0.304154 nm for Ewald
Cut-off's:   NS: 0.982   Coulomb: 0.95   LJ: 0.95
Long Range LJ corr.: <C6> 2.0976e-04
System total charge: 0.000
Generated table with 991 data points for Ewald.
Tabscale = 500 points/nm
Generated table with 991 data points for LJ6.
Tabscale = 500 points/nm
Generated table with 991 data points for LJ12.
Tabscale = 500 points/nm
Potential shift: LJ r^-12: -1.851e+00 r^-6: -1.360e+00, Ewald -1.000e-05
Initialized non-bonded Ewald correction tables, spacing: 9.09e-04 size: 1046


Using SSE4.1 4x4 non-bonded kernels

Using full Lennard-Jones parameter combination matrix

Removing pbc first time

Non-default thread affinity set probably by the OpenMP library,
disabling internal thread affinity

Initializing Parallel LINear Constraint Solver

++++ PLEASE READ AND CITE THE FOLLOWING REFERENCE ++++
B. Hess
P-LINCS: A Parallel Linear Constraint Solver for molecular simulation
J. Chem. Theory Comput. 4 (2008) pp. 116-122
-------- -------- --- Thank You --- -------- --------

The number of constraints is 1328
There are inter charge-group constraints,
will communicate selected coordinates each lincs iteration

++++ PLEASE READ AND CITE THE FOLLOWING REFERENCE ++++
S. Miyamoto and P. A. Kollman
SETTLE: An Analytical Version of the SHAKE and RATTLE Algorithms for Rigid
Water Models
J. Comp. Chem. 13 (1992) pp. 952-962
-------- -------- --- Thank You --- -------- --------


Linking all bonded interactions to atoms
There are 1656 inter charge-group virtual sites,
will an extra communication step for selected coordinates and forces

The initial number of communication pulses is: X 2
The initial domain decomposition cell size is: X 0.75 nm

The maximum allowed distance for charge groups involved in interactions is:
                 non-bonded interactions           0.982 nm
(the following are initial values, they could change due to box deformation)
            two-body bonded interactions  (-rdd)   0.982 nm
          multi-body bonded interactions  (-rdd)   0.751 nm
              virtual site constructions  (-rcon)  0.751 nm
  atoms separated by up to 5 constraints  (-rcon)  0.751 nm

When dynamic load balancing gets turned on, these settings will change to:
The maximum number of communication pulses is: X 2
The minimum size for domain decomposition cells is 0.491 nm
The requested allowed shrink of DD cells (option -dds) is: 0.80
The allowed shrink of domain decomposition cells is: X 0.65
The maximum allowed distance for charge groups involved in interactions is:
                 non-bonded interactions           0.982 nm
            two-body bonded interactions  (-rdd)   0.982 nm
          multi-body bonded interactions  (-rdd)   0.491 nm
              virtual site constructions  (-rcon)  0.491 nm
  atoms separated by up to 5 constraints  (-rcon)  0.491 nm


Making 1D domain decomposition grid 16 x 1 x 1, home cell index 0 0 0

Center of mass motion removal mode is Linear
We have the following groups for center of mass motion removal:
  0:  rest

++++ PLEASE READ AND CITE THE FOLLOWING REFERENCE ++++
H. J. C. Berendsen, J. P. M. Postma, A. DiNola and J. R. Haak
Molecular dynamics with coupling to an external bath
J. Chem. Phys. 81 (1984) pp. 3684-3690
-------- -------- --- Thank You --- -------- --------

There are: 6628 Atoms
There are: 1656 VSites
Atom distribution over 16 domains: av 517 stddev 99 min 246 max 586

Constraining the starting coordinates (step 0)

Constraining the coordinates at t0-dt (step 0)
RMS relative constraint deviation after constraining: 1.04e-06
Initial temperature: 257.212 K

Started mdrun on rank 0 Wed Jun 16 10:37:52 2021
           Step           Time         Lambda
              0        0.00000        0.00000

Current ref_t for group System:    260.0
   Energies (kJ/mol)
          Angle        LJ (SR)  Disper. corr.   Coulomb (SR)   Coul. recip.
    2.13905e+03    1.71112e+04   -1.05846e+03   -1.10492e+05    3.41948e+02
      Potential    Kinetic En.   Total Energy    Temperature Pres. DC (bar)
   -9.19583e+04    1.46554e+04   -7.73029e+04    2.59499e+02   -2.65124e+02
 Pressure (bar)   Constr. rmsd
    4.27559e+02    2.54381e-06

DD  step 24 load imb.: force 19.8%

At step 25 the performance loss due to force load imbalance is 10.8 %

NOTE: Turning on dynamic load balancing

DD  step 9999  vol min/aver 0.818  load imb.: force  3.8%

           Step           Time         Lambda
          10000       10.00000        0.00000

Current ref_t for group System:    280.0
   Energies (kJ/mol)
          Angle        LJ (SR)  Disper. corr.   Coulomb (SR)   Coul. recip.
    2.29530e+03    1.69520e+04   -1.05567e+03   -1.08977e+05    3.73104e+02
      Potential    Kinetic En.   Total Energy    Temperature Pres. DC (bar)
   -9.04119e+04    1.54919e+04   -7.49200e+04    2.74310e+02   -2.63726e+02
 Pressure (bar)   Constr. rmsd
    6.92322e+02    2.63554e-06

DD  step 19999  vol min/aver 0.818  load imb.: force  2.3%

           Step           Time         Lambda
          20000       20.00000        0.00000

Writing checkpoint, step 20000 at Wed Jun 16 10:38:18 2021


Current ref_t for group System:    300.0
   Energies (kJ/mol)
          Angle        LJ (SR)  Disper. corr.   Coulomb (SR)   Coul. recip.
    2.41723e+03    1.58246e+04   -1.05113e+03   -1.06286e+05    4.24426e+02
      Potential    Kinetic En.   Total Energy    Temperature Pres. DC (bar)
   -8.86713e+04    1.66656e+04   -7.20057e+04    2.95092e+02   -2.61466e+02
 Pressure (bar)   Constr. rmsd
    4.73601e+02    2.56602e-06

	<======  ###############  ==>
	<====  A V E R A G E S  ====>
	<==  ###############  ======>

	Statistics over 20001 steps using 201 frames

Current ref_t for group System:    300.0
   Energies (kJ/mol)
          Angle        LJ (SR)  Disper. corr.   Coulomb (SR)   Coul. recip.
    2.25584e+03    1.65535e+04   -1.05524e+03   -1.08641e+05    3.69827e+02
      Potential    Kinetic En.   Total Energy    Temperature Pres. DC (bar)
   -9.05166e+04    1.57881e+04   -7.47285e+04    2.79554e+02   -2.63515e+02
 Pressure (bar)   Constr. rmsd
    4.44943e+02    0.00000e+00

          Box-X          Box-Y          Box-Z
    1.20301e+01    2.35364e+00    2.35112e+00

   Total Virial (kJ/mol)
    4.35735e+03   -9.45753e+01    8.99796e+01
   -9.41380e+01    4.38106e+03    2.70988e+02
    8.83414e+01    2.70644e+02    4.37307e+03

   Pressure (bar)
    4.48958e+02    4.30609e+01   -4.13056e+01
    4.28449e+01    4.34024e+02   -1.28295e+02
   -4.04907e+01   -1.28124e+02    4.51846e+02


	M E G A - F L O P S   A C C O U N T I N G

 NB=Group-cutoff nonbonded kernels    NxN=N-by-N cluster Verlet kernels
 RF=Reaction-Field  VdW=Van der Waals  QSTab=quadratic-spline table
 W3=SPC/TIP3p  W4=TIP4p (single or pairs)
 V&F=Potential and force  V=Potential only  F=Force only

 Computing:                               M-Number         M-Flops  % Flops
-----------------------------------------------------------------------------
 Pair Search distance check            2107.048210       18963.434     0.6
 NxN QSTab Elec. + LJ [F]             42092.893904     1725808.650    56.0
 NxN QSTab Elec. + LJ [V&F]             427.287816       25209.981     0.8
 NxN LJ [F]                             241.524048        7970.294     0.3
 NxN LJ [V&F]                             2.505200         107.724     0.0
 NxN QSTab Elec. [F]                  31156.438672     1059318.915    34.4
 NxN QSTab Elec. [V&F]                  316.358536       12970.700     0.4
 Calc Weights                           497.064852       17894.335     0.6
 Spread Q Bspline                     10604.050176       21208.100     0.7
 Gather F Bspline                     10604.050176       63624.301     2.1
 3D-FFT                               12380.298984       99042.392     3.2
 Solve PME                               26.881344        1720.406     0.1
 Reset In Box                             6.635484          19.906     0.0
 CG-CoM                                   6.643768          19.931     0.0
 Angles                                  39.841992        6693.455     0.2
 Virial                                  18.017004         324.306     0.0
 Stop-CM                                  1.673368          16.734     0.0
 P-Coupling                              16.568000          99.408     0.0
 Calc-Ekin                               66.288568        1789.791     0.1
 Lincs                                   32.498556        1949.913     0.1
 Lincs-Mat                              584.974008        2339.896     0.1
 Constraint-V                           176.891336        1415.131     0.0
 Constraint-Vir                          14.445343         346.688     0.0
 Settle                                  37.300990       12048.220     0.4
 Virtual Site 3                          36.435312        1348.107     0.0
-----------------------------------------------------------------------------
 Total                                                 3082250.717   100.0
-----------------------------------------------------------------------------


    D O M A I N   D E C O M P O S I T I O N   S T A T I S T I C S

 av. #atoms communicated per step for force:  2 x 11243.6
 av. #atoms communicated per step for vsites: 3 x 231.8
 av. #atoms communicated per step for LINCS:  2 x 997.1

 Average load imbalance: 3.5 %
 Part of the total run time spent waiting due to load imbalance: 2.3 %
 Steps where the load balancing was limited by -rdd, -rcon and/or -dds: X 0 %


     R E A L   C Y C L E   A N D   T I M E   A C C O U N T I N G

On 16 MPI ranks

 Computing:          Num   Num      Call    Wall time         Giga-Cycles
                     Ranks Threads  Count      (s)         total sum    %
-----------------------------------------------------------------------------
 Domain decomp.        16    1        801       0.248         10.314   0.9
 DD comm. load         16    1        800       0.005          0.194   0.0
 DD comm. bounds       16    1        800       0.024          1.007   0.1
 Vsite constr.         16    1      20001       0.225          9.356   0.9
 Neighbor search       16    1        801       0.957         39.793   3.6
 Comm. coord.          16    1      19200       0.290         12.056   1.1
 Force                 16    1      20001      18.117        753.692  68.9
 Wait + Comm. F        16    1      20001       0.273         11.336   1.0
 PME mesh              16    1      20001       4.478        186.305  17.0
 NB X/F buffer ops.    16    1      58401       0.173          7.198   0.7
 Vsite spread          16    1      22002       0.209          8.693   0.8
 Write traj.           16    1          3       0.002          0.087   0.0
 Update                16    1      20001       0.151          6.274   0.6
 Constraints           16    1      20001       0.835         34.732   3.2
 Comm. energies        16    1       4001       0.154          6.420   0.6
 Rest                                           0.139          5.767   0.5
-----------------------------------------------------------------------------
 Total                                         26.279       1093.223 100.0
-----------------------------------------------------------------------------
 Breakdown of PME mesh computation
-----------------------------------------------------------------------------
 PME redist. X/F       16    1      40002       1.494         62.166   5.7
 PME spread/gather     16    1      40002       1.641         68.256   6.2
 PME 3D-FFT            16    1      40002       0.393         16.353   1.5
 PME 3D-FFT Comm.      16    1      40002       0.831         34.569   3.2
 PME solve Elec        16    1      20001       0.102          4.244   0.4
-----------------------------------------------------------------------------

               Core t (s)   Wall t (s)        (%)
       Time:      420.395       26.279     1599.7
                 (ns/day)    (hour/ns)
Performance:       65.759        0.365
Finished mdrun on rank 0 Wed Jun 16 10:38:18 2021
