-------------------- FRAME    0 --------------------

Computing AOP ...
Done. Elapsed time: 13.874 s

Computing neighbours with low AOP and hydrogen bonds ...
1657CH4 - x =  3.7170 - Irregular cage
1658CH4 - x =  7.9010 - Large cage
1659CH4 - x =  2.7190 - Large cage
1660CH4 - x =  2.2660 - Interface cage
1661CH4 - x =  8.2510 - Irregular cage
1662CH4 - x =  4.3060 - Large cage
1663CH4 - x =  2.8870 - Irregular cage
1664CH4 - x = 12.0260 - Not in a cage
1665CH4 - x =  6.9720 - Irregular cage
1666CH4 - x =  8.2270 - Irregular cage
1667CH4 - x = 10.7820 - Not in a cage
1668CH4 - x =  3.4750 - Irregular cage
1669CH4 - x =  4.5710 - Irregular cage
1670CH4 - x =  2.4300 - Irregular cage
1674CH4 - x =  8.8710 - Small cage
1675CH4 - x =  2.9950 - Irregular cage
1676CH4 - x = 10.7621 - Not in a cage
1677CH4 - x =  9.4340 - Irregular cage
1679CH4 - x =  1.5250 - Irregular cage
1680CH4 - x =  4.1020 - Large cage
1681CH4 - x =  2.5020 - Irregular cage
1682CH4 - x =  4.3330 - Irregular cage
1683CH4 - x =  9.9170 - Irregular cage
1684CH4 - x =  2.8650 - Irregular cage
1685CH4 - x =  1.9090 - Irregular cage
1686CH4 - x = 10.3050 - Not in a cage
1687CH4 - x =  4.0349 - Large cage
1688CH4 - x =  2.5849 - Small cage
1690CH4 - x =  7.6280 - Large cage
1691CH4 - x =  8.1200 - Large cage
1692CH4 - x =  8.3140 - Irregular cage
1693CH4 - x =  7.6810 - Irregular cage
1694CH4 - x =  2.9090 - Irregular cage
1695CH4 - x =  3.4679 - Small cage
1696CH4 - x =  2.9530 - Irregular cage
1697CH4 - x =  0.4010 - Irregular cage
1698CH4 - x =  4.3680 - Irregular cage
1699CH4 - x =  4.0520 - Small cage
1701CH4 - x =  6.4470 - Irregular cage
1702CH4 - x =  4.0970 - Irregular cage
1703CH4 - x =  0.5080 - Not in a cage
1704CH4 - x =  4.0660 - Small cage
1705CH4 - x =  3.4610 - Irregular cage
1706CH4 - x =  9.3440 - Irregular cage
1708CH4 - x = 10.5350 - Irregular cage
1709CH4 - x =  2.0440 - Irregular cage
1710CH4 - x =  3.9870 - Irregular cage
1711CH4 - x =  4.0330 - Large cage
1712CH4 - x =  3.1599 - Large cage
1713CH4 - x =  3.4971 - Irregular cage
1714CH4 - x =  9.9200 - Interface cage
1716CH4 - x =  4.0740 - Irregular cage
1718CH4 - x =  3.1810 - Large cage
1719CH4 - x =  4.6680 - Irregular cage
1720CH4 - x =  1.9440 - Interface cage
1721CH4 - x =  3.1670 - Irregular cage
1722CH4 - x = 11.8830 - Not in a cage
1723CH4 - x =  3.1779 - Irregular cage
1724CH4 - x = 12.0169 - Irregular cage
1725CH4 - x =  3.4710 - Irregular cage
1727CH4 - x = 11.8510 - Not in a cage
1728CH4 - x =  2.1050 - Interface cage
1729CH4 - x = 11.7400 - Irregular cage
1730CH4 - x = 11.9360 - Not in a cage
1732CH4 - x =  4.0890 - Irregular cage
1733CH4 - x =  8.1670 - Large cage
1734CH4 - x =  2.7900 - Irregular cage
1735CH4 - x =  9.9369 - Interface cage
1736CH4 - x =  3.4450 - Large cage
1738CH4 - x = 11.8440 - Irregular cage
1739CH4 - x =  3.4840 - Irregular cage
1740CH4 - x =  6.7680 - Irregular cage
1741CH4 - x =  2.6259 - Irregular cage
1742CH4 - x =  0.7740 - Irregular cage
1743CH4 - x =  8.2190 - Irregular cage
1744CH4 - x =  3.4160 - Irregular cage
1746CH4 - x =  2.3300 - Interface cage
1747CH4 - x =  3.7810 - Large cage
1748CH4 - x =  7.3740 - Large cage
1750CH4 - x =  3.4590 - Irregular cage
1751CH4 - x = 10.5260 - Not in a cage
1752CH4 - x =  2.9020 - Irregular cage
1754CH4 - x =  8.8030 - Irregular cage
1755CH4 - x =  0.3160 - Not in a cage
1756CH4 - x = 11.6279 - Not in a cage
1757CH4 - x =  2.7740 - Small cage
1759CH4 - x =  8.8179 - Irregular cage
1760CH4 - x = 11.5860 - Irregular cage
1761CH4 - x =  1.8909 - Irregular cage
1762CH4 - x =  2.4310 - Irregular cage
1763CH4 - x =  9.3930 - Irregular cage
1764CH4 - x = 10.7130 - Irregular cage
1765CH4 - x =  2.9539 - Irregular cage
1766CH4 - x =  7.7111 - Irregular cage
1767CH4 - x =  3.4290 - Irregular cage
1768CH4 - x =  2.4010 - Irregular cage
1769CH4 - x =  3.4890 - Irregular cage
1770CH4 - x =  4.0950 - Irregular cage
1771CH4 - x =  4.2920 - Irregular cage
1772CH4 - x =  3.7580 - Irregular cage
1773CH4 - x =  0.0330 - Not in a cage
1774CH4 - x =  8.7980 - Irregular cage
1776CH4 - x =  2.4399 - Small cage
1777CH4 - x = 10.6090 - Irregular cage
1778CH4 - x = 10.4991 - Irregular cage
1779CH4 - x = 11.6190 - Irregular cage
1780CH4 - x = 10.0120 - Interface cage
1782CH4 - x =  7.5850 - Irregular cage
1784CH4 - x =  4.0160 - Small cage
1785CH4 - x =  4.6940 - Irregular cage
1786CH4 - x =  4.6621 - Irregular cage
1787CH4 - x =  4.6650 - Small cage
1788CH4 - x =  5.2390 - Small cage
1789CH4 - x =  5.2260 - Small cage
1790CH4 - x =  5.2590 - Small cage
1791CH4 - x =  4.6510 - Small cage
1792CH4 - x =  5.2560 - Small cage
1793CH4 - x =  4.5850 - Large cage
1794CH4 - x =  5.2480 - Large cage
1795CH4 - x =  5.3350 - Irregular cage
1796CH4 - x =  4.6470 - Large cage
1797CH4 - x =  5.1950 - Large cage
1798CH4 - x =  5.2000 - Large cage
1799CH4 - x =  5.5040 - Irregular cage
1800CH4 - x =  5.3060 - Large cage
1801CH4 - x =  4.6610 - Small cage
1802CH4 - x =  4.9500 - Irregular cage
1803CH4 - x =  5.5100 - Large cage
1804CH4 - x =  4.5930 - Irregular cage
1805CH4 - x =  5.5199 - Large cage
1806CH4 - x =  7.0080 - Irregular cage
1807CH4 - x =  5.1770 - Irregular cage
1808CH4 - x =  4.9350 - Irregular cage
1809CH4 - x =  4.9110 - Irregular cage
1810CH4 - x =  4.9250 - Large cage
1811CH4 - x =  4.7029 - Irregular cage
1812CH4 - x =  5.1980 - Large cage
1813CH4 - x =  4.6150 - Large cage
1814CH4 - x =  5.4900 - Irregular cage
1815CH4 - x =  5.2080 - Large cage
1816CH4 - x = 10.5489 - Not in a cage
1817CH4 - x =  5.8010 - Small cage
1818CH4 - x =  5.8430 - Small cage
1819CH4 - x =  6.2020 - Large cage
1820CH4 - x =  5.8291 - Small cage
1821CH4 - x =  5.8129 - Large cage
1822CH4 - x =  5.8710 - Large cage
1823CH4 - x =  5.8320 - Large cage
1824CH4 - x =  5.8830 - Large cage
1825CH4 - x =  5.7651 - Large cage
1826CH4 - x =  5.8640 - Irregular cage
1827CH4 - x =  5.8009 - Large cage
1828CH4 - x =  5.8630 - Large cage
1829CH4 - x =  9.9620 - Interface cage
1830CH4 - x = 11.8880 - Irregular cage
1831CH4 - x = 10.6850 - Not in a cage
1833CH4 - x = 11.7511 - Not in a cage
1834CH4 - x =  8.1920 - Irregular cage
1835CH4 - x =  2.3550 - Irregular cage
1836CH4 - x =  9.3810 - Irregular cage
1837CH4 - x =  0.3640 - Irregular cage
1839CH4 - x =  7.9210 - Large cage
1840CH4 - x = 10.7429 - Irregular cage
1841CH4 - x = 10.6710 - Irregular cage
1842CH4 - x =  9.3670 - Irregular cage
1843CH4 - x =  6.4540 - Small cage
1844CH4 - x =  0.4321 - Irregular cage
1845CH4 - x =  9.6480 - Interface cage
1846CH4 - x =  8.7510 - Irregular cage
1848CH4 - x =  7.6210 - Small cage
1849CH4 - x =  9.9320 - Irregular cage
1850CH4 - x =  6.4360 - Irregular cage
1851CH4 - x =  2.0970 - Irregular cage
1852CH4 - x = 11.7410 - Not in a cage
1853CH4 - x =  7.3140 - Irregular cage
1854CH4 - x = 10.8230 - Irregular cage
1856CH4 - x =  9.6110 - Interface cage
1857CH4 - x =  6.4060 - Large cage
1859CH4 - x =  8.7780 - Large cage
1861CH4 - x = 11.9761 - Not in a cage
1862CH4 - x =  7.0160 - Large cage
1863CH4 - x =  7.6020 - Irregular cage
1864CH4 - x =  7.3451 - Irregular cage
1866CH4 - x =  7.0589 - Large cage
1867CH4 - x =  2.8940 - Irregular cage
1868CH4 - x =  7.0340 - Irregular cage
1869CH4 - x =  2.5130 - Irregular cage
1870CH4 - x = 10.2740 - Not in a cage
1871CH4 - x =  8.2490 - Irregular cage
1872CH4 - x =  1.5031 - Irregular cage
1873CH4 - x =  6.4810 - Irregular cage
1874CH4 - x =  9.8810 - Irregular cage
1875CH4 - x = 10.8540 - Not in a cage
1876CH4 - x = 11.8920 - Irregular cage
1877CH4 - x =  2.1310 - Irregular cage
1878CH4 - x =  8.5379 - Large cage
1879CH4 - x =  1.0120 - Interface cage
1880CH4 - x =  9.3670 - Irregular cage
1881CH4 - x = 11.9530 - Irregular cage
1883CH4 - x =  2.4440 - Irregular cage
1884CH4 - x =  8.4490 - Large cage
1885CH4 - x =  1.0950 - Interface cage
1886CH4 - x = 10.8120 - Irregular cage
1889CH4 - x =  9.0710 - Irregular cage
1890CH4 - x = 11.7810 - Irregular cage
1892CH4 - x = 10.5991 - Irregular cage
1893CH4 - x =  6.9970 - Irregular cage
1895CH4 - x =  6.1320 - Large cage
1896CH4 - x = 10.6830 - Not in a cage
1897CH4 - x =  2.3600 - Irregular cage
1898CH4 - x = 10.3750 - Not in a cage
1899CH4 - x =  6.3880 - Large cage
1900CH4 - x =  9.3240 - Irregular cage
1901CH4 - x =  9.6271 - Irregular cage
1902CH4 - x =  7.6569 - Small cage
1905CH4 - x =  7.6070 - Large cage
1906CH4 - x =  9.7350 - Interface cage
1908CH4 - x =  2.0880 - Irregular cage
1909CH4 - x =  0.7910 - Irregular cage
1910CH4 - x =  1.3440 - Interface cage
1911CH4 - x =  7.6011 - Irregular cage
1912CH4 - x =  6.9980 - Large cage
1913CH4 - x =  7.0289 - Small cage
1914CH4 - x =  9.4100 - Interface cage
1917CH4 - x = 10.5620 - Irregular cage
1918CH4 - x =  8.1730 - Small cage
1919CH4 - x =  9.1680 - Small cage
1920CH4 - x =  8.2070 - Irregular cage
1921CH4 - x = 10.6071 - Not in a cage
1922CH4 - x =  0.1840 - Irregular cage
1923CH4 - x =  6.4470 - Small cage
1924CH4 - x = 11.8761 - Not in a cage
1925CH4 - x = 10.5650 - Not in a cage
1926CH4 - x = 10.4669 - Irregular cage
1927CH4 - x =  9.3850 - Irregular cage
1929CH4 - x =  1.5690 - Interface cage
1931CH4 - x = 11.7161 - Not in a cage
1933CH4 - x =  9.0800 - Small cage
1934CH4 - x =  1.9180 - Irregular cage
1936CH4 - x =  0.7749 - Irregular cage
1937CH4 - x =  8.8370 - Large cage
1939CH4 - x =  0.1910 - Irregular cage
1941CH4 - x =  0.1131 - Not in a cage
1945CH4 - x = 10.8040 - Irregular cage
1946CH4 - x =  8.8440 - Irregular cage
1947CH4 - x =  8.8000 - Small cage
1949CH4 - x =  7.6430 - Small cage
1951CH4 - x =  7.3740 - Large cage
1953CH4 - x =  0.6490 - Interface cage
1955CH4 - x =  6.4550 - Irregular cage
1956CH4 - x =  1.5339 - Interface cage
1957CH4 - x =  0.0180 - Not in a cage
1958CH4 - x = 10.3751 - Not in a cage
1961CH4 - x = 10.7100 - Not in a cage
1962CH4 - x = 11.7630 - Not in a cage
1963CH4 - x =  0.0440 - Irregular cage
1964CH4 - x = 11.3231 - Not in a cage
1965CH4 - x =  1.6290 - Interface cage
1966CH4 - x =  1.4059 - Interface cage
1967CH4 - x =  0.2989 - Irregular cage
1968CH4 - x = 11.9510 - Irregular cage
1969CH4 - x = 11.2500 - Irregular cage
1970CH4 - x =  1.8380 - Irregular cage
1972CH4 - x =  6.5090 - Large cage
1973CH4 - x = 10.4950 - Not in a cage
1974CH4 - x = 10.4050 - Not in a cage
1975CH4 - x =  1.0540 - Interface cage
1976CH4 - x = 10.0810 - Irregular cage
1977CH4 - x = 10.7740 - Irregular cage
1979CH4 - x =  0.6750 - Irregular cage
1980CH4 - x =  6.3850 - Large cage
1981CH4 - x =  8.8090 - Irregular cage
1982CH4 - x =  6.7610 - Irregular cage
1983CH4 - x = 10.4090 - Irregular cage
1985CH4 - x =  9.3721 - Irregular cage
1987CH4 - x = 11.5520 - Not in a cage
1988CH4 - x =  1.8920 - Irregular cage
Done. Elapsed time: 45.971 s
Total time 60.010 s

Small cages: 28 found
Large cages: 49 found
Interface cages: 21 found
Irregular cages: 145 found

-------------------- FRAME  222 --------------------

Computing AOP ...
Done. Elapsed time: 14.707 s

Computing neighbours with low AOP and hydrogen bonds ...
1657CH4 - x =  3.9217 - Large cage
1658CH4 - x =  8.0136 - Irregular cage
1659CH4 - x =  3.0116 - Irregular cage
1661CH4 - x =  8.4992 - Large cage
1662CH4 - x =  4.6120 - Large cage
1663CH4 - x =  3.1445 - Interface cage
1665CH4 - x =  7.1487 - Irregular cage
1666CH4 - x =  8.4707 - Large cage
1667CH4 - x = 11.1266 - Irregular cage
1668CH4 - x =  3.6579 - Irregular cage
1669CH4 - x =  4.8987 - Irregular cage
1670CH4 - x =  1.6867 - Interface cage
1673CH4 - x = 12.3867 - Irregular cage
1674CH4 - x =  8.9805 - Irregular cage
1675CH4 - x =  2.9997 - Irregular cage
1676CH4 - x = 10.8051 - Irregular cage
1677CH4 - x =  9.5924 - Small cage
1679CH4 - x =  0.4641 - Irregular cage
1680CH4 - x =  4.2201 - Irregular cage
1681CH4 - x =  2.9510 - Irregular cage
1682CH4 - x =  4.5612 - Irregular cage
1684CH4 - x =  3.1802 - Irregular cage
1687CH4 - x =  4.2710 - Large cage
1688CH4 - x =  1.0643 - Interface cage
1690CH4 - x =  7.8782 - Irregular cage
1691CH4 - x =  8.4356 - Large cage
1692CH4 - x =  8.3591 - Irregular cage
1693CH4 - x =  7.8147 - Large cage
1694CH4 - x =  3.1966 - Irregular cage
1695CH4 - x =  3.6939 - Small cage
1696CH4 - x =  3.0940 - Irregular cage
1698CH4 - x =  4.5822 - Irregular cage
1699CH4 - x =  4.2574 - Small cage
1701CH4 - x =  6.6510 - Large cage
1702CH4 - x =  4.2240 - Large cage
1703CH4 - x = 10.6137 - Not in a cage
1704CH4 - x =  4.2443 - Small cage
1705CH4 - x =  3.6639 - Small cage
1706CH4 - x =  9.5672 - Irregular cage
1707CH4 - x = 10.8301 - Irregular cage
1709CH4 - x =  2.6136 - Irregular cage
1710CH4 - x =  4.1486 - Irregular cage
1711CH4 - x =  4.2286 - Irregular cage
1712CH4 - x =  3.3097 - Irregular cage
1713CH4 - x =  3.7299 - Large cage
1715CH4 - x =  2.4090 - Irregular cage
1716CH4 - x =  4.2410 - Small cage
1717CH4 - x = 10.6436 - Not in a cage
1718CH4 - x =  3.3577 - Large cage
1719CH4 - x =  4.8457 - Irregular cage
1720CH4 - x = 10.6860 - Not in a cage
1721CH4 - x =  3.4380 - Small cage
1723CH4 - x =  3.4144 - Irregular cage
1724CH4 - x =  0.0382 - Not in a cage
1725CH4 - x =  3.6012 - Small cage
1726CH4 - x =  9.5316 - Irregular cage
1727CH4 - x = 10.4224 - Not in a cage
1728CH4 - x = 10.8390 - Irregular cage
1731CH4 - x = 10.9896 - Not in a cage
1732CH4 - x =  4.2755 - Irregular cage
1733CH4 - x =  8.4575 - Large cage
1734CH4 - x =  3.1056 - Irregular cage
1736CH4 - x =  3.6828 - Large cage
1739CH4 - x =  3.6895 - Large cage
1740CH4 - x =  6.8669 - Irregular cage
1743CH4 - x =  8.4438 - Large cage
1744CH4 - x =  3.6291 - Large cage
1746CH4 - x =  2.3966 - Irregular cage
1747CH4 - x =  3.9507 - Large cage
1748CH4 - x =  7.5841 - Irregular cage
1750CH4 - x =  3.6821 - Large cage
1752CH4 - x =  3.1483 - Irregular cage
1753CH4 - x = 10.7061 - Not in a cage
1754CH4 - x =  8.9296 - Large cage
1756CH4 - x =  0.0074 - Not in a cage
1757CH4 - x =  3.0380 - Irregular cage
1758CH4 - x =  0.6572 - Not in a cage
1759CH4 - x =  8.9544 - Irregular cage
1761CH4 - x =  2.3234 - Interface cage
1762CH4 - x =  2.7940 - Interface cage
1763CH4 - x =  9.6166 - Irregular cage
1765CH4 - x =  3.0741 - Irregular cage
1766CH4 - x =  7.8359 - Large cage
1767CH4 - x =  3.7023 - Irregular cage
1768CH4 - x =  2.5697 - Interface cage
1769CH4 - x =  3.6880 - Small cage
1770CH4 - x =  4.1958 - Large cage
1771CH4 - x =  4.5719 - Large cage
1772CH4 - x =  3.9582 - Irregular cage
1774CH4 - x =  9.0684 - Irregular cage
1775CH4 - x = 10.9963 - Not in a cage
1776CH4 - x =  2.3126 - Interface cage
1777CH4 - x =  0.1315 - Irregular cage
1778CH4 - x =  0.0099 - Not in a cage
1779CH4 - x = 11.0004 - Not in a cage
1780CH4 - x = 10.8174 - Irregular cage
1781CH4 - x = 12.3840 - Not in a cage
1782CH4 - x =  7.8271 - Large cage
1784CH4 - x =  4.3411 - Irregular cage
1785CH4 - x =  4.8714 - Irregular cage
1786CH4 - x =  4.8645 - Small cage
1787CH4 - x =  4.8603 - Small cage
1788CH4 - x =  5.4526 - Small cage
1789CH4 - x =  5.4114 - Small cage
1790CH4 - x =  5.4108 - Small cage
1791CH4 - x =  4.8792 - Irregular cage
1792CH4 - x =  5.4263 - Small cage
1793CH4 - x =  4.8999 - Irregular cage
1794CH4 - x =  5.4069 - Irregular cage
1795CH4 - x =  5.3690 - Large cage
1796CH4 - x =  4.8564 - Irregular cage
1797CH4 - x =  5.4407 - Large cage
1798CH4 - x =  5.4733 - Large cage
1799CH4 - x =  5.8024 - Irregular cage
1800CH4 - x =  5.4763 - Large cage
1801CH4 - x =  4.8773 - Irregular cage
1802CH4 - x =  5.1747 - Irregular cage
1803CH4 - x =  5.6945 - Large cage
1804CH4 - x =  4.8710 - Irregular cage
1805CH4 - x =  5.7244 - Large cage
1806CH4 - x =  7.2609 - Irregular cage
1807CH4 - x =  5.4099 - Large cage
1808CH4 - x =  5.1564 - Large cage
1809CH4 - x =  5.1532 - Large cage
1810CH4 - x =  5.1388 - Irregular cage
1811CH4 - x =  4.8710 - Large cage
1812CH4 - x =  5.4939 - Irregular cage
1813CH4 - x =  4.8606 - Irregular cage
1814CH4 - x =  5.7783 - Large cage
1815CH4 - x =  5.4604 - Large cage
1816CH4 - x =  0.1052 - Irregular cage
1817CH4 - x =  6.0611 - Small cage
1818CH4 - x =  6.0084 - Small cage
1819CH4 - x =  6.2834 - Irregular cage
1820CH4 - x =  6.0256 - Small cage
1821CH4 - x =  6.0188 - Irregular cage
1822CH4 - x =  6.0315 - Irregular cage
1823CH4 - x =  5.9607 - Large cage
1824CH4 - x =  6.0207 - Large cage
1825CH4 - x =  6.0599 - Large cage
1826CH4 - x =  6.0160 - Large cage
1827CH4 - x =  6.1035 - Large cage
1828CH4 - x =  6.0174 - Large cage
1829CH4 - x = 10.7903 - Not in a cage
1830CH4 - x = 10.6262 - Irregular cage
1832CH4 - x =  0.3304 - Irregular cage
1833CH4 - x =  0.0023 - Irregular cage
1834CH4 - x =  8.3515 - Irregular cage
1835CH4 - x =  2.1835 - Not in a cage
1836CH4 - x =  9.4957 - Irregular cage
1837CH4 - x =  0.2644 - Irregular cage
1838CH4 - x = 12.4128 - Not in a cage
1839CH4 - x =  8.1651 - Large cage
1840CH4 - x =  0.2466 - Not in a cage
1841CH4 - x = 10.6270 - Irregular cage
1843CH4 - x =  6.6345 - Small cage
1845CH4 - x =  9.9907 - Interface cage
1846CH4 - x =  8.9929 - Small cage
1847CH4 - x = 10.9318 - Not in a cage
1848CH4 - x =  7.8308 - Small cage
1849CH4 - x =  9.5480 - Irregular cage
1850CH4 - x =  6.6083 - Irregular cage
1851CH4 - x =  0.7754 - Not in a cage
1853CH4 - x =  7.5407 - Large cage
1855CH4 - x =  0.1017 - Irregular cage
1856CH4 - x = 10.7626 - Irregular cage
1857CH4 - x =  6.6998 - Large cage
1858CH4 - x =  2.9195 - Interface cage
1859CH4 - x =  8.9195 - Large cage
1862CH4 - x =  7.1777 - Irregular cage
1863CH4 - x =  7.8261 - Small cage
1864CH4 - x =  7.5479 - Large cage
1866CH4 - x =  7.2818 - Large cage
1867CH4 - x =  3.0421 - Irregular cage
1868CH4 - x =  7.2080 - Small cage
1869CH4 - x =  2.7450 - Irregular cage
1871CH4 - x =  8.5013 - Large cage
1872CH4 - x =  1.1091 - Irregular cage
1873CH4 - x =  6.6087 - Large cage
1875CH4 - x =  0.3088 - Irregular cage
1878CH4 - x =  8.7064 - Large cage
1880CH4 - x =  9.8705 - Interface cage
1883CH4 - x =  0.2958 - Irregular cage
1884CH4 - x =  8.7063 - Irregular cage
1885CH4 - x = 10.4373 - Irregular cage
1886CH4 - x = 12.3934 - Not in a cage
1887CH4 - x = 10.8977 - Irregular cage
1888CH4 - x =  0.0653 - Not in a cage
1889CH4 - x =  9.2710 - Irregular cage
1893CH4 - x =  7.2730 - Large cage
1895CH4 - x =  6.3292 - Irregular cage
1897CH4 - x =  1.9478 - Interface cage
1898CH4 - x = 10.5900 - Not in a cage
1899CH4 - x =  6.6150 - Large cage
1900CH4 - x =  9.4946 - Irregular cage
1901CH4 - x =  1.4615 - Not in a cage
1902CH4 - x =  7.8091 - Small cage
1903CH4 - x = 12.1970 - Not in a cage
1905CH4 - x =  7.9094 - Large cage
1906CH4 - x =  1.3257 - Irregular cage
1909CH4 - x = 10.7844 - Not in a cage
1910CH4 - x =  1.6198 - Irregular cage
1911CH4 - x =  7.8682 - Large cage
1912CH4 - x =  7.2415 - Irregular cage
1913CH4 - x =  7.2252 - Small cage
1914CH4 - x =  0.2805 - Not in a cage
1917CH4 - x =  2.5686 - Interface cage
1918CH4 - x =  8.3392 - Small cage
1919CH4 - x =  9.3462 - Irregular cage
1920CH4 - x =  8.4337 - Small cage
1923CH4 - x =  6.6598 - Small cage
1925CH4 - x = 10.8029 - Not in a cage
1927CH4 - x =  9.5226 - Irregular cage
1931CH4 - x =  1.3029 - Irregular cage
1933CH4 - x =  9.2498 - Irregular cage
1937CH4 - x =  8.9290 - Large cage
1940CH4 - x =  1.7324 - Irregular cage
1941CH4 - x =  0.2007 - Not in a cage
1943CH4 - x =  1.2095 - Interface cage
1944CH4 - x = 10.8541 - Not in a cage
1946CH4 - x =  9.0409 - Irregular cage
1947CH4 - x =  9.0015 - Small cage
1948CH4 - x =  1.7956 - Not in a cage
1949CH4 - x =  7.8277 - Small cage
1951CH4 - x =  7.5076 - Irregular cage
1952CH4 - x = 10.2024 - Interface cage
1953CH4 - x =  0.9652 - Not in a cage
1954CH4 - x =  0.6405 - Irregular cage
1955CH4 - x =  6.6091 - Large cage
1957CH4 - x =  1.6269 - Irregular cage
1958CH4 - x =  1.0384 - Irregular cage
1959CH4 - x = 10.4866 - Not in a cage
1960CH4 - x = 10.8149 - Irregular cage
1961CH4 - x = 10.6781 - Not in a cage
1962CH4 - x =  0.1632 - Not in a cage
1964CH4 - x = 10.5543 - Not in a cage
1965CH4 - x =  0.1963 - Irregular cage
1967CH4 - x = 10.8439 - Irregular cage
1969CH4 - x = 12.3838 - Not in a cage
1970CH4 - x =  2.5336 - Interface cage
1972CH4 - x =  6.6315 - Large cage
1973CH4 - x = 10.9296 - Not in a cage
1974CH4 - x = 10.2518 - Irregular cage
1976CH4 - x =  9.6756 - Interface cage
1979CH4 - x =  0.3511 - Irregular cage
1980CH4 - x =  6.5104 - Irregular cage
1981CH4 - x =  9.0304 - Irregular cage
1982CH4 - x =  6.8622 - Large cage
1985CH4 - x =  9.6110 - Irregular cage
1987CH4 - x =  0.3293 - Irregular cage
1988CH4 - x =  2.3703 - Interface cage
Done. Elapsed time: 42.407 s
Total time 57.287 s

Small cages: 30 found
Large cages: 58 found
Interface cages: 17 found
Irregular cages: 109 found

-------------------- FRAME  444 --------------------

Computing AOP ...
Done. Elapsed time: 13.965 s

Computing neighbours with low AOP and hydrogen bonds ...
1657CH4 - x =  4.0958 - Large cage
1658CH4 - x =  8.1578 - Irregular cage
1659CH4 - x =  2.4199 - Not in a cage
1661CH4 - x =  8.5129 - Irregular cage
1662CH4 - x =  4.6312 - Irregular cage
1663CH4 - x =  2.1025 - Irregular cage
1665CH4 - x =  7.2531 - Irregular cage
1666CH4 - x =  8.4605 - Irregular cage
1667CH4 - x =  1.4060 - Interface cage
1668CH4 - x =  3.7724 - Irregular cage
1669CH4 - x =  4.9574 - Large cage
1670CH4 - x =  3.0356 - Interface cage
1671CH4 - x = 11.0070 - Not in a cage
1674CH4 - x =  9.1150 - Irregular cage
1675CH4 - x =  2.1879 - Not in a cage
1677CH4 - x =  9.0565 - Irregular cage
1679CH4 - x =  9.6624 - Irregular cage
1680CH4 - x =  4.3720 - Irregular cage
1681CH4 - x =  2.1232 - Irregular cage
1682CH4 - x =  4.7233 - Large cage
1687CH4 - x =  4.3207 - Large cage
1689CH4 - x =  0.1680 - Irregular cage
1690CH4 - x =  7.8850 - Irregular cage
1691CH4 - x =  8.5520 - Irregular cage
1692CH4 - x =  8.5463 - Large cage
1693CH4 - x =  7.9242 - Irregular cage
1694CH4 - x =  3.2374 - Irregular cage
1695CH4 - x =  3.7449 - Irregular cage
1696CH4 - x =  3.2453 - Irregular cage
1697CH4 - x =  0.1782 - Irregular cage
1698CH4 - x =  4.6589 - Irregular cage
1699CH4 - x =  4.3533 - Irregular cage
1701CH4 - x =  6.6061 - Irregular cage
1702CH4 - x =  4.3677 - Irregular cage
1704CH4 - x =  4.3402 - Small cage
1705CH4 - x =  3.7663 - Irregular cage
1707CH4 - x =  0.5963 - Not in a cage
1709CH4 - x =  3.2161 - Interface cage
1710CH4 - x =  4.3170 - Irregular cage
1711CH4 - x =  4.3568 - Irregular cage
1712CH4 - x =  3.4203 - Irregular cage
1713CH4 - x =  3.8291 - Small cage
1716CH4 - x =  4.3491 - Irregular cage
1718CH4 - x =  3.3852 - Interface cage
1719CH4 - x =  4.9584 - Large cage
1720CH4 - x = 10.8640 - Not in a cage
1721CH4 - x =  3.4627 - Irregular cage
1722CH4 - x =  1.3625 - Irregular cage
1723CH4 - x =  3.2424 - Interface cage
1725CH4 - x =  3.7036 - Small cage
1726CH4 - x =  9.6323 - Irregular cage
1730CH4 - x =  0.1575 - Not in a cage
1731CH4 - x =  0.1280 - Not in a cage
1732CH4 - x =  4.3122 - Large cage
1733CH4 - x =  8.4531 - Large cage
1734CH4 - x =  3.1542 - Irregular cage
1736CH4 - x =  3.7951 - Irregular cage
1739CH4 - x =  3.7613 - Irregular cage
1740CH4 - x =  6.9574 - Large cage
1741CH4 - x =  0.1905 - Not in a cage
1742CH4 - x =  1.2997 - Irregular cage
1743CH4 - x =  8.4651 - Irregular cage
1744CH4 - x =  3.7670 - Small cage
1746CH4 - x =  1.7350 - Irregular cage
1747CH4 - x =  3.9892 - Irregular cage
1748CH4 - x =  7.6145 - Irregular cage
1749CH4 - x =  0.2845 - Not in a cage
1750CH4 - x =  3.6714 - Small cage
1752CH4 - x =  3.1066 - Irregular cage
1753CH4 - x = 10.7275 - Irregular cage
1754CH4 - x =  9.1517 - Irregular cage
1756CH4 - x =  0.3555 - Not in a cage
1757CH4 - x =  3.1456 - Irregular cage
1758CH4 - x = 10.9175 - Not in a cage
1759CH4 - x =  9.0065 - Irregular cage
1761CH4 - x =  1.4679 - Irregular cage
1763CH4 - x = 10.1843 - Interface cage
1765CH4 - x =  3.2576 - Irregular cage
1766CH4 - x =  7.9805 - Irregular cage
1767CH4 - x =  3.7074 - Irregular cage
1768CH4 - x =  1.6058 - Irregular cage
1769CH4 - x =  3.7821 - Irregular cage
1770CH4 - x =  4.3643 - Large cage
1771CH4 - x =  4.6106 - Large cage
1772CH4 - x =  4.0745 - Irregular cage
1773CH4 - x = 11.0682 - Irregular cage
1774CH4 - x =  9.0909 - Large cage
1776CH4 - x = 10.8988 - Irregular cage
1777CH4 - x =  9.5529 - Irregular cage
1779CH4 - x =  0.3101 - Irregular cage
1781CH4 - x = 10.1626 - Interface cage
1782CH4 - x =  7.8562 - Irregular cage
1784CH4 - x =  4.3103 - Irregular cage
1785CH4 - x =  4.9419 - Small cage
1786CH4 - x =  4.9258 - Small cage
1787CH4 - x =  4.9204 - Small cage
1788CH4 - x =  5.5694 - Small cage
1789CH4 - x =  5.5469 - Irregular cage
1790CH4 - x =  5.5349 - Small cage
1791CH4 - x =  4.9069 - Small cage
1792CH4 - x =  5.5392 - Small cage
1793CH4 - x =  4.9493 - Large cage
1794CH4 - x =  5.5043 - Large cage
1795CH4 - x =  5.4688 - Large cage
1796CH4 - x =  4.8497 - Irregular cage
1797CH4 - x =  5.4990 - Irregular cage
1798CH4 - x =  5.4691 - Irregular cage
1799CH4 - x =  5.8643 - Irregular cage
1800CH4 - x =  5.5860 - Large cage
1801CH4 - x =  4.9412 - Irregular cage
1802CH4 - x =  5.2877 - Large cage
1803CH4 - x =  5.7823 - Large cage
1804CH4 - x =  5.0364 - Large cage
1805CH4 - x =  5.8179 - Irregular cage
1806CH4 - x =  7.2958 - Irregular cage
1807CH4 - x =  5.5913 - Irregular cage
1808CH4 - x =  5.2600 - Large cage
1809CH4 - x =  5.1744 - Irregular cage
1810CH4 - x =  5.1470 - Large cage
1811CH4 - x =  4.9460 - Large cage
1812CH4 - x =  5.4856 - Large cage
1813CH4 - x =  4.8981 - Large cage
1814CH4 - x =  5.8698 - Irregular cage
1815CH4 - x =  5.4953 - Large cage
1817CH4 - x =  6.1282 - Small cage
1818CH4 - x =  6.0755 - Small cage
1819CH4 - x =  6.4337 - Irregular cage
1820CH4 - x =  6.1614 - Small cage
1821CH4 - x =  6.0592 - Large cage
1822CH4 - x =  6.1854 - Large cage
1823CH4 - x =  6.0363 - Large cage
1824CH4 - x =  6.0925 - Irregular cage
1825CH4 - x =  6.1798 - Irregular cage
1826CH4 - x =  6.1197 - Irregular cage
1827CH4 - x =  6.0995 - Large cage
1828CH4 - x =  6.1224 - Large cage
1830CH4 - x = 10.7375 - Not in a cage
1831CH4 - x = 10.9986 - Not in a cage
1834CH4 - x =  8.5209 - Irregular cage
1835CH4 - x = 10.8165 - Not in a cage
1836CH4 - x =  9.6181 - Irregular cage
1837CH4 - x = 10.5238 - Not in a cage
1839CH4 - x =  8.2307 - Irregular cage
1843CH4 - x =  6.7231 - Small cage
1846CH4 - x =  9.0802 - Irregular cage
1847CH4 - x =  0.3355 - Irregular cage
1848CH4 - x =  7.9017 - Irregular cage
1849CH4 - x =  9.6645 - Interface cage
1850CH4 - x =  6.6896 - Small cage
1851CH4 - x =  0.2281 - Not in a cage
1852CH4 - x = 10.7496 - Irregular cage
1853CH4 - x =  7.6046 - Large cage
1854CH4 - x = 10.9251 - Irregular cage
1857CH4 - x =  6.7292 - Large cage
1858CH4 - x = 11.1073 - Not in a cage
1859CH4 - x =  9.0073 - Irregular cage
1862CH4 - x =  7.3587 - Large cage
1863CH4 - x =  7.9030 - Irregular cage
1864CH4 - x =  7.5995 - Irregular cage
1866CH4 - x =  7.3430 - Large cage
1867CH4 - x = 10.6290 - Not in a cage
1868CH4 - x =  7.3296 - Small cage
1869CH4 - x =  2.0158 - Irregular cage
1871CH4 - x =  8.5275 - Irregular cage
1872CH4 - x =  9.6789 - Irregular cage
1873CH4 - x =  6.7807 - Large cage
1876CH4 - x = 10.6562 - Not in a cage
1877CH4 - x =  9.5990 - Small cage
1878CH4 - x =  8.8151 - Irregular cage
1879CH4 - x = 10.9655 - Irregular cage
1882CH4 - x =  2.2632 - Not in a cage
1883CH4 - x =  0.2516 - Irregular cage
1884CH4 - x =  8.7684 - Large cage
1885CH4 - x =  9.6574 - Irregular cage
1886CH4 - x =  1.0182 - Interface cage
1887CH4 - x =  9.9333 - Irregular cage
1888CH4 - x =  0.6090 - Irregular cage
1889CH4 - x =  9.4544 - Irregular cage
1890CH4 - x =  0.3620 - Irregular cage
1891CH4 - x =  0.1687 - Irregular cage
1892CH4 - x = 10.5377 - Irregular cage
1893CH4 - x =  7.2537 - Large cage
1894CH4 - x =  9.5971 - Irregular cage
1895CH4 - x =  6.4100 - Irregular cage
1896CH4 - x =  0.5306 - Irregular cage
1897CH4 - x =  2.5342 - Irregular cage
1899CH4 - x =  6.7270 - Irregular cage
1900CH4 - x =  9.3493 - Large cage
1902CH4 - x =  7.9208 - Irregular cage
1903CH4 - x =  1.5544 - Irregular cage
1904CH4 - x = 11.1465 - Irregular cage
1905CH4 - x =  7.9531 - Irregular cage
1907CH4 - x = 10.8591 - Irregular cage
1910CH4 - x = 10.5607 - Irregular cage
1911CH4 - x =  7.9804 - Irregular cage
1912CH4 - x =  7.3281 - Irregular cage
1913CH4 - x =  7.2859 - Small cage
1918CH4 - x =  8.4871 - Small cage
1919CH4 - x =  9.3190 - Large cage
1920CH4 - x =  8.5064 - Small cage
1921CH4 - x =  9.8984 - Irregular cage
1923CH4 - x =  6.6560 - Small cage
1925CH4 - x = 10.7824 - Irregular cage
1926CH4 - x = 10.9157 - Irregular cage
1927CH4 - x =  9.6128 - Irregular cage
1928CH4 - x =  2.4994 - Irregular cage
1933CH4 - x =  9.3835 - Irregular cage
1934CH4 - x =  0.3542 - Irregular cage
1937CH4 - x =  9.0890 - Irregular cage
1940CH4 - x =  0.5481 - Not in a cage
1941CH4 - x =  0.2723 - Not in a cage
1945CH4 - x = 10.6246 - Irregular cage
1946CH4 - x =  9.0979 - Large cage
1947CH4 - x =  9.0568 - Small cage
1948CH4 - x =  0.2790 - Not in a cage
1949CH4 - x =  7.8928 - Small cage
1951CH4 - x =  7.6157 - Large cage
1952CH4 - x =  0.4541 - Irregular cage
1953CH4 - x =  0.3051 - Irregular cage
1954CH4 - x = 10.9265 - Irregular cage
1955CH4 - x =  6.7423 - Large cage
1958CH4 - x =  0.5108 - Not in a cage
1959CH4 - x = 11.0147 - Not in a cage
1964CH4 - x =  0.0182 - Irregular cage
1965CH4 - x =  1.0951 - Not in a cage
1967CH4 - x =  9.6580 - Irregular cage
1970CH4 - x = 10.6520 - Irregular cage
1971CH4 - x =  9.6556 - Irregular cage
1972CH4 - x =  6.6433 - Irregular cage
1974CH4 - x = 10.2598 - Interface cage
1980CH4 - x =  6.7087 - Large cage
1981CH4 - x =  9.0547 - Irregular cage
1982CH4 - x =  7.0048 - Large cage
1983CH4 - x = 10.6870 - Not in a cage
1987CH4 - x =  0.2421 - Irregular cage
1988CH4 - x =  0.3174 - Irregular cage
Done. Elapsed time: 40.102 s
Total time 54.229 s

Small cages: 25 found
Large cages: 44 found
Interface cages: 10 found
Irregular cages: 130 found

-------------------- FRAME  666 --------------------

Computing AOP ...
Done. Elapsed time: 15.110 s

Computing neighbours with low AOP and hydrogen bonds ...
1657CH4 - x =  4.1250 - Irregular cage
1658CH4 - x =  8.2023 - Large cage
1659CH4 - x =  3.2101 - Irregular cage
1661CH4 - x =  8.5265 - Large cage
1662CH4 - x =  4.6318 - Irregular cage
1665CH4 - x =  7.3906 - Irregular cage
1666CH4 - x =  8.5654 - Large cage
1667CH4 - x = 10.9512 - Irregular cage
1668CH4 - x =  3.8089 - Irregular cage
1669CH4 - x =  5.0814 - Irregular cage
1670CH4 - x =  2.4271 - Irregular cage
1673CH4 - x =  9.6321 - Interface cage
1674CH4 - x =  9.1913 - Irregular cage
1675CH4 - x =  2.2835 - Irregular cage
1676CH4 - x = 12.7448 - Irregular cage
1677CH4 - x =  9.1115 - Large cage
1680CH4 - x =  4.2807 - Irregular cage
1681CH4 - x =  3.3577 - Irregular cage
1682CH4 - x =  4.6954 - Large cage
1683CH4 - x = 10.9367 - Not in a cage
1685CH4 - x =  0.6159 - Irregular cage
1686CH4 - x = 10.9562 - Irregular cage
1687CH4 - x =  4.4142 - Irregular cage
1690CH4 - x =  7.9532 - Large cage
1691CH4 - x =  8.5358 - Large cage
1692CH4 - x =  8.5083 - Large cage
1693CH4 - x =  7.9747 - Irregular cage
1695CH4 - x =  3.7418 - Interface cage
1696CH4 - x =  3.1452 - Irregular cage
1698CH4 - x =  4.7107 - Irregular cage
1699CH4 - x =  4.3877 - Small cage
1701CH4 - x =  6.8124 - Irregular cage
1702CH4 - x =  4.2819 - Irregular cage
1704CH4 - x =  4.3413 - Irregular cage
1705CH4 - x =  3.7821 - Irregular cage
1708CH4 - x = 10.5454 - Not in a cage
1709CH4 - x =  3.6021 - Interface cage
1710CH4 - x =  4.3986 - Irregular cage
1711CH4 - x =  4.4127 - Large cage
1712CH4 - x =  2.3193 - Irregular cage
1713CH4 - x =  3.7837 - Small cage
1715CH4 - x =  9.6888 - Irregular cage
1716CH4 - x =  4.3549 - Irregular cage
1718CH4 - x =  1.5693 - Irregular cage
1719CH4 - x =  5.0071 - Irregular cage
1721CH4 - x =  3.2341 - Irregular cage
1722CH4 - x =  0.3990 - Not in a cage
1723CH4 - x =  3.5257 - Irregular cage
1724CH4 - x =  0.2814 - Irregular cage
1725CH4 - x =  3.7676 - Irregular cage
1726CH4 - x =  9.6222 - Irregular cage
1727CH4 - x =  0.4384 - Not in a cage
1731CH4 - x =  0.3038 - Not in a cage
1732CH4 - x =  4.3680 - Irregular cage
1733CH4 - x =  8.5661 - Irregular cage
1734CH4 - x = 10.7368 - Not in a cage
1735CH4 - x =  9.8224 - Interface cage
1736CH4 - x =  3.7737 - Small cage
1738CH4 - x = 10.7460 - Not in a cage
1739CH4 - x =  3.8582 - Irregular cage
1740CH4 - x =  7.0424 - Large cage
1743CH4 - x =  8.4742 - Irregular cage
1744CH4 - x =  3.7570 - Irregular cage
1745CH4 - x = 10.9644 - Irregular cage
1746CH4 - x =  2.1466 - Not in a cage
1747CH4 - x =  4.0505 - Irregular cage
1748CH4 - x =  7.6372 - Irregular cage
1750CH4 - x =  3.8152 - Irregular cage
1752CH4 - x =  3.2663 - Irregular cage
1754CH4 - x =  9.0443 - Large cage
1757CH4 - x =  3.2459 - Interface cage
1759CH4 - x =  9.0501 - Large cage
1762CH4 - x =  0.4163 - Irregular cage
1764CH4 - x =  2.4894 - Not in a cage
1765CH4 - x =  2.9765 - Interface cage
1766CH4 - x =  7.8798 - Large cage
1767CH4 - x =  3.8618 - Irregular cage
1768CH4 - x =  2.2772 - Irregular cage
1769CH4 - x =  3.6837 - Irregular cage
1770CH4 - x =  4.2934 - Large cage
1771CH4 - x =  4.6574 - Large cage
1772CH4 - x =  4.1331 - Irregular cage
1773CH4 - x =  9.6947 - Irregular cage
1774CH4 - x =  9.0444 - Irregular cage
1775CH4 - x =  0.3156 - Not in a cage
1779CH4 - x = 10.9501 - Irregular cage
1780CH4 - x = 10.9295 - Not in a cage
1781CH4 - x =  3.1781 - Irregular cage
1782CH4 - x =  7.9367 - Large cage
1784CH4 - x =  4.3660 - Irregular cage
1785CH4 - x =  4.9921 - Irregular cage
1786CH4 - x =  4.9337 - Irregular cage
1787CH4 - x =  4.9555 - Small cage
1788CH4 - x =  5.5478 - Irregular cage
1789CH4 - x =  5.5664 - Irregular cage
1790CH4 - x =  5.5409 - Irregular cage
1791CH4 - x =  4.9388 - Small cage
1792CH4 - x =  5.5205 - Irregular cage
1793CH4 - x =  5.0233 - Irregular cage
1794CH4 - x =  5.5343 - Large cage
1795CH4 - x =  5.6199 - Irregular cage
1796CH4 - x =  4.9476 - Irregular cage
1797CH4 - x =  5.5491 - Irregular cage
1798CH4 - x =  5.6216 - Irregular cage
1799CH4 - x =  5.8098 - Irregular cage
1800CH4 - x =  5.5424 - Large cage
1801CH4 - x =  5.0076 - Irregular cage
1802CH4 - x =  5.2527 - Large cage
1803CH4 - x =  5.9707 - Large cage
1804CH4 - x =  4.9869 - Irregular cage
1805CH4 - x =  5.8259 - Irregular cage
1806CH4 - x =  7.3471 - Irregular cage
1807CH4 - x =  5.5311 - Irregular cage
1808CH4 - x =  5.2792 - Irregular cage
1809CH4 - x =  5.2311 - Large cage
1810CH4 - x =  5.2278 - Irregular cage
1811CH4 - x =  4.9356 - Irregular cage
1812CH4 - x =  5.5936 - Irregular cage
1813CH4 - x =  4.9627 - Irregular cage
1814CH4 - x =  5.8626 - Large cage
1815CH4 - x =  5.4692 - Irregular cage
1817CH4 - x =  6.1250 - Small cage
1818CH4 - x =  6.1252 - Small cage
1819CH4 - x =  6.4549 - Large cage
1820CH4 - x =  6.1479 - Irregular cage
1821CH4 - x =  6.1447 - Large cage
1822CH4 - x =  6.1567 - Large cage
1823CH4 - x =  6.1855 - Large cage
1824CH4 - x =  6.0858 - Irregular cage
1825CH4 - x =  6.0840 - Large cage
1826CH4 - x =  6.2309 - Irregular cage
1827CH4 - x =  6.1515 - Irregular cage
1828CH4 - x =  6.0738 - Irregular cage
1829CH4 - x =  0.3758 - Irregular cage
1831CH4 - x =  0.4977 - Not in a cage
1833CH4 - x =  0.3487 - Not in a cage
1834CH4 - x =  8.5074 - Irregular cage
1837CH4 - x =  0.6048 - Irregular cage
1838CH4 - x =  0.3961 - Irregular cage
1839CH4 - x =  8.2372 - Large cage
1843CH4 - x =  6.7130 - Small cage
1846CH4 - x =  9.1968 - Small cage
1848CH4 - x =  7.8961 - Irregular cage
1849CH4 - x =  9.7287 - Interface cage
1850CH4 - x =  6.6975 - Small cage
1853CH4 - x =  7.6366 - Small cage
1855CH4 - x =  0.4926 - Not in a cage
1857CH4 - x =  6.6954 - Large cage
1858CH4 - x = 11.0671 - Irregular cage
1859CH4 - x =  9.0327 - Irregular cage
1862CH4 - x =  7.2937 - Irregular cage
1863CH4 - x =  7.8847 - Small cage
1864CH4 - x =  7.6661 - Large cage
1866CH4 - x =  7.3993 - Irregular cage
1868CH4 - x =  7.3116 - Small cage
1869CH4 - x =  3.8215 - Small cage
1871CH4 - x =  8.5683 - Irregular cage
1872CH4 - x =  9.6870 - Irregular cage
1873CH4 - x =  6.7829 - Irregular cage
1874CH4 - x =  0.3843 - Irregular cage
1875CH4 - x =  2.0049 - Irregular cage
1877CH4 - x =  9.6687 - Irregular cage
1878CH4 - x =  8.7632 - Irregular cage
1884CH4 - x =  8.8652 - Irregular cage
1886CH4 - x = 10.8184 - Not in a cage
1888CH4 - x =  0.6910 - Irregular cage
1889CH4 - x =  9.4720 - Small cage
1891CH4 - x =  3.1605 - Irregular cage
1893CH4 - x =  7.2943 - Large cage
1894CH4 - x =  9.8324 - Irregular cage
1895CH4 - x =  6.4445 - Irregular cage
1896CH4 - x =  0.4670 - Irregular cage
1898CH4 - x = 10.6921 - Irregular cage
1899CH4 - x =  6.7283 - Irregular cage
1900CH4 - x =  9.3889 - Small cage
1902CH4 - x =  7.9409 - Small cage
1903CH4 - x =  0.2667 - Irregular cage
1905CH4 - x =  7.9788 - Irregular cage
1909CH4 - x =  0.2523 - Irregular cage
1911CH4 - x =  7.9248 - Large cage
1912CH4 - x =  7.3027 - Large cage
1913CH4 - x =  7.3034 - Irregular cage
1914CH4 - x = 10.7551 - Irregular cage
1918CH4 - x =  8.5514 - Irregular cage
1919CH4 - x =  9.3963 - Irregular cage
1920CH4 - x =  8.5545 - Small cage
1921CH4 - x =  2.9759 - Irregular cage
1922CH4 - x = 10.8308 - Not in a cage
1923CH4 - x =  6.7443 - Small cage
1927CH4 - x =  9.6316 - Interface cage
1928CH4 - x = 10.8388 - Not in a cage
1930CH4 - x = 10.5616 - Not in a cage
1933CH4 - x =  9.4557 - Irregular cage
1935CH4 - x = 11.1647 - Irregular cage
1937CH4 - x =  9.1782 - Large cage
1941CH4 - x = 10.6785 - Not in a cage
1942CH4 - x = 10.7889 - Not in a cage
1944CH4 - x =  0.5200 - Irregular cage
1945CH4 - x = 11.2534 - Irregular cage
1946CH4 - x =  9.1552 - Large cage
1947CH4 - x =  9.1487 - Small cage
1949CH4 - x =  7.9124 - Small cage
1951CH4 - x =  7.6312 - Large cage
1955CH4 - x =  6.7847 - Large cage
1959CH4 - x = 10.8178 - Not in a cage
1962CH4 - x =  1.1135 - Irregular cage
1964CH4 - x = 10.8749 - Irregular cage
1970CH4 - x =  0.6985 - Not in a cage
1971CH4 - x = 10.0003 - Interface cage
1972CH4 - x =  6.7271 - Large cage
1973CH4 - x = 10.9923 - Irregular cage
1974CH4 - x =  0.9160 - Irregular cage
1978CH4 - x =  2.8718 - Not in a cage
1980CH4 - x =  6.6677 - Irregular cage
1981CH4 - x =  9.1179 - Small cage
1982CH4 - x =  7.0653 - Large cage
1983CH4 - x =  0.4110 - Irregular cage
1984CH4 - x =  0.5511 - Irregular cage
1985CH4 - x =  1.7482 - Irregular cage
1988CH4 - x = 10.6318 - Irregular cage
Done. Elapsed time: 38.833 s
Total time 54.120 s

Small cages: 22 found
Large cages: 39 found
Interface cages: 9 found
Irregular cages: 127 found

-------------------- FRAME  888 --------------------

Computing AOP ...
Done. Elapsed time: 14.036 s

Computing neighbours with low AOP and hydrogen bonds ...
1657CH4 - x =  4.0844 - Large cage
1658CH4 - x =  8.2631 - Large cage
1659CH4 - x =  1.7394 - Not in a cage
1660CH4 - x = 10.9058 - Irregular cage
1661CH4 - x =  8.4714 - Large cage
1662CH4 - x =  4.6565 - Large cage
1664CH4 - x =  0.4330 - Not in a cage
1665CH4 - x =  7.2599 - Small cage
1666CH4 - x =  8.4906 - Irregular cage
1667CH4 - x = 10.7226 - Irregular cage
1668CH4 - x =  3.8233 - Irregular cage
1669CH4 - x =  4.9401 - Large cage
1670CH4 - x = 11.2260 - Not in a cage
1672CH4 - x = 10.9989 - Irregular cage
1673CH4 - x = 10.9328 - Not in a cage
1674CH4 - x =  9.1790 - Irregular cage
1676CH4 - x =  1.0532 - Not in a cage
1677CH4 - x =  9.1158 - Large cage
1680CH4 - x =  4.3604 - Irregular cage
1681CH4 - x =  3.2110 - Irregular cage
1682CH4 - x =  4.6517 - Large cage
1684CH4 - x = 10.8749 - Not in a cage
1686CH4 - x = 10.8314 - Irregular cage
1687CH4 - x =  4.3701 - Small cage
1688CH4 - x =  3.2762 - Irregular cage
1690CH4 - x =  7.9128 - Irregular cage
1691CH4 - x =  8.4411 - Large cage
1692CH4 - x =  8.5183 - Large cage
1693CH4 - x =  7.8808 - Irregular cage
1694CH4 - x =  0.4225 - Not in a cage
1695CH4 - x =  3.7796 - Irregular cage
1696CH4 - x =  2.1765 - Irregular cage
1698CH4 - x =  4.6450 - Large cage
1699CH4 - x =  4.3138 - Small cage
1701CH4 - x =  6.7684 - Large cage
1702CH4 - x =  4.4181 - Large cage
1704CH4 - x =  4.3627 - Irregular cage
1705CH4 - x =  3.7334 - Irregular cage
1706CH4 - x =  3.2645 - Irregular cage
1707CH4 - x = 10.9093 - Irregular cage
1709CH4 - x =  1.0346 - Irregular cage
1710CH4 - x =  4.4358 - Irregular cage
1711CH4 - x =  4.3570 - Large cage
1712CH4 - x =  3.2878 - Irregular cage
1713CH4 - x =  3.7907 - Irregular cage
1715CH4 - x =  9.6388 - Irregular cage
1716CH4 - x =  4.3596 - Small cage
1717CH4 - x = 10.8008 - Irregular cage
1719CH4 - x =  5.0684 - Large cage
1721CH4 - x =  3.2355 - Irregular cage
1723CH4 - x =  3.4473 - Small cage
1725CH4 - x =  3.7772 - Small cage
1726CH4 - x =  9.6321 - Irregular cage
1727CH4 - x = 10.9117 - Irregular cage
1729CH4 - x =  0.6286 - Not in a cage
1730CH4 - x =  0.2167 - Irregular cage
1731CH4 - x =  2.1819 - Irregular cage
1732CH4 - x =  4.4369 - Irregular cage
1733CH4 - x =  8.5194 - Large cage
1734CH4 - x =  1.0456 - Not in a cage
1735CH4 - x =  9.7625 - Interface cage
1736CH4 - x =  3.7375 - Large cage
1737CH4 - x =  0.5918 - Not in a cage
1738CH4 - x =  0.3843 - Irregular cage
1739CH4 - x =  3.8069 - Irregular cage
1740CH4 - x =  6.9954 - Irregular cage
1741CH4 - x = 10.9764 - Not in a cage
1742CH4 - x =  0.4658 - Not in a cage
1743CH4 - x =  8.4895 - Irregular cage
1744CH4 - x =  3.7531 - Large cage
1747CH4 - x =  4.0526 - Large cage
1748CH4 - x =  7.6686 - Irregular cage
1749CH4 - x =  0.4173 - Not in a cage
1750CH4 - x =  3.7753 - Irregular cage
1752CH4 - x =  3.4021 - Irregular cage
1753CH4 - x =  1.5091 - Irregular cage
1754CH4 - x =  9.1166 - Irregular cage
1756CH4 - x = 10.8675 - Not in a cage
1758CH4 - x = 10.8164 - Irregular cage
1759CH4 - x =  8.9942 - Irregular cage
1761CH4 - x = 10.6913 - Irregular cage
1762CH4 - x = 10.8847 - Irregular cage
1764CH4 - x =  3.1776 - Interface cage
1765CH4 - x =  3.4839 - Irregular cage
1766CH4 - x =  7.9446 - Large cage
1767CH4 - x =  3.7745 - Large cage
1769CH4 - x =  3.7628 - Small cage
1770CH4 - x =  4.3764 - Irregular cage
1771CH4 - x =  4.6666 - Irregular cage
1772CH4 - x =  4.0764 - Large cage
1773CH4 - x =  0.3605 - Not in a cage
1774CH4 - x =  9.1288 - Large cage
1775CH4 - x = 11.0823 - Irregular cage
1782CH4 - x =  7.8836 - Irregular cage
1784CH4 - x =  4.4634 - Irregular cage
1785CH4 - x =  4.9661 - Irregular cage
1786CH4 - x =  4.9218 - Irregular cage
1787CH4 - x =  4.9176 - Irregular cage
1788CH4 - x =  5.5129 - Irregular cage
1789CH4 - x =  5.5566 - Small cage
1790CH4 - x =  5.5173 - Small cage
1791CH4 - x =  4.9708 - Small cage
1792CH4 - x =  5.5446 - Small cage
1793CH4 - x =  4.9618 - Irregular cage
1794CH4 - x =  5.5657 - Irregular cage
1795CH4 - x =  5.5006 - Large cage
1796CH4 - x =  4.9573 - Irregular cage
1797CH4 - x =  5.5221 - Irregular cage
1798CH4 - x =  5.5663 - Large cage
1799CH4 - x =  5.9076 - Irregular cage
1800CH4 - x =  5.6280 - Irregular cage
1801CH4 - x =  4.9145 - Large cage
1802CH4 - x =  5.2226 - Irregular cage
1803CH4 - x =  5.8594 - Large cage
1804CH4 - x =  4.8698 - Irregular cage
1805CH4 - x =  5.8492 - Large cage
1806CH4 - x =  7.3136 - Irregular cage
1807CH4 - x =  5.5645 - Large cage
1808CH4 - x =  5.2532 - Large cage
1809CH4 - x =  5.3119 - Irregular cage
1810CH4 - x =  5.2208 - Irregular cage
1811CH4 - x =  4.9680 - Large cage
1812CH4 - x =  5.4620 - Irregular cage
1813CH4 - x =  4.9756 - Irregular cage
1814CH4 - x =  5.7644 - Large cage
1815CH4 - x =  5.5411 - Large cage
1816CH4 - x = 11.1754 - Irregular cage
1817CH4 - x =  6.1233 - Small cage
1818CH4 - x =  6.1231 - Small cage
1819CH4 - x =  6.4399 - Large cage
1820CH4 - x =  6.1134 - Irregular cage
1821CH4 - x =  6.0821 - Large cage
1822CH4 - x =  6.0843 - Irregular cage
1823CH4 - x =  6.0855 - Large cage
1824CH4 - x =  6.1767 - Irregular cage
1825CH4 - x =  6.1161 - Large cage
1826CH4 - x =  6.2177 - Large cage
1827CH4 - x =  6.0735 - Irregular cage
1828CH4 - x =  6.1805 - Large cage
1834CH4 - x =  8.4999 - Large cage
1835CH4 - x =  0.4207 - Not in a cage
1836CH4 - x =  0.4535 - Irregular cage
1837CH4 - x =  0.1471 - Irregular cage
1839CH4 - x =  8.2715 - Irregular cage
1840CH4 - x = 10.2039 - Irregular cage
1843CH4 - x =  6.6997 - Small cage
1846CH4 - x =  9.0922 - Small cage
1848CH4 - x =  7.9470 - Small cage
1849CH4 - x =  9.6812 - Irregular cage
1850CH4 - x =  6.7283 - Small cage
1851CH4 - x = 10.5641 - Not in a cage
1853CH4 - x =  7.6126 - Large cage
1854CH4 - x =  0.4557 - Irregular cage
1855CH4 - x = 11.0048 - Irregular cage
1857CH4 - x =  6.7935 - Large cage
1858CH4 - x = 10.5046 - Irregular cage
1859CH4 - x =  9.0948 - Large cage
1862CH4 - x =  7.3398 - Large cage
1863CH4 - x =  7.9380 - Small cage
1864CH4 - x =  7.6269 - Irregular cage
1866CH4 - x =  7.3722 - Large cage
1868CH4 - x =  7.3296 - Small cage
1869CH4 - x =  3.6942 - Small cage
1870CH4 - x =  0.3993 - Not in a cage
1871CH4 - x =  8.4832 - Irregular cage
1873CH4 - x =  6.7662 - Large cage
1875CH4 - x =  3.2093 - Interface cage
1876CH4 - x = 11.0204 - Irregular cage
1877CH4 - x =  9.6504 - Irregular cage
1878CH4 - x =  8.7777 - Large cage
1879CH4 - x =  0.2164 - Irregular cage
1883CH4 - x =  3.1325 - Interface cage
1884CH4 - x =  8.7697 - Large cage
1887CH4 - x =  9.7923 - Irregular cage
1889CH4 - x =  9.4044 - Small cage
1890CH4 - x = 10.9831 - Irregular cage
1891CH4 - x =  9.6756 - Irregular cage
1892CH4 - x =  3.1632 - Interface cage
1893CH4 - x =  7.3319 - Large cage
1894CH4 - x =  9.6041 - Irregular cage
1895CH4 - x =  6.4525 - Large cage
1899CH4 - x =  6.7602 - Large cage
1900CH4 - x =  9.4175 - Irregular cage
1901CH4 - x = 10.8879 - Irregular cage
1902CH4 - x =  7.9015 - Small cage
1905CH4 - x =  7.9549 - Large cage
1907CH4 - x =  0.7015 - Not in a cage
1910CH4 - x =  0.3420 - Not in a cage
1911CH4 - x =  7.9514 - Large cage
1912CH4 - x =  7.3650 - Irregular cage
1913CH4 - x =  7.3246 - Small cage
1914CH4 - x =  0.2716 - Irregular cage
1915CH4 - x = 10.6652 - Irregular cage
1916CH4 - x = 10.8592 - Irregular cage
1918CH4 - x =  8.5214 - Irregular cage
1919CH4 - x =  9.3768 - Small cage
1920CH4 - x =  8.5058 - Irregular cage
1921CH4 - x =  3.1977 - Irregular cage
1923CH4 - x =  6.7442 - Small cage
1924CH4 - x =  0.2466 - Irregular cage
1925CH4 - x = 10.7779 - Irregular cage
1926CH4 - x =  0.3436 - Not in a cage
1927CH4 - x =  9.7030 - Irregular cage
1929CH4 - x =  0.4686 - Not in a cage
1930CH4 - x =  0.3495 - Not in a cage
1933CH4 - x =  9.3625 - Irregular cage
1937CH4 - x =  9.1550 - Large cage
1938CH4 - x =  0.3910 - Irregular cage
1939CH4 - x =  0.3558 - Irregular cage
1940CH4 - x =  0.2649 - Irregular cage
1946CH4 - x =  9.1307 - Irregular cage
1947CH4 - x =  9.0593 - Irregular cage
1948CH4 - x = 10.3563 - Irregular cage
1949CH4 - x =  7.9236 - Small cage
1951CH4 - x =  7.6580 - Large cage
1952CH4 - x = 10.6752 - Not in a cage
1955CH4 - x =  6.7696 - Large cage
1958CH4 - x =  0.2926 - Irregular cage
1959CH4 - x =  0.4712 - Irregular cage
1961CH4 - x = 10.8682 - Irregular cage
1965CH4 - x = 10.9179 - Not in a cage
1967CH4 - x =  0.5225 - Irregular cage
1968CH4 - x = 10.7080 - Not in a cage
1972CH4 - x =  6.7293 - Large cage
1973CH4 - x =  0.2247 - Not in a cage
1974CH4 - x =  1.7890 - Not in a cage
1976CH4 - x =  0.3384 - Irregular cage
1977CH4 - x =  1.1303 - Not in a cage
1978CH4 - x =  3.4698 - Irregular cage
1980CH4 - x =  6.6834 - Irregular cage
1981CH4 - x =  9.0857 - Irregular cage
1982CH4 - x =  7.0808 - Irregular cage
1984CH4 - x = 10.0948 - Irregular cage
1987CH4 - x = 10.8204 - Irregular cage
1988CH4 - x =  3.0961 - Irregular cage
Done. Elapsed time: 39.345 s
Total time 53.546 s

Small cages: 26 found
Large cages: 56 found
Interface cages: 5 found
Irregular cages: 119 found

-------------------- FRAME 1111 --------------------

Computing AOP ...
Done. Elapsed time: 14.223 s

Computing neighbours with low AOP and hydrogen bonds ...
1657CH4 - x =  4.1078 - Large cage
1658CH4 - x =  8.2410 - Large cage
1661CH4 - x =  8.6567 - Irregular cage
1662CH4 - x =  4.6796 - Irregular cage
1665CH4 - x =  7.3146 - Large cage
1666CH4 - x =  8.5069 - Large cage
1667CH4 - x =  0.2283 - Irregular cage
1668CH4 - x =  3.7647 - Irregular cage
1669CH4 - x =  4.9809 - Large cage
1672CH4 - x =  0.5304 - Irregular cage
1673CH4 - x =  3.1607 - Interface cage
1674CH4 - x =  9.1745 - Irregular cage
1677CH4 - x =  9.1084 - Irregular cage
1680CH4 - x =  4.4370 - Irregular cage
1681CH4 - x =  3.2975 - Irregular cage
1682CH4 - x =  4.6421 - Large cage
1687CH4 - x =  4.4025 - Large cage
1688CH4 - x =  2.5567 - Not in a cage
1689CH4 - x =  0.8138 - Irregular cage
1690CH4 - x =  7.9292 - Large cage
1691CH4 - x =  8.4816 - Irregular cage
1692CH4 - x =  8.5756 - Large cage
1693CH4 - x =  7.9062 - Irregular cage
1695CH4 - x =  3.7469 - Irregular cage
1697CH4 - x = 10.8530 - Not in a cage
1698CH4 - x =  4.7220 - Large cage
1699CH4 - x =  4.3965 - Irregular cage
1701CH4 - x =  6.7381 - Large cage
1702CH4 - x =  4.4568 - Large cage
1703CH4 - x = 10.8595 - Irregular cage
1704CH4 - x =  4.3982 - Small cage
1705CH4 - x =  3.7985 - Irregular cage
1706CH4 - x =  3.2215 - Irregular cage
1710CH4 - x =  4.3817 - Large cage
1711CH4 - x =  4.3648 - Large cage
1712CH4 - x =  2.3526 - Irregular cage
1713CH4 - x =  3.7959 - Large cage
1715CH4 - x = 10.0124 - Irregular cage
1716CH4 - x =  4.4050 - Small cage
1717CH4 - x =  0.2684 - Not in a cage
1718CH4 - x = 10.6926 - Not in a cage
1719CH4 - x =  5.0443 - Large cage
1720CH4 - x = 10.8620 - Not in a cage
1722CH4 - x =  0.1088 - Not in a cage
1723CH4 - x =  2.3393 - Not in a cage
1724CH4 - x = 10.8311 - Irregular cage
1725CH4 - x =  3.8144 - Small cage
1726CH4 - x =  9.6069 - Interface cage
1732CH4 - x =  4.3790 - Large cage
1733CH4 - x =  8.5125 - Irregular cage
1736CH4 - x =  3.7023 - Irregular cage
1738CH4 - x =  0.4592 - Irregular cage
1739CH4 - x =  3.7642 - Irregular cage
1740CH4 - x =  7.0672 - Large cage
1741CH4 - x =  2.4175 - Not in a cage
1743CH4 - x =  8.5765 - Large cage
1744CH4 - x =  3.8340 - Large cage
1747CH4 - x =  4.1285 - Large cage
1748CH4 - x =  7.6081 - Large cage
1749CH4 - x =  0.3256 - Irregular cage
1750CH4 - x =  3.8021 - Irregular cage
1752CH4 - x =  3.5707 - Irregular cage
1754CH4 - x =  9.2276 - Irregular cage
1757CH4 - x =  0.7334 - Not in a cage
1758CH4 - x =  1.2907 - Irregular cage
1759CH4 - x =  9.0566 - Irregular cage
1760CH4 - x =  0.2863 - Not in a cage
1763CH4 - x =  0.5398 - Not in a cage
1764CH4 - x =  3.2888 - Interface cage
1765CH4 - x =  3.5843 - Irregular cage
1766CH4 - x =  7.9351 - Irregular cage
1767CH4 - x =  3.8472 - Large cage
1769CH4 - x =  3.8273 - Small cage
1770CH4 - x =  4.3987 - Large cage
1771CH4 - x =  4.7518 - Irregular cage
1772CH4 - x =  4.1674 - Large cage
1774CH4 - x =  9.1445 - Small cage
1776CH4 - x =  0.4309 - Irregular cage
1777CH4 - x =  0.8289 - Not in a cage
1779CH4 - x =  1.8245 - Irregular cage
1780CH4 - x = 10.8332 - Irregular cage
1781CH4 - x = 10.7080 - Irregular cage
1782CH4 - x =  7.8612 - Irregular cage
1783CH4 - x =  0.5399 - Not in a cage
1784CH4 - x =  4.3375 - Large cage
1785CH4 - x =  5.0284 - Small cage
1786CH4 - x =  4.9597 - Small cage
1787CH4 - x =  4.9639 - Small cage
1788CH4 - x =  5.5805 - Small cage
1789CH4 - x =  5.5865 - Irregular cage
1790CH4 - x =  5.6022 - Small cage
1791CH4 - x =  4.9554 - Irregular cage
1792CH4 - x =  5.5752 - Small cage
1793CH4 - x =  4.8905 - Irregular cage
1794CH4 - x =  5.5884 - Large cage
1795CH4 - x =  5.6342 - Large cage
1796CH4 - x =  5.0623 - Irregular cage
1797CH4 - x =  5.5892 - Large cage
1798CH4 - x =  5.6200 - Irregular cage
1799CH4 - x =  5.9014 - Large cage
1800CH4 - x =  5.6722 - Irregular cage
1801CH4 - x =  4.9971 - Large cage
1802CH4 - x =  5.2032 - Irregular cage
1803CH4 - x =  5.8651 - Large cage
1804CH4 - x =  4.8885 - Large cage
1805CH4 - x =  5.8837 - Large cage
1806CH4 - x =  7.3162 - Small cage
1807CH4 - x =  5.5187 - Large cage
1808CH4 - x =  5.2778 - Irregular cage
1809CH4 - x =  5.2725 - Irregular cage
1810CH4 - x =  5.3274 - Irregular cage
1811CH4 - x =  5.0283 - Irregular cage
1812CH4 - x =  5.5265 - Irregular cage
1813CH4 - x =  4.9982 - Irregular cage
1814CH4 - x =  5.8704 - Irregular cage
1815CH4 - x =  5.6620 - Large cage
1817CH4 - x =  6.1848 - Irregular cage
1818CH4 - x =  6.1846 - Small cage
1819CH4 - x =  6.4052 - Irregular cage
1820CH4 - x =  6.2110 - Small cage
1821CH4 - x =  6.1296 - Irregular cage
1822CH4 - x =  6.1030 - Large cage
1823CH4 - x =  6.2077 - Large cage
1824CH4 - x =  6.2117 - Irregular cage
1825CH4 - x =  6.1642 - Large cage
1826CH4 - x =  6.1814 - Large cage
1827CH4 - x =  6.2291 - Large cage
1828CH4 - x =  6.1876 - Large cage
1834CH4 - x =  8.4703 - Irregular cage
1837CH4 - x =  0.1466 - Not in a cage
1838CH4 - x =  0.4382 - Not in a cage
1839CH4 - x =  8.2446 - Large cage
1842CH4 - x = 10.4393 - Irregular cage
1843CH4 - x =  6.6899 - Small cage
1844CH4 - x = 10.7574 - Irregular cage
1846CH4 - x =  9.0663 - Irregular cage
1847CH4 - x =  2.8478 - Irregular cage
1848CH4 - x =  7.9558 - Small cage
1849CH4 - x =  9.7634 - Interface cage
1850CH4 - x =  6.7519 - Small cage
1851CH4 - x = 10.5057 - Irregular cage
1852CH4 - x = 10.9079 - Not in a cage
1853CH4 - x =  7.6990 - Large cage
1857CH4 - x =  6.7375 - Irregular cage
1858CH4 - x = 10.7991 - Irregular cage
1859CH4 - x =  9.0984 - Irregular cage
1861CH4 - x =  0.3591 - Not in a cage
1862CH4 - x =  7.3348 - Irregular cage
1863CH4 - x =  7.9628 - Small cage
1864CH4 - x =  7.7126 - Large cage
1865CH4 - x =  0.4755 - Not in a cage
1866CH4 - x =  7.2915 - Irregular cage
1867CH4 - x =  0.6690 - Irregular cage
1868CH4 - x =  7.3612 - Small cage
1869CH4 - x =  3.7566 - Large cage
1871CH4 - x =  8.5385 - Irregular cage
1873CH4 - x =  6.8015 - Large cage
1874CH4 - x = 10.6289 - Not in a cage
1875CH4 - x =  3.2955 - Irregular cage
1878CH4 - x =  8.8018 - Large cage
1879CH4 - x = 10.8913 - Irregular cage
1883CH4 - x =  3.2519 - Interface cage
1884CH4 - x =  8.8587 - Irregular cage
1885CH4 - x =  0.5124 - Not in a cage
1887CH4 - x =  9.7217 - Irregular cage
1889CH4 - x =  9.4773 - Irregular cage
1890CH4 - x =  0.6390 - Not in a cage
1891CH4 - x =  9.7569 - Interface cage
1892CH4 - x =  0.3466 - Not in a cage
1893CH4 - x =  7.3442 - Large cage
1894CH4 - x =  9.6152 - Irregular cage
1895CH4 - x =  6.4729 - Large cage
1896CH4 - x =  3.1888 - Irregular cage
1898CH4 - x =  0.3271 - Not in a cage
1899CH4 - x =  6.7033 - Large cage
1900CH4 - x =  9.4571 - Irregular cage
1901CH4 - x = 10.6722 - Irregular cage
1902CH4 - x =  7.9145 - Irregular cage
1903CH4 - x =  1.8947 - Irregular cage
1905CH4 - x =  8.0089 - Irregular cage
1910CH4 - x =  0.4337 - Irregular cage
1911CH4 - x =  7.9828 - Large cage
1912CH4 - x =  7.3471 - Large cage
1913CH4 - x =  7.2998 - Small cage
1915CH4 - x = 10.8971 - Not in a cage
1916CH4 - x =  2.0621 - Not in a cage
1918CH4 - x =  8.5679 - Irregular cage
1919CH4 - x =  9.3753 - Irregular cage
1920CH4 - x =  8.5221 - Small cage
1921CH4 - x =  3.2290 - Irregular cage
1922CH4 - x =  2.8942 - Interface cage
1923CH4 - x =  6.6898 - Small cage
1926CH4 - x =  0.4276 - Not in a cage
1927CH4 - x =  9.8240 - Irregular cage
1929CH4 - x = 11.1053 - Not in a cage
1930CH4 - x =  0.4295 - Irregular cage
1933CH4 - x =  9.4502 - Irregular cage
1935CH4 - x = 10.9384 - Irregular cage
1936CH4 - x = 10.9927 - Irregular cage
1937CH4 - x =  9.1985 - Irregular cage
1939CH4 - x = 10.9969 - Not in a cage
1940CH4 - x = 10.8463 - Irregular cage
1944CH4 - x = 10.8542 - Irregular cage
1945CH4 - x = 10.7191 - Irregular cage
1946CH4 - x =  9.1624 - Large cage
1947CH4 - x =  9.1055 - Irregular cage
1948CH4 - x =  9.6900 - Irregular cage
1949CH4 - x =  7.9596 - Small cage
1951CH4 - x =  7.6673 - Irregular cage
1952CH4 - x = 10.6338 - Not in a cage
1953CH4 - x = 10.5238 - Not in a cage
1954CH4 - x =  0.2906 - Not in a cage
1955CH4 - x =  6.8243 - Irregular cage
1959CH4 - x =  0.5943 - Not in a cage
1960CH4 - x =  3.4726 - Small cage
1961CH4 - x = 10.9666 - Irregular cage
1970CH4 - x =  0.2597 - Not in a cage
1972CH4 - x =  6.7231 - Large cage
1973CH4 - x =  0.2503 - Not in a cage
1974CH4 - x =  0.4545 - Irregular cage
1977CH4 - x =  0.0318 - Irregular cage
1978CH4 - x =  3.4614 - Irregular cage
1979CH4 - x =  9.7280 - Irregular cage
1980CH4 - x =  6.7422 - Large cage
1981CH4 - x =  9.1675 - Irregular cage
1982CH4 - x =  7.0571 - Large cage
1984CH4 - x =  9.7465 - Irregular cage
1988CH4 - x =  3.1942 - Irregular cage
Done. Elapsed time: 38.917 s
Total time 53.304 s

Small cages: 24 found
Large cages: 57 found
Interface cages: 7 found
Irregular cages: 106 found

-------------------- FRAME 1333 --------------------

Computing AOP ...
Done. Elapsed time: 14.709 s

Computing neighbours with low AOP and hydrogen bonds ...
1657CH4 - x =  4.1157 - Large cage
1658CH4 - x =  8.2536 - Large cage
1659CH4 - x = 11.1290 - Irregular cage
1661CH4 - x =  8.5612 - Irregular cage
1662CH4 - x =  4.7130 - Irregular cage
1663CH4 - x =  9.7231 - Irregular cage
1665CH4 - x =  7.4082 - Small cage
1666CH4 - x =  8.4688 - Large cage
1668CH4 - x =  3.8204 - Small cage
1669CH4 - x =  5.0374 - Large cage
1670CH4 - x = 10.5188 - Irregular cage
1672CH4 - x = 10.7791 - Not in a cage
1673CH4 - x = 11.2434 - Irregular cage
1674CH4 - x =  9.1623 - Large cage
1677CH4 - x =  9.1873 - Irregular cage
1680CH4 - x =  4.3913 - Large cage
1681CH4 - x =  3.2648 - Irregular cage
1682CH4 - x =  4.6814 - Large cage
1685CH4 - x =  9.6829 - Irregular cage
1687CH4 - x =  4.4690 - Irregular cage
1690CH4 - x =  7.8395 - Irregular cage
1691CH4 - x =  8.5614 - Large cage
1692CH4 - x =  8.5488 - Large cage
1693CH4 - x =  7.9238 - Irregular cage
1694CH4 - x = 10.7852 - Irregular cage
1695CH4 - x =  3.7503 - Small cage
1698CH4 - x =  4.6494 - Large cage
1699CH4 - x =  4.3696 - Small cage
1701CH4 - x =  6.6666 - Large cage
1702CH4 - x =  4.3743 - Large cage
1703CH4 - x =  0.3735 - Irregular cage
1704CH4 - x =  4.3714 - Small cage
1705CH4 - x =  3.7936 - Irregular cage
1706CH4 - x =  3.1824 - Irregular cage
1708CH4 - x =  0.2699 - Not in a cage
1710CH4 - x =  4.3877 - Large cage
1711CH4 - x =  4.4055 - Large cage
1712CH4 - x = 11.0277 - Not in a cage
1713CH4 - x =  3.8211 - Large cage
1716CH4 - x =  4.3438 - Small cage
1719CH4 - x =  4.9195 - Large cage
1720CH4 - x =  9.6426 - Irregular cage
1721CH4 - x = 10.8176 - Irregular cage
1723CH4 - x =  3.2602 - Irregular cage
1724CH4 - x = 10.8018 - Not in a cage
1725CH4 - x =  3.7600 - Irregular cage
1726CH4 - x =  9.6748 - Irregular cage
1727CH4 - x =  0.3661 - Not in a cage
1728CH4 - x = 10.7623 - Not in a cage
1729CH4 - x =  9.6855 - Irregular cage
1732CH4 - x =  4.3629 - Large cage
1733CH4 - x =  8.5306 - Large cage
1735CH4 - x =  0.3785 - Not in a cage
1736CH4 - x =  3.8124 - Irregular cage
1739CH4 - x =  3.8568 - Irregular cage
1740CH4 - x =  7.0986 - Large cage
1741CH4 - x =  2.2927 - Irregular cage
1743CH4 - x =  8.5341 - Large cage
1744CH4 - x =  3.7887 - Irregular cage
1747CH4 - x =  4.0479 - Irregular cage
1748CH4 - x =  7.6264 - Large cage
1749CH4 - x = 10.8419 - Irregular cage
1750CH4 - x =  3.8085 - Irregular cage
1752CH4 - x =  2.7407 - Not in a cage
1753CH4 - x =  0.3208 - Irregular cage
1754CH4 - x =  9.1891 - Irregular cage
1755CH4 - x =  0.6788 - Irregular cage
1759CH4 - x =  9.1717 - Irregular cage
1760CH4 - x = 10.5998 - Not in a cage
1761CH4 - x = 10.9319 - Irregular cage
1763CH4 - x =  0.6181 - Not in a cage
1764CH4 - x =  2.6484 - Irregular cage
1765CH4 - x =  3.4747 - Irregular cage
1766CH4 - x =  7.9165 - Large cage
1767CH4 - x =  3.8014 - Large cage
1769CH4 - x =  3.8007 - Irregular cage
1770CH4 - x =  4.4193 - Large cage
1771CH4 - x =  4.6884 - Irregular cage
1772CH4 - x =  4.0638 - Large cage
1774CH4 - x =  9.1398 - Irregular cage
1775CH4 - x = 10.5962 - Not in a cage
1777CH4 - x =  0.4715 - Irregular cage
1778CH4 - x =  0.3528 - Irregular cage
1782CH4 - x =  7.9072 - Large cage
1783CH4 - x = 10.5569 - Not in a cage
1784CH4 - x =  4.3789 - Large cage
1785CH4 - x =  4.9648 - Small cage
1786CH4 - x =  5.0029 - Irregular cage
1787CH4 - x =  4.9685 - Small cage
1788CH4 - x =  5.5464 - Small cage
1789CH4 - x =  5.5417 - Irregular cage
1790CH4 - x =  5.5582 - Small cage
1791CH4 - x =  5.0258 - Irregular cage
1792CH4 - x =  5.5553 - Irregular cage
1793CH4 - x =  4.9931 - Irregular cage
1794CH4 - x =  5.4806 - Large cage
1795CH4 - x =  5.5066 - Irregular cage
1796CH4 - x =  4.8655 - Irregular cage
1797CH4 - x =  5.6034 - Large cage
1798CH4 - x =  5.6213 - Large cage
1799CH4 - x =  5.8401 - Irregular cage
1800CH4 - x =  5.5025 - Large cage
1801CH4 - x =  4.9633 - Large cage
1802CH4 - x =  5.2082 - Large cage
1803CH4 - x =  5.8605 - Large cage
1804CH4 - x =  5.0254 - Large cage
1805CH4 - x =  5.8643 - Irregular cage
1806CH4 - x =  7.4173 - Small cage
1807CH4 - x =  5.5651 - Large cage
1808CH4 - x =  5.2540 - Irregular cage
1809CH4 - x =  5.2557 - Irregular cage
1810CH4 - x =  5.2741 - Irregular cage
1811CH4 - x =  5.0223 - Large cage
1812CH4 - x =  5.5209 - Large cage
1813CH4 - x =  5.0847 - Irregular cage
1814CH4 - x =  5.8585 - Irregular cage
1815CH4 - x =  5.5862 - Irregular cage
1816CH4 - x =  0.6146 - Irregular cage
1817CH4 - x =  6.1883 - Small cage
1818CH4 - x =  6.1526 - Small cage
1819CH4 - x =  6.4236 - Large cage
1820CH4 - x =  6.1337 - Small cage
1821CH4 - x =  6.1929 - Large cage
1822CH4 - x =  6.1271 - Irregular cage
1823CH4 - x =  6.2325 - Irregular cage
1824CH4 - x =  6.1980 - Large cage
1825CH4 - x =  6.1162 - Large cage
1826CH4 - x =  6.0738 - Irregular cage
1827CH4 - x =  6.1817 - Large cage
1828CH4 - x =  6.1436 - Large cage
1829CH4 - x = 10.7146 - Not in a cage
1830CH4 - x =  0.4515 - Irregular cage
1834CH4 - x =  8.5104 - Large cage
1837CH4 - x =  2.3956 - Not in a cage
1838CH4 - x =  2.8550 - Irregular cage
1839CH4 - x =  8.1992 - Large cage
1842CH4 - x =  0.6900 - Not in a cage
1843CH4 - x =  6.7489 - Small cage
1844CH4 - x = 10.5282 - Not in a cage
1846CH4 - x =  9.1085 - Irregular cage
1847CH4 - x =  1.9982 - Not in a cage
1848CH4 - x =  7.9888 - Small cage
1849CH4 - x =  9.7580 - Irregular cage
1850CH4 - x =  6.7395 - Irregular cage
1852CH4 - x =  0.3649 - Irregular cage
1853CH4 - x =  7.6665 - Irregular cage
1856CH4 - x = 10.9954 - Irregular cage
1857CH4 - x =  6.7666 - Large cage
1859CH4 - x =  9.1301 - Large cage
1860CH4 - x = 10.8415 - Irregular cage
1862CH4 - x =  7.2995 - Large cage
1863CH4 - x =  7.9335 - Small cage
1864CH4 - x =  7.6211 - Large cage
1866CH4 - x =  7.3737 - Large cage
1868CH4 - x =  7.3134 - Small cage
1869CH4 - x =  3.7633 - Large cage
1870CH4 - x =  0.0924 - Not in a cage
1871CH4 - x =  8.4908 - Large cage
1872CH4 - x = 10.7903 - Not in a cage
1873CH4 - x =  6.7523 - Large cage
1878CH4 - x =  8.8249 - Large cage
1883CH4 - x =  3.3151 - Interface cage
1884CH4 - x =  8.8404 - Large cage
1887CH4 - x =  9.7299 - Irregular cage
1889CH4 - x =  9.4900 - Small cage
1891CH4 - x =  9.7541 - Irregular cage
1892CH4 - x =  3.1903 - Irregular cage
1893CH4 - x =  7.3847 - Irregular cage
1894CH4 - x =  9.6159 - Interface cage
1895CH4 - x =  6.4243 - Large cage
1896CH4 - x =  1.6313 - Irregular cage
1899CH4 - x =  6.7058 - Large cage
1900CH4 - x =  9.3584 - Irregular cage
1901CH4 - x =  0.2238 - Irregular cage
1902CH4 - x =  7.9361 - Small cage
1903CH4 - x =  0.4227 - Irregular cage
1904CH4 - x = 10.7085 - Irregular cage
1905CH4 - x =  8.0309 - Irregular cage
1907CH4 - x =  0.3707 - Irregular cage
1908CH4 - x = 11.0839 - Irregular cage
1909CH4 - x =  0.4400 - Irregular cage
1911CH4 - x =  7.9473 - Irregular cage
1912CH4 - x =  7.2520 - Large cage
1913CH4 - x =  7.3409 - Small cage
1916CH4 - x =  0.1833 - Not in a cage
1917CH4 - x =  0.3894 - Irregular cage
1918CH4 - x =  8.5442 - Small cage
1919CH4 - x =  9.4268 - Irregular cage
1920CH4 - x =  8.5277 - Small cage
1921CH4 - x =  3.1604 - Irregular cage
1923CH4 - x =  6.7746 - Irregular cage
1926CH4 - x =  2.5201 - Irregular cage
1927CH4 - x =  9.6575 - Irregular cage
1928CH4 - x = 10.8987 - Not in a cage
1929CH4 - x =  1.6416 - Not in a cage
1931CH4 - x =  2.2013 - Irregular cage
1932CH4 - x =  0.2972 - Not in a cage
1933CH4 - x =  9.5005 - Irregular cage
1935CH4 - x =  3.2396 - Interface cage
1936CH4 - x =  1.4182 - Not in a cage
1937CH4 - x =  9.0589 - Large cage
1941CH4 - x =  1.2596 - Not in a cage
1943CH4 - x =  0.4135 - Irregular cage
1944CH4 - x = 10.8328 - Irregular cage
1945CH4 - x = 10.7567 - Irregular cage
1946CH4 - x =  9.0564 - Irregular cage
1947CH4 - x =  9.0503 - Small cage
1948CH4 - x = 10.7802 - Not in a cage
1949CH4 - x =  7.9382 - Small cage
1951CH4 - x =  7.6261 - Large cage
1953CH4 - x =  1.5751 - Not in a cage
1955CH4 - x =  6.7394 - Large cage
1958CH4 - x =  0.4113 - Not in a cage
1959CH4 - x =  0.3404 - Not in a cage
1960CH4 - x =  3.5012 - Irregular cage
1961CH4 - x = 10.9073 - Not in a cage
1964CH4 - x =  1.0948 - Irregular cage
1965CH4 - x = 10.0254 - Irregular cage
1967CH4 - x =  0.7233 - Irregular cage
1970CH4 - x = 10.8705 - Not in a cage
1972CH4 - x =  6.7081 - Large cage
1973CH4 - x = 10.8437 - Not in a cage
1975CH4 - x =  1.5686 - Irregular cage
1976CH4 - x =  0.7885 - Not in a cage
1977CH4 - x =  9.6849 - Interface cage
1978CH4 - x =  3.5010 - Irregular cage
1979CH4 - x =  9.8774 - Irregular cage
1980CH4 - x =  6.7070 - Irregular cage
1981CH4 - x =  9.1109 - Small cage
1982CH4 - x =  7.0621 - Large cage
1988CH4 - x =  2.7270 - Irregular cage
Done. Elapsed time: 39.821 s
Total time 54.698 s

Small cages: 26 found
Large cages: 64 found
Interface cages: 4 found
Irregular cages: 104 found

-------------------- FRAME 1555 --------------------

Computing AOP ...
Done. Elapsed time: 14.314 s

Computing neighbours with low AOP and hydrogen bonds ...
1657CH4 - x =  4.0500 - Irregular cage
1658CH4 - x =  8.2490 - Irregular cage
1661CH4 - x =  8.4881 - Large cage
1662CH4 - x =  4.6990 - Irregular cage
1663CH4 - x =  9.6921 - Irregular cage
1664CH4 - x = 10.7802 - Not in a cage
1665CH4 - x =  7.4103 - Irregular cage
1666CH4 - x =  8.5084 - Irregular cage
1668CH4 - x =  3.8126 - Irregular cage
1669CH4 - x =  4.9395 - Irregular cage
1672CH4 - x =  0.3764 - Irregular cage
1673CH4 - x = 10.8383 - Not in a cage
1674CH4 - x =  9.1255 - Irregular cage
1677CH4 - x =  9.1441 - Irregular cage
1678CH4 - x = 10.7948 - Not in a cage
1680CH4 - x =  4.3747 - Irregular cage
1681CH4 - x =  0.4392 - Irregular cage
1682CH4 - x =  4.7151 - Irregular cage
1685CH4 - x =  9.6667 - Interface cage
1687CH4 - x =  4.3520 - Irregular cage
1688CH4 - x = 10.5730 - Not in a cage
1690CH4 - x =  7.8706 - Irregular cage
1691CH4 - x =  8.4918 - Irregular cage
1692CH4 - x =  8.5215 - Irregular cage
1693CH4 - x =  7.8423 - Irregular cage
1694CH4 - x =  3.5261 - Interface cage
1695CH4 - x =  4.0194 - Irregular cage
1697CH4 - x =  0.3541 - Irregular cage
1698CH4 - x =  4.6902 - Large cage
1699CH4 - x =  4.3872 - Irregular cage
1700CH4 - x = 10.6878 - Irregular cage
1701CH4 - x =  6.7879 - Irregular cage
1702CH4 - x =  4.3274 - Irregular cage
1704CH4 - x =  4.4023 - Small cage
1705CH4 - x =  3.7723 - Irregular cage
1707CH4 - x = 10.9363 - Irregular cage
1708CH4 - x =  0.3273 - Not in a cage
1709CH4 - x =  0.5781 - Not in a cage
1710CH4 - x =  4.3617 - Irregular cage
1711CH4 - x =  4.3908 - Irregular cage
1713CH4 - x =  3.8779 - Irregular cage
1714CH4 - x =  9.9602 - Interface cage
1716CH4 - x =  4.3424 - Irregular cage
1718CH4 - x = 10.6146 - Irregular cage
1719CH4 - x =  4.8780 - Irregular cage
1720CH4 - x =  9.5857 - Irregular cage
1722CH4 - x =  0.3565 - Not in a cage
1723CH4 - x =  2.0270 - Not in a cage
1725CH4 - x =  3.8148 - Irregular cage
1726CH4 - x =  9.6559 - Irregular cage
1729CH4 - x =  9.6168 - Irregular cage
1730CH4 - x =  3.2613 - Irregular cage
1732CH4 - x =  4.4431 - Irregular cage
1733CH4 - x =  8.5231 - Large cage
1734CH4 - x =  1.5346 - Irregular cage
1736CH4 - x =  3.7730 - Irregular cage
1739CH4 - x =  3.8421 - Irregular cage
1740CH4 - x =  7.0712 - Large cage
1741CH4 - x =  2.8300 - Irregular cage
1743CH4 - x =  8.4603 - Large cage
1744CH4 - x =  3.8353 - Irregular cage
1746CH4 - x =  0.2972 - Not in a cage
1747CH4 - x =  4.0800 - Irregular cage
1748CH4 - x =  7.6323 - Large cage
1749CH4 - x =  2.2611 - Irregular cage
1750CH4 - x =  3.8405 - Irregular cage
1752CH4 - x =  0.4126 - Not in a cage
1754CH4 - x =  9.1277 - Irregular cage
1755CH4 - x =  3.2688 - Irregular cage
1759CH4 - x =  9.0740 - Irregular cage
1760CH4 - x =  0.4951 - Not in a cage
1764CH4 - x = 10.6782 - Irregular cage
1765CH4 - x =  2.1873 - Irregular cage
1766CH4 - x =  7.9146 - Large cage
1767CH4 - x =  3.8366 - Irregular cage
1768CH4 - x =  0.1098 - Not in a cage
1769CH4 - x =  3.7958 - Irregular cage
1770CH4 - x =  4.3558 - Large cage
1771CH4 - x =  4.6582 - Large cage
1772CH4 - x =  4.0369 - Large cage
1774CH4 - x =  9.1474 - Irregular cage
1777CH4 - x =  2.0413 - Irregular cage
1778CH4 - x = 10.0944 - Irregular cage
1782CH4 - x =  7.9051 - Irregular cage
1784CH4 - x =  4.3460 - Large cage
1785CH4 - x =  4.9649 - Small cage
1786CH4 - x =  4.9508 - Irregular cage
1787CH4 - x =  4.9631 - Small cage
1788CH4 - x =  5.5706 - Small cage
1789CH4 - x =  5.5486 - Irregular cage
1790CH4 - x =  5.5302 - Irregular cage
1791CH4 - x =  4.9551 - Irregular cage
1792CH4 - x =  5.5432 - Irregular cage
1793CH4 - x =  4.9127 - Irregular cage
1794CH4 - x =  5.5653 - Irregular cage
1795CH4 - x =  5.4823 - Irregular cage
1796CH4 - x =  5.0166 - Irregular cage
1797CH4 - x =  5.5563 - Large cage
1798CH4 - x =  5.6056 - Irregular cage
1799CH4 - x =  5.8342 - Irregular cage
1800CH4 - x =  5.5785 - Irregular cage
1801CH4 - x =  5.0114 - Irregular cage
1802CH4 - x =  5.3200 - Large cage
1803CH4 - x =  5.8047 - Large cage
1804CH4 - x =  4.9323 - Large cage
1805CH4 - x =  5.8637 - Irregular cage
1806CH4 - x =  7.3790 - Small cage
1807CH4 - x =  5.5395 - Irregular cage
1808CH4 - x =  5.2260 - Small cage
1809CH4 - x =  5.2896 - Large cage
1810CH4 - x =  5.2565 - Large cage
1811CH4 - x =  4.9346 - Irregular cage
1812CH4 - x =  5.5599 - Small cage
1813CH4 - x =  4.9935 - Irregular cage
1814CH4 - x =  5.8133 - Irregular cage
1815CH4 - x =  5.5469 - Small cage
1816CH4 - x = 11.0047 - Not in a cage
1817CH4 - x =  6.1652 - Small cage
1818CH4 - x =  6.1318 - Irregular cage
1819CH4 - x =  6.4527 - Large cage
1820CH4 - x =  6.1956 - Irregular cage
1821CH4 - x =  6.2386 - Small cage
1822CH4 - x =  6.1863 - Large cage
1823CH4 - x =  6.2042 - Irregular cage
1824CH4 - x =  6.1646 - Irregular cage
1825CH4 - x =  6.1359 - Irregular cage
1826CH4 - x =  6.1937 - Large cage
1827CH4 - x =  6.1174 - Small cage
1828CH4 - x =  6.1527 - Large cage
1829CH4 - x =  3.1888 - Interface cage
1830CH4 - x = 10.7677 - Not in a cage
1831CH4 - x =  0.4658 - Not in a cage
1833CH4 - x =  0.5634 - Not in a cage
1834CH4 - x =  8.4477 - Irregular cage
1836CH4 - x = 10.7991 - Irregular cage
1837CH4 - x =  0.9087 - Irregular cage
1839CH4 - x =  8.1859 - Large cage
1840CH4 - x =  0.2936 - Not in a cage
1842CH4 - x = 11.0909 - Not in a cage
1843CH4 - x =  6.7229 - Irregular cage
1844CH4 - x =  0.3208 - Irregular cage
1846CH4 - x =  9.0741 - Small cage
1847CH4 - x =  0.1338 - Not in a cage
1848CH4 - x =  7.8952 - Irregular cage
1849CH4 - x =  9.6998 - Irregular cage
1850CH4 - x =  6.7691 - Irregular cage
1853CH4 - x =  7.6676 - Large cage
1856CH4 - x = 10.9845 - Not in a cage
1857CH4 - x =  6.7326 - Large cage
1859CH4 - x =  9.1172 - Irregular cage
1860CH4 - x =  1.1313 - Irregular cage
1861CH4 - x =  0.2373 - Not in a cage
1862CH4 - x =  7.3420 - Irregular cage
1863CH4 - x =  7.9027 - Small cage
1864CH4 - x =  7.6439 - Large cage
1865CH4 - x =  0.0727 - Irregular cage
1866CH4 - x =  7.3803 - Large cage
1868CH4 - x =  7.3344 - Small cage
1869CH4 - x =  3.8670 - Irregular cage
1871CH4 - x =  8.4670 - Large cage
1872CH4 - x =  2.3823 - Irregular cage
1873CH4 - x =  6.7923 - Irregular cage
1875CH4 - x = 10.7304 - Irregular cage
1876CH4 - x =  0.7159 - Irregular cage
1878CH4 - x =  8.7991 - Irregular cage
1879CH4 - x = 11.0478 - Irregular cage
1880CH4 - x =  0.0562 - Irregular cage
1884CH4 - x =  8.8065 - Irregular cage
1885CH4 - x =  1.7088 - Irregular cage
1886CH4 - x = 10.8365 - Irregular cage
1887CH4 - x =  9.6826 - Irregular cage
1889CH4 - x =  9.4331 - Large cage
1890CH4 - x = 11.0259 - Irregular cage
1891CH4 - x =  9.5943 - Irregular cage
1892CH4 - x =  1.3171 - Irregular cage
1893CH4 - x =  7.3143 - Large cage
1894CH4 - x =  9.7153 - Irregular cage
1895CH4 - x =  6.5500 - Irregular cage
1899CH4 - x =  6.7523 - Irregular cage
1900CH4 - x =  9.5057 - Irregular cage
1902CH4 - x =  7.9336 - Irregular cage
1905CH4 - x =  7.9220 - Large cage
1906CH4 - x = 11.0116 - Not in a cage
1909CH4 - x =  0.5022 - Not in a cage
1911CH4 - x =  7.9580 - Large cage
1912CH4 - x =  7.3119 - Large cage
1913CH4 - x =  7.3571 - Irregular cage
1914CH4 - x = 10.6569 - Irregular cage
1918CH4 - x =  8.4717 - Small cage
1919CH4 - x =  9.4730 - Large cage
1920CH4 - x =  8.4973 - Small cage
1923CH4 - x =  6.7038 - Small cage
1924CH4 - x =  2.2278 - Irregular cage
1927CH4 - x =  9.6726 - Irregular cage
1928CH4 - x = 10.9555 - Not in a cage
1929CH4 - x =  1.4172 - Irregular cage
1930CH4 - x = 10.8378 - Irregular cage
1933CH4 - x =  9.3896 - Irregular cage
1935CH4 - x =  0.3458 - Irregular cage
1937CH4 - x =  9.1635 - Irregular cage
1938CH4 - x = 10.7581 - Irregular cage
1940CH4 - x = 10.7762 - Not in a cage
1942CH4 - x = 10.3932 - Not in a cage
1946CH4 - x =  9.1002 - Irregular cage
1947CH4 - x =  9.0921 - Small cage
1948CH4 - x = 10.1095 - Interface cage
1949CH4 - x =  7.9216 - Irregular cage
1950CH4 - x =  1.1387 - Not in a cage
1951CH4 - x =  7.5877 - Irregular cage
1955CH4 - x =  6.7488 - Large cage
1956CH4 - x =  0.7712 - Irregular cage
1960CH4 - x =  3.8854 - Irregular cage
1962CH4 - x = 10.7932 - Not in a cage
1967CH4 - x =  0.3554 - Irregular cage
1972CH4 - x =  6.7252 - Large cage
1975CH4 - x =  3.5393 - Interface cage
1977CH4 - x =  9.7405 - Interface cage
1978CH4 - x =  0.6538 - Irregular cage
1979CH4 - x =  9.7063 - Irregular cage
1980CH4 - x =  6.7985 - Irregular cage
1981CH4 - x =  9.1073 - Irregular cage
1982CH4 - x =  6.9992 - Irregular cage
1985CH4 - x =  0.5145 - Irregular cage
1986CH4 - x = 10.9169 - Not in a cage
1988CH4 - x =  2.9956 - Irregular cage
Done. Elapsed time: 37.489 s
Total time 51.970 s

Small cages: 18 found
Large cages: 35 found
Interface cages: 7 found
Irregular cages: 136 found

-------------------- FRAME 1777 --------------------

Computing AOP ...
Done. Elapsed time: 14.443 s

Computing neighbours with low AOP and hydrogen bonds ...
1657CH4 - x =  4.1151 - Irregular cage
1658CH4 - x =  8.3160 - Large cage
1661CH4 - x =  8.5824 - Large cage
1662CH4 - x =  4.6355 - Large cage
1663CH4 - x =  9.7965 - Irregular cage
1664CH4 - x =  0.2565 - Irregular cage
1665CH4 - x =  7.3215 - Irregular cage
1666CH4 - x =  8.5908 - Large cage
1667CH4 - x = 10.7008 - Not in a cage
1668CH4 - x =  3.8655 - Interface cage
1669CH4 - x =  4.9487 - Large cage
1672CH4 - x = 10.9807 - Not in a cage
1673CH4 - x =  1.9470 - Irregular cage
1674CH4 - x =  9.1795 - Irregular cage
1675CH4 - x =  1.9076 - Irregular cage
1676CH4 - x =  1.9624 - Irregular cage
1677CH4 - x =  9.1783 - Large cage
1678CH4 - x =  0.2315 - Not in a cage
1680CH4 - x =  4.4245 - Irregular cage
1681CH4 - x = 10.1104 - Interface cage
1682CH4 - x =  4.7174 - Large cage
1684CH4 - x =  0.8698 - Irregular cage
1685CH4 - x =  9.7639 - Irregular cage
1686CH4 - x =  0.3068 - Not in a cage
1687CH4 - x =  4.4186 - Irregular cage
1690CH4 - x =  8.0240 - Large cage
1691CH4 - x =  8.6422 - Large cage
1692CH4 - x =  8.5882 - Irregular cage
1693CH4 - x =  8.0092 - Large cage
1695CH4 - x =  4.1156 - Irregular cage
1698CH4 - x =  4.6866 - Large cage
1699CH4 - x =  4.3827 - Irregular cage
1700CH4 - x = 11.0458 - Irregular cage
1701CH4 - x =  6.7296 - Irregular cage
1702CH4 - x =  4.3937 - Irregular cage
1703CH4 - x = 10.7158 - Not in a cage
1704CH4 - x =  4.4054 - Small cage
1705CH4 - x =  3.2526 - Irregular cage
1710CH4 - x =  4.3741 - Large cage
1711CH4 - x =  4.4507 - Irregular cage
1713CH4 - x =  3.8071 - Irregular cage
1716CH4 - x =  4.3525 - Small cage
1719CH4 - x =  5.0139 - Large cage
1720CH4 - x =  9.6685 - Irregular cage
1722CH4 - x = 10.8987 - Irregular cage
1724CH4 - x =  0.8874 - Not in a cage
1725CH4 - x =  3.7356 - Interface cage
1726CH4 - x = 10.8187 - Not in a cage
1728CH4 - x =  0.4274 - Irregular cage
1729CH4 - x =  9.6439 - Irregular cage
1730CH4 - x =  1.4336 - Irregular cage
1731CH4 - x =  0.1139 - Irregular cage
1732CH4 - x =  4.4272 - Irregular cage
1733CH4 - x =  8.5942 - Large cage
1735CH4 - x =  0.4543 - Not in a cage
1736CH4 - x =  3.7808 - Irregular cage
1739CH4 - x =  3.8033 - Irregular cage
1740CH4 - x =  7.1371 - Large cage
1741CH4 - x =  3.5668 - Interface cage
1743CH4 - x =  8.5841 - Irregular cage
1744CH4 - x =  3.7442 - Irregular cage
1747CH4 - x =  4.0757 - Irregular cage
1748CH4 - x =  7.6153 - Irregular cage
1749CH4 - x =  1.2766 - Irregular cage
1750CH4 - x =  3.8755 - Interface cage
1751CH4 - x =  0.2039 - Irregular cage
1752CH4 - x = 10.7784 - Irregular cage
1754CH4 - x =  9.1629 - Irregular cage
1757CH4 - x = 12.7444 - Not in a cage
1759CH4 - x =  9.1160 - Irregular cage
1760CH4 - x =  0.7977 - Irregular cage
1761CH4 - x =  0.8492 - Irregular cage
1762CH4 - x =  0.0510 - Not in a cage
1763CH4 - x =  1.5930 - Irregular cage
1764CH4 - x = 10.9134 - Not in a cage
1765CH4 - x =  2.5080 - Interface cage
1766CH4 - x =  7.9880 - Irregular cage
1767CH4 - x =  3.8666 - Irregular cage
1769CH4 - x =  3.6661 - Interface cage
1770CH4 - x =  4.3794 - Large cage
1771CH4 - x =  4.6370 - Irregular cage
1772CH4 - x =  4.1148 - Irregular cage
1774CH4 - x =  9.1593 - Large cage
1777CH4 - x =  0.3148 - Irregular cage
1778CH4 - x = 10.1790 - Interface cage
1782CH4 - x =  7.9443 - Large cage
1783CH4 - x = 11.1283 - Irregular cage
1784CH4 - x =  4.4101 - Large cage
1785CH4 - x =  5.0173 - Small cage
1786CH4 - x =  4.9442 - Small cage
1787CH4 - x =  4.9914 - Small cage
1788CH4 - x =  5.6021 - Small cage
1789CH4 - x =  5.5546 - Small cage
1790CH4 - x =  5.6292 - Small cage
1791CH4 - x =  4.9906 - Small cage
1792CH4 - x =  5.5703 - Small cage
1793CH4 - x =  4.9664 - Irregular cage
1794CH4 - x =  5.5519 - Large cage
1795CH4 - x =  5.5720 - Large cage
1796CH4 - x =  5.0509 - Large cage
1797CH4 - x =  5.5247 - Large cage
1798CH4 - x =  5.5753 - Large cage
1799CH4 - x =  5.8348 - Large cage
1800CH4 - x =  5.5799 - Large cage
1801CH4 - x =  4.9285 - Irregular cage
1802CH4 - x =  5.2441 - Irregular cage
1803CH4 - x =  5.8359 - Irregular cage
1804CH4 - x =  5.0326 - Large cage
1805CH4 - x =  5.9020 - Large cage
1806CH4 - x =  7.3674 - Irregular cage
1807CH4 - x =  5.5532 - Large cage
1808CH4 - x =  5.2595 - Irregular cage
1809CH4 - x =  5.2796 - Irregular cage
1810CH4 - x =  5.2408 - Large cage
1811CH4 - x =  4.9429 - Large cage
1812CH4 - x =  5.6199 - Irregular cage
1813CH4 - x =  5.0041 - Large cage
1814CH4 - x =  5.8943 - Irregular cage
1815CH4 - x =  5.5747 - Large cage
1817CH4 - x =  6.1637 - Small cage
1818CH4 - x =  6.1595 - Small cage
1819CH4 - x =  6.5137 - Large cage
1820CH4 - x =  6.2376 - Small cage
1821CH4 - x =  6.1986 - Irregular cage
1822CH4 - x =  6.1761 - Large cage
1823CH4 - x =  6.2405 - Large cage
1824CH4 - x =  6.1987 - Large cage
1825CH4 - x =  6.2068 - Large cage
1826CH4 - x =  6.2031 - Large cage
1827CH4 - x =  6.1889 - Irregular cage
1828CH4 - x =  6.1600 - Large cage
1831CH4 - x =  0.6171 - Irregular cage
1833CH4 - x =  1.4080 - Not in a cage
1834CH4 - x =  8.4963 - Irregular cage
1835CH4 - x =  0.5304 - Irregular cage
1836CH4 - x = 11.0148 - Irregular cage
1838CH4 - x =  0.5186 - Irregular cage
1839CH4 - x =  8.2701 - Large cage
1840CH4 - x = 10.0217 - Irregular cage
1841CH4 - x =  0.2688 - Irregular cage
1842CH4 - x =  2.9240 - Irregular cage
1843CH4 - x =  6.7509 - Small cage
1844CH4 - x =  0.1639 - Not in a cage
1846CH4 - x =  9.2255 - Small cage
1847CH4 - x = 11.1237 - Not in a cage
1848CH4 - x =  8.0194 - Irregular cage
1849CH4 - x =  9.7387 - Irregular cage
1850CH4 - x =  6.8040 - Small cage
1851CH4 - x = 10.8900 - Irregular cage
1852CH4 - x =  0.5877 - Not in a cage
1853CH4 - x =  7.6972 - Large cage
1855CH4 - x =  2.8395 - Irregular cage
1856CH4 - x = 10.8450 - Irregular cage
1857CH4 - x =  6.8660 - Large cage
1859CH4 - x =  9.1290 - Large cage
1862CH4 - x =  7.3145 - Large cage
1863CH4 - x =  7.9649 - Irregular cage
1864CH4 - x =  7.7209 - Irregular cage
1866CH4 - x =  7.4261 - Irregular cage
1868CH4 - x =  7.3760 - Small cage
1869CH4 - x =  3.8539 - Irregular cage
1871CH4 - x =  8.5842 - Irregular cage
1873CH4 - x =  6.7231 - Large cage
1875CH4 - x =  0.2584 - Not in a cage
1876CH4 - x =  0.4872 - Irregular cage
1878CH4 - x =  8.8291 - Large cage
1881CH4 - x = 10.8921 - Irregular cage
1884CH4 - x =  8.8535 - Large cage
1886CH4 - x =  2.5250 - Irregular cage
1887CH4 - x =  9.7043 - Irregular cage
1889CH4 - x =  9.4095 - Irregular cage
1891CH4 - x =  9.7873 - Small cage
1893CH4 - x =  7.2879 - Irregular cage
1894CH4 - x =  9.7160 - Irregular cage
1895CH4 - x =  6.4922 - Irregular cage
1898CH4 - x =  2.6937 - Not in a cage
1899CH4 - x =  6.7926 - Large cage
1900CH4 - x =  9.4185 - Irregular cage
1902CH4 - x =  7.9925 - Irregular cage
1905CH4 - x =  7.9752 - Irregular cage
1906CH4 - x = 12.7286 - Not in a cage
1909CH4 - x =  3.7900 - Irregular cage
1910CH4 - x = 11.1196 - Not in a cage
1911CH4 - x =  7.9100 - Small cage
1912CH4 - x =  7.2884 - Large cage
1913CH4 - x =  7.3731 - Irregular cage
1914CH4 - x =  2.7513 - Irregular cage
1915CH4 - x =  0.1146 - Irregular cage
1917CH4 - x =  0.5917 - Not in a cage
1918CH4 - x =  8.5670 - Small cage
1919CH4 - x =  9.5854 - Irregular cage
1920CH4 - x =  8.5642 - Small cage
1923CH4 - x =  6.8204 - Small cage
1927CH4 - x =  9.7196 - Irregular cage
1931CH4 - x = 11.1732 - Not in a cage
1933CH4 - x =  9.4723 - Irregular cage
1934CH4 - x = 11.0213 - Not in a cage
1935CH4 - x = 11.0661 - Irregular cage
1936CH4 - x =  0.2886 - Irregular cage
1937CH4 - x =  9.3085 - Small cage
1938CH4 - x = 10.8788 - Not in a cage
1940CH4 - x = 10.6503 - Not in a cage
1945CH4 - x = 10.6698 - Not in a cage
1946CH4 - x =  9.1196 - Irregular cage
1947CH4 - x =  9.1469 - Small cage
1949CH4 - x =  7.9551 - Small cage
1950CH4 - x = 10.6622 - Irregular cage
1951CH4 - x =  7.7235 - Irregular cage
1952CH4 - x =  0.9091 - Irregular cage
1953CH4 - x =  0.4901 - Irregular cage
1954CH4 - x = 10.4525 - Not in a cage
1955CH4 - x =  6.8164 - Large cage
1956CH4 - x = 10.8427 - Not in a cage
1957CH4 - x =  0.3684 - Not in a cage
1960CH4 - x =  3.7711 - Irregular cage
1961CH4 - x = 11.0769 - Not in a cage
1965CH4 - x =  9.8920 - Irregular cage
1966CH4 - x = 11.0950 - Irregular cage
1972CH4 - x =  6.7854 - Large cage
1975CH4 - x =  3.1481 - Irregular cage
1977CH4 - x =  0.3273 - Irregular cage
1978CH4 - x =  0.5313 - Irregular cage
1979CH4 - x =  9.8823 - Irregular cage
1980CH4 - x =  6.7076 - Irregular cage
1981CH4 - x =  9.1096 - Irregular cage
1982CH4 - x =  7.0543 - Irregular cage
1983CH4 - x = 10.9865 - Not in a cage
1985CH4 - x =  0.3164 - Irregular cage
1987CH4 - x = 11.0474 - Not in a cage
Done. Elapsed time: 37.863 s
Total time 52.474 s

Small cages: 25 found
Large cages: 52 found
Interface cages: 8 found
Irregular cages: 113 found

-------------------- FRAME 2000 --------------------

Computing AOP ...
Done. Elapsed time: 13.961 s

Computing neighbours with low AOP and hydrogen bonds ...
1657CH4 - x =  4.0878 - Irregular cage
1658CH4 - x =  8.2580 - Irregular cage
1659CH4 - x =  2.8870 - Irregular cage
1661CH4 - x =  8.5559 - Large cage
1662CH4 - x =  4.6827 - Large cage
1663CH4 - x =  9.6670 - Irregular cage
1664CH4 - x = 10.7958 - Not in a cage
1665CH4 - x =  7.3429 - Large cage
1666CH4 - x =  8.5213 - Large cage
1668CH4 - x =  3.8131 - Irregular cage
1669CH4 - x =  4.9996 - Large cage
1670CH4 - x =  0.0673 - Not in a cage
1673CH4 - x =  0.5782 - Not in a cage
1674CH4 - x =  9.1925 - Irregular cage
1675CH4 - x =  0.3025 - Not in a cage
1677CH4 - x =  9.2024 - Large cage
1679CH4 - x = 10.4475 - Irregular cage
1680CH4 - x =  4.4183 - Irregular cage
1682CH4 - x =  4.6455 - Irregular cage
1683CH4 - x = 10.6927 - Irregular cage
1685CH4 - x =  9.6643 - Irregular cage
1686CH4 - x =  0.3547 - Irregular cage
1687CH4 - x =  4.3433 - Large cage
1688CH4 - x =  0.3947 - Irregular cage
1690CH4 - x =  8.0113 - Large cage
1691CH4 - x =  8.5952 - Large cage
1692CH4 - x =  8.5704 - Irregular cage
1693CH4 - x =  7.9538 - Irregular cage
1694CH4 - x =  0.1958 - Not in a cage
1695CH4 - x =  4.0972 - Irregular cage
1696CH4 - x =  2.2113 - Irregular cage
1698CH4 - x =  4.7124 - Large cage
1699CH4 - x =  4.4132 - Irregular cage
1700CH4 - x = 10.7847 - Irregular cage
1701CH4 - x =  6.8468 - Irregular cage
1702CH4 - x =  4.4022 - Large cage
1704CH4 - x =  4.3710 - Small cage
1705CH4 - x =  1.4866 - Not in a cage
1706CH4 - x =  0.3796 - Irregular cage
1707CH4 - x = 11.0813 - Not in a cage
1710CH4 - x =  4.3508 - Large cage
1711CH4 - x =  4.3896 - Irregular cage
1713CH4 - x =  3.8230 - Irregular cage
1715CH4 - x =  0.3567 - Irregular cage
1716CH4 - x =  4.4004 - Small cage
1717CH4 - x =  2.9769 - Irregular cage
1719CH4 - x =  4.9539 - Large cage
1720CH4 - x =  9.6464 - Irregular cage
1721CH4 - x =  3.2971 - Interface cage
1724CH4 - x =  0.4098 - Not in a cage
1725CH4 - x =  3.7419 - Interface cage
1726CH4 - x = 11.1469 - Not in a cage
1727CH4 - x = 10.6042 - Not in a cage
1729CH4 - x =  9.6687 - Irregular cage
1732CH4 - x =  4.3440 - Large cage
1733CH4 - x =  8.5925 - Irregular cage
1734CH4 - x =  0.6779 - Irregular cage
1735CH4 - x =  1.9174 - Not in a cage
1736CH4 - x =  3.8992 - Interface cage
1737CH4 - x =  0.5731 - Irregular cage
1739CH4 - x =  3.8845 - Irregular cage
1740CH4 - x =  7.0681 - Irregular cage
1741CH4 - x =  3.8760 - Irregular cage
1743CH4 - x =  8.5370 - Irregular cage
1745CH4 - x =  0.6037 - Not in a cage
1746CH4 - x = 10.9191 - Irregular cage
1747CH4 - x =  4.0699 - Irregular cage
1748CH4 - x =  7.6491 - Large cage
1749CH4 - x =  3.5259 - Irregular cage
1750CH4 - x =  3.8606 - Irregular cage
1754CH4 - x =  9.1007 - Large cage
1755CH4 - x = 11.1215 - Irregular cage
1756CH4 - x =  0.4521 - Not in a cage
1759CH4 - x =  9.1887 - Irregular cage
1761CH4 - x = 11.0808 - Not in a cage
1762CH4 - x =  9.9953 - Irregular cage
1763CH4 - x = 10.9516 - Irregular cage
1766CH4 - x =  7.9868 - Irregular cage
1767CH4 - x =  3.1523 - Not in a cage
1769CH4 - x =  3.7526 - Interface cage
1770CH4 - x =  4.3901 - Large cage
1771CH4 - x =  4.7143 - Large cage
1772CH4 - x =  4.1397 - Irregular cage
1773CH4 - x =  1.5481 - Irregular cage
1774CH4 - x =  9.2820 - Irregular cage
1775CH4 - x =  1.3450 - Interface cage
1781CH4 - x = 10.7540 - Irregular cage
1782CH4 - x =  7.9816 - Irregular cage
1784CH4 - x =  4.4627 - Large cage
1785CH4 - x =  4.9904 - Irregular cage
1786CH4 - x =  4.9939 - Small cage
1787CH4 - x =  4.9698 - Small cage
1788CH4 - x =  5.6000 - Small cage
1789CH4 - x =  5.5530 - Small cage
1790CH4 - x =  5.5647 - Irregular cage
1791CH4 - x =  5.0186 - Small cage
1792CH4 - x =  5.5722 - Small cage
1793CH4 - x =  5.0202 - Large cage
1794CH4 - x =  5.5482 - Large cage
1795CH4 - x =  5.5853 - Large cage
1796CH4 - x =  4.9755 - Irregular cage
1797CH4 - x =  5.6461 - Large cage
1798CH4 - x =  5.6756 - Irregular cage
1799CH4 - x =  5.8681 - Large cage
1800CH4 - x =  5.5579 - Large cage
1801CH4 - x =  5.0085 - Large cage
1802CH4 - x =  5.3209 - Irregular cage
1803CH4 - x =  5.8587 - Large cage
1804CH4 - x =  5.0597 - Large cage
1805CH4 - x =  5.9094 - Irregular cage
1806CH4 - x =  7.4129 - Small cage
1807CH4 - x =  5.6152 - Irregular cage
1808CH4 - x =  5.2433 - Irregular cage
1809CH4 - x =  5.2160 - Irregular cage
1810CH4 - x =  5.2661 - Large cage
1811CH4 - x =  5.0356 - Irregular cage
1812CH4 - x =  5.5335 - Large cage
1813CH4 - x =  4.9020 - Irregular cage
1814CH4 - x =  5.9384 - Irregular cage
1815CH4 - x =  5.5727 - Large cage
1816CH4 - x =  1.2666 - Not in a cage
1817CH4 - x =  6.1720 - Small cage
1818CH4 - x =  6.1786 - Small cage
1819CH4 - x =  6.4462 - Large cage
1820CH4 - x =  6.1777 - Small cage
1821CH4 - x =  6.2154 - Small cage
1822CH4 - x =  6.1809 - Large cage
1823CH4 - x =  6.2207 - Irregular cage
1824CH4 - x =  6.0731 - Irregular cage
1825CH4 - x =  6.2192 - Large cage
1826CH4 - x =  6.1819 - Large cage
1827CH4 - x =  6.1127 - Large cage
1828CH4 - x =  6.2121 - Large cage
1829CH4 - x = 10.7200 - Not in a cage
1833CH4 - x =  0.4705 - Irregular cage
1834CH4 - x =  8.6211 - Large cage
1837CH4 - x = 10.6664 - Not in a cage
1838CH4 - x = 10.9254 - Irregular cage
1839CH4 - x =  8.2211 - Irregular cage
1840CH4 - x =  0.6442 - Irregular cage
1841CH4 - x = 10.8484 - Irregular cage
1843CH4 - x =  6.7377 - Irregular cage
1844CH4 - x = 10.0813 - Interface cage
1846CH4 - x =  9.1640 - Irregular cage
1847CH4 - x =  0.6677 - Irregular cage
1848CH4 - x =  7.9375 - Small cage
1849CH4 - x =  9.7214 - Irregular cage
1850CH4 - x =  6.7787 - Small cage
1852CH4 - x =  0.0879 - Irregular cage
1853CH4 - x =  7.6847 - Irregular cage
1854CH4 - x =  0.5229 - Not in a cage
1855CH4 - x =  3.1886 - Irregular cage
1856CH4 - x = 11.2468 - Not in a cage
1857CH4 - x =  6.8242 - Irregular cage
1859CH4 - x =  9.1494 - Irregular cage
1861CH4 - x = 10.9530 - Not in a cage
1862CH4 - x =  7.3677 - Large cage
1863CH4 - x =  7.9330 - Irregular cage
1864CH4 - x =  7.6954 - Irregular cage
1866CH4 - x =  7.3365 - Irregular cage
1867CH4 - x = 10.0645 - Irregular cage
1868CH4 - x =  7.3674 - Irregular cage
1869CH4 - x =  3.8505 - Interface cage
1870CH4 - x = 10.2297 - Irregular cage
1871CH4 - x =  8.6077 - Irregular cage
1873CH4 - x =  6.7319 - Large cage
1877CH4 - x =  0.4276 - Irregular cage
1878CH4 - x =  8.7741 - Irregular cage
1880CH4 - x = 11.0631 - Not in a cage
1881CH4 - x =  0.4723 - Irregular cage
1884CH4 - x =  8.7698 - Large cage
1887CH4 - x =  9.7300 - Irregular cage
1888CH4 - x =  1.7392 - Irregular cage
1889CH4 - x =  9.3957 - Irregular cage
1890CH4 - x = 10.5835 - Irregular cage
1891CH4 - x =  9.8323 - Interface cage
1892CH4 - x = 11.3272 - Not in a cage
1893CH4 - x =  7.3895 - Irregular cage
1894CH4 - x =  9.7187 - Irregular cage
1895CH4 - x =  6.4883 - Large cage
1897CH4 - x =  2.1668 - Irregular cage
1898CH4 - x =  3.7529 - Irregular cage
1899CH4 - x =  6.7761 - Irregular cage
1900CH4 - x =  9.4790 - Irregular cage
1902CH4 - x =  8.0109 - Small cage
1903CH4 - x =  1.1122 - Irregular cage
1904CH4 - x = 10.9972 - Not in a cage
1905CH4 - x =  8.0055 - Large cage
1909CH4 - x =  2.8116 - Interface cage
1911CH4 - x =  7.9166 - Large cage
1912CH4 - x =  7.3744 - Large cage
1913CH4 - x =  7.3948 - Small cage
1916CH4 - x =  9.7753 - Irregular cage
1917CH4 - x =  0.4006 - Irregular cage
1918CH4 - x =  8.4939 - Irregular cage
1919CH4 - x =  9.5509 - Irregular cage
1920CH4 - x =  8.5369 - Small cage
1922CH4 - x = 10.7689 - Irregular cage
1923CH4 - x =  6.8016 - Irregular cage
1924CH4 - x = 10.7554 - Not in a cage
1927CH4 - x =  9.7519 - Interface cage
1931CH4 - x =  2.5952 - Irregular cage
1933CH4 - x =  9.4448 - Large cage
1935CH4 - x =  0.4203 - Irregular cage
1937CH4 - x =  9.1275 - Irregular cage
1938CH4 - x =  2.2467 - Not in a cage
1939CH4 - x =  0.9532 - Not in a cage
1941CH4 - x = 10.7752 - Irregular cage
1943CH4 - x =  0.6407 - Irregular cage
1945CH4 - x = 11.1268 - Not in a cage
1946CH4 - x =  9.2452 - Small cage
1947CH4 - x =  9.1108 - Small cage
1948CH4 - x =  2.2379 - Irregular cage
1949CH4 - x =  7.9909 - Irregular cage
1950CH4 - x =  2.3061 - Irregular cage
1951CH4 - x =  7.6883 - Irregular cage
1955CH4 - x =  6.7332 - Irregular cage
1958CH4 - x =  0.4948 - Irregular cage
1960CH4 - x =  3.7776 - Irregular cage
1961CH4 - x = 10.0459 - Interface cage
1962CH4 - x =  0.5710 - Not in a cage
1965CH4 - x =  0.3341 - Irregular cage
1969CH4 - x =  0.3064 - Irregular cage
1971CH4 - x = 10.8953 - Not in a cage
1972CH4 - x =  6.7280 - Irregular cage
1975CH4 - x =  1.9428 - Irregular cage
1977CH4 - x = 10.8414 - Not in a cage
1979CH4 - x =  0.6787 - Irregular cage
1980CH4 - x =  6.7795 - Large cage
1981CH4 - x =  9.1393 - Small cage
1982CH4 - x =  7.1173 - Irregular cage
1983CH4 - x = 10.9639 - Irregular cage
1985CH4 - x = 11.0647 - Irregular cage
1987CH4 - x =  3.5123 - Interface cage
Done. Elapsed time: 37.881 s
Total time 52.007 s

Small cages: 21 found
Large cages: 47 found
Interface cages: 12 found
Irregular cages: 123 found

Width of the clathrate phase:
Frame    0: 6.728 nm
Frame  222: 6.235 nm
Frame  444: 5.928 nm
Frame  666: 5.698 nm
Frame  888: 5.957 nm
Frame 1111: 5.690 nm
Frame 1333: 5.740 nm
Frame 1555: 5.436 nm
Frame 1777: 5.435 nm
Frame 2000: 5.102 nm
Phase delta: 1.626540184020996
Total time of the computation: 552.770 s
