-------------------- FRAME    0 --------------------

Computing AOP ...
Done. Elapsed time: 13.281 s

Computing neighbours with low AOP and hydrogen bonds ...
1657CH4 - x =  3.6940 - Irregular cage
1658CH4 - x =  7.9140 - Irregular cage
1659CH4 - x =  2.6550 - Irregular cage
1660CH4 - x =  2.2860 - Irregular cage
1661CH4 - x =  8.2040 - Irregular cage
1662CH4 - x =  4.4020 - Large cage
1663CH4 - x =  2.9379 - Irregular cage
1664CH4 - x = 11.8150 - Irregular cage
1665CH4 - x =  7.0670 - Irregular cage
1666CH4 - x =  8.1700 - Irregular cage
1668CH4 - x =  3.5299 - Irregular cage
1669CH4 - x =  4.6090 - Large cage
1670CH4 - x =  2.4540 - Irregular cage
1672CH4 - x = 11.8120 - Not in a cage
1673CH4 - x = 10.4160 - Irregular cage
1674CH4 - x =  8.7870 - Irregular cage
1675CH4 - x =  2.9180 - Irregular cage
1676CH4 - x = 10.5481 - Not in a cage
1677CH4 - x =  9.3840 - Irregular cage
1678CH4 - x = 11.9010 - Not in a cage
1679CH4 - x =  1.5280 - Irregular cage
1680CH4 - x =  4.0050 - Large cage
1681CH4 - x =  2.5160 - Irregular cage
1682CH4 - x =  4.3320 - Irregular cage
1683CH4 - x =  9.8950 - Interface cage
1684CH4 - x =  2.9240 - Irregular cage
1685CH4 - x =  1.9590 - Irregular cage
1687CH4 - x =  4.0890 - Large cage
1688CH4 - x =  2.4390 - Irregular cage
1689CH4 - x = 11.6400 - Not in a cage
1690CH4 - x =  7.6830 - Irregular cage
1691CH4 - x =  8.1180 - Irregular cage
1692CH4 - x =  8.1631 - Irregular cage
1693CH4 - x =  7.5610 - Large cage
1694CH4 - x =  2.9000 - Irregular cage
1695CH4 - x =  3.4541 - Small cage
1696CH4 - x =  2.8930 - Small cage
1697CH4 - x = 11.5610 - Not in a cage
1698CH4 - x =  4.3190 - Irregular cage
1699CH4 - x =  4.0270 - Small cage
1700CH4 - x = 10.7640 - Irregular cage
1701CH4 - x =  6.4430 - Irregular cage
1702CH4 - x =  3.9700 - Irregular cage
1703CH4 - x =  0.7979 - Interface cage
1704CH4 - x =  4.0390 - Small cage
1705CH4 - x =  3.3810 - Small cage
1706CH4 - x =  9.3800 - Irregular cage
1707CH4 - x = 10.5200 - Not in a cage
1709CH4 - x =  1.9570 - Interface cage
1710CH4 - x =  3.9800 - Large cage
1711CH4 - x =  4.0139 - Irregular cage
1712CH4 - x =  3.1270 - Large cage
1713CH4 - x =  3.4870 - Large cage
1714CH4 - x =  9.9310 - Irregular cage
1716CH4 - x =  4.0160 - Small cage
1718CH4 - x =  3.1510 - Large cage
1719CH4 - x =  4.5840 - Irregular cage
1720CH4 - x =  1.9330 - Irregular cage
1721CH4 - x =  3.0100 - Large cage
1722CH4 - x = 11.6900 - Irregular cage
1723CH4 - x =  3.1140 - Irregular cage
1724CH4 - x = 11.9600 - Irregular cage
1725CH4 - x =  3.5000 - Small cage
1727CH4 - x = 10.7790 - Not in a cage
1728CH4 - x =  1.9860 - Irregular cage
1730CH4 - x = 11.7540 - Irregular cage
1731CH4 - x = 11.8520 - Irregular cage
1732CH4 - x =  4.0610 - Large cage
1733CH4 - x =  8.2360 - Large cage
1734CH4 - x =  2.8260 - Large cage
1735CH4 - x =  9.8420 - Irregular cage
1736CH4 - x =  3.4550 - Large cage
1737CH4 - x = 10.4389 - Not in a cage
1738CH4 - x = 10.4670 - Irregular cage
1739CH4 - x =  3.4109 - Large cage
1740CH4 - x =  6.7040 - Large cage
1741CH4 - x =  2.4810 - Irregular cage
1742CH4 - x =  1.0110 - Irregular cage
1743CH4 - x =  8.1560 - Irregular cage
1744CH4 - x =  3.3470 - Irregular cage
1745CH4 - x = 10.7640 - Irregular cage
1746CH4 - x =  2.2670 - Irregular cage
1747CH4 - x =  3.7480 - Irregular cage
1748CH4 - x =  7.3150 - Large cage
1749CH4 - x = 10.3950 - Irregular cage
1750CH4 - x =  3.3350 - Irregular cage
1752CH4 - x =  2.9101 - Irregular cage
1754CH4 - x =  8.7120 - Irregular cage
1755CH4 - x = 11.5061 - Irregular cage
1757CH4 - x =  2.6830 - Irregular cage
1759CH4 - x =  8.8249 - Large cage
1760CH4 - x = 11.8130 - Not in a cage
1761CH4 - x =  1.8690 - Irregular cage
1762CH4 - x =  2.4090 - Large cage
1763CH4 - x =  9.3709 - Irregular cage
1765CH4 - x =  2.8969 - Small cage
1766CH4 - x =  7.6471 - Large cage
1767CH4 - x =  3.3590 - Irregular cage
1768CH4 - x =  2.3031 - Irregular cage
1769CH4 - x =  3.4380 - Small cage
1770CH4 - x =  4.0799 - Large cage
1771CH4 - x =  4.3060 - Large cage
1772CH4 - x =  3.7270 - Large cage
1773CH4 - x = 10.5420 - Irregular cage
1774CH4 - x =  8.7209 - Irregular cage
1775CH4 - x = 11.8640 - Irregular cage
1776CH4 - x =  2.4620 - Small cage
1777CH4 - x = 11.7110 - Irregular cage
1779CH4 - x = 11.6660 - Not in a cage
1780CH4 - x =  9.9900 - Irregular cage
1781CH4 - x = 10.8309 - Irregular cage
1782CH4 - x =  7.5340 - Irregular cage
1783CH4 - x = 11.5570 - Irregular cage
1784CH4 - x =  3.9960 - Large cage
1785CH4 - x =  4.6589 - Small cage
1786CH4 - x =  4.6360 - Small cage
1787CH4 - x =  4.6500 - Small cage
1788CH4 - x =  5.2250 - Small cage
1789CH4 - x =  5.2180 - Small cage
1790CH4 - x =  5.2099 - Small cage
1791CH4 - x =  4.6510 - Small cage
1792CH4 - x =  5.2140 - Small cage
1793CH4 - x =  4.6260 - Large cage
1794CH4 - x =  5.2710 - Large cage
1795CH4 - x =  5.2630 - Large cage
1796CH4 - x =  4.6820 - Large cage
1797CH4 - x =  5.1910 - Large cage
1798CH4 - x =  5.2430 - Large cage
1799CH4 - x =  5.5149 - Large cage
1800CH4 - x =  5.2130 - Irregular cage
1801CH4 - x =  4.5809 - Large cage
1802CH4 - x =  4.9540 - Large cage
1803CH4 - x =  5.4801 - Large cage
1804CH4 - x =  4.6390 - Irregular cage
1805CH4 - x =  5.5919 - Large cage
1806CH4 - x =  7.0201 - Irregular cage
1807CH4 - x =  5.1930 - Large cage
1808CH4 - x =  5.0060 - Large cage
1809CH4 - x =  4.9380 - Large cage
1810CH4 - x =  4.8820 - Large cage
1811CH4 - x =  4.6750 - Large cage
1812CH4 - x =  5.2601 - Large cage
1813CH4 - x =  4.6140 - Large cage
1814CH4 - x =  5.4790 - Large cage
1815CH4 - x =  5.2110 - Large cage
1816CH4 - x = 11.6510 - Not in a cage
1817CH4 - x =  5.8080 - Small cage
1818CH4 - x =  5.8370 - Small cage
1819CH4 - x =  6.0701 - Large cage
1820CH4 - x =  5.7989 - Irregular cage
1821CH4 - x =  5.8410 - Irregular cage
1822CH4 - x =  5.7940 - Large cage
1823CH4 - x =  5.8180 - Large cage
1824CH4 - x =  5.8910 - Large cage
1825CH4 - x =  5.8050 - Large cage
1826CH4 - x =  5.7750 - Large cage
1827CH4 - x =  5.8590 - Irregular cage
1828CH4 - x =  5.8151 - Irregular cage
1829CH4 - x =  9.8950 - Irregular cage
1831CH4 - x = 10.6510 - Irregular cage
1832CH4 - x = 10.7790 - Not in a cage
1834CH4 - x =  8.2130 - Irregular cage
1835CH4 - x =  2.4229 - Irregular cage
1836CH4 - x =  9.3490 - Large cage
1838CH4 - x = 10.3410 - Interface cage
1839CH4 - x =  7.9220 - Large cage
1842CH4 - x =  9.3810 - Small cage
1843CH4 - x =  6.4190 - Small cage
1845CH4 - x =  9.6000 - Irregular cage
1846CH4 - x =  8.8020 - Small cage
1847CH4 - x = 11.6710 - Irregular cage
1848CH4 - x =  7.5920 - Small cage
1849CH4 - x =  9.9860 - Irregular cage
1850CH4 - x =  6.4160 - Small cage
1851CH4 - x =  2.0810 - Irregular cage
1853CH4 - x =  7.3210 - Irregular cage
1854CH4 - x = 10.6830 - Irregular cage
1855CH4 - x = 11.6960 - Irregular cage
1856CH4 - x =  9.6430 - Irregular cage
1857CH4 - x =  6.4750 - Large cage
1858CH4 - x = 10.6290 - Irregular cage
1859CH4 - x =  8.8400 - Large cage
1862CH4 - x =  7.0970 - Irregular cage
1863CH4 - x =  7.5790 - Irregular cage
1864CH4 - x =  7.3160 - Irregular cage
1866CH4 - x =  6.9680 - Large cage
1867CH4 - x =  2.7629 - Irregular cage
1868CH4 - x =  7.0490 - Small cage
1869CH4 - x =  2.4209 - Irregular cage
1871CH4 - x =  8.2091 - Irregular cage
1872CH4 - x =  1.5310 - Interface cage
1873CH4 - x =  6.4181 - Large cage
1874CH4 - x =  9.9470 - Irregular cage
1875CH4 - x =  0.0650 - Irregular cage
1877CH4 - x =  2.1120 - Irregular cage
1878CH4 - x =  8.5500 - Large cage
1879CH4 - x =  1.0029 - Interface cage
1880CH4 - x =  9.3480 - Irregular cage
1883CH4 - x =  2.3370 - Irregular cage
1884CH4 - x =  8.5039 - Large cage
1885CH4 - x =  0.9750 - Irregular cage
1886CH4 - x = 10.6570 - Irregular cage
1887CH4 - x = 10.5001 - Not in a cage
1888CH4 - x =  0.2270 - Irregular cage
1889CH4 - x =  9.0420 - Large cage
1890CH4 - x = 11.4490 - Not in a cage
1893CH4 - x =  7.1000 - Irregular cage
1894CH4 - x =  0.4209 - Irregular cage
1895CH4 - x =  6.0890 - Irregular cage
1896CH4 - x = 11.8761 - Not in a cage
1897CH4 - x =  2.3279 - Interface cage
1898CH4 - x = 10.5220 - Not in a cage
1899CH4 - x =  6.3380 - Irregular cage
1900CH4 - x =  9.3070 - Irregular cage
1901CH4 - x =  9.6889 - Irregular cage
1902CH4 - x =  7.6150 - Small cage
1904CH4 - x = 10.6421 - Not in a cage
1905CH4 - x =  7.5610 - Irregular cage
1906CH4 - x =  9.7070 - Small cage
1908CH4 - x =  2.0090 - Interface cage
1909CH4 - x =  0.5670 - Irregular cage
1910CH4 - x =  1.1860 - Irregular cage
1911CH4 - x =  7.5840 - Irregular cage
1912CH4 - x =  6.9310 - Irregular cage
1913CH4 - x =  7.0101 - Small cage
1914CH4 - x =  9.4530 - Irregular cage
1918CH4 - x =  8.2390 - Irregular cage
1919CH4 - x =  9.0530 - Irregular cage
1920CH4 - x =  8.1791 - Irregular cage
1921CH4 - x = 10.6269 - Irregular cage
1922CH4 - x = 10.2859 - Irregular cage
1923CH4 - x =  6.4290 - Small cage
1924CH4 - x = 11.7810 - Not in a cage
1925CH4 - x = 10.7200 - Irregular cage
1926CH4 - x = 11.7650 - Irregular cage
1927CH4 - x =  9.3480 - Large cage
1928CH4 - x = 10.6760 - Not in a cage
1929CH4 - x =  1.5610 - Interface cage
1930CH4 - x = 10.6670 - Not in a cage
1931CH4 - x =  0.3031 - Irregular cage
1933CH4 - x =  9.0730 - Irregular cage
1934CH4 - x =  1.8700 - Irregular cage
1936CH4 - x =  0.6889 - Irregular cage
1937CH4 - x =  8.7850 - Large cage
1938CH4 - x = 10.4780 - Not in a cage
1941CH4 - x = 10.6750 - Irregular cage
1943CH4 - x = 10.8670 - Not in a cage
1944CH4 - x = 11.7120 - Irregular cage
1945CH4 - x = 11.7120 - Not in a cage
1946CH4 - x =  8.7920 - Large cage
1947CH4 - x =  8.8289 - Irregular cage
1949CH4 - x =  7.6080 - Irregular cage
1951CH4 - x =  7.3661 - Large cage
1952CH4 - x =  0.1490 - Not in a cage
1953CH4 - x =  0.5840 - Irregular cage
1955CH4 - x =  6.3510 - Large cage
1956CH4 - x =  1.4581 - Interface cage
1960CH4 - x = 10.2980 - Not in a cage
1961CH4 - x =  0.0970 - Irregular cage
1962CH4 - x = 10.7509 - Irregular cage
1963CH4 - x = 11.6990 - Irregular cage
1965CH4 - x =  1.4951 - Interface cage
1966CH4 - x =  0.8010 - Irregular cage
1968CH4 - x = 10.3900 - Irregular cage
1970CH4 - x =  1.8320 - Irregular cage
1971CH4 - x = 11.8510 - Not in a cage
1972CH4 - x =  6.4590 - Large cage
1974CH4 - x = 10.3560 - Irregular cage
1975CH4 - x =  1.1050 - Irregular cage
1976CH4 - x = 10.0600 - Irregular cage
1977CH4 - x = 11.6660 - Irregular cage
1979CH4 - x =  0.6210 - Irregular cage
1980CH4 - x =  6.4700 - Large cage
1981CH4 - x =  8.7700 - Small cage
1982CH4 - x =  6.7349 - Large cage
1984CH4 - x = 11.8481 - Not in a cage
1985CH4 - x =  9.3730 - Irregular cage
1987CH4 - x = 11.7450 - Not in a cage
1988CH4 - x =  1.8870 - Irregular cage
Done. Elapsed time: 50.762 s
Total time 64.206 s

Small cages: 31 found
Large cages: 67 found
Interface cages: 11 found
Irregular cages: 142 found

-------------------- FRAME  222 --------------------

Computing AOP ...
Done. Elapsed time: 13.340 s

Computing neighbours with low AOP and hydrogen bonds ...
1657CH4 - x =  3.6585 - Large cage
1658CH4 - x =  7.7518 - Large cage
1659CH4 - x =  2.6182 - Irregular cage
1660CH4 - x =  1.3633 - Not in a cage
1661CH4 - x =  8.0791 - Large cage
1662CH4 - x =  4.1914 - Irregular cage
1663CH4 - x =  2.8068 - Small cage
1664CH4 - x = 11.2526 - Not in a cage
1665CH4 - x =  6.9188 - Large cage
1666CH4 - x =  8.0984 - Large cage
1668CH4 - x =  3.3212 - Large cage
1669CH4 - x =  4.4706 - Irregular cage
1670CH4 - x =  2.2791 - Large cage
1671CH4 - x = 10.4751 - Irregular cage
1673CH4 - x = 10.7792 - Irregular cage
1674CH4 - x =  8.6368 - Irregular cage
1675CH4 - x =  2.7647 - Irregular cage
1676CH4 - x = 10.5457 - Irregular cage
1677CH4 - x =  9.2583 - Irregular cage
1678CH4 - x = 11.3331 - Irregular cage
1679CH4 - x =  0.9107 - Irregular cage
1680CH4 - x =  3.8803 - Irregular cage
1681CH4 - x =  2.2733 - Irregular cage
1682CH4 - x =  4.1856 - Large cage
1683CH4 - x =  1.7598 - Irregular cage
1684CH4 - x =  2.7546 - Irregular cage
1685CH4 - x =  1.8004 - Interface cage
1687CH4 - x =  3.9433 - Irregular cage
1688CH4 - x =  2.3957 - Interface cage
1690CH4 - x =  7.5121 - Small cage
1691CH4 - x =  8.0496 - Irregular cage
1692CH4 - x =  8.0247 - Large cage
1693CH4 - x =  7.4651 - Large cage
1694CH4 - x =  2.8136 - Irregular cage
1695CH4 - x =  3.3180 - Small cage
1696CH4 - x =  2.8105 - Small cage
1697CH4 - x = 11.3657 - Irregular cage
1698CH4 - x =  4.1988 - Irregular cage
1699CH4 - x =  3.8833 - Small cage
1700CH4 - x =  0.6775 - Not in a cage
1701CH4 - x =  6.3014 - Large cage
1702CH4 - x =  3.8790 - Small cage
1703CH4 - x = 11.4797 - Irregular cage
1704CH4 - x =  3.9214 - Irregular cage
1705CH4 - x =  3.3752 - Irregular cage
1706CH4 - x =  9.2093 - Large cage
1707CH4 - x = 11.4093 - Irregular cage
1709CH4 - x = 10.4087 - Irregular cage
1710CH4 - x =  3.8451 - Irregular cage
1711CH4 - x =  3.9415 - Irregular cage
1712CH4 - x =  2.9443 - Irregular cage
1713CH4 - x =  3.3157 - Large cage
1714CH4 - x =  9.7165 - Irregular cage
1715CH4 - x =  9.8638 - Small cage
1716CH4 - x =  3.8849 - Small cage
1717CH4 - x = 10.2132 - Interface cage
1718CH4 - x =  3.0487 - Irregular cage
1719CH4 - x =  4.5539 - Large cage
1720CH4 - x =  1.0096 - Irregular cage
1721CH4 - x =  2.9931 - Large cage
1723CH4 - x =  3.0780 - Large cage
1725CH4 - x =  3.3053 - Small cage
1728CH4 - x =  2.0506 - Irregular cage
1729CH4 - x = 11.4811 - Irregular cage
1731CH4 - x = 11.4906 - Not in a cage
1732CH4 - x =  3.9256 - Large cage
1733CH4 - x =  8.0106 - Large cage
1734CH4 - x =  2.6741 - Large cage
1735CH4 - x = 10.4079 - Irregular cage
1736CH4 - x =  3.3658 - Large cage
1739CH4 - x =  3.2874 - Irregular cage
1740CH4 - x =  6.5953 - Large cage
1741CH4 - x =  2.2751 - Irregular cage
1742CH4 - x =  0.5232 - Irregular cage
1743CH4 - x =  8.0362 - Large cage
1744CH4 - x =  3.3698 - Irregular cage
1745CH4 - x = 11.5019 - Not in a cage
1747CH4 - x =  3.5973 - Irregular cage
1748CH4 - x =  7.1790 - Irregular cage
1750CH4 - x =  3.3041 - Irregular cage
1751CH4 - x =  0.8718 - Interface cage
1752CH4 - x =  2.8595 - Irregular cage
1754CH4 - x =  8.6873 - Irregular cage
1755CH4 - x = 11.4043 - Not in a cage
1757CH4 - x =  2.6872 - Irregular cage
1759CH4 - x =  8.6966 - Irregular cage
1761CH4 - x =  1.1113 - Interface cage
1762CH4 - x =  2.2534 - Irregular cage
1763CH4 - x =  9.2181 - Irregular cage
1764CH4 - x = 11.6425 - Irregular cage
1765CH4 - x =  2.8019 - Irregular cage
1766CH4 - x =  7.3917 - Irregular cage
1767CH4 - x =  3.3011 - Large cage
1768CH4 - x =  2.1659 - Irregular cage
1769CH4 - x =  3.3385 - Irregular cage
1770CH4 - x =  3.8662 - Irregular cage
1771CH4 - x =  4.2179 - Large cage
1772CH4 - x =  3.6257 - Irregular cage
1773CH4 - x = 10.6384 - Irregular cage
1774CH4 - x =  8.6151 - Irregular cage
1775CH4 - x =  9.8454 - Small cage
1776CH4 - x =  2.2465 - Irregular cage
1779CH4 - x = 10.5847 - Not in a cage
1780CH4 - x = 10.4260 - Irregular cage
1782CH4 - x =  7.5484 - Large cage
1784CH4 - x =  3.9779 - Irregular cage
1785CH4 - x =  4.5294 - Small cage
1786CH4 - x =  4.5107 - Irregular cage
1787CH4 - x =  4.5191 - Irregular cage
1788CH4 - x =  5.1033 - Irregular cage
1789CH4 - x =  5.1197 - Small cage
1790CH4 - x =  5.0990 - Small cage
1791CH4 - x =  4.4992 - Irregular cage
1792CH4 - x =  5.0919 - Small cage
1793CH4 - x =  4.5129 - Irregular cage
1794CH4 - x =  5.0317 - Large cage
1795CH4 - x =  5.0592 - Large cage
1796CH4 - x =  4.4978 - Irregular cage
1797CH4 - x =  5.0394 - Large cage
1798CH4 - x =  5.0762 - Irregular cage
1799CH4 - x =  5.4756 - Large cage
1800CH4 - x =  5.1303 - Large cage
1801CH4 - x =  4.4280 - Large cage
1802CH4 - x =  4.8203 - Large cage
1803CH4 - x =  5.3385 - Large cage
1804CH4 - x =  4.4494 - Irregular cage
1805CH4 - x =  5.4008 - Large cage
1806CH4 - x =  6.8936 - Irregular cage
1807CH4 - x =  5.1172 - Irregular cage
1808CH4 - x =  4.7254 - Large cage
1809CH4 - x =  4.8089 - Small cage
1810CH4 - x =  4.7869 - Irregular cage
1811CH4 - x =  4.4421 - Irregular cage
1812CH4 - x =  5.0416 - Large cage
1813CH4 - x =  4.4604 - Large cage
1814CH4 - x =  5.3873 - Large cage
1815CH4 - x =  5.1133 - Large cage
1816CH4 - x = 11.5829 - Irregular cage
1817CH4 - x =  5.6844 - Small cage
1818CH4 - x =  5.7011 - Small cage
1819CH4 - x =  5.9733 - Large cage
1820CH4 - x =  5.6833 - Small cage
1821CH4 - x =  5.6769 - Large cage
1822CH4 - x =  5.6572 - Large cage
1823CH4 - x =  5.6052 - Large cage
1824CH4 - x =  5.7329 - Irregular cage
1825CH4 - x =  5.7442 - Irregular cage
1826CH4 - x =  5.7071 - Large cage
1827CH4 - x =  5.7214 - Large cage
1828CH4 - x =  5.7675 - Large cage
1829CH4 - x =  9.8101 - Irregular cage
1830CH4 - x =  0.2984 - Irregular cage
1833CH4 - x = 11.6398 - Not in a cage
1834CH4 - x =  8.0122 - Irregular cage
1835CH4 - x =  2.3172 - Interface cage
1836CH4 - x =  9.2645 - Irregular cage
1837CH4 - x =  0.1656 - Irregular cage
1838CH4 - x = 11.5691 - Irregular cage
1839CH4 - x =  7.8117 - Large cage
1841CH4 - x = 11.5349 - Irregular cage
1842CH4 - x =  9.2125 - Small cage
1843CH4 - x =  6.3095 - Irregular cage
1845CH4 - x =  9.5246 - Large cage
1846CH4 - x =  8.6353 - Irregular cage
1847CH4 - x =  9.7208 - Irregular cage
1848CH4 - x =  7.4451 - Small cage
1849CH4 - x =  9.7983 - Irregular cage
1850CH4 - x =  6.2873 - Small cage
1851CH4 - x =  1.9841 - Small cage
1852CH4 - x =  0.1087 - Irregular cage
1853CH4 - x =  7.1738 - Large cage
1856CH4 - x =  9.4934 - Large cage
1857CH4 - x =  6.3108 - Large cage
1858CH4 - x = 10.1216 - Irregular cage
1859CH4 - x =  8.6401 - Irregular cage
1861CH4 - x = 10.0958 - Irregular cage
1862CH4 - x =  6.8485 - Small cage
1863CH4 - x =  7.4423 - Small cage
1864CH4 - x =  7.2060 - Irregular cage
1865CH4 - x =  0.6965 - Irregular cage
1866CH4 - x =  6.8285 - Irregular cage
1867CH4 - x =  2.6956 - Large cage
1868CH4 - x =  6.8739 - Small cage
1869CH4 - x =  2.3834 - Irregular cage
1870CH4 - x = 10.5832 - Irregular cage
1871CH4 - x =  8.0431 - Irregular cage
1872CH4 - x = 10.2515 - Irregular cage
1873CH4 - x =  6.3693 - Irregular cage
1874CH4 - x =  9.7407 - Irregular cage
1875CH4 - x = 11.4133 - Not in a cage
1877CH4 - x =  1.9591 - Irregular cage
1878CH4 - x =  8.3500 - Irregular cage
1879CH4 - x = 10.3292 - Irregular cage
1880CH4 - x =  9.2239 - Large cage
1881CH4 - x = 11.4929 - Not in a cage
1883CH4 - x =  2.3055 - Irregular cage
1884CH4 - x =  8.3265 - Large cage
1885CH4 - x =  1.7035 - Irregular cage
1887CH4 - x = 10.4211 - Irregular cage
1889CH4 - x =  8.9276 - Irregular cage
1891CH4 - x = 10.4576 - Irregular cage
1892CH4 - x = 10.4361 - Not in a cage
1893CH4 - x =  6.8387 - Large cage
1894CH4 - x =  9.8247 - Irregular cage
1895CH4 - x =  5.9876 - Irregular cage
1896CH4 - x =  0.0121 - Irregular cage
1897CH4 - x = 10.5242 - Irregular cage
1898CH4 - x = 11.5679 - Not in a cage
1899CH4 - x =  6.3183 - Irregular cage
1900CH4 - x =  9.2601 - Irregular cage
1901CH4 - x =  9.5314 - Irregular cage
1902CH4 - x =  7.4851 - Irregular cage
1903CH4 - x = 11.7047 - Irregular cage
1904CH4 - x = 11.1616 - Irregular cage
1905CH4 - x =  7.4852 - Irregular cage
1906CH4 - x =  9.5001 - Irregular cage
1907CH4 - x = 10.3513 - Irregular cage
1908CH4 - x =  0.7858 - Irregular cage
1909CH4 - x = 10.5190 - Not in a cage
1910CH4 - x = 11.5424 - Irregular cage
1911CH4 - x =  7.3916 - Large cage
1912CH4 - x =  6.8273 - Large cage
1913CH4 - x =  6.8633 - Small cage
1914CH4 - x =  9.1860 - Small cage
1915CH4 - x = 11.2011 - Irregular cage
1916CH4 - x = 10.6790 - Not in a cage
1917CH4 - x = 11.4427 - Irregular cage
1918CH4 - x =  8.0410 - Irregular cage
1919CH4 - x =  8.9549 - Large cage
1920CH4 - x =  8.1063 - Irregular cage
1921CH4 - x = 11.5808 - Irregular cage
1923CH4 - x =  6.2954 - Small cage
1924CH4 - x = 10.5006 - Irregular cage
1925CH4 - x =  1.6725 - Irregular cage
1926CH4 - x = 11.3845 - Not in a cage
1927CH4 - x =  9.2522 - Large cage
1928CH4 - x =  0.0163 - Not in a cage
1929CH4 - x =  0.9893 - Not in a cage
1930CH4 - x = 10.1239 - Interface cage
1931CH4 - x = 11.5806 - Not in a cage
1932CH4 - x = 10.5365 - Not in a cage
1933CH4 - x =  8.9832 - Large cage
1934CH4 - x =  2.5048 - Irregular cage
1936CH4 - x = 11.4665 - Not in a cage
1937CH4 - x =  8.5656 - Irregular cage
1938CH4 - x = 10.5367 - Not in a cage
1939CH4 - x = 11.3872 - Irregular cage
1940CH4 - x =  9.7367 - Irregular cage
1941CH4 - x = 10.7259 - Irregular cage
1943CH4 - x =  9.7290 - Small cage
1946CH4 - x =  8.5920 - Large cage
1947CH4 - x =  8.6607 - Small cage
1948CH4 - x = 10.3901 - Interface cage
1949CH4 - x =  7.4798 - Small cage
1950CH4 - x =  1.6992 - Irregular cage
1951CH4 - x =  7.1456 - Irregular cage
1952CH4 - x = 10.3147 - Irregular cage
1955CH4 - x =  6.2008 - Irregular cage
1956CH4 - x =  0.0601 - Not in a cage
1957CH4 - x =  0.0757 - Irregular cage
1960CH4 - x = 11.4944 - Irregular cage
1961CH4 - x = 10.5275 - Not in a cage
1962CH4 - x = 11.5796 - Irregular cage
1963CH4 - x = 11.5180 - Irregular cage
1965CH4 - x =  1.8113 - Irregular cage
1967CH4 - x = 10.4119 - Not in a cage
1969CH4 - x = 11.7632 - Not in a cage
1970CH4 - x =  1.7705 - Irregular cage
1972CH4 - x =  6.3687 - Irregular cage
1973CH4 - x = 10.5000 - Not in a cage
1974CH4 - x =  0.4141 - Irregular cage
1975CH4 - x = 11.6692 - Irregular cage
1976CH4 - x =  9.8248 - Irregular cage
1977CH4 - x = 10.4693 - Not in a cage
1979CH4 - x =  1.4516 - Irregular cage
1980CH4 - x =  6.3218 - Large cage
1981CH4 - x =  8.6629 - Irregular cage
1982CH4 - x =  6.5722 - Large cage
1984CH4 - x =  9.7846 - Irregular cage
1985CH4 - x =  9.1971 - Large cage
1986CH4 - x = 11.4971 - Not in a cage
1987CH4 - x = 11.5951 - Irregular cage
1988CH4 - x =  1.8192 - Interface cage
Done. Elapsed time: 46.705 s
Total time 60.247 s

Small cages: 31 found
Large cages: 64 found
Interface cages: 9 found
Irregular cages: 151 found

-------------------- FRAME  444 --------------------

Computing AOP ...
Done. Elapsed time: 14.172 s

Computing neighbours with low AOP and hydrogen bonds ...
1657CH4 - x =  3.6228 - Large cage
1658CH4 - x =  7.7332 - Large cage
1659CH4 - x =  2.6722 - Irregular cage
1660CH4 - x =  0.3000 - Irregular cage
1661CH4 - x =  8.0221 - Irregular cage
1662CH4 - x =  4.1569 - Large cage
1663CH4 - x =  2.8011 - Irregular cage
1664CH4 - x = 10.4018 - Irregular cage
1665CH4 - x =  6.8325 - Irregular cage
1666CH4 - x =  7.9984 - Irregular cage
1667CH4 - x = 10.5003 - Not in a cage
1668CH4 - x =  3.3153 - Irregular cage
1669CH4 - x =  4.5003 - Large cage
1670CH4 - x =  2.2904 - Irregular cage
1671CH4 - x = 10.4781 - Irregular cage
1672CH4 - x = 10.5575 - Not in a cage
1674CH4 - x =  8.6470 - Large cage
1675CH4 - x =  2.8145 - Small cage
1676CH4 - x = 10.6418 - Not in a cage
1677CH4 - x =  9.1575 - Large cage
1679CH4 - x =  0.9373 - Irregular cage
1680CH4 - x =  3.9102 - Large cage
1681CH4 - x =  2.2500 - Large cage
1682CH4 - x =  4.1734 - Irregular cage
1683CH4 - x =  1.7558 - Irregular cage
1684CH4 - x =  2.7171 - Irregular cage
1685CH4 - x =  1.7696 - Irregular cage
1686CH4 - x = 11.5126 - Not in a cage
1687CH4 - x =  3.8702 - Large cage
1688CH4 - x =  2.2797 - Interface cage
1689CH4 - x = 10.2014 - Not in a cage
1690CH4 - x =  7.4064 - Irregular cage
1691CH4 - x =  7.9923 - Large cage
1692CH4 - x =  8.0897 - Irregular cage
1693CH4 - x =  7.4493 - Large cage
1694CH4 - x =  2.7954 - Irregular cage
1695CH4 - x =  3.3032 - Small cage
1696CH4 - x =  2.7750 - Irregular cage
1698CH4 - x =  4.2154 - Large cage
1699CH4 - x =  3.9000 - Small cage
1700CH4 - x = 10.8940 - Irregular cage
1701CH4 - x =  6.2845 - Irregular cage
1702CH4 - x =  3.8636 - Large cage
1703CH4 - x = 11.4472 - Irregular cage
1704CH4 - x =  3.8876 - Small cage
1705CH4 - x =  3.3081 - Small cage
1706CH4 - x =  9.1678 - Large cage
1707CH4 - x =  0.6537 - Irregular cage
1708CH4 - x = 11.3383 - Irregular cage
1709CH4 - x = 11.5616 - Not in a cage
1710CH4 - x =  3.9594 - Large cage
1711CH4 - x =  3.9090 - Large cage
1712CH4 - x =  2.8917 - Irregular cage
1713CH4 - x =  3.2859 - Irregular cage
1714CH4 - x =  9.7957 - Small cage
1715CH4 - x =  9.7709 - Irregular cage
1716CH4 - x =  3.8998 - Small cage
1718CH4 - x =  2.9990 - Irregular cage
1719CH4 - x =  4.4228 - Large cage
1720CH4 - x =  1.2515 - Interface cage
1721CH4 - x =  2.9606 - Irregular cage
1722CH4 - x = 10.4011 - Interface cage
1723CH4 - x =  2.9661 - Large cage
1725CH4 - x =  3.3361 - Irregular cage
1726CH4 - x = 11.4935 - Irregular cage
1727CH4 - x = 11.5550 - Not in a cage
1728CH4 - x =  1.9478 - Irregular cage
1729CH4 - x = 10.5089 - Irregular cage
1730CH4 - x = 11.2584 - Irregular cage
1732CH4 - x =  3.9004 - Large cage
1733CH4 - x =  8.0668 - Large cage
1734CH4 - x =  2.6227 - Irregular cage
1735CH4 - x = 10.9490 - Not in a cage
1736CH4 - x =  3.3804 - Large cage
1739CH4 - x =  3.3087 - Large cage
1740CH4 - x =  6.5489 - Large cage
1741CH4 - x =  2.2975 - Irregular cage
1743CH4 - x =  8.0447 - Large cage
1744CH4 - x =  3.3532 - Large cage
1745CH4 - x = 10.5638 - Irregular cage
1746CH4 - x = 11.5377 - Irregular cage
1747CH4 - x =  3.6125 - Large cage
1748CH4 - x =  7.1315 - Large cage
1749CH4 - x =  0.9903 - Interface cage
1750CH4 - x =  3.3592 - Irregular cage
1751CH4 - x = 11.4837 - Not in a cage
1752CH4 - x =  2.7255 - Irregular cage
1753CH4 - x =  9.8470 - Irregular cage
1754CH4 - x =  8.5379 - Large cage
1755CH4 - x = 10.3564 - Irregular cage
1757CH4 - x =  2.6560 - Small cage
1759CH4 - x =  8.5353 - Irregular cage
1760CH4 - x = 11.3552 - Irregular cage
1762CH4 - x =  2.2940 - Small cage
1763CH4 - x =  9.2251 - Small cage
1764CH4 - x =  0.5020 - Not in a cage
1765CH4 - x =  2.8072 - Irregular cage
1766CH4 - x =  7.4023 - Large cage
1767CH4 - x =  3.2943 - Large cage
1768CH4 - x =  2.2485 - Irregular cage
1769CH4 - x =  3.3127 - Small cage
1770CH4 - x =  3.8701 - Large cage
1771CH4 - x =  4.1638 - Large cage
1772CH4 - x =  3.5940 - Large cage
1773CH4 - x = 10.6172 - Not in a cage
1774CH4 - x =  8.6516 - Irregular cage
1775CH4 - x =  9.8447 - Irregular cage
1776CH4 - x =  2.2199 - Large cage
1777CH4 - x = 10.3159 - Irregular cage
1778CH4 - x = 10.1240 - Interface cage
1779CH4 - x = 10.0611 - Irregular cage
1780CH4 - x = 11.2030 - Irregular cage
1781CH4 - x = 10.5553 - Irregular cage
1782CH4 - x =  7.4380 - Irregular cage
1783CH4 - x = 10.3112 - Irregular cage
1784CH4 - x =  3.9272 - Irregular cage
1785CH4 - x =  4.4716 - Irregular cage
1786CH4 - x =  4.4608 - Small cage
1787CH4 - x =  4.4643 - Small cage
1788CH4 - x =  5.0618 - Small cage
1789CH4 - x =  5.0390 - Small cage
1790CH4 - x =  5.0541 - Small cage
1791CH4 - x =  4.5237 - Small cage
1792CH4 - x =  5.0623 - Small cage
1793CH4 - x =  4.4782 - Large cage
1794CH4 - x =  5.0140 - Irregular cage
1795CH4 - x =  5.0004 - Irregular cage
1796CH4 - x =  4.4640 - Large cage
1797CH4 - x =  5.0328 - Irregular cage
1798CH4 - x =  5.1260 - Irregular cage
1799CH4 - x =  5.3060 - Large cage
1800CH4 - x =  5.0917 - Large cage
1801CH4 - x =  4.4632 - Irregular cage
1802CH4 - x =  4.7072 - Irregular cage
1803CH4 - x =  5.3334 - Large cage
1804CH4 - x =  4.5281 - Large cage
1805CH4 - x =  5.3462 - Large cage
