-------------------- FRAME    0 --------------------

Computing AOP ...
Done. Elapsed time: 13.726 s

Computing neighbours with low AOP and hydrogen bonds ...
1657CH4 - x =  3.7499 - Irregular cage
1658CH4 - x =  7.8609 - Irregular cage
1659CH4 - x =  2.8370 - Irregular cage
1660CH4 - x =  2.2521 - Irregular cage
1661CH4 - x =  8.2110 - Large cage
1662CH4 - x =  4.3119 - Large cage
1663CH4 - x =  2.9220 - Irregular cage
1664CH4 - x = 10.6690 - Not in a cage
1665CH4 - x =  6.9241 - Irregular cage
1666CH4 - x =  8.3100 - Small cage
1667CH4 - x = 10.9020 - Not in a cage
1668CH4 - x =  3.3880 - Irregular cage
1669CH4 - x =  4.5730 - Large cage
1670CH4 - x =  2.4400 - Irregular cage
1671CH4 - x = 11.9420 - Irregular cage
1673CH4 - x = 11.4940 - Not in a cage
1674CH4 - x =  8.7640 - Irregular cage
1675CH4 - x =  2.9500 - Interface cage
1676CH4 - x = 10.6590 - Not in a cage
1677CH4 - x =  9.3970 - Irregular cage
1678CH4 - x = 11.5831 - Irregular cage
1679CH4 - x =  1.5580 - Interface cage
1680CH4 - x =  3.9950 - Large cage
1681CH4 - x =  2.4340 - Irregular cage
1682CH4 - x =  4.3240 - Large cage
1683CH4 - x =  9.8790 - Interface cage
1684CH4 - x =  2.9590 - Irregular cage
1685CH4 - x =  1.9020 - Interface cage
1686CH4 - x =  0.0270 - Irregular cage
1687CH4 - x =  4.0841 - Large cage
1688CH4 - x =  2.4570 - Irregular cage
1690CH4 - x =  7.5820 - Irregular cage
1691CH4 - x =  8.1819 - Large cage
1692CH4 - x =  8.1860 - Large cage
1693CH4 - x =  7.6730 - Irregular cage
1694CH4 - x =  2.8410 - Irregular cage
1695CH4 - x =  3.4550 - Small cage
1696CH4 - x =  2.9229 - Small cage
1697CH4 - x = 10.8890 - Not in a cage
1698CH4 - x =  4.3390 - Large cage
1699CH4 - x =  4.0280 - Small cage
1700CH4 - x = 10.5820 - Irregular cage
1701CH4 - x =  6.4230 - Large cage
1702CH4 - x =  3.9930 - Large cage
1703CH4 - x =  0.6380 - Not in a cage
1704CH4 - x =  4.0171 - Small cage
1705CH4 - x =  3.4430 - Small cage
1706CH4 - x =  9.2730 - Small cage
1708CH4 - x = 10.4770 - Irregular cage
1709CH4 - x =  2.0340 - Interface cage
1710CH4 - x =  4.0781 - Large cage
1711CH4 - x =  4.0410 - Irregular cage
1712CH4 - x =  3.0660 - Large cage
1713CH4 - x =  3.4520 - Large cage
1714CH4 - x =  9.9440 - Irregular cage
1716CH4 - x =  4.0920 - Small cage
1717CH4 - x = 11.9120 - Irregular cage
1718CH4 - x =  3.0940 - Irregular cage
1719CH4 - x =  4.5990 - Large cage
1720CH4 - x =  1.9660 - Irregular cage
1721CH4 - x =  3.0200 - Large cage
1723CH4 - x =  3.1800 - Large cage
1724CH4 - x =  0.1960 - Not in a cage
1725CH4 - x =  3.4810 - Irregular cage
1727CH4 - x = 10.7450 - Not in a cage
1728CH4 - x =  2.0171 - Interface cage
1730CH4 - x = 11.4790 - Not in a cage
1732CH4 - x =  4.0279 - Irregular cage
1733CH4 - x =  8.2210 - Irregular cage
1734CH4 - x =  2.8210 - Large cage
1735CH4 - x = 10.0990 - Irregular cage
1736CH4 - x =  3.5290 - Small cage
1739CH4 - x =  3.4920 - Large cage
1740CH4 - x =  6.6450 - Irregular cage
1741CH4 - x =  2.5089 - Small cage
1742CH4 - x =  0.9520 - Interface cage
1743CH4 - x =  8.1320 - Large cage
1744CH4 - x =  3.4539 - Irregular cage
1745CH4 - x = 10.5930 - Not in a cage
1746CH4 - x =  2.3590 - Interface cage
1747CH4 - x =  3.6900 - Large cage
1748CH4 - x =  7.3420 - Large cage
1749CH4 - x = 10.7360 - Irregular cage
1750CH4 - x =  3.3920 - Irregular cage
1751CH4 - x = 10.4701 - Irregular cage
1752CH4 - x =  2.8680 - Small cage
1753CH4 - x = 11.6830 - Not in a cage
1754CH4 - x =  8.7700 - Irregular cage
1755CH4 - x =  0.1141 - Not in a cage
1756CH4 - x = 10.8930 - Irregular cage
1757CH4 - x =  2.7680 - Small cage
1758CH4 - x = 10.8260 - Irregular cage
1759CH4 - x =  8.7400 - Large cage
1760CH4 - x =  0.1520 - Not in a cage
1761CH4 - x =  1.9150 - Interface cage
1762CH4 - x =  2.4150 - Irregular cage
1763CH4 - x =  9.3590 - Small cage
1765CH4 - x =  2.9190 - Irregular cage
1766CH4 - x =  7.5730 - Large cage
1767CH4 - x =  3.4191 - Large cage
1768CH4 - x =  2.3090 - Irregular cage
1769CH4 - x =  3.4350 - Small cage
1770CH4 - x =  3.9790 - Large cage
1771CH4 - x =  4.3250 - Irregular cage
1772CH4 - x =  3.7310 - Large cage
1773CH4 - x = 11.7611 - Irregular cage
1774CH4 - x =  8.6920 - Irregular cage
1776CH4 - x =  2.4870 - Irregular cage
1777CH4 - x = 11.8220 - Irregular cage
1778CH4 - x = 11.8160 - Irregular cage
1780CH4 - x =  9.9930 - Irregular cage
1782CH4 - x =  7.6100 - Small cage
1783CH4 - x = 10.6650 - Irregular cage
1784CH4 - x =  3.9791 - Large cage
1785CH4 - x =  4.6200 - Small cage
1786CH4 - x =  4.6180 - Small cage
1787CH4 - x =  4.6880 - Small cage
1788CH4 - x =  5.2090 - Irregular cage
1789CH4 - x =  5.2100 - Small cage
1790CH4 - x =  5.2510 - Irregular cage
1791CH4 - x =  4.5910 - Irregular cage
1792CH4 - x =  5.1640 - Small cage
1793CH4 - x =  4.5590 - Irregular cage
1794CH4 - x =  5.2700 - Large cage
1795CH4 - x =  5.2390 - Irregular cage
1796CH4 - x =  4.5581 - Large cage
1797CH4 - x =  5.1520 - Irregular cage
1798CH4 - x =  5.2470 - Irregular cage
1799CH4 - x =  5.5870 - Irregular cage
1800CH4 - x =  5.2050 - Large cage
1801CH4 - x =  4.6650 - Irregular cage
1802CH4 - x =  4.9619 - Large cage
1803CH4 - x =  5.4571 - Irregular cage
1804CH4 - x =  4.6050 - Large cage
1805CH4 - x =  5.4560 - Irregular cage
1806CH4 - x =  6.9710 - Small cage
1807CH4 - x =  5.1800 - Irregular cage
1808CH4 - x =  4.8870 - Irregular cage
1809CH4 - x =  4.8700 - Large cage
1810CH4 - x =  4.9070 - Irregular cage
1811CH4 - x =  4.6931 - Irregular cage
1812CH4 - x =  5.0761 - Irregular cage
1813CH4 - x =  4.7459 - Irregular cage
1814CH4 - x =  5.3661 - Irregular cage
1815CH4 - x =  5.1270 - Irregular cage
1817CH4 - x =  5.8150 - Irregular cage
1818CH4 - x =  5.8490 - Irregular cage
1819CH4 - x =  6.0420 - Large cage
1820CH4 - x =  5.8010 - Small cage
1821CH4 - x =  5.7559 - Irregular cage
1822CH4 - x =  5.7521 - Irregular cage
1823CH4 - x =  5.7990 - Large cage
1824CH4 - x =  5.8050 - Large cage
1825CH4 - x =  5.8070 - Large cage
1826CH4 - x =  5.7210 - Large cage
1827CH4 - x =  5.8080 - Irregular cage
1828CH4 - x =  5.7790 - Irregular cage
1829CH4 - x =  9.8890 - Interface cage
1830CH4 - x = 10.2391 - Irregular cage
1831CH4 - x = 10.1890 - Irregular cage
1833CH4 - x =  0.0441 - Irregular cage
1834CH4 - x =  8.1370 - Irregular cage
1835CH4 - x =  2.3371 - Interface cage
1836CH4 - x =  9.3630 - Irregular cage
1837CH4 - x =  0.3940 - Irregular cage
1838CH4 - x = 10.5400 - Not in a cage
1839CH4 - x =  7.9211 - Large cage
1840CH4 - x = 10.5361 - Irregular cage
1842CH4 - x =  9.4060 - Irregular cage
1843CH4 - x =  6.4350 - Small cage
1845CH4 - x =  9.7319 - Irregular cage
1846CH4 - x =  8.7830 - Small cage
1848CH4 - x =  7.6170 - Irregular cage
1849CH4 - x =  9.8969 - Irregular cage
1850CH4 - x =  6.3840 - Irregular cage
1851CH4 - x =  2.0570 - Irregular cage
1853CH4 - x =  7.3400 - Irregular cage
1854CH4 - x = 10.8570 - Not in a cage
1855CH4 - x =  0.0431 - Not in a cage
1856CH4 - x =  9.7191 - Irregular cage
1857CH4 - x =  6.4080 - Large cage
1858CH4 - x = 11.6670 - Not in a cage
1859CH4 - x =  8.8361 - Large cage
1860CH4 - x = 10.2750 - Irregular cage
1862CH4 - x =  7.0520 - Irregular cage
1863CH4 - x =  7.5640 - Irregular cage
1864CH4 - x =  7.2870 - Irregular cage
1866CH4 - x =  6.9830 - Irregular cage
1867CH4 - x =  2.8220 - Large cage
1868CH4 - x =  7.0160 - Small cage
1869CH4 - x =  2.4909 - Irregular cage
1871CH4 - x =  8.2020 - Irregular cage
1872CH4 - x =  1.4620 - Not in a cage
1873CH4 - x =  6.4070 - Irregular cage
1874CH4 - x =  9.8939 - Irregular cage
1875CH4 - x =  0.0909 - Not in a cage
1876CH4 - x = 11.5191 - Not in a cage
1877CH4 - x =  2.0740 - Small cage
1878CH4 - x =  8.5181 - Large cage
1879CH4 - x =  1.0620 - Irregular cage
1880CH4 - x =  9.3221 - Small cage
1881CH4 - x = 11.5481 - Not in a cage
1883CH4 - x =  2.3561 - Irregular cage
1884CH4 - x =  8.5280 - Irregular cage
1885CH4 - x =  1.0940 - Irregular cage
1887CH4 - x = 11.5020 - Irregular cage
1889CH4 - x =  9.0450 - Irregular cage
1890CH4 - x = 10.6120 - Not in a cage
1891CH4 - x = 10.8160 - Irregular cage
1893CH4 - x =  6.9710 - Large cage
1894CH4 - x = 11.4260 - Irregular cage
1895CH4 - x =  6.1340 - Large cage
1896CH4 - x = 10.4050 - Not in a cage
1897CH4 - x =  2.3050 - Irregular cage
1898CH4 - x =  0.6110 - Irregular cage
1899CH4 - x =  6.4611 - Irregular cage
1900CH4 - x =  9.3190 - Irregular cage
1901CH4 - x =  9.6511 - Irregular cage
1902CH4 - x =  7.5840 - Irregular cage
1903CH4 - x = 11.7260 - Irregular cage
1905CH4 - x =  7.7131 - Irregular cage
1906CH4 - x =  9.6550 - Interface cage
1907CH4 - x = 11.8780 - Irregular cage
1908CH4 - x =  2.1260 - Interface cage
1909CH4 - x =  0.6270 - Irregular cage
1910CH4 - x =  1.3260 - Interface cage
1911CH4 - x =  7.5580 - Irregular cage
1912CH4 - x =  6.9529 - Irregular cage
1913CH4 - x =  7.0010 - Small cage
1914CH4 - x =  9.4220 - Irregular cage
1916CH4 - x = 10.9790 - Not in a cage
1917CH4 - x = 11.9680 - Not in a cage
1918CH4 - x =  8.1810 - Small cage
1919CH4 - x =  9.0901 - Irregular cage
1920CH4 - x =  8.1730 - Small cage
1921CH4 - x = 10.7790 - Irregular cage
1923CH4 - x =  6.4060 - Small cage
1924CH4 - x = 11.7720 - Irregular cage
1925CH4 - x = 10.4440 - Irregular cage
1926CH4 - x = 10.8020 - Irregular cage
1927CH4 - x =  9.4590 - Irregular cage
1928CH4 - x = 11.7760 - Not in a cage
1929CH4 - x =  1.6371 - Interface cage
1931CH4 - x =  0.2540 - Irregular cage
1933CH4 - x =  9.0601 - Large cage
1934CH4 - x =  1.9560 - Irregular cage
1935CH4 - x = 10.7540 - Irregular cage
1936CH4 - x =  1.1920 - Not in a cage
1937CH4 - x =  8.7139 - Large cage
1938CH4 - x = 11.5040 - Irregular cage
1941CH4 - x = 11.9061 - Irregular cage
1943CH4 - x =  0.2460 - Irregular cage
1946CH4 - x =  8.8040 - Large cage
1947CH4 - x =  8.8240 - Irregular cage
1949CH4 - x =  7.5570 - Small cage
1950CH4 - x = 11.7810 - Irregular cage
1951CH4 - x =  7.3420 - Irregular cage
1953CH4 - x =  0.6140 - Irregular cage
1954CH4 - x = 11.8550 - Irregular cage
1955CH4 - x =  6.4880 - Irregular cage
1956CH4 - x =  1.5389 - Interface cage
1957CH4 - x = 10.7511 - Not in a cage
1959CH4 - x = 10.6710 - Irregular cage
1960CH4 - x = 10.5940 - Not in a cage
1963CH4 - x = 10.4440 - Irregular cage
1964CH4 - x = 11.9090 - Irregular cage
1965CH4 - x =  1.4620 - Not in a cage
1966CH4 - x =  1.2970 - Irregular cage
1967CH4 - x =  9.8829 - Irregular cage
1968CH4 - x = 10.5129 - Irregular cage
1970CH4 - x =  1.8850 - Irregular cage
1972CH4 - x =  6.4160 - Large cage
1973CH4 - x =  0.4310 - Irregular cage
1975CH4 - x =  1.0350 - Irregular cage
1976CH4 - x =  9.9840 - Interface cage
1977CH4 - x = 11.5800 - Irregular cage
1978CH4 - x = 10.6620 - Not in a cage
1979CH4 - x =  0.6170 - Irregular cage
1980CH4 - x =  6.3900 - Large cage
1981CH4 - x =  8.7700 - Small cage
1982CH4 - x =  6.7189 - Irregular cage
1985CH4 - x =  9.4200 - Irregular cage
1986CH4 - x = 10.6960 - Irregular cage
1988CH4 - x =  1.8770 - Interface cage
Done. Elapsed time: 45.922 s
Total time 59.810 s

Small cages: 33 found
Large cages: 51 found
Interface cages: 18 found
Irregular cages: 151 found

-------------------- FRAME  222 --------------------

Computing AOP ...
Done. Elapsed time: 14.272 s

Computing neighbours with low AOP and hydrogen bonds ...
1657CH4 - x =  3.6367 - Irregular cage
1658CH4 - x =  7.7797 - Large cage
1659CH4 - x =  2.6649 - Irregular cage
1660CH4 - x =  0.0727 - Irregular cage
1661CH4 - x =  8.1715 - Large cage
1662CH4 - x =  4.2503 - Large cage
1663CH4 - x =  2.8315 - Irregular cage
1665CH4 - x =  6.8656 - Irregular cage
1666CH4 - x =  8.0646 - Large cage
1668CH4 - x =  3.4163 - Large cage
1669CH4 - x =  4.5415 - Large cage
1670CH4 - x = 10.7156 - Irregular cage
1672CH4 - x = 10.8555 - Irregular cage
1673CH4 - x =  2.5214 - Interface cage
1674CH4 - x =  8.7110 - Irregular cage
1677CH4 - x =  9.2521 - Irregular cage
1679CH4 - x =  2.1006 - Not in a cage
1680CH4 - x =  4.0289 - Irregular cage
1681CH4 - x =  0.2347 - Irregular cage
1682CH4 - x =  4.2882 - Large cage
1683CH4 - x = 10.2341 - Irregular cage
1684CH4 - x =  2.7978 - Irregular cage
1685CH4 - x =  1.4346 - Not in a cage
1686CH4 - x =  9.3317 - Irregular cage
1687CH4 - x =  3.9488 - Large cage
1689CH4 - x = 10.4196 - Irregular cage
1690CH4 - x =  7.5886 - Large cage
1691CH4 - x =  8.1285 - Large cage
1692CH4 - x =  8.1856 - Large cage
1693CH4 - x =  7.5473 - Irregular cage
1694CH4 - x =  2.8290 - Irregular cage
1695CH4 - x =  3.3809 - Small cage
1696CH4 - x =  2.8301 - Irregular cage
1697CH4 - x = 11.8353 - Irregular cage
1698CH4 - x =  4.2780 - Irregular cage
1699CH4 - x =  3.9712 - Small cage
1700CH4 - x = 11.7228 - Not in a cage
1701CH4 - x =  6.3201 - Large cage
1702CH4 - x =  3.8951 - Small cage
1704CH4 - x =  3.9799 - Small cage
1705CH4 - x =  3.4312 - Irregular cage
1706CH4 - x =  9.2405 - Irregular cage
1710CH4 - x =  3.9893 - Large cage
1711CH4 - x =  4.0022 - Irregular cage
1712CH4 - x =  3.0438 - Large cage
1713CH4 - x =  3.3915 - Large cage
1714CH4 - x = 11.6257 - Irregular cage
1715CH4 - x = 10.3261 - Irregular cage
1716CH4 - x =  4.0151 - Irregular cage
1718CH4 - x =  3.1216 - Large cage
1719CH4 - x =  4.5470 - Large cage
1720CH4 - x =  1.1655 - Not in a cage
1721CH4 - x =  3.1292 - Large cage
1723CH4 - x =  3.1153 - Irregular cage
1724CH4 - x = 11.7380 - Irregular cage
1725CH4 - x =  3.3962 - Small cage
1726CH4 - x = 11.8459 - Irregular cage
1727CH4 - x =  0.9376 - Irregular cage
1728CH4 - x =  2.8210 - Irregular cage
1730CH4 - x = 10.5663 - Irregular cage
1731CH4 - x = 10.9459 - Not in a cage
1732CH4 - x =  4.0408 - Large cage
1733CH4 - x =  8.0967 - Large cage
1734CH4 - x =  2.7540 - Irregular cage
1735CH4 - x = 11.7064 - Irregular cage
1736CH4 - x =  3.3529 - Large cage
1737CH4 - x = 10.2843 - Irregular cage
1739CH4 - x =  3.4299 - Irregular cage
1740CH4 - x =  6.6401 - Irregular cage
1741CH4 - x =  1.5137 - Interface cage
1742CH4 - x =  9.9381 - Irregular cage
1743CH4 - x =  8.1229 - Large cage
1744CH4 - x =  3.3232 - Irregular cage
1747CH4 - x =  3.7758 - Irregular cage
1748CH4 - x =  7.2541 - Irregular cage
1750CH4 - x =  3.3877 - Large cage
1751CH4 - x = 10.8255 - Not in a cage
1752CH4 - x =  2.8831 - Irregular cage
1753CH4 - x =  1.3546 - Irregular cage
1754CH4 - x =  8.6898 - Irregular cage
1756CH4 - x =  9.2330 - Small cage
1758CH4 - x =  9.3277 - Irregular cage
1759CH4 - x =  8.7470 - Irregular cage
1760CH4 - x = 11.7797 - Irregular cage
1761CH4 - x =  2.5958 - Interface cage
1762CH4 - x =  1.9235 - Not in a cage
1763CH4 - x =  9.2681 - Irregular cage
1764CH4 - x =  9.5772 - Irregular cage
1765CH4 - x =  2.8548 - Irregular cage
1766CH4 - x =  7.5823 - Large cage
1767CH4 - x =  3.4150 - Irregular cage
1769CH4 - x =  3.3908 - Small cage
1770CH4 - x =  4.0461 - Irregular cage
1771CH4 - x =  4.2938 - Large cage
1772CH4 - x =  3.7079 - Irregular cage
1773CH4 - x = 10.7005 - Irregular cage
1774CH4 - x =  8.7874 - Large cage
1776CH4 - x =  1.1093 - Not in a cage
1779CH4 - x =  2.1981 - Irregular cage
1780CH4 - x = 11.8145 - Irregular cage
1781CH4 - x =  2.0080 - Irregular cage
1782CH4 - x =  7.4633 - Irregular cage
1783CH4 - x = 11.7809 - Irregular cage
1784CH4 - x =  3.9365 - Irregular cage
1785CH4 - x =  4.5630 - Small cage
1786CH4 - x =  4.5792 - Small cage
1787CH4 - x =  4.6061 - Irregular cage
1788CH4 - x =  5.1910 - Small cage
1789CH4 - x =  5.1565 - Small cage
1790CH4 - x =  5.1690 - Small cage
1791CH4 - x =  4.5858 - Small cage
1792CH4 - x =  5.2092 - Irregular cage
1793CH4 - x =  4.6280 - Irregular cage
1794CH4 - x =  5.2659 - Irregular cage
1795CH4 - x =  5.2030 - Large cage
1796CH4 - x =  4.6124 - Irregular cage
1797CH4 - x =  5.1643 - Large cage
1798CH4 - x =  5.2095 - Large cage
1799CH4 - x =  5.4696 - Large cage
1800CH4 - x =  5.2484 - Large cage
1801CH4 - x =  4.6441 - Irregular cage
1802CH4 - x =  4.9312 - Large cage
1803CH4 - x =  5.4781 - Irregular cage
1804CH4 - x =  4.5976 - Large cage
1805CH4 - x =  5.4639 - Irregular cage
1806CH4 - x =  6.9928 - Irregular cage
1807CH4 - x =  5.1407 - Large cage
1808CH4 - x =  4.8691 - Large cage
1809CH4 - x =  4.8873 - Large cage
1810CH4 - x =  4.8559 - Large cage
1811CH4 - x =  4.5074 - Irregular cage
1812CH4 - x =  5.1699 - Large cage
1813CH4 - x =  4.5945 - Irregular cage
1814CH4 - x =  5.4517 - Large cage
1815CH4 - x =  5.0989 - Irregular cage
1817CH4 - x =  5.7854 - Irregular cage
1818CH4 - x =  5.7551 - Irregular cage
1819CH4 - x =  6.0219 - Irregular cage
1820CH4 - x =  5.7643 - Small cage
1821CH4 - x =  5.7780 - Large cage
1822CH4 - x =  5.7541 - Large cage
1823CH4 - x =  5.7900 - Irregular cage
1824CH4 - x =  5.7479 - Large cage
1825CH4 - x =  5.7042 - Irregular cage
1826CH4 - x =  5.8099 - Irregular cage
1827CH4 - x =  5.7156 - Large cage
1828CH4 - x =  5.6662 - Irregular cage
1830CH4 - x = 10.5371 - Not in a cage
1832CH4 - x = 10.4321 - Irregular cage
1834CH4 - x =  8.1056 - Irregular cage
1835CH4 - x = 11.7284 - Irregular cage
1836CH4 - x =  9.3493 - Irregular cage
1838CH4 - x = 11.7168 - Not in a cage
1839CH4 - x =  7.8427 - Irregular cage
1840CH4 - x =  0.1699 - Irregular cage
1841CH4 - x = 11.0046 - Irregular cage
1843CH4 - x =  6.3416 - Small cage
1844CH4 - x = 10.6392 - Not in a cage
1846CH4 - x =  8.7180 - Small cage
1847CH4 - x = 10.4609 - Irregular cage
1848CH4 - x =  7.5620 - Irregular cage
1849CH4 - x = 10.5726 - Irregular cage
1850CH4 - x =  6.4059 - Small cage
1852CH4 - x = 11.5962 - Irregular cage
1853CH4 - x =  7.2588 - Large cage
1854CH4 - x =  0.4448 - Not in a cage
1855CH4 - x =  8.9957 - Irregular cage
1856CH4 - x = 10.6710 - Not in a cage
1857CH4 - x =  6.3818 - Irregular cage
1858CH4 - x = 10.7126 - Irregular cage
1859CH4 - x =  8.7330 - Large cage
1860CH4 - x =  1.8892 - Not in a cage
1862CH4 - x =  6.8939 - Large cage
1863CH4 - x =  7.5287 - Small cage
1864CH4 - x =  7.2465 - Large cage
1865CH4 - x =  9.8385 - Interface cage
1866CH4 - x =  6.9690 - Large cage
1867CH4 - x =  2.7232 - Irregular cage
1868CH4 - x =  6.9934 - Irregular cage
1869CH4 - x =  0.5934 - Not in a cage
1871CH4 - x =  8.2018 - Irregular cage
1872CH4 - x =  0.5009 - Not in a cage
1873CH4 - x =  6.3475 - Large cage
1876CH4 - x =  0.2353 - Irregular cage
1877CH4 - x =  2.8817 - Irregular cage
1878CH4 - x =  8.4274 - Large cage
1879CH4 - x =  0.8735 - Irregular cage
1880CH4 - x =  9.3318 - Small cage
1881CH4 - x = 10.2995 - Not in a cage
1882CH4 - x = 11.6169 - Not in a cage
1883CH4 - x =  1.6972 - Irregular cage
1884CH4 - x =  8.3775 - Large cage
1885CH4 - x = 10.1820 - Irregular cage
1886CH4 - x = 10.5882 - Irregular cage
1887CH4 - x =  9.8487 - Interface cage
1888CH4 - x =  1.8498 - Irregular cage
1889CH4 - x =  8.9355 - Large cage
1891CH4 - x = 10.9745 - Irregular cage
1892CH4 - x =  9.6475 - Irregular cage
1893CH4 - x =  6.9700 - Large cage
1894CH4 - x = 11.8316 - Irregular cage
1895CH4 - x =  6.0333 - Irregular cage
1896CH4 - x = 10.3214 - Irregular cage
1898CH4 - x =  0.1933 - Not in a cage
1899CH4 - x =  6.2410 - Irregular cage
1900CH4 - x =  9.2682 - Small cage
1902CH4 - x =  7.5436 - Irregular cage
1904CH4 - x =  1.0554 - Irregular cage
1905CH4 - x =  7.5382 - Large cage
1907CH4 - x =  9.5310 - Interface cage
1908CH4 - x =  2.4052 - Not in a cage
1909CH4 - x = 11.6401 - Not in a cage
1910CH4 - x =  9.7660 - Irregular cage
1911CH4 - x =  7.5865 - Large cage
1912CH4 - x =  6.9621 - Large cage
1913CH4 - x =  6.9212 - Irregular cage
1914CH4 - x = 11.8592 - Not in a cage
1915CH4 - x =  9.6882 - Interface cage
1916CH4 - x =  0.0880 - Irregular cage
1917CH4 - x = 10.4094 - Not in a cage
1918CH4 - x =  8.1153 - Irregular cage
1919CH4 - x =  8.9850 - Irregular cage
1920CH4 - x =  8.1199 - Small cage
1921CH4 - x =  9.9044 - Interface cage
1923CH4 - x =  6.3800 - Small cage
1924CH4 - x = 11.8793 - Not in a cage
1925CH4 - x =  2.3161 - Interface cage
1926CH4 - x = 11.7378 - Not in a cage
1927CH4 - x = 10.9577 - Not in a cage
1928CH4 - x = 11.9213 - Not in a cage
1930CH4 - x =  9.2727 - Irregular cage
1933CH4 - x =  8.9847 - Irregular cage
1935CH4 - x = 11.0799 - Not in a cage
1936CH4 - x = 10.3857 - Irregular cage
1937CH4 - x =  8.7516 - Large cage
1939CH4 - x = 10.5035 - Irregular cage
1941CH4 - x = 11.5229 - Not in a cage
1944CH4 - x =  1.5527 - Not in a cage
1945CH4 - x = 10.1249 - Irregular cage
1946CH4 - x =  8.7576 - Irregular cage
1947CH4 - x =  8.7050 - Small cage
1948CH4 - x = 10.4916 - Irregular cage
1949CH4 - x =  7.5551 - Small cage
1950CH4 - x = 10.3645 - Irregular cage
1951CH4 - x =  7.2263 - Large cage
1952CH4 - x = 10.6746 - Irregular cage
1954CH4 - x =  9.3252 - Irregular cage
1955CH4 - x =  6.3461 - Large cage
1956CH4 - x =  2.7949 - Irregular cage
1957CH4 - x = 10.6629 - Irregular cage
1959CH4 - x = 10.1318 - Not in a cage
1960CH4 - x =  1.1944 - Irregular cage
1961CH4 - x =  0.2265 - Not in a cage
1962CH4 - x = 11.7605 - Not in a cage
1963CH4 - x =  0.1866 - Not in a cage
1964CH4 - x = 11.8955 - Not in a cage
1965CH4 - x =  0.0872 - Irregular cage
1966CH4 - x = 10.8683 - Not in a cage
1967CH4 - x =  2.4526 - Interface cage
1968CH4 - x =  9.9117 - Irregular cage
1969CH4 - x = 10.2467 - Irregular cage
1970CH4 - x = 11.8153 - Irregular cage
1972CH4 - x =  6.3688 - Irregular cage
1973CH4 - x = 10.6227 - Irregular cage
1976CH4 - x = 11.6782 - Irregular cage
1980CH4 - x =  6.3626 - Irregular cage
1981CH4 - x =  8.6645 - Small cage
1982CH4 - x =  6.6377 - Large cage
1983CH4 - x = 11.6001 - Not in a cage
1985CH4 - x =  1.1927 - Not in a cage
1986CH4 - x =  2.2718 - Irregular cage
1987CH4 - x = 10.6349 - Irregular cage
1988CH4 - x =  9.2733 - Interface cage
Done. Elapsed time: 43.314 s
Total time 57.755 s

Small cages: 25 found
Large cages: 60 found
Interface cages: 11 found
Irregular cages: 139 found

-------------------- FRAME  444 --------------------

Computing AOP ...
Done. Elapsed time: 13.989 s

Computing neighbours with low AOP and hydrogen bonds ...
1657CH4 - x =  3.7085 - Large cage
1658CH4 - x =  7.7742 - Irregular cage
1661CH4 - x =  8.1190 - Large cage
1662CH4 - x =  4.2940 - Large cage
1663CH4 - x =  2.8670 - Irregular cage
1664CH4 - x =  2.8316 - Irregular cage
1665CH4 - x =  6.9390 - Large cage
1666CH4 - x =  8.0765 - Large cage
1667CH4 - x =  0.3027 - Irregular cage
1668CH4 - x =  3.3951 - Large cage
1669CH4 - x =  4.5339 - Large cage
1671CH4 - x = 11.6128 - Irregular cage
1673CH4 - x =  1.8759 - Irregular cage
1674CH4 - x =  8.6889 - Small cage
1675CH4 - x =  2.2569 - Interface cage
1676CH4 - x =  9.7661 - Interface cage
1680CH4 - x =  4.0239 - Irregular cage
1682CH4 - x =  4.2214 - Irregular cage
1683CH4 - x = 10.6754 - Irregular cage
1684CH4 - x =  2.7634 - Irregular cage
1685CH4 - x =  1.9571 - Irregular cage
1686CH4 - x = 10.8723 - Irregular cage
1687CH4 - x =  4.0068 - Large cage
1690CH4 - x =  7.5240 - Large cage
1691CH4 - x =  8.0857 - Irregular cage
1692CH4 - x =  8.1506 - Irregular cage
1693CH4 - x =  7.5178 - Irregular cage
1694CH4 - x =  2.8368 - Irregular cage
1695CH4 - x =  3.3644 - Irregular cage
1696CH4 - x =  2.7255 - Small cage
1698CH4 - x =  4.2384 - Irregular cage
1699CH4 - x =  3.9914 - Irregular cage
1700CH4 - x = 10.7247 - Not in a cage
1701CH4 - x =  6.3727 - Large cage
1702CH4 - x =  4.0317 - Irregular cage
1703CH4 - x =  1.0809 - Irregular cage
1704CH4 - x =  3.9876 - Small cage
1705CH4 - x =  3.3965 - Irregular cage
1706CH4 - x =  9.2972 - Irregular cage
1708CH4 - x =  9.3197 - Interface cage
1710CH4 - x =  4.0427 - Irregular cage
1711CH4 - x =  4.0222 - Large cage
1712CH4 - x =  3.0790 - Irregular cage
1713CH4 - x =  3.3997 - Irregular cage
1716CH4 - x =  3.9763 - Irregular cage
1717CH4 - x = 11.6759 - Not in a cage
1718CH4 - x =  3.1162 - Irregular cage
1719CH4 - x =  4.5978 - Large cage
1720CH4 - x = 10.6263 - Not in a cage
1721CH4 - x =  3.1256 - Irregular cage
1722CH4 - x =  0.0021 - Irregular cage
1723CH4 - x =  3.0939 - Irregular cage
1725CH4 - x =  3.4195 - Small cage
1727CH4 - x = 10.4614 - Not in a cage
1728CH4 - x =  2.7993 - Irregular cage
1730CH4 - x =  0.3202 - Irregular cage
1731CH4 - x =  0.0821 - Not in a cage
1732CH4 - x =  4.0143 - Large cage
1733CH4 - x =  8.1838 - Irregular cage
1734CH4 - x =  2.7831 - Irregular cage
1735CH4 - x =  1.8280 - Irregular cage
1736CH4 - x =  3.3311 - Irregular cage
1737CH4 - x =  2.2664 - Interface cage
1738CH4 - x = 11.8557 - Irregular cage
1739CH4 - x =  3.3825 - Irregular cage
1740CH4 - x =  6.6469 - Irregular cage
1741CH4 - x =  2.5526 - Irregular cage
1743CH4 - x =  8.1095 - Large cage
1744CH4 - x =  3.3858 - Irregular cage
1745CH4 - x =  9.3613 - Interface cage
1747CH4 - x =  3.7723 - Irregular cage
1748CH4 - x =  7.2730 - Large cage
1750CH4 - x =  3.3760 - Large cage
1751CH4 - x = 10.7582 - Not in a cage
1752CH4 - x =  2.8330 - Irregular cage
1753CH4 - x = 10.5528 - Irregular cage
1754CH4 - x =  8.7735 - Small cage
1755CH4 - x = 10.9076 - Irregular cage
1756CH4 - x =  9.2344 - Irregular cage
1758CH4 - x =  0.0090 - Irregular cage
1759CH4 - x =  8.6694 - Small cage
1760CH4 - x = 10.4307 - Not in a cage
1761CH4 - x = 11.0026 - Irregular cage
1762CH4 - x =  1.0574 - Not in a cage
1763CH4 - x =  9.3194 - Irregular cage
1765CH4 - x =  2.8248 - Irregular cage
1766CH4 - x =  7.5061 - Large cage
1767CH4 - x =  3.4082 - Irregular cage
1768CH4 - x =  2.1068 - Irregular cage
1769CH4 - x =  3.4073 - Small cage
1770CH4 - x =  3.9708 - Irregular cage
1771CH4 - x =  4.3273 - Irregular cage
1772CH4 - x =  3.6275 - Irregular cage
1773CH4 - x =  0.0517 - Not in a cage
1774CH4 - x =  8.7302 - Irregular cage
1775CH4 - x =  0.7081 - Irregular cage
1776CH4 - x =  0.8284 - Irregular cage
1777CH4 - x = 10.1493 - Irregular cage
1778CH4 - x =  9.6732 - Irregular cage
1779CH4 - x =  1.2610 - Not in a cage
1782CH4 - x =  7.5279 - Small cage
1783CH4 - x =  1.1840 - Irregular cage
1784CH4 - x =  4.0185 - Large cage
1785CH4 - x =  4.5553 - Small cage
1786CH4 - x =  4.5639 - Small cage
1787CH4 - x =  4.5388 - Irregular cage
1788CH4 - x =  5.1296 - Small cage
1789CH4 - x =  5.1390 - Irregular cage
1790CH4 - x =  5.1862 - Irregular cage
1791CH4 - x =  4.5381 - Small cage
1792CH4 - x =  5.1490 - Small cage
1793CH4 - x =  4.5713 - Irregular cage
1794CH4 - x =  5.1857 - Large cage
1795CH4 - x =  5.1629 - Large cage
1796CH4 - x =  4.5990 - Large cage
1797CH4 - x =  5.2298 - Large cage
1798CH4 - x =  5.1473 - Irregular cage
1799CH4 - x =  5.4280 - Irregular cage
1800CH4 - x =  5.1985 - Irregular cage
1801CH4 - x =  4.6541 - Large cage
1802CH4 - x =  4.8651 - Irregular cage
1803CH4 - x =  5.4675 - Large cage
1804CH4 - x =  4.5210 - Large cage
1805CH4 - x =  5.4717 - Irregular cage
1806CH4 - x =  6.9554 - Small cage
1807CH4 - x =  5.0865 - Large cage
1808CH4 - x =  4.8281 - Irregular cage
1809CH4 - x =  4.8556 - Irregular cage
1810CH4 - x =  4.8831 - Large cage
1811CH4 - x =  4.6443 - Large cage
1812CH4 - x =  5.1850 - Irregular cage
1813CH4 - x =  4.5749 - Large cage
1814CH4 - x =  5.4566 - Large cage
1815CH4 - x =  5.1668 - Large cage
1817CH4 - x =  5.7368 - Small cage
1818CH4 - x =  5.7669 - Small cage
1819CH4 - x =  6.0272 - Irregular cage
1820CH4 - x =  5.7485 - Small cage
1821CH4 - x =  5.8082 - Large cage
1822CH4 - x =  5.7948 - Irregular cage
1823CH4 - x =  5.8561 - Irregular cage
1824CH4 - x =  5.6454 - Irregular cage
1825CH4 - x =  5.7305 - Large cage
1826CH4 - x =  5.8361 - Irregular cage
1827CH4 - x =  5.7799 - Large cage
1828CH4 - x =  5.7307 - Large cage
1829CH4 - x =  0.0261 - Not in a cage
1831CH4 - x = 11.8198 - Irregular cage
1832CH4 - x = 10.4488 - Not in a cage
1833CH4 - x =  9.8178 - Irregular cage
1834CH4 - x =  8.1748 - Irregular cage
1835CH4 - x = 10.3994 - Irregular cage
1836CH4 - x =  9.2870 - Irregular cage
1837CH4 - x = 10.6493 - Irregular cage
1838CH4 - x = 10.4736 - Irregular cage
1839CH4 - x =  7.7911 - Irregular cage
1842CH4 - x = 11.5066 - Irregular cage
1843CH4 - x =  6.3535 - Small cage
1844CH4 - x = 10.4120 - Irregular cage
1846CH4 - x =  8.6795 - Small cage
1847CH4 - x = 10.5800 - Not in a cage
1848CH4 - x =  7.5398 - Irregular cage
1849CH4 - x = 10.3860 - Irregular cage
1850CH4 - x =  6.3227 - Irregular cage
1852CH4 - x = 10.4586 - Not in a cage
1853CH4 - x =  7.2468 - Irregular cage
1855CH4 - x =  8.9993 - Irregular cage
1857CH4 - x =  6.3656 - Large cage
1859CH4 - x =  8.7051 - Large cage
1860CH4 - x = 10.7738 - Irregular cage
1862CH4 - x =  6.9679 - Large cage
1863CH4 - x =  7.5745 - Irregular cage
1864CH4 - x =  7.2624 - Large cage
1866CH4 - x =  6.8777 - Irregular cage
1868CH4 - x =  6.9477 - Small cage
1869CH4 - x = 11.7572 - Irregular cage
1871CH4 - x =  8.0948 - Irregular cage
1873CH4 - x =  6.3088 - Irregular cage
1874CH4 - x = 10.3849 - Irregular cage
1875CH4 - x = 10.2383 - Irregular cage
1876CH4 - x =  0.8273 - Irregular cage
1877CH4 - x =  2.8626 - Irregular cage
1878CH4 - x =  8.4777 - Irregular cage
1879CH4 - x = 11.6282 - Not in a cage
1880CH4 - x =  9.2018 - Irregular cage
1882CH4 - x =  9.3947 - Small cage
1883CH4 - x =  0.1545 - Irregular cage
1884CH4 - x =  8.3563 - Large cage
1886CH4 - x = 11.7338 - Irregular cage
1889CH4 - x =  9.0258 - Irregular cage
1890CH4 - x = 10.2454 - Irregular cage
1893CH4 - x =  6.9457 - Irregular cage
1894CH4 - x = 11.4732 - Irregular cage
1895CH4 - x =  6.1099 - Large cage
1898CH4 - x = 11.6476 - Not in a cage
1899CH4 - x =  6.3508 - Large cage
1900CH4 - x =  9.2822 - Irregular cage
1902CH4 - x =  7.5381 - Irregular cage
1905CH4 - x =  7.6139 - Irregular cage
1907CH4 - x =  2.8349 - Small cage
1908CH4 - x =  0.4480 - Irregular cage
1910CH4 - x = 11.8878 - Not in a cage
1911CH4 - x =  7.5477 - Irregular cage
1912CH4 - x =  6.9072 - Irregular cage
1913CH4 - x =  7.0061 - Small cage
1915CH4 - x =  0.0708 - Not in a cage
1916CH4 - x =  0.0959 - Not in a cage
1918CH4 - x =  8.1412 - Irregular cage
1919CH4 - x =  9.0434 - Irregular cage
1920CH4 - x =  8.1545 - Small cage
1921CH4 - x =  1.5815 - Not in a cage
1923CH4 - x =  6.3083 - Small cage
1924CH4 - x =  2.2285 - Irregular cage
1925CH4 - x = 11.8564 - Not in a cage
1926CH4 - x =  0.7427 - Irregular cage
1928CH4 - x = 10.1225 - Not in a cage
1929CH4 - x =  1.3735 - Irregular cage
1931CH4 - x = 11.6239 - Not in a cage
1933CH4 - x =  9.0046 - Irregular cage
1934CH4 - x = 10.3603 - Not in a cage
1935CH4 - x = 10.6580 - Not in a cage
1937CH4 - x =  8.7948 - Irregular cage
1938CH4 - x = 10.3213 - Irregular cage
1939CH4 - x =  1.5854 - Not in a cage
1940CH4 - x =  2.5926 - Interface cage
1941CH4 - x = 11.6994 - Not in a cage
1942CH4 - x = 10.4809 - Not in a cage
1946CH4 - x =  8.7212 - Irregular cage
1947CH4 - x =  8.7158 - Irregular cage
1948CH4 - x = 10.4446 - Not in a cage
1949CH4 - x =  7.5149 - Small cage
1950CH4 - x = 11.8206 - Irregular cage
1951CH4 - x =  7.2522 - Irregular cage
1952CH4 - x = 10.1899 - Not in a cage
1954CH4 - x =  9.8883 - Irregular cage
1955CH4 - x =  6.3677 - Large cage
1956CH4 - x =  2.8717 - Interface cage
1959CH4 - x =  9.8526 - Not in a cage
1960CH4 - x = 10.4425 - Irregular cage
1961CH4 - x =  1.3586 - Irregular cage
1962CH4 - x = 11.7716 - Irregular cage
1963CH4 - x = 11.7204 - Irregular cage
1964CH4 - x = 10.6634 - Not in a cage
1965CH4 - x =  9.3006 - Interface cage
1966CH4 - x = 11.6937 - Irregular cage
1968CH4 - x = 11.9065 - Irregular cage
1969CH4 - x =  9.5481 - Irregular cage
1970CH4 - x = 10.6706 - Irregular cage
1971CH4 - x =  2.3153 - Irregular cage
1972CH4 - x =  6.3045 - Large cage
1973CH4 - x =  0.8629 - Not in a cage
1974CH4 - x = 10.2027 - Not in a cage
1975CH4 - x = 11.6544 - Not in a cage
1977CH4 - x =  9.9202 - Irregular cage
1978CH4 - x =  2.5624 - Interface cage
1979CH4 - x =  0.5242 - Irregular cage
1980CH4 - x =  6.3184 - Large cage
1981CH4 - x =  8.7544 - Small cage
1982CH4 - x =  6.6719 - Large cage
1983CH4 - x =  2.1978 - Not in a cage
1984CH4 - x =  0.0688 - Not in a cage
1985CH4 - x =  2.3021 - Interface cage
1987CH4 - x = 10.5657 - Irregular cage
1988CH4 - x =  9.2901 - Interface cage
Done. Elapsed time: 41.788 s
Total time 55.949 s

Small cages: 27 found
Large cages: 46 found
Interface cages: 11 found
Irregular cages: 143 found

-------------------- FRAME  666 --------------------

Computing AOP ...
Done. Elapsed time: 14.231 s

Computing neighbours with low AOP and hydrogen bonds ...
1657CH4 - x =  3.7263 - Large cage
1658CH4 - x =  7.8204 - Irregular cage
1660CH4 - x = 10.2612 - Not in a cage
1661CH4 - x =  8.1612 - Large cage
1662CH4 - x =  4.3466 - Irregular cage
1663CH4 - x =  2.9214 - Irregular cage
1664CH4 - x =  2.8604 - Interface cage
1665CH4 - x =  6.9725 - Large cage
1666CH4 - x =  8.1029 - Irregular cage
1667CH4 - x =  0.2354 - Not in a cage
1668CH4 - x =  3.4572 - Large cage
1669CH4 - x =  4.6102 - Large cage
1671CH4 - x =  0.9242 - Irregular cage
1672CH4 - x = 10.3352 - Irregular cage
1673CH4 - x =  1.6219 - Irregular cage
1674CH4 - x =  8.7575 - Large cage
1675CH4 - x = 10.1940 - Not in a cage
1676CH4 - x =  9.4296 - Irregular cage
1677CH4 - x =  1.9630 - Irregular cage
1679CH4 - x =  0.4757 - Irregular cage
1680CH4 - x =  4.0295 - Large cage
1681CH4 - x =  1.8946 - Irregular cage
1682CH4 - x =  4.2907 - Irregular cage
1684CH4 - x =  2.8476 - Irregular cage
1687CH4 - x =  4.0325 - Irregular cage
1689CH4 - x =  0.4537 - Irregular cage
1690CH4 - x =  7.5756 - Irregular cage
1691CH4 - x =  8.1875 - Irregular cage
1692CH4 - x =  8.1163 - Irregular cage
1693CH4 - x =  7.6244 - Large cage
1694CH4 - x =  2.8620 - Interface cage
1695CH4 - x =  3.4146 - Irregular cage
1697CH4 - x =  9.5452 - Irregular cage
1698CH4 - x =  4.3134 - Large cage
1699CH4 - x =  4.0396 - Small cage
1700CH4 - x =  9.3180 - Irregular cage
1701CH4 - x =  6.3133 - Small cage
1702CH4 - x =  4.0382 - Irregular cage
1703CH4 - x =  0.7593 - Not in a cage
1704CH4 - x =  4.0240 - Small cage
1705CH4 - x =  3.4358 - Small cage
1706CH4 - x = 11.8214 - Not in a cage
1707CH4 - x =  0.0016 - Irregular cage
1708CH4 - x =  9.2309 - Irregular cage
1709CH4 - x = 10.6582 - Irregular cage
1710CH4 - x =  4.0585 - Irregular cage
1711CH4 - x =  3.9512 - Large cage
1712CH4 - x =  3.1885 - Irregular cage
1713CH4 - x =  3.4527 - Large cage
1714CH4 - x = 10.5962 - Not in a cage
1715CH4 - x =  1.0554 - Interface cage
1716CH4 - x =  4.0188 - Small cage
1717CH4 - x = 10.8908 - Not in a cage
1718CH4 - x =  3.0816 - Irregular cage
1719CH4 - x =  4.6129 - Large cage
1720CH4 - x = 10.0880 - Irregular cage
1721CH4 - x =  3.1565 - Irregular cage
1722CH4 - x = 10.6318 - Not in a cage
1723CH4 - x =  3.1672 - Irregular cage
1724CH4 - x = 10.6475 - Irregular cage
1725CH4 - x =  3.4621 - Irregular cage
1726CH4 - x =  0.1718 - Not in a cage
1728CH4 - x =  2.7514 - Irregular cage
1729CH4 - x = 11.8761 - Irregular cage
1730CH4 - x = 10.3539 - Not in a cage
1731CH4 - x =  0.0580 - Irregular cage
1732CH4 - x =  4.0593 - Large cage
1733CH4 - x =  8.2069 - Irregular cage
1734CH4 - x =  2.8503 - Irregular cage
1736CH4 - x =  3.4167 - Large cage
1737CH4 - x =  0.1683 - Irregular cage
1739CH4 - x =  3.3786 - Irregular cage
1740CH4 - x =  6.6853 - Large cage
1741CH4 - x =  2.4909 - Interface cage
1742CH4 - x =  1.8382 - Irregular cage
1743CH4 - x =  8.2287 - Large cage
1744CH4 - x =  3.4797 - Irregular cage
1745CH4 - x =  9.7965 - Irregular cage
1746CH4 - x = 11.8550 - Irregular cage
1747CH4 - x =  3.7411 - Irregular cage
1748CH4 - x =  7.2642 - Large cage
1749CH4 - x =  0.2149 - Not in a cage
1750CH4 - x =  3.3768 - Irregular cage
1751CH4 - x =  2.0939 - Irregular cage
1752CH4 - x =  2.6978 - Interface cage
1754CH4 - x =  8.6883 - Irregular cage
1756CH4 - x =  9.2820 - Interface cage
1758CH4 - x = 11.7254 - Not in a cage
1759CH4 - x =  8.7315 - Small cage
1760CH4 - x = 10.7307 - Irregular cage
1762CH4 - x =  9.8122 - Irregular cage
1763CH4 - x = 10.3641 - Not in a cage
1764CH4 - x =  0.1199 - Irregular cage
1765CH4 - x =  2.8270 - Irregular cage
1766CH4 - x =  7.5179 - Irregular cage
1767CH4 - x =  3.4161 - Large cage
1768CH4 - x = 10.6126 - Not in a cage
1769CH4 - x =  3.4205 - Irregular cage
1770CH4 - x =  3.9825 - Irregular cage
1771CH4 - x =  4.3271 - Large cage
1772CH4 - x =  3.8289 - Irregular cage
1774CH4 - x =  8.7224 - Irregular cage
1775CH4 - x =  2.8995 - Irregular cage
1776CH4 - x = 10.9266 - Irregular cage
1777CH4 - x = 11.9593 - Irregular cage
1778CH4 - x = 10.1808 - Not in a cage
1779CH4 - x = 10.3244 - Not in a cage
1781CH4 - x = 11.7963 - Irregular cage
1782CH4 - x =  7.5460 - Large cage
1783CH4 - x =  1.9829 - Not in a cage
1784CH4 - x =  4.0274 - Large cage
1785CH4 - x =  4.5693 - Small cage
1786CH4 - x =  4.5920 - Small cage
1787CH4 - x =  4.6059 - Irregular cage
1788CH4 - x =  5.1988 - Small cage
1789CH4 - x =  5.1537 - Small cage
1790CH4 - x =  5.2212 - Small cage
1791CH4 - x =  4.6575 - Irregular cage
1792CH4 - x =  5.2284 - Irregular cage
1793CH4 - x =  4.6299 - Irregular cage
1794CH4 - x =  5.2136 - Large cage
1795CH4 - x =  5.2360 - Large cage
1796CH4 - x =  4.6156 - Large cage
1797CH4 - x =  5.1329 - Irregular cage
1798CH4 - x =  5.2325 - Irregular cage
1799CH4 - x =  5.4914 - Irregular cage
1800CH4 - x =  5.2577 - Irregular cage
1801CH4 - x =  4.6479 - Large cage
1802CH4 - x =  4.8829 - Large cage
1803CH4 - x =  5.5219 - Irregular cage
1804CH4 - x =  4.6874 - Irregular cage
1805CH4 - x =  5.5292 - Irregular cage
1806CH4 - x =  7.0060 - Small cage
1807CH4 - x =  5.1687 - Irregular cage
1808CH4 - x =  4.8755 - Large cage
1809CH4 - x =  4.8987 - Large cage
1810CH4 - x =  4.9287 - Large cage
1811CH4 - x =  4.5930 - Irregular cage
1812CH4 - x =  5.1885 - Large cage
1813CH4 - x =  4.6040 - Irregular cage
1814CH4 - x =  5.5596 - Large cage
1815CH4 - x =  5.2278 - Irregular cage
1816CH4 - x = 11.7103 - Not in a cage
1817CH4 - x =  5.8221 - Small cage
1818CH4 - x =  5.7945 - Irregular cage
1819CH4 - x =  6.1330 - Large cage
1820CH4 - x =  5.8253 - Irregular cage
1821CH4 - x =  5.7058 - Irregular cage
1822CH4 - x =  5.7695 - Large cage
1823CH4 - x =  5.8635 - Irregular cage
1824CH4 - x =  5.7377 - Large cage
1825CH4 - x =  5.8909 - Small cage
1826CH4 - x =  5.8788 - Irregular cage
1827CH4 - x =  5.8235 - Irregular cage
1828CH4 - x =  5.7998 - Large cage
1831CH4 - x = 10.4361 - Not in a cage
1832CH4 - x =  1.0727 - Irregular cage
1834CH4 - x =  8.2355 - Large cage
1835CH4 - x = 11.9857 - Not in a cage
1836CH4 - x = 10.6067 - Irregular cage
1838CH4 - x =  0.0028 - Not in a cage
1839CH4 - x =  7.9108 - Large cage
1840CH4 - x = 10.6265 - Irregular cage
1841CH4 - x =  0.2876 - Irregular cage
1843CH4 - x =  6.3700 - Irregular cage
1846CH4 - x =  8.7809 - Irregular cage
1848CH4 - x =  7.4837 - Irregular cage
1849CH4 - x = 10.4454 - Irregular cage
1850CH4 - x =  6.4394 - Small cage
1853CH4 - x =  7.3053 - Large cage
1854CH4 - x = 11.9384 - Irregular cage
1855CH4 - x =  9.0109 - Irregular cage
1856CH4 - x =  0.1399 - Irregular cage
1857CH4 - x =  6.3224 - Irregular cage
1859CH4 - x =  8.7654 - Irregular cage
1860CH4 - x =  0.1802 - Irregular cage
1862CH4 - x =  7.0040 - Irregular cage
1863CH4 - x =  7.5762 - Small cage
1864CH4 - x =  7.2727 - Large cage
1865CH4 - x = 10.5199 - Irregular cage
1866CH4 - x =  6.8970 - Irregular cage
1868CH4 - x =  6.9934 - Small cage
1869CH4 - x = 11.8054 - Not in a cage
1871CH4 - x =  8.2916 - Irregular cage
1873CH4 - x =  6.4019 - Irregular cage
1874CH4 - x =  2.1218 - Not in a cage
1877CH4 - x =  2.9270 - Irregular cage
1878CH4 - x =  8.5518 - Irregular cage
1880CH4 - x =  9.3961 - Irregular cage
1881CH4 - x =  1.4196 - Not in a cage
1882CH4 - x =  9.3328 - Irregular cage
1884CH4 - x =  8.5243 - Irregular cage
1886CH4 - x =  9.3024 - Interface cage
1887CH4 - x = 10.5510 - Irregular cage
1888CH4 - x =  0.1336 - Not in a cage
1889CH4 - x =  9.0243 - Interface cage
1891CH4 - x =  0.0529 - Irregular cage
1893CH4 - x =  6.9096 - Irregular cage
1895CH4 - x =  6.0748 - Irregular cage
1898CH4 - x = 11.9433 - Not in a cage
1899CH4 - x =  6.3954 - Large cage
1900CH4 - x =  9.3318 - Irregular cage
1901CH4 - x = 10.2166 - Not in a cage
1902CH4 - x =  7.6050 - Irregular cage
1903CH4 - x = 10.5232 - Irregular cage
1905CH4 - x =  7.6026 - Irregular cage
1906CH4 - x = 11.5656 - Irregular cage
1907CH4 - x =  2.9312 - Irregular cage
1909CH4 - x = 10.0414 - Irregular cage
1911CH4 - x =  7.5486 - Irregular cage
1912CH4 - x =  7.0284 - Large cage
1913CH4 - x =  7.0032 - Small cage
1914CH4 - x = 10.7358 - Irregular cage
1915CH4 - x =  0.2252 - Irregular cage
1917CH4 - x =  1.1916 - Not in a cage
1918CH4 - x =  8.1952 - Irregular cage
1919CH4 - x =  9.1239 - Interface cage
1920CH4 - x =  8.2332 - Small cage
1922CH4 - x = 11.8334 - Not in a cage
1923CH4 - x =  6.3948 - Small cage
1924CH4 - x =  9.9571 - Irregular cage
1926CH4 - x = 10.1199 - Not in a cage
1928CH4 - x = 11.8060 - Not in a cage
1931CH4 - x = 11.7957 - Not in a cage
1933CH4 - x =  9.0510 - Irregular cage
1934CH4 - x = 11.9429 - Irregular cage
1935CH4 - x = 11.7405 - Not in a cage
1936CH4 - x =  2.4116 - Irregular cage
1937CH4 - x =  8.7732 - Irregular cage
1938CH4 - x = 10.6473 - Irregular cage
1941CH4 - x =  9.3063 - Irregular cage
1942CH4 - x = 10.1942 - Irregular cage
1946CH4 - x =  8.6604 - Irregular cage
1947CH4 - x =  8.7828 - Small cage
1948CH4 - x =  0.2115 - Not in a cage
1949CH4 - x =  7.5944 - Small cage
1951CH4 - x =  7.2848 - Large cage
1953CH4 - x =  2.0338 - Not in a cage
1955CH4 - x =  6.3935 - Large cage
1956CH4 - x =  2.7954 - Interface cage
1957CH4 - x =  1.8634 - Not in a cage
1959CH4 - x =  1.4930 - Irregular cage
1960CH4 - x = 10.6306 - Irregular cage
1965CH4 - x = 11.6552 - Not in a cage
1971CH4 - x =  1.9585 - Not in a cage
1972CH4 - x =  6.5138 - Irregular cage
1973CH4 - x = 10.5409 - Irregular cage
1975CH4 - x = 10.4643 - Irregular cage
1976CH4 - x = 10.7394 - Irregular cage
1977CH4 - x = 10.0490 - Irregular cage
1979CH4 - x =  9.3793 - Irregular cage
1980CH4 - x =  6.3781 - Large cage
1981CH4 - x =  8.7673 - Irregular cage
1982CH4 - x =  6.7231 - Large cage
1983CH4 - x =  2.1925 - Irregular cage
1984CH4 - x =  0.5404 - Irregular cage
1987CH4 - x = 11.7996 - Irregular cage
1988CH4 - x = 11.6971 - Irregular cage
Done. Elapsed time: 39.266 s
Total time 53.671 s

Small cages: 22 found
Large cages: 45 found
Interface cages: 10 found
Irregular cages: 143 found

-------------------- FRAME  888 --------------------

Computing AOP ...
Done. Elapsed time: 14.249 s

Computing neighbours with low AOP and hydrogen bonds ...
1657CH4 - x =  3.7537 - Large cage
1658CH4 - x =  7.7811 - Irregular cage
1659CH4 - x =  2.5759 - Irregular cage
1660CH4 - x =  0.6731 - Irregular cage
1661CH4 - x =  8.0178 - Interface cage
1662CH4 - x =  4.2859 - Irregular cage
1663CH4 - x =  2.7959 - Interface cage
1664CH4 - x =  2.8412 - Irregular cage
1665CH4 - x =  6.9692 - Irregular cage
1666CH4 - x =  8.1553 - Irregular cage
1668CH4 - x =  3.5379 - Irregular cage
1669CH4 - x =  4.6809 - Irregular cage
1670CH4 - x = 10.6113 - Not in a cage
1671CH4 - x =  2.4791 - Irregular cage
1673CH4 - x =  0.2111 - Not in a cage
1674CH4 - x =  9.5240 - Not in a cage
1678CH4 - x = 10.5003 - Not in a cage
1679CH4 - x = 10.4038 - Irregular cage
1680CH4 - x =  4.0636 - Irregular cage
1682CH4 - x =  4.2751 - Large cage
1683CH4 - x = 11.8350 - Not in a cage
1684CH4 - x =  2.8227 - Irregular cage
1685CH4 - x =  8.7934 - Irregular cage
1686CH4 - x =  8.6990 - Interface cage
1687CH4 - x =  3.9569 - Irregular cage
1689CH4 - x = 11.4031 - Irregular cage
1690CH4 - x =  7.5706 - Large cage
1691CH4 - x =  8.0917 - Irregular cage
1692CH4 - x =  8.1459 - Irregular cage
1693CH4 - x =  7.5622 - Irregular cage
1694CH4 - x =  2.8916 - Irregular cage
1695CH4 - x =  3.4645 - Irregular cage
1696CH4 - x = 10.5168 - Not in a cage
1698CH4 - x =  4.3172 - Irregular cage
1699CH4 - x =  4.0323 - Small cage
1700CH4 - x =  1.2689 - Irregular cage
1701CH4 - x =  6.4517 - Large cage
1702CH4 - x =  4.0167 - Irregular cage
1704CH4 - x =  4.0675 - Irregular cage
1705CH4 - x =  3.4455 - Small cage
1706CH4 - x = 10.3553 - Irregular cage
1707CH4 - x = 10.4841 - Irregular cage
1708CH4 - x =  0.0022 - Irregular cage
1710CH4 - x =  4.0416 - Irregular cage
1711CH4 - x =  4.0172 - Irregular cage
1712CH4 - x =  3.1479 - Irregular cage
1713CH4 - x =  3.4925 - Large cage
1714CH4 - x = 10.5102 - Irregular cage
1715CH4 - x = 11.6538 - Not in a cage
1716CH4 - x =  4.0211 - Small cage
1718CH4 - x =  3.1469 - Irregular cage
1719CH4 - x =  4.6475 - Large cage
1720CH4 - x = 11.9468 - Not in a cage
1721CH4 - x =  3.1574 - Large cage
1722CH4 - x = 10.4692 - Not in a cage
1723CH4 - x =  3.1551 - Large cage
1725CH4 - x =  3.4049 - Irregular cage
1726CH4 - x =  2.6899 - Irregular cage
1728CH4 - x =  2.8449 - Irregular cage
1730CH4 - x =  0.0190 - Irregular cage
1732CH4 - x =  4.0461 - Irregular cage
1733CH4 - x =  8.0860 - Irregular cage
1734CH4 - x =  2.8617 - Irregular cage
1736CH4 - x =  3.3913 - Irregular cage
1737CH4 - x =  1.2520 - Irregular cage
1738CH4 - x = 11.6812 - Not in a cage
1739CH4 - x =  3.4500 - Large cage
1740CH4 - x =  6.6901 - Large cage
1742CH4 - x =  1.5483 - Irregular cage
1743CH4 - x =  8.2267 - Irregular cage
1744CH4 - x =  3.5138 - Irregular cage
1745CH4 - x = 11.7370 - Not in a cage
1747CH4 - x =  3.6922 - Large cage
1748CH4 - x =  7.3013 - Irregular cage
1749CH4 - x =  9.2318 - Irregular cage
1750CH4 - x =  3.4500 - Irregular cage
1751CH4 - x =  1.1352 - Irregular cage
1752CH4 - x =  2.7994 - Irregular cage
1753CH4 - x = 10.6631 - Not in a cage
1754CH4 - x =  9.1327 - Not in a cage
1755CH4 - x = 11.7991 - Irregular cage
1757CH4 - x =  8.5025 - Interface cage
1759CH4 - x =  8.7041 - Irregular cage
1760CH4 - x = 10.2849 - Irregular cage
1762CH4 - x = 10.5987 - Irregular cage
1764CH4 - x = 11.6933 - Irregular cage
1765CH4 - x =  2.8674 - Irregular cage
1766CH4 - x =  7.5571 - Large cage
1767CH4 - x =  3.4516 - Large cage
1769CH4 - x =  3.4298 - Small cage
1770CH4 - x =  4.0454 - Irregular cage
1771CH4 - x =  4.3560 - Large cage
1772CH4 - x =  3.7664 - Large cage
1773CH4 - x =  0.7710 - Not in a cage
1774CH4 - x = 11.8116 - Not in a cage
1775CH4 - x =  2.7731 - Small cage
1777CH4 - x = 11.5394 - Not in a cage
1779CH4 - x = 11.7975 - Irregular cage
1780CH4 - x = 10.5766 - Irregular cage
1781CH4 - x =  1.2342 - Irregular cage
1782CH4 - x =  7.6520 - Large cage
1784CH4 - x =  3.9491 - Small cage
1785CH4 - x =  4.6155 - Small cage
1786CH4 - x =  4.6050 - Small cage
1787CH4 - x =  4.6602 - Irregular cage
1788CH4 - x =  5.2191 - Small cage
1789CH4 - x =  5.2015 - Irregular cage
1790CH4 - x =  5.1948 - Small cage
1791CH4 - x =  4.6101 - Irregular cage
1792CH4 - x =  5.2085 - Small cage
1793CH4 - x =  4.6315 - Large cage
1794CH4 - x =  5.2294 - Large cage
1795CH4 - x =  5.1691 - Irregular cage
1796CH4 - x =  4.6481 - Large cage
1797CH4 - x =  5.2368 - Irregular cage
1798CH4 - x =  5.2365 - Large cage
1799CH4 - x =  5.5434 - Small cage
1800CH4 - x =  5.2253 - Irregular cage
1801CH4 - x =  4.6180 - Large cage
1802CH4 - x =  4.9450 - Irregular cage
1803CH4 - x =  5.4795 - Large cage
1804CH4 - x =  4.5703 - Irregular cage
1805CH4 - x =  5.4795 - Large cage
1806CH4 - x =  7.0035 - Irregular cage
1807CH4 - x =  5.2338 - Irregular cage
1808CH4 - x =  4.9179 - Irregular cage
1809CH4 - x =  4.9337 - Irregular cage
1810CH4 - x =  4.9332 - Large cage
1811CH4 - x =  4.6207 - Large cage
1812CH4 - x =  5.1609 - Irregular cage
1813CH4 - x =  4.5570 - Irregular cage
1814CH4 - x =  5.5178 - Large cage
1815CH4 - x =  5.1358 - Irregular cage
1816CH4 - x = 11.7626 - Not in a cage
1817CH4 - x =  5.8059 - Irregular cage
1818CH4 - x =  5.8491 - Irregular cage
1819CH4 - x =  6.1811 - Irregular cage
1820CH4 - x =  5.8076 - Irregular cage
1821CH4 - x =  5.8445 - Irregular cage
1822CH4 - x =  5.8415 - Irregular cage
1823CH4 - x =  5.8485 - Large cage
1824CH4 - x =  5.7451 - Irregular cage
1825CH4 - x =  5.8418 - Large cage
1826CH4 - x =  5.8404 - Irregular cage
1827CH4 - x =  5.9032 - Irregular cage
1828CH4 - x =  5.8476 - Small cage
1829CH4 - x = 10.5109 - Irregular cage
1831CH4 - x =  9.2944 - Irregular cage
1832CH4 - x =  2.2769 - Irregular cage
1833CH4 - x = 10.7630 - Irregular cage
1834CH4 - x =  8.2767 - Irregular cage
1836CH4 - x =  1.0951 - Irregular cage
1837CH4 - x =  0.1695 - Not in a cage
1838CH4 - x = 11.8777 - Not in a cage
1839CH4 - x =  7.8699 - Small cage
1841CH4 - x = 10.3414 - Irregular cage
1842CH4 - x =  0.1716 - Irregular cage
1843CH4 - x =  6.4303 - Small cage
1844CH4 - x = 10.2513 - Irregular cage
1845CH4 - x =  9.5099 - Irregular cage
1846CH4 - x =  9.1212 - Not in a cage
1847CH4 - x =  2.4416 - Interface cage
1848CH4 - x =  7.5925 - Small cage
1849CH4 - x = 11.7886 - Irregular cage
1850CH4 - x =  6.3875 - Small cage
1851CH4 - x = 10.6249 - Irregular cage
1852CH4 - x =  0.0519 - Not in a cage
1853CH4 - x =  7.2575 - Large cage
1857CH4 - x =  6.4057 - Large cage
1859CH4 - x =  8.7241 - Irregular cage
1860CH4 - x =  9.5972 - Irregular cage
1861CH4 - x = 10.6344 - Irregular cage
1862CH4 - x =  6.9665 - Large cage
1863CH4 - x =  7.5115 - Small cage
1864CH4 - x =  7.2803 - Large cage
1865CH4 - x = 11.9298 - Irregular cage
1866CH4 - x =  7.0148 - Large cage
1867CH4 - x = 10.6411 - Not in a cage
1868CH4 - x =  6.9710 - Small cage
1869CH4 - x =  0.6871 - Irregular cage
1871CH4 - x =  8.1796 - Irregular cage
1872CH4 - x =  0.9356 - Not in a cage
1873CH4 - x =  6.3971 - Irregular cage
1874CH4 - x =  2.2741 - Interface cage
1876CH4 - x =  1.5122 - Not in a cage
1877CH4 - x =  2.8916 - Irregular cage
1878CH4 - x =  8.4911 - Interface cage
1879CH4 - x =  0.1020 - Irregular cage
1880CH4 - x =  9.4349 - Irregular cage
1882CH4 - x = 10.4699 - Not in a cage
1883CH4 - x = 11.8593 - Irregular cage
1884CH4 - x =  8.4664 - Interface cage
1886CH4 - x = 10.5150 - Irregular cage
1891CH4 - x = 11.3789 - Not in a cage
1892CH4 - x =  1.3831 - Irregular cage
1893CH4 - x =  7.0164 - Large cage
1894CH4 - x = 11.9743 - Irregular cage
1895CH4 - x =  6.0789 - Large cage
1896CH4 - x =  0.7231 - Not in a cage
1897CH4 - x = 11.7051 - Irregular cage
1898CH4 - x = 10.5932 - Irregular cage
1899CH4 - x =  6.3042 - Irregular cage
1900CH4 - x =  1.0409 - Irregular cage
1901CH4 - x = 10.3210 - Irregular cage
1902CH4 - x =  7.6253 - Small cage
1905CH4 - x =  7.6654 - Large cage
1906CH4 - x = 10.4141 - Irregular cage
1907CH4 - x =  2.7006 - Irregular cage
1908CH4 - x = 10.1270 - Not in a cage
1910CH4 - x =  0.7291 - Not in a cage
1911CH4 - x =  7.5866 - Irregular cage
1912CH4 - x =  6.9882 - Large cage
1913CH4 - x =  7.0005 - Small cage
1914CH4 - x =  8.6632 - Interface cage
1915CH4 - x = 10.4509 - Not in a cage
1917CH4 - x = 10.0998 - Not in a cage
1918CH4 - x =  8.1286 - Small cage
1919CH4 - x = 11.7719 - Irregular cage
1920CH4 - x =  8.1801 - Interface cage
1922CH4 - x =  1.6583 - Irregular cage
1923CH4 - x =  6.3568 - Small cage
1924CH4 - x = 10.5609 - Irregular cage
1930CH4 - x = 10.3727 - Not in a cage
1932CH4 - x = 11.4092 - Not in a cage
1933CH4 - x =  9.4320 - Not in a cage
1935CH4 - x = 10.3229 - Irregular cage
1937CH4 - x =  9.3298 - Not in a cage
1938CH4 - x =  1.6180 - Irregular cage
1939CH4 - x =  9.3877 - Irregular cage
1940CH4 - x = 11.3687 - Not in a cage
1943CH4 - x =  2.1790 - Interface cage
1944CH4 - x =  2.2351 - Irregular cage
1945CH4 - x =  0.2196 - Not in a cage
1947CH4 - x =  8.7355 - Interface cage
1949CH4 - x =  7.5877 - Small cage
1950CH4 - x =  1.0072 - Irregular cage
1951CH4 - x =  7.2619 - Large cage
1955CH4 - x =  6.3267 - Irregular cage
1956CH4 - x =  2.8634 - Irregular cage
1957CH4 - x =  2.0561 - Not in a cage
1958CH4 - x = 10.2777 - Irregular cage
1959CH4 - x =  2.3702 - Interface cage
1961CH4 - x =  0.0903 - Irregular cage
1964CH4 - x = 10.1495 - Not in a cage
1965CH4 - x =  1.7001 - Not in a cage
1966CH4 - x =  2.3038 - Interface cage
1969CH4 - x = 10.3617 - Irregular cage
1970CH4 - x =  1.7672 - Irregular cage
1972CH4 - x =  6.4181 - Large cage
1973CH4 - x =  0.2440 - Not in a cage
1974CH4 - x = 10.1608 - Irregular cage
1976CH4 - x =  0.2266 - Not in a cage
1979CH4 - x =  9.4657 - Not in a cage
1980CH4 - x =  6.3504 - Irregular cage
1981CH4 - x = 10.4078 - Irregular cage
1982CH4 - x =  6.6885 - Large cage
1983CH4 - x =  2.0717 - Irregular cage
1984CH4 - x = 10.4145 - Not in a cage
1985CH4 - x =  8.3574 - Irregular cage
1986CH4 - x =  0.4111 - Irregular cage
Done. Elapsed time: 38.809 s
Total time 53.230 s

Small cages: 24 found
Large cages: 40 found
Interface cages: 14 found
Irregular cages: 138 found

-------------------- FRAME 1111 --------------------

Computing AOP ...
Done. Elapsed time: 14.004 s

Computing neighbours with low AOP and hydrogen bonds ...
1657CH4 - x =  3.7391 - Large cage
1658CH4 - x =  6.7292 - Interface cage
1659CH4 - x =  2.5246 - Small cage
1662CH4 - x =  4.3483 - Large cage
1663CH4 - x =  2.8207 - Irregular cage
1664CH4 - x =  2.7754 - Small cage
1665CH4 - x =  7.9025 - Irregular cage
1667CH4 - x =  8.0942 - Irregular cage
1668CH4 - x =  3.3278 - Irregular cage
1669CH4 - x =  4.6660 - Large cage
1670CH4 - x =  1.0227 - Irregular cage
1671CH4 - x =  2.5242 - Irregular cage
1672CH4 - x =  0.2940 - Irregular cage
1676CH4 - x = 11.5165 - Irregular cage
1677CH4 - x =  0.0118 - Irregular cage
1679CH4 - x =  1.6129 - Irregular cage
1680CH4 - x =  3.9397 - Large cage
1681CH4 - x = 11.5184 - Irregular cage
1682CH4 - x =  4.3150 - Large cage
1683CH4 - x =  1.1123 - Not in a cage
1684CH4 - x =  2.8097 - Irregular cage
1685CH4 - x = 11.7901 - Not in a cage
1687CH4 - x =  4.0242 - Large cage
1688CH4 - x =  9.9668 - Irregular cage
1689CH4 - x =  0.1468 - Irregular cage
1690CH4 - x =  6.8881 - Irregular cage
1691CH4 - x =  7.3674 - Irregular cage
1692CH4 - x =  9.5552 - Irregular cage
1694CH4 - x =  2.8390 - Large cage
1695CH4 - x =  3.3920 - Small cage
1696CH4 - x =  1.6300 - Irregular cage
1697CH4 - x = 10.3930 - Not in a cage
1698CH4 - x =  4.2301 - Large cage
1699CH4 - x =  3.9978 - Small cage
1700CH4 - x =  2.0246 - Interface cage
1701CH4 - x =  5.7724 - Irregular cage
1702CH4 - x =  4.0513 - Large cage
1704CH4 - x =  3.9615 - Small cage
1705CH4 - x =  3.4214 - Small cage
1706CH4 - x =  7.4303 - Not in a cage
1707CH4 - x =  9.2504 - Not in a cage
1708CH4 - x =  9.5582 - Irregular cage
1710CH4 - x =  3.9814 - Irregular cage
1711CH4 - x =  3.9509 - Large cage
1712CH4 - x =  3.0658 - Large cage
1713CH4 - x =  3.4086 - Irregular cage
1714CH4 - x =  8.7445 - Interface cage
1716CH4 - x =  4.0236 - Irregular cage
1718CH4 - x =  3.0683 - Large cage
1719CH4 - x =  4.4822 - Irregular cage
1721CH4 - x =  3.0833 - Large cage
1722CH4 - x =  2.2441 - Interface cage
1723CH4 - x =  3.0462 - Irregular cage
1724CH4 - x =  9.3959 - Interface cage
1725CH4 - x =  3.3627 - Small cage
1726CH4 - x =  2.5336 - Irregular cage
1727CH4 - x =  0.5172 - Not in a cage
1728CH4 - x =  2.7745 - Irregular cage
1731CH4 - x = 11.7246 - Irregular cage
1732CH4 - x =  3.9550 - Large cage
1734CH4 - x =  2.8133 - Irregular cage
1735CH4 - x =  0.3219 - Irregular cage
1736CH4 - x =  3.4450 - Irregular cage
1737CH4 - x =  2.2302 - Irregular cage
1738CH4 - x = 10.4678 - Not in a cage
1739CH4 - x =  3.3817 - Irregular cage
1740CH4 - x =  7.1124 - Irregular cage
1741CH4 - x = 10.1057 - Not in a cage
1742CH4 - x =  8.9337 - Not in a cage
1744CH4 - x =  3.2754 - Irregular cage
1746CH4 - x = 11.9017 - Irregular cage
1747CH4 - x =  3.6483 - Large cage
1748CH4 - x =  6.8759 - Irregular cage
1750CH4 - x =  3.3503 - Large cage
1751CH4 - x = 10.1441 - Irregular cage
1752CH4 - x =  2.7373 - Small cage
1753CH4 - x =  0.6447 - Not in a cage
1754CH4 - x = 10.3254 - Not in a cage
1755CH4 - x = 11.6887 - Irregular cage
1757CH4 - x =  9.4838 - Not in a cage
1758CH4 - x =  7.8235 - Not in a cage
1759CH4 - x =  7.2698 - Interface cage
1760CH4 - x = 10.6007 - Not in a cage
1762CH4 - x = 10.4014 - Not in a cage
1764CH4 - x =  1.3024 - Irregular cage
1765CH4 - x =  2.7701 - Irregular cage
1766CH4 - x =  8.4171 - Not in a cage
1767CH4 - x =  3.4073 - Irregular cage
1768CH4 - x =  1.6993 - Irregular cage
1769CH4 - x =  3.3790 - Small cage
1770CH4 - x =  3.9338 - Large cage
1771CH4 - x =  4.2260 - Irregular cage
1772CH4 - x =  3.6549 - Large cage
1773CH4 - x =  6.8826 - Irregular cage
1774CH4 - x = 11.7276 - Not in a cage
1775CH4 - x =  2.8046 - Small cage
1781CH4 - x =  2.2905 - Interface cage
1782CH4 - x =  6.0810 - Irregular cage
1784CH4 - x =  3.9793 - Irregular cage
1785CH4 - x =  4.5657 - Small cage
1786CH4 - x =  4.5613 - Irregular cage
1787CH4 - x =  4.5591 - Irregular cage
1788CH4 - x =  5.1261 - Irregular cage
1789CH4 - x =  5.1799 - Small cage
1790CH4 - x =  5.1717 - Small cage
1791CH4 - x =  4.5957 - Small cage
1792CH4 - x =  5.1516 - Small cage
1793CH4 - x =  4.6407 - Irregular cage
1794CH4 - x =  5.2549 - Irregular cage
1795CH4 - x =  5.1369 - Large cage
1796CH4 - x =  4.6437 - Irregular cage
1797CH4 - x =  5.2073 - Large cage
1798CH4 - x =  5.2292 - Irregular cage
1799CH4 - x =  5.4944 - Large cage
1800CH4 - x =  5.1215 - Irregular cage
1801CH4 - x =  4.5493 - Irregular cage
1802CH4 - x =  4.9319 - Irregular cage
1803CH4 - x =  5.4689 - Large cage
1804CH4 - x =  4.6250 - Large cage
1805CH4 - x =  5.5076 - Irregular cage
1806CH4 - x =  6.6424 - Irregular cage
1807CH4 - x =  5.1034 - Small cage
1808CH4 - x =  4.8992 - Irregular cage
1809CH4 - x =  4.8966 - Large cage
1810CH4 - x =  4.8649 - Irregular cage
1811CH4 - x =  4.5984 - Irregular cage
1812CH4 - x =  5.1333 - Irregular cage
1813CH4 - x =  4.5206 - Large cage
1814CH4 - x =  5.4343 - Irregular cage
1815CH4 - x =  5.1901 - Large cage
1816CH4 - x = 10.4373 - Not in a cage
1817CH4 - x =  5.7662 - Small cage
1818CH4 - x =  5.8094 - Irregular cage
1819CH4 - x =  6.0523 - Irregular cage
1820CH4 - x =  5.8117 - Small cage
1821CH4 - x =  5.8024 - Irregular cage
1822CH4 - x =  5.7706 - Large cage
1823CH4 - x =  5.8361 - Large cage
1824CH4 - x =  5.7715 - Irregular cage
1825CH4 - x =  5.7384 - Large cage
1826CH4 - x =  5.8498 - Irregular cage
1827CH4 - x =  5.7007 - Irregular cage
1828CH4 - x =  5.7811 - Irregular cage
1829CH4 - x = 10.3915 - Irregular cage
1830CH4 - x = 10.2180 - Irregular cage
1831CH4 - x = 10.4159 - Not in a cage
1832CH4 - x =  1.0117 - Irregular cage
1833CH4 - x = 11.5440 - Irregular cage
1835CH4 - x = 11.6339 - Irregular cage
1837CH4 - x =  1.9539 - Not in a cage
1839CH4 - x = 10.3162 - Irregular cage
1840CH4 - x = 11.6744 - Not in a cage
1841CH4 - x = 10.1708 - Irregular cage
1842CH4 - x = 10.2710 - Not in a cage
1843CH4 - x =  6.4006 - Irregular cage
1845CH4 - x =  1.7689 - Irregular cage
1847CH4 - x =  2.5301 - Irregular cage
1849CH4 - x = 11.7059 - Irregular cage
1850CH4 - x =  6.3782 - Irregular cage
1853CH4 - x =  6.8748 - Irregular cage
1855CH4 - x =  9.9030 - Irregular cage
1856CH4 - x =  2.1598 - Irregular cage
1857CH4 - x =  6.3685 - Irregular cage
1858CH4 - x = 10.1389 - Irregular cage
1859CH4 - x =  8.4688 - Irregular cage
1861CH4 - x = 10.4228 - Irregular cage
1862CH4 - x =  6.9398 - Interface cage
1864CH4 - x =  7.3880 - Irregular cage
1865CH4 - x =  7.4243 - Not in a cage
1866CH4 - x =  0.1261 - Irregular cage
1868CH4 - x =  6.3892 - Irregular cage
1871CH4 - x =  6.6154 - Interface cage
1873CH4 - x =  7.5470 - Not in a cage
1874CH4 - x =  1.2034 - Irregular cage
1875CH4 - x = 10.2374 - Irregular cage
1876CH4 - x = 10.3590 - Irregular cage
1877CH4 - x =  2.7614 - Large cage
1878CH4 - x =  7.5986 - Irregular cage
1879CH4 - x =  9.0849 - Irregular cage
1881CH4 - x = 11.6697 - Not in a cage
1883CH4 - x = 10.5132 - Irregular cage
1884CH4 - x = 10.5455 - Not in a cage
1885CH4 - x =  0.1150 - Irregular cage
1886CH4 - x = 10.1781 - Irregular cage
1887CH4 - x = 10.5233 - Irregular cage
1888CH4 - x =  0.0027 - Irregular cage
1889CH4 - x =  8.7620 - Interface cage
1890CH4 - x =  2.2046 - Interface cage
1893CH4 - x =  6.6172 - Irregular cage
1894CH4 - x = 11.7680 - Not in a cage
1895CH4 - x =  6.0676 - Small cage
1896CH4 - x = 11.7710 - Irregular cage
1899CH4 - x =  6.3435 - Irregular cage
1900CH4 - x =  7.2532 - Irregular cage
1902CH4 - x =  7.8218 - Not in a cage
1903CH4 - x =  8.7385 - Not in a cage
1905CH4 - x =  7.8773 - Not in a cage
1907CH4 - x =  2.8387 - Small cage
1908CH4 - x = 10.2352 - Not in a cage
1910CH4 - x =  1.7562 - Irregular cage
1911CH4 - x =  7.1767 - Irregular cage
1912CH4 - x =  8.1118 - Not in a cage
1913CH4 - x =  7.3380 - Irregular cage
1914CH4 - x = 10.3742 - Irregular cage
1916CH4 - x =  8.8828 - Not in a cage
1918CH4 - x =  8.1496 - Irregular cage
1920CH4 - x = 11.6740 - Not in a cage
1921CH4 - x = 10.2112 - Not in a cage
1922CH4 - x = 10.0379 - Irregular cage
1923CH4 - x =  6.4311 - Irregular cage
1926CH4 - x =  0.2692 - Irregular cage
1927CH4 - x =  1.7353 - Not in a cage
1928CH4 - x = 11.6845 - Irregular cage
1929CH4 - x =  0.1312 - Irregular cage
1930CH4 - x = 10.3768 - Irregular cage
1933CH4 - x =  0.0877 - Not in a cage
1934CH4 - x = 11.4433 - Irregular cage
1937CH4 - x =  0.2345 - Not in a cage
1938CH4 - x =  1.2899 - Not in a cage
1940CH4 - x =  2.1741 - Irregular cage
1941CH4 - x =  8.5238 - Not in a cage
1943CH4 - x = 11.7828 - Irregular cage
1944CH4 - x =  2.2325 - Interface cage
1948CH4 - x = 11.5591 - Irregular cage
1949CH4 - x =  6.3745 - Irregular cage
1950CH4 - x =  2.2941 - Interface cage
1955CH4 - x =  6.2997 - Irregular cage
1956CH4 - x =  2.7810 - Irregular cage
1959CH4 - x =  2.1792 - Irregular cage
1960CH4 - x =  9.6618 - Interface cage
1963CH4 - x = 10.3429 - Not in a cage
1965CH4 - x =  0.4756 - Irregular cage
1966CH4 - x =  1.8306 - Not in a cage
1967CH4 - x = 10.4480 - Irregular cage
1968CH4 - x = 11.7501 - Not in a cage
1969CH4 - x =  7.6838 - Irregular cage
1971CH4 - x = 11.7528 - Irregular cage
1972CH4 - x =  6.3330 - Irregular cage
1973CH4 - x =  8.8132 - Interface cage
1974CH4 - x =  1.1109 - Not in a cage
1975CH4 - x =  0.6649 - Not in a cage
1977CH4 - x = 10.5890 - Not in a cage
1978CH4 - x =  9.4075 - Not in a cage
1980CH4 - x =  6.3528 - Irregular cage
1982CH4 - x =  6.3238 - Interface cage
1983CH4 - x =  8.5176 - Irregular cage
1986CH4 - x =  8.9464 - Irregular cage
1987CH4 - x =  6.9538 - Not in a cage
1988CH4 - x =  9.8321 - Irregular cage
Done. Elapsed time: 32.274 s
Total time 46.440 s

Small cages: 20 found
Large cages: 30 found
Interface cages: 16 found
Irregular cages: 135 found

-------------------- FRAME 1333 --------------------

Computing AOP ...
Done. Elapsed time: 14.430 s

Computing neighbours with low AOP and hydrogen bonds ...
1657CH4 - x =  3.7136 - Large cage
1658CH4 - x =  7.7722 - Irregular cage
1659CH4 - x =  2.5230 - Irregular cage
1661CH4 - x =  8.3799 - Irregular cage
1662CH4 - x =  4.3769 - Large cage
1663CH4 - x =  2.7506 - Irregular cage
1664CH4 - x =  2.8791 - Interface cage
1665CH4 - x =  7.0403 - Irregular cage
1667CH4 - x =  6.9163 - Irregular cage
1668CH4 - x =  3.3628 - Irregular cage
1669CH4 - x =  4.5644 - Large cage
1670CH4 - x =  2.2213 - Interface cage
1671CH4 - x = 10.1687 - Irregular cage
1672CH4 - x = 10.3012 - Not in a cage
1675CH4 - x = 10.1340 - Irregular cage
1678CH4 - x =  0.8038 - Irregular cage
1679CH4 - x =  2.2447 - Irregular cage
1680CH4 - x =  4.0157 - Large cage
1682CH4 - x =  4.3278 - Large cage
1684CH4 - x =  2.9132 - Irregular cage
1685CH4 - x = 10.4300 - Irregular cage
1686CH4 - x =  6.7809 - Interface cage
1687CH4 - x =  4.0276 - Large cage
1689CH4 - x =  0.9154 - Irregular cage
1692CH4 - x =  6.4133 - Irregular cage
1693CH4 - x = 10.4803 - Irregular cage
1694CH4 - x =  2.9083 - Irregular cage
1695CH4 - x =  3.4133 - Small cage
1698CH4 - x =  4.3151 - Large cage
1699CH4 - x =  4.0089 - Small cage
1700CH4 - x =  2.1080 - Interface cage
1701CH4 - x =  5.8212 - Small cage
1702CH4 - x =  3.9995 - Large cage
1703CH4 - x =  9.8877 - Irregular cage
1704CH4 - x =  4.0381 - Small cage
1705CH4 - x =  3.3920 - Small cage
1706CH4 - x =  6.7668 - Irregular cage
1708CH4 - x =  0.1593 - Irregular cage
1709CH4 - x = 10.5038 - Not in a cage
1710CH4 - x =  4.0246 - Irregular cage
1711CH4 - x =  3.9946 - Large cage
1712CH4 - x =  3.1167 - Small cage
1713CH4 - x =  3.3754 - Large cage
1716CH4 - x =  4.0408 - Irregular cage
1718CH4 - x =  3.2137 - Irregular cage
1719CH4 - x =  4.6241 - Irregular cage
1721CH4 - x =  3.1679 - Large cage
1722CH4 - x =  1.6074 - Not in a cage
1723CH4 - x =  3.1772 - Irregular cage
1725CH4 - x =  3.3970 - Small cage
1726CH4 - x =  2.5506 - Irregular cage
1728CH4 - x =  2.8703 - Irregular cage
1730CH4 - x = 10.1450 - Irregular cage
1731CH4 - x =  6.4208 - Irregular cage
1732CH4 - x =  3.9977 - Large cage
1733CH4 - x = 11.8735 - Not in a cage
1734CH4 - x =  2.7998 - Small cage
1735CH4 - x = 10.0458 - Irregular cage
1736CH4 - x =  3.3718 - Irregular cage
1737CH4 - x =  1.8724 - Not in a cage
1738CH4 - x =  0.0969 - Irregular cage
1739CH4 - x =  3.5147 - Irregular cage
1740CH4 - x =  6.4822 - Irregular cage
1742CH4 - x =  6.4147 - Irregular cage
1743CH4 - x = 10.2313 - Irregular cage
1744CH4 - x =  3.3548 - Irregular cage
1745CH4 - x =  2.4039 - Not in a cage
1746CH4 - x = 11.7064 - Not in a cage
1747CH4 - x =  3.7516 - Large cage
1748CH4 - x = 10.3205 - Irregular cage
1750CH4 - x =  3.4283 - Irregular cage
1752CH4 - x =  2.8651 - Irregular cage
1754CH4 - x =  0.0427 - Irregular cage
1755CH4 - x = 11.9626 - Irregular cage
1757CH4 - x = 10.4963 - Not in a cage
1758CH4 - x =  7.3391 - Irregular cage
1760CH4 - x =  0.0428 - Not in a cage
1761CH4 - x = 10.0869 - Not in a cage
1765CH4 - x =  2.8738 - Irregular cage
1766CH4 - x = 11.9343 - Irregular cage
1767CH4 - x =  3.5397 - Large cage
1769CH4 - x =  3.4934 - Small cage
1770CH4 - x =  3.9713 - Irregular cage
1771CH4 - x =  4.2550 - Large cage
1772CH4 - x =  3.6866 - Large cage
1773CH4 - x =  6.5341 - Interface cage
1774CH4 - x = 11.9796 - Irregular cage
1775CH4 - x =  2.8789 - Irregular cage
1776CH4 - x =  8.6205 - Not in a cage
1777CH4 - x = 11.8455 - Not in a cage
1778CH4 - x = 11.9146 - Irregular cage
1779CH4 - x =  0.0597 - Irregular cage
1780CH4 - x =  9.7136 - Irregular cage
1781CH4 - x =  2.3712 - Interface cage
1782CH4 - x =  6.0732 - Large cage
1784CH4 - x =  4.1226 - Small cage
1785CH4 - x =  4.6041 - Irregular cage
1786CH4 - x =  4.6101 - Small cage
1787CH4 - x =  4.6104 - Irregular cage
1788CH4 - x =  5.1814 - Irregular cage
1789CH4 - x =  5.2285 - Irregular cage
1790CH4 - x =  5.2449 - Irregular cage
1791CH4 - x =  4.6494 - Small cage
1792CH4 - x =  5.2261 - Irregular cage
1793CH4 - x =  4.7021 - Irregular cage
1794CH4 - x =  5.2574 - Irregular cage
1795CH4 - x =  5.0990 - Irregular cage
1796CH4 - x =  4.6317 - Large cage
1797CH4 - x =  5.1585 - Irregular cage
1798CH4 - x =  5.1974 - Irregular cage
1799CH4 - x =  5.5184 - Irregular cage
1800CH4 - x =  5.2005 - Large cage
1801CH4 - x =  4.6009 - Large cage
1802CH4 - x =  4.9467 - Irregular cage
1803CH4 - x =  5.5508 - Irregular cage
1804CH4 - x =  4.6052 - Irregular cage
1805CH4 - x =  5.4602 - Irregular cage
1806CH4 - x =  8.0715 - Irregular cage
1807CH4 - x =  5.2413 - Irregular cage
1808CH4 - x =  4.9030 - Irregular cage
1809CH4 - x =  4.9015 - Irregular cage
1810CH4 - x =  4.8822 - Irregular cage
1811CH4 - x =  4.5642 - Irregular cage
1812CH4 - x =  5.2933 - Irregular cage
1813CH4 - x =  4.6681 - Large cage
1814CH4 - x =  5.4711 - Irregular cage
1815CH4 - x =  5.2040 - Irregular cage
1816CH4 - x = 10.1092 - Irregular cage
1817CH4 - x =  5.7602 - Small cage
1818CH4 - x =  5.7776 - Irregular cage
1819CH4 - x =  6.3052 - Irregular cage
1820CH4 - x =  5.8252 - Small cage
1821CH4 - x =  5.7644 - Irregular cage
1822CH4 - x =  5.7013 - Irregular cage
1823CH4 - x =  5.8582 - Irregular cage
1824CH4 - x =  5.8028 - Irregular cage
1825CH4 - x =  5.7740 - Irregular cage
1826CH4 - x =  5.9032 - Irregular cage
1827CH4 - x =  5.7337 - Small cage
1828CH4 - x =  5.7980 - Irregular cage
1829CH4 - x =  1.9579 - Interface cage
1831CH4 - x = 10.2558 - Irregular cage
1832CH4 - x =  0.2061 - Not in a cage
1837CH4 - x = 10.2743 - Irregular cage
1839CH4 - x = 10.0395 - Not in a cage
1841CH4 - x =  0.4420 - Not in a cage
1842CH4 - x =  1.0372 - Not in a cage
1843CH4 - x =  6.3636 - Irregular cage
1845CH4 - x =  2.3050 - Interface cage
1846CH4 - x =  9.4114 - Irregular cage
1847CH4 - x =  2.5559 - Irregular cage
1849CH4 - x =  6.6616 - Interface cage
1850CH4 - x =  8.0477 - Not in a cage
1851CH4 - x =  7.8922 - Irregular cage
1852CH4 - x = 11.6698 - Not in a cage
1853CH4 - x = 11.8619 - Not in a cage
1854CH4 - x = 11.7689 - Irregular cage
1855CH4 - x = 11.8122 - Not in a cage
1856CH4 - x =  1.3750 - Not in a cage
1857CH4 - x =  6.2565 - Irregular cage
1858CH4 - x =  9.3125 - Not in a cage
1860CH4 - x =  8.4686 - Not in a cage
1861CH4 - x = 10.1060 - Irregular cage
1863CH4 - x =  0.1193 - Irregular cage
1864CH4 - x =  7.6086 - Not in a cage
1865CH4 - x =  6.3134 - Irregular cage
1866CH4 - x = 10.4176 - Irregular cage
1867CH4 - x =  0.7049 - Not in a cage
1868CH4 - x =  6.3332 - Irregular cage
1869CH4 - x = 11.9119 - Irregular cage
1870CH4 - x =  0.0743 - Irregular cage
1872CH4 - x = 10.2025 - Irregular cage
1873CH4 - x =  0.0815 - Irregular cage
1874CH4 - x =  2.5569 - Irregular cage
1877CH4 - x =  2.9193 - Irregular cage
1878CH4 - x =  6.4356 - Irregular cage
1879CH4 - x =  9.8355 - Not in a cage
1881CH4 - x = 11.8182 - Irregular cage
1882CH4 - x = 10.3153 - Not in a cage
1885CH4 - x = 10.0556 - Not in a cage
1888CH4 - x =  1.9420 - Irregular cage
1889CH4 - x =  0.3853 - Irregular cage
1890CH4 - x =  1.6317 - Not in a cage
1895CH4 - x =  6.1685 - Irregular cage
1896CH4 - x = 10.1863 - Irregular cage
1898CH4 - x = 11.9411 - Not in a cage
1899CH4 - x =  6.9756 - Irregular cage
1902CH4 - x = 10.2137 - Not in a cage
1903CH4 - x =  8.0449 - Irregular cage
1904CH4 - x = 11.8127 - Irregular cage
1905CH4 - x = 10.2788 - Irregular cage
1907CH4 - x =  2.8908 - Irregular cage
1908CH4 - x =  0.0114 - Irregular cage
1909CH4 - x =  9.9603 - Not in a cage
1910CH4 - x =  0.0814 - Not in a cage
1911CH4 - x =  6.6639 - Irregular cage
1913CH4 - x = 11.9428 - Not in a cage
1914CH4 - x = 11.9992 - Irregular cage
1918CH4 - x = 10.0167 - Not in a cage
1921CH4 - x =  9.7927 - Not in a cage
1922CH4 - x =  1.3535 - Not in a cage
1923CH4 - x =  7.1474 - Not in a cage
1925CH4 - x =  1.2410 - Not in a cage
1927CH4 - x =  0.9976 - Not in a cage
1928CH4 - x = 10.2774 - Irregular cage
1930CH4 - x =  8.4563 - Not in a cage
1933CH4 - x =  1.0618 - Not in a cage
1937CH4 - x =  0.2901 - Irregular cage
1939CH4 - x =  6.4452 - Irregular cage
1940CH4 - x =  1.7629 - Irregular cage
1941CH4 - x =  6.3910 - Irregular cage
1942CH4 - x =  0.6842 - Irregular cage
1945CH4 - x =  0.0520 - Not in a cage
1947CH4 - x =  8.5227 - Irregular cage
1949CH4 - x = 11.8428 - Irregular cage
1951CH4 - x =  9.2075 - Not in a cage
1954CH4 - x = 11.6780 - Irregular cage
1955CH4 - x =  9.0984 - Not in a cage
1956CH4 - x =  2.8283 - Irregular cage
1957CH4 - x =  0.0408 - Irregular cage
1959CH4 - x =  2.2405 - Interface cage
1964CH4 - x = 10.0809 - Irregular cage
1967CH4 - x =  0.6174 - Not in a cage
1968CH4 - x =  7.9338 - Not in a cage
1973CH4 - x =  1.7253 - Not in a cage
1974CH4 - x =  9.9641 - Irregular cage
1975CH4 - x = 10.0229 - Irregular cage
1978CH4 - x =  8.0183 - Not in a cage
1980CH4 - x =  6.7123 - Irregular cage
1982CH4 - x =  7.2784 - Irregular cage
1983CH4 - x =  7.7167 - Not in a cage
1984CH4 - x =  0.3562 - Irregular cage
1986CH4 - x =  7.7941 - Irregular cage
1987CH4 - x =  9.0999 - Irregular cage
Done. Elapsed time: 29.406 s
Total time 43.998 s

Small cages: 15 found
Large cages: 21 found
Interface cages: 10 found
Irregular cages: 138 found

-------------------- FRAME 1555 --------------------

Computing AOP ...
Done. Elapsed time: 14.194 s

Computing neighbours with low AOP and hydrogen bonds ...
1657CH4 - x =  3.6363 - Large cage
1658CH4 - x =  6.2897 - Irregular cage
1659CH4 - x =  2.5695 - Large cage
1660CH4 - x = 11.7486 - Not in a cage
1662CH4 - x =  4.3125 - Irregular cage
1663CH4 - x =  2.7798 - Irregular cage
1664CH4 - x =  2.8478 - Small cage
1665CH4 - x =  8.3296 - Irregular cage
1666CH4 - x = 10.0966 - Not in a cage
1667CH4 - x =  6.9795 - Interface cage
1668CH4 - x =  3.3592 - Irregular cage
1669CH4 - x =  4.6310 - Large cage
1670CH4 - x =  2.2649 - Small cage
1671CH4 - x =  0.6693 - Irregular cage
1673CH4 - x = 11.5361 - Not in a cage
1676CH4 - x = 10.3100 - Irregular cage
1677CH4 - x =  9.0121 - Not in a cage
1680CH4 - x =  4.0768 - Large cage
1681CH4 - x = 10.2096 - Not in a cage
1682CH4 - x =  4.3223 - Large cage
1684CH4 - x =  2.8875 - Large cage
1685CH4 - x =  9.1236 - Irregular cage
1687CH4 - x =  4.0597 - Large cage
1688CH4 - x =  9.7957 - Not in a cage
1689CH4 - x = 10.3604 - Not in a cage
1690CH4 - x = 11.9509 - Irregular cage
1692CH4 - x =  6.4108 - Irregular cage
1693CH4 - x = 10.2783 - Irregular cage
1694CH4 - x =  2.8922 - Irregular cage
1695CH4 - x =  3.4193 - Irregular cage
1696CH4 - x = 10.0748 - Irregular cage
1698CH4 - x =  4.3829 - Irregular cage
1699CH4 - x =  4.0458 - Small cage
1700CH4 - x =  2.3079 - Irregular cage
1701CH4 - x =  5.7773 - Irregular cage
1702CH4 - x =  3.9890 - Large cage
1703CH4 - x =  8.9659 - Irregular cage
1704CH4 - x =  4.0225 - Irregular cage
1705CH4 - x =  3.4270 - Irregular cage
1707CH4 - x = 10.0325 - Not in a cage
1709CH4 - x =  9.3346 - Not in a cage
1710CH4 - x =  3.9917 - Irregular cage
1711CH4 - x =  4.0189 - Large cage
1712CH4 - x =  3.1033 - Large cage
1713CH4 - x =  3.4576 - Large cage
1714CH4 - x = 11.8604 - Not in a cage
1715CH4 - x = 11.7751 - Irregular cage
1716CH4 - x =  3.9781 - Small cage
1718CH4 - x =  3.1479 - Irregular cage
1719CH4 - x =  4.6162 - Irregular cage
1721CH4 - x =  3.1629 - Large cage
1722CH4 - x = 11.6479 - Not in a cage
1723CH4 - x =  3.1347 - Irregular cage
1724CH4 - x =  9.7724 - Irregular cage
1725CH4 - x =  3.4455 - Small cage
1726CH4 - x =  2.5607 - Large cage
1728CH4 - x =  2.8298 - Small cage
1730CH4 - x = 11.7098 - Not in a cage
1731CH4 - x =  6.7715 - Interface cage
1732CH4 - x =  4.0001 - Irregular cage
1733CH4 - x =  1.9505 - Interface cage
1734CH4 - x =  2.8150 - Small cage
1735CH4 - x =  0.0279 - Irregular cage
1736CH4 - x =  3.4711 - Irregular cage
1737CH4 - x = 10.1770 - Irregular cage
1738CH4 - x = 10.0974 - Irregular cage
1739CH4 - x =  3.4468 - Irregular cage
1740CH4 - x =  6.4101 - Irregular cage
1741CH4 - x =  1.1681 - Not in a cage
1742CH4 - x =  6.3028 - Irregular cage
1744CH4 - x =  3.4395 - Irregular cage
1747CH4 - x =  3.7593 - Large cage
1749CH4 - x =  0.5837 - Not in a cage
1750CH4 - x =  3.3944 - Irregular cage
1751CH4 - x =  1.1173 - Not in a cage
1752CH4 - x =  2.8560 - Irregular cage
1753CH4 - x =  0.1076 - Not in a cage
1755CH4 - x = 11.9988 - Not in a cage
1756CH4 - x =  1.5076 - Irregular cage
1759CH4 - x =  6.9872 - Interface cage
1760CH4 - x =  9.1651 - Irregular cage
1762CH4 - x = 10.4013 - Irregular cage
1765CH4 - x =  2.7050 - Irregular cage
1766CH4 - x =  0.9003 - Not in a cage
1767CH4 - x =  3.4390 - Irregular cage
1768CH4 - x = 10.0525 - Irregular cage
1769CH4 - x =  3.4291 - Small cage
1770CH4 - x =  4.0140 - Large cage
1771CH4 - x =  4.3237 - Large cage
1772CH4 - x =  3.7673 - Irregular cage
1773CH4 - x =  6.3634 - Interface cage
1774CH4 - x = 11.9271 - Not in a cage
1775CH4 - x =  2.7390 - Irregular cage
1776CH4 - x =  7.0354 - Not in a cage
1777CH4 - x =  0.2793 - Irregular cage
1781CH4 - x =  2.2503 - Small cage
1782CH4 - x =  6.0905 - Irregular cage
1784CH4 - x =  3.9538 - Irregular cage
1785CH4 - x =  4.6079 - Small cage
1786CH4 - x =  4.6179 - Small cage
1787CH4 - x =  4.5772 - Small cage
1788CH4 - x =  5.1996 - Small cage
1789CH4 - x =  5.1760 - Small cage
1790CH4 - x =  5.1494 - Small cage
1791CH4 - x =  4.5768 - Small cage
1792CH4 - x =  5.2570 - Small cage
1793CH4 - x =  4.5993 - Large cage
1794CH4 - x =  5.1936 - Large cage
1795CH4 - x =  5.2657 - Irregular cage
1796CH4 - x =  4.6178 - Large cage
1797CH4 - x =  5.1601 - Large cage
1798CH4 - x =  5.1682 - Large cage
1799CH4 - x =  5.4574 - Large cage
1800CH4 - x =  5.1617 - Large cage
1801CH4 - x =  4.4903 - Irregular cage
1802CH4 - x =  4.8652 - Large cage
1803CH4 - x =  5.5103 - Irregular cage
1804CH4 - x =  4.6624 - Irregular cage
1805CH4 - x =  5.5012 - Large cage
1806CH4 - x =  7.4432 - Not in a cage
1807CH4 - x =  5.2100 - Irregular cage
1808CH4 - x =  4.9093 - Small cage
1809CH4 - x =  4.8775 - Large cage
1810CH4 - x =  4.8845 - Large cage
1811CH4 - x =  4.5913 - Irregular cage
1812CH4 - x =  5.2049 - Large cage
1813CH4 - x =  4.5823 - Large cage
1814CH4 - x =  5.5121 - Large cage
1815CH4 - x =  5.1549 - Large cage
1816CH4 - x = 11.9465 - Irregular cage
1817CH4 - x =  5.7377 - Small cage
1818CH4 - x =  5.8158 - Small cage
1819CH4 - x =  6.0778 - Irregular cage
1820CH4 - x =  5.7632 - Small cage
1821CH4 - x =  5.7833 - Large cage
1822CH4 - x =  5.7315 - Irregular cage
1823CH4 - x =  5.8766 - Irregular cage
1824CH4 - x =  5.7171 - Irregular cage
1825CH4 - x =  5.8194 - Large cage
1826CH4 - x =  5.7933 - Large cage
1827CH4 - x =  5.7836 - Irregular cage
1828CH4 - x =  5.7173 - Large cage
1829CH4 - x = 10.1834 - Irregular cage
1832CH4 - x =  9.8415 - Not in a cage
1833CH4 - x = 11.7502 - Irregular cage
1834CH4 - x = 10.1807 - Irregular cage
1835CH4 - x = 11.8515 - Not in a cage
1839CH4 - x = 10.4756 - Irregular cage
1840CH4 - x = 10.0978 - Irregular cage
1841CH4 - x = 10.1822 - Irregular cage
1843CH4 - x =  6.3640 - Small cage
1844CH4 - x = 10.3949 - Irregular cage
1845CH4 - x =  2.3166 - Irregular cage
1846CH4 - x =  8.1470 - Not in a cage
1847CH4 - x =  2.5443 - Small cage
1849CH4 - x =  6.1098 - Irregular cage
1850CH4 - x = 11.8764 - Irregular cage
1851CH4 - x =  7.9277 - Not in a cage
1852CH4 - x =  1.7941 - Irregular cage
1855CH4 - x = 11.6602 - Not in a cage
1856CH4 - x =  2.3222 - Irregular cage
1857CH4 - x =  6.3766 - Irregular cage
1858CH4 - x =  8.5000 - Irregular cage
1859CH4 - x =  0.9831 - Irregular cage
1860CH4 - x =  6.4000 - Irregular cage
1861CH4 - x =  8.1943 - Not in a cage
1862CH4 - x = 11.8935 - Irregular cage
1864CH4 - x =  7.9881 - Not in a cage
1865CH4 - x =  6.3128 - Irregular cage
1866CH4 - x =  2.2357 - Irregular cage
1867CH4 - x = 10.2024 - Not in a cage
1868CH4 - x =  6.2951 - Irregular cage
1869CH4 - x =  7.4621 - Not in a cage
1871CH4 - x =  9.1895 - Not in a cage
1874CH4 - x =  2.5485 - Large cage
1876CH4 - x =  1.9302 - Irregular cage
1877CH4 - x =  2.8494 - Irregular cage
1878CH4 - x =  6.3856 - Irregular cage
1880CH4 - x = 10.5111 - Irregular cage
1881CH4 - x =  1.8510 - Interface cage
1882CH4 - x =  1.1656 - Not in a cage
1883CH4 - x =  2.2548 - Irregular cage
1885CH4 - x =  6.7008 - Interface cage
1887CH4 - x =  8.8922 - Not in a cage
1888CH4 - x =  2.2372 - Irregular cage
1889CH4 - x = 10.1656 - Not in a cage
1890CH4 - x =  2.2355 - Irregular cage
1892CH4 - x =  1.2505 - Not in a cage
1893CH4 - x = 11.6427 - Not in a cage
1895CH4 - x =  6.0875 - Irregular cage
1896CH4 - x = 10.0955 - Irregular cage
1898CH4 - x =  9.0087 - Irregular cage
1899CH4 - x =  6.7369 - Interface cage
1901CH4 - x =  9.3924 - Irregular cage
1902CH4 - x = 11.9972 - Irregular cage
1906CH4 - x =  9.5251 - Not in a cage
1907CH4 - x =  2.8865 - Large cage
1909CH4 - x = 10.0736 - Irregular cage
1911CH4 - x =  8.5169 - Irregular cage
1912CH4 - x =  2.1285 - Irregular cage
1913CH4 - x =  1.4053 - Irregular cage
1914CH4 - x = 11.7561 - Not in a cage
1918CH4 - x = 10.4271 - Not in a cage
1919CH4 - x =  6.9100 - Irregular cage
1921CH4 - x = 10.3962 - Irregular cage
1922CH4 - x = 10.2593 - Irregular cage
1923CH4 - x =  7.0623 - Not in a cage
1925CH4 - x =  2.2680 - Irregular cage
1927CH4 - x =  0.0939 - Not in a cage
1928CH4 - x = 10.0369 - Irregular cage
1932CH4 - x =  0.0852 - Not in a cage
1933CH4 - x =  9.6435 - Irregular cage
1934CH4 - x =  0.7785 - Irregular cage
1939CH4 - x =  6.4130 - Irregular cage
1940CH4 - x =  1.5961 - Not in a cage
1942CH4 - x =  9.9739 - Irregular cage
1944CH4 - x = 11.8947 - Not in a cage
1945CH4 - x = 11.6530 - Not in a cage
1950CH4 - x = 11.8646 - Not in a cage
1951CH4 - x =  1.8030 - Interface cage
1954CH4 - x =  6.6345 - Irregular cage
1956CH4 - x =  2.8608 - Small cage
1958CH4 - x =  7.9452 - Not in a cage
1959CH4 - x =  0.2246 - Not in a cage
1960CH4 - x = 10.0422 - Not in a cage
1961CH4 - x = 12.0043 - Not in a cage
1963CH4 - x = 11.5749 - Not in a cage
1965CH4 - x =  0.0029 - Irregular cage
1967CH4 - x = 10.2516 - Not in a cage
1968CH4 - x =  7.2748 - Not in a cage
1974CH4 - x =  1.9181 - Irregular cage
1978CH4 - x =  7.6694 - Irregular cage
1979CH4 - x = 11.7716 - Not in a cage
1981CH4 - x = 10.2279 - Not in a cage
1982CH4 - x = 10.0713 - Irregular cage
1984CH4 - x = 10.1703 - Irregular cage
1985CH4 - x =  1.0251 - Irregular cage
1986CH4 - x =  6.9128 - Interface cage
1987CH4 - x =  0.0889 - Not in a cage
1988CH4 - x =  2.2370 - Small cage
Done. Elapsed time: 33.723 s
Total time 48.084 s

Small cages: 25 found
Large cages: 37 found
Interface cages: 10 found
Irregular cages: 112 found

-------------------- FRAME 1777 --------------------

Computing AOP ...
Done. Elapsed time: 14.892 s

Computing neighbours with low AOP and hydrogen bonds ...
1657CH4 - x =  3.6996 - Large cage
1658CH4 - x =  6.2923 - Irregular cage
1659CH4 - x =  2.4874 - Large cage
1662CH4 - x =  4.2434 - Large cage
1663CH4 - x =  2.7543 - Irregular cage
1664CH4 - x =  2.8038 - Small cage
1665CH4 - x = 10.1922 - Irregular cage
1666CH4 - x =  8.5981 - Irregular cage
1667CH4 - x =  6.2974 - Irregular cage
1668CH4 - x =  3.3788 - Irregular cage
1669CH4 - x =  4.5392 - Large cage
1670CH4 - x =  2.1638 - Irregular cage
1671CH4 - x =  7.9112 - Not in a cage
1673CH4 - x = 11.8063 - Not in a cage
1674CH4 - x = 11.6359 - Not in a cage
1675CH4 - x = 10.4251 - Not in a cage
1676CH4 - x = 10.0224 - Irregular cage
1679CH4 - x =  6.3559 - Irregular cage
1680CH4 - x =  3.9452 - Irregular cage
1681CH4 - x = 10.2154 - Not in a cage
1682CH4 - x =  4.3271 - Large cage
1683CH4 - x =  1.4498 - Not in a cage
1684CH4 - x =  2.7983 - Large cage
1686CH4 - x =  0.0111 - Irregular cage
1687CH4 - x =  3.9560 - Irregular cage
1688CH4 - x = 10.1830 - Not in a cage
1690CH4 - x = 10.2231 - Not in a cage
1691CH4 - x =  1.7443 - Interface cage
1692CH4 - x =  6.3345 - Irregular cage
1694CH4 - x =  2.8013 - Irregular cage
1695CH4 - x =  3.3874 - Irregular cage
1698CH4 - x =  4.3308 - Large cage
1699CH4 - x =  3.9532 - Irregular cage
1700CH4 - x =  2.2752 - Irregular cage
1701CH4 - x =  5.7368 - Small cage
1702CH4 - x =  3.9582 - Large cage
1703CH4 - x =  7.3055 - Not in a cage
1704CH4 - x =  3.9687 - Small cage
1705CH4 - x =  3.4159 - Small cage
1708CH4 - x =  1.5389 - Not in a cage
1709CH4 - x = 11.5993 - Irregular cage
1710CH4 - x =  4.0210 - Irregular cage
1711CH4 - x =  3.9760 - Large cage
1712CH4 - x =  3.0971 - Irregular cage
1713CH4 - x =  3.3498 - Large cage
1716CH4 - x =  3.9791 - Irregular cage
1718CH4 - x =  3.1011 - Irregular cage
1719CH4 - x =  4.5934 - Large cage
1721CH4 - x =  3.0532 - Large cage
1723CH4 - x =  3.1360 - Irregular cage
1725CH4 - x =  3.3902 - Small cage
1726CH4 - x =  2.4788 - Irregular cage
1727CH4 - x = 10.3212 - Irregular cage
1728CH4 - x =  2.7697 - Small cage
1729CH4 - x = 10.0737 - Not in a cage
1730CH4 - x =  9.0412 - Irregular cage
1731CH4 - x =  6.6336 - Irregular cage
1732CH4 - x =  3.9207 - Irregular cage
1733CH4 - x = 10.0374 - Not in a cage
1734CH4 - x =  2.7885 - Irregular cage
1735CH4 - x = 11.7910 - Irregular cage
1736CH4 - x =  3.4389 - Irregular cage
1737CH4 - x = 10.1851 - Not in a cage
1739CH4 - x =  3.4461 - Irregular cage
1740CH4 - x =  6.3780 - Irregular cage
1741CH4 - x =  1.2535 - Irregular cage
1742CH4 - x =  6.4642 - Interface cage
1743CH4 - x =  8.4049 - Irregular cage
1744CH4 - x =  3.4327 - Irregular cage
1745CH4 - x =  8.8325 - Not in a cage
1746CH4 - x =  9.3759 - Not in a cage
1747CH4 - x =  3.6915 - Irregular cage
1748CH4 - x = 11.8814 - Not in a cage
1749CH4 - x = 10.0216 - Irregular cage
1750CH4 - x =  3.3990 - Irregular cage
1751CH4 - x = 10.1596 - Not in a cage
1752CH4 - x =  2.7171 - Irregular cage
1753CH4 - x =  9.8515 - Not in a cage
1755CH4 - x = 11.6519 - Not in a cage
1759CH4 - x = 11.8211 - Irregular cage
1763CH4 - x =  9.2082 - Irregular cage
1764CH4 - x = 10.3695 - Not in a cage
1765CH4 - x =  2.7476 - Large cage
1766CH4 - x =  7.8241 - Irregular cage
1767CH4 - x =  3.3949 - Large cage
1769CH4 - x =  3.4139 - Small cage
1770CH4 - x =  3.9996 - Large cage
1771CH4 - x =  4.2578 - Irregular cage
1772CH4 - x =  3.6702 - Large cage
1773CH4 - x =  6.4078 - Irregular cage
1775CH4 - x =  2.7754 - Large cage
1776CH4 - x =  7.5979 - Irregular cage
1778CH4 - x = 10.0055 - Irregular cage
1780CH4 - x =  1.7206 - Irregular cage
1781CH4 - x =  2.2194 - Irregular cage
1782CH4 - x =  6.0639 - Irregular cage
1784CH4 - x =  3.9966 - Irregular cage
1785CH4 - x =  4.5683 - Small cage
1786CH4 - x =  4.5508 - Irregular cage
1787CH4 - x =  4.5753 - Small cage
1788CH4 - x =  5.1959 - Small cage
1789CH4 - x =  5.1312 - Small cage
1790CH4 - x =  5.1661 - Small cage
1791CH4 - x =  4.5276 - Small cage
1792CH4 - x =  5.1675 - Small cage
1793CH4 - x =  4.4967 - Irregular cage
1794CH4 - x =  5.2140 - Large cage
1795CH4 - x =  5.1902 - Large cage
1796CH4 - x =  4.6262 - Irregular cage
1797CH4 - x =  5.1643 - Irregular cage
1798CH4 - x =  5.2366 - Large cage
1799CH4 - x =  5.5083 - Large cage
1800CH4 - x =  5.2565 - Irregular cage
1801CH4 - x =  4.5909 - Large cage
1802CH4 - x =  4.8351 - Large cage
1803CH4 - x =  5.4405 - Irregular cage
1804CH4 - x =  4.6050 - Large cage
1805CH4 - x =  5.4416 - Large cage
1807CH4 - x =  5.1816 - Irregular cage
1808CH4 - x =  4.8829 - Large cage
1809CH4 - x =  4.8420 - Large cage
1810CH4 - x =  4.8344 - Irregular cage
1811CH4 - x =  4.5574 - Irregular cage
1812CH4 - x =  5.1075 - Large cage
1813CH4 - x =  4.5646 - Irregular cage
1814CH4 - x =  5.4695 - Large cage
1815CH4 - x =  5.2361 - Irregular cage
1816CH4 - x = 10.5070 - Irregular cage
1817CH4 - x =  5.8068 - Irregular cage
1818CH4 - x =  5.7835 - Irregular cage
1819CH4 - x =  6.0255 - Irregular cage
1820CH4 - x =  5.7566 - Small cage
1821CH4 - x =  5.7035 - Large cage
1822CH4 - x =  5.6462 - Irregular cage
1823CH4 - x =  5.7102 - Irregular cage
1824CH4 - x =  5.7921 - Irregular cage
1825CH4 - x =  5.8268 - Irregular cage
1826CH4 - x =  5.7281 - Large cage
1827CH4 - x =  5.7737 - Irregular cage
1828CH4 - x =  5.7132 - Irregular cage
1830CH4 - x =  0.1607 - Irregular cage
1831CH4 - x = 10.2986 - Not in a cage
1833CH4 - x = 11.5719 - Irregular cage
1835CH4 - x =  6.8471 - Irregular cage
1838CH4 - x = 11.7140 - Irregular cage
1839CH4 - x =  1.0051 - Not in a cage
1840CH4 - x =  8.4273 - Irregular cage
1843CH4 - x =  6.2337 - Interface cage
1844CH4 - x =  1.0030 - Not in a cage
1845CH4 - x =  2.2691 - Irregular cage
1846CH4 - x =  6.2540 - Interface cage
1847CH4 - x =  2.4998 - Irregular cage
1849CH4 - x =  6.0927 - Irregular cage
1851CH4 - x =  6.4580 - Interface cage
1852CH4 - x =  7.9117 - Irregular cage
1854CH4 - x =  1.8712 - Interface cage
1855CH4 - x =  1.0024 - Not in a cage
1856CH4 - x =  2.2648 - Irregular cage
1857CH4 - x =  8.7783 - Irregular cage
1859CH4 - x =  9.5530 - Not in a cage
1860CH4 - x =  6.8042 - Irregular cage
1861CH4 - x =  7.5210 - Irregular cage
1862CH4 - x =  8.9116 - Not in a cage
1863CH4 - x = 10.1171 - Not in a cage
1864CH4 - x = 10.5132 - Irregular cage
1865CH4 - x =  6.3097 - Irregular cage
1866CH4 - x =  2.2804 - Irregular cage
1867CH4 - x =  0.1748 - Irregular cage
1868CH4 - x =  6.2716 - Irregular cage
1871CH4 - x =  0.0320 - Irregular cage
1872CH4 - x = 11.6051 - Not in a cage
1874CH4 - x =  2.5425 - Irregular cage
1877CH4 - x =  2.7845 - Irregular cage
1878CH4 - x =  7.0427 - Irregular cage
1879CH4 - x =  8.3272 - Irregular cage
1880CH4 - x =  0.1485 - Not in a cage
1881CH4 - x = 11.7400 - Not in a cage
1882CH4 - x = 11.8156 - Irregular cage
1883CH4 - x =  2.1111 - Irregular cage
1885CH4 - x =  7.7765 - Not in a cage
1887CH4 - x =  8.7304 - Irregular cage
1889CH4 - x = 11.7094 - Irregular cage
1890CH4 - x =  2.2090 - Irregular cage
1893CH4 - x =  7.4435 - Interface cage
1894CH4 - x =  8.4628 - Irregular cage
1895CH4 - x =  6.0250 - Irregular cage
1896CH4 - x =  1.5508 - Irregular cage
1897CH4 - x = 11.7049 - Not in a cage
1898CH4 - x = 11.7610 - Irregular cage
1900CH4 - x =  0.1008 - Irregular cage
1902CH4 - x = 11.8109 - Not in a cage
1904CH4 - x = 11.7976 - Irregular cage
1906CH4 - x = 11.8209 - Irregular cage
1907CH4 - x =  2.7996 - Irregular cage
1909CH4 - x =  1.9597 - Interface cage
1910CH4 - x =  9.4127 - Irregular cage
1911CH4 - x = 10.4554 - Irregular cage
1912CH4 - x =  2.1358 - Irregular cage
1914CH4 - x = 10.1857 - Not in a cage
1915CH4 - x =  1.9578 - Interface cage
1916CH4 - x =  9.9671 - Not in a cage
1917CH4 - x =  7.3370 - Irregular cage
1919CH4 - x = 11.8326 - Irregular cage
1920CH4 - x = 10.1579 - Not in a cage
1921CH4 - x =  8.4067 - Irregular cage
1922CH4 - x = 11.8749 - Not in a cage
1923CH4 - x =  9.0276 - Irregular cage
1924CH4 - x = 10.1172 - Irregular cage
1925CH4 - x =  2.2650 - Irregular cage
1930CH4 - x =  0.1420 - Irregular cage
1931CH4 - x =  8.1799 - Irregular cage
1934CH4 - x =  1.8900 - Interface cage
1939CH4 - x =  7.8811 - Irregular cage
1940CH4 - x =  1.7097 - Irregular cage
1942CH4 - x = 10.0134 - Not in a cage
1943CH4 - x = 11.9241 - Irregular cage
1945CH4 - x =  0.4666 - Irregular cage
1946CH4 - x =  9.2311 - Irregular cage
1947CH4 - x =  1.7897 - Irregular cage
1948CH4 - x = 10.1579 - Irregular cage
1953CH4 - x = 10.1774 - Not in a cage
1954CH4 - x =  7.9069 - Interface cage
1955CH4 - x = 11.7464 - Irregular cage
1956CH4 - x =  2.8084 - Irregular cage
1957CH4 - x =  6.8461 - Irregular cage
1958CH4 - x =  7.0920 - Irregular cage
1959CH4 - x =  2.3083 - Irregular cage
1960CH4 - x = 10.4324 - Not in a cage
1962CH4 - x = 10.2642 - Not in a cage
1965CH4 - x =  8.8641 - Irregular cage
1966CH4 - x = 10.2193 - Irregular cage
1967CH4 - x =  0.0516 - Not in a cage
1968CH4 - x =  8.4547 - Irregular cage
1969CH4 - x =  0.0526 - Irregular cage
1972CH4 - x =  9.7030 - Not in a cage
1974CH4 - x =  1.6936 - Interface cage
1977CH4 - x = 10.4212 - Irregular cage
1978CH4 - x =  6.7641 - Interface cage
1979CH4 - x =  0.0404 - Irregular cage
1980CH4 - x =  1.0737 - Not in a cage
1983CH4 - x = 10.4305 - Not in a cage
1985CH4 - x = 10.2700 - Not in a cage
1987CH4 - x = 10.2670 - Not in a cage
1988CH4 - x =  2.1273 - Irregular cage
Done. Elapsed time: 35.632 s
Total time 50.700 s

Small cages: 15 found
Large cages: 31 found
Interface cages: 13 found
Irregular cages: 138 found

-------------------- FRAME 2000 --------------------

Computing AOP ...
Done. Elapsed time: 14.926 s

Computing neighbours with low AOP and hydrogen bonds ...
1657CH4 - x =  3.6883 - Irregular cage
1658CH4 - x =  6.4112 - Large cage
1659CH4 - x =  2.5223 - Small cage
1660CH4 - x = 11.6172 - Not in a cage
1661CH4 - x = 10.4391 - Irregular cage
1662CH4 - x =  4.2399 - Irregular cage
1663CH4 - x =  2.8873 - Large cage
1664CH4 - x =  2.8439 - Small cage
1665CH4 - x =  9.5220 - Irregular cage
1666CH4 - x =  6.7984 - Interface cage
1667CH4 - x =  6.2982 - Irregular cage
1668CH4 - x =  3.4928 - Small cage
1669CH4 - x =  4.6059 - Irregular cage
1670CH4 - x =  2.2631 - Irregular cage
1671CH4 - x =  0.8616 - Irregular cage
1672CH4 - x =  0.7567 - Not in a cage
1673CH4 - x = 11.9013 - Not in a cage
1674CH4 - x = 10.2128 - Not in a cage
1679CH4 - x =  6.3361 - Interface cage
1680CH4 - x =  4.0276 - Large cage
1681CH4 - x =  9.9305 - Irregular cage
1682CH4 - x =  4.3009 - Irregular cage
1683CH4 - x =  9.3913 - Irregular cage
1684CH4 - x =  2.8780 - Irregular cage
1685CH4 - x = 11.8940 - Not in a cage
1687CH4 - x =  3.9969 - Irregular cage
1689CH4 - x = 10.0808 - Irregular cage
1690CH4 - x =  8.8992 - Irregular cage
1691CH4 - x =  1.7890 - Irregular cage
1692CH4 - x =  6.3579 - Irregular cage
1694CH4 - x =  2.8245 - Large cage
1695CH4 - x =  3.4516 - Irregular cage
1698CH4 - x =  4.2759 - Irregular cage
1699CH4 - x =  4.0332 - Small cage
1700CH4 - x =  2.2278 - Irregular cage
1701CH4 - x =  5.7542 - Irregular cage
1702CH4 - x =  3.9892 - Irregular cage
1703CH4 - x =  7.2071 - Not in a cage
1704CH4 - x =  4.0767 - Small cage
1705CH4 - x =  3.4284 - Irregular cage
1707CH4 - x = 11.6460 - Irregular cage
1708CH4 - x =  1.5031 - Irregular cage
1710CH4 - x =  4.0261 - Large cage
1711CH4 - x =  3.9054 - Irregular cage
1712CH4 - x =  3.0869 - Large cage
1713CH4 - x =  3.4660 - Irregular cage
1714CH4 - x =  9.3281 - Not in a cage
1715CH4 - x = 11.5665 - Not in a cage
1716CH4 - x =  3.9995 - Small cage
1717CH4 - x = 10.1546 - Irregular cage
1718CH4 - x =  3.1101 - Large cage
1719CH4 - x =  4.6550 - Irregular cage
1720CH4 - x =  0.0183 - Irregular cage
1721CH4 - x =  3.1177 - Irregular cage
1722CH4 - x =  0.1756 - Irregular cage
1723CH4 - x =  3.1372 - Irregular cage
1724CH4 - x =  2.3092 - Small cage
1725CH4 - x =  3.4747 - Small cage
1726CH4 - x =  2.5284 - Irregular cage
1727CH4 - x =  0.8971 - Irregular cage
1728CH4 - x =  2.8178 - Small cage
1730CH4 - x = 11.7999 - Irregular cage
1731CH4 - x = 10.3356 - Not in a cage
1732CH4 - x =  4.0332 - Irregular cage
1734CH4 - x =  2.8490 - Irregular cage
1736CH4 - x =  3.4856 - Irregular cage
1737CH4 - x =  1.4678 - Not in a cage
1739CH4 - x =  3.4200 - Irregular cage
1740CH4 - x =  6.3113 - Irregular cage
1742CH4 - x =  6.3780 - Large cage
1743CH4 - x =  7.6196 - Irregular cage
1744CH4 - x =  3.3652 - Large cage
1745CH4 - x =  1.6827 - Irregular cage
1746CH4 - x =  9.1965 - Irregular cage
1747CH4 - x =  3.7197 - Irregular cage
1749CH4 - x = 11.7977 - Irregular cage
1750CH4 - x =  3.4410 - Large cage
1752CH4 - x =  2.8841 - Large cage
1753CH4 - x = 11.8447 - Not in a cage
1758CH4 - x = 10.2881 - Not in a cage
1760CH4 - x =  7.0984 - Irregular cage
1761CH4 - x = 10.2685 - Irregular cage
1762CH4 - x =  0.7966 - Interface cage
1764CH4 - x =  8.4025 - Irregular cage
1765CH4 - x =  2.8132 - Large cage
1766CH4 - x =  7.6974 - Not in a cage
1767CH4 - x =  3.3863 - Irregular cage
1769CH4 - x =  3.4100 - Small cage
1770CH4 - x =  4.0993 - Large cage
1771CH4 - x =  4.2943 - Large cage
1772CH4 - x =  3.7007 - Large cage
1773CH4 - x =  6.4030 - Irregular cage
1774CH4 - x =  0.4778 - Not in a cage
1775CH4 - x =  2.8363 - Irregular cage
1776CH4 - x =  9.1604 - Irregular cage
1778CH4 - x = 10.1460 - Irregular cage
1779CH4 - x =  9.1486 - Not in a cage
1781CH4 - x =  2.3056 - Irregular cage
1782CH4 - x =  6.0627 - Irregular cage
1783CH4 - x = 10.1300 - Not in a cage
1784CH4 - x =  4.0885 - Irregular cage
1785CH4 - x =  4.5987 - Irregular cage
1786CH4 - x =  4.5718 - Irregular cage
1787CH4 - x =  4.5902 - Irregular cage
1788CH4 - x =  5.2024 - Small cage
1789CH4 - x =  5.2446 - Small cage
1790CH4 - x =  5.1943 - Irregular cage
1791CH4 - x =  4.6218 - Small cage
1792CH4 - x =  5.2354 - Irregular cage
1793CH4 - x =  4.5923 - Large cage
1794CH4 - x =  5.1964 - Irregular cage
1795CH4 - x =  5.1139 - Irregular cage
1796CH4 - x =  4.5182 - Irregular cage
1797CH4 - x =  5.1502 - Irregular cage
1798CH4 - x =  5.2227 - Irregular cage
1799CH4 - x =  5.5576 - Large cage
1800CH4 - x =  5.1411 - Irregular cage
1801CH4 - x =  4.5381 - Irregular cage
1802CH4 - x =  4.9245 - Irregular cage
1803CH4 - x =  5.5001 - Irregular cage
1804CH4 - x =  4.6508 - Irregular cage
1805CH4 - x =  5.5030 - Irregular cage
1807CH4 - x =  5.2791 - Large cage
1808CH4 - x =  4.9584 - Irregular cage
1809CH4 - x =  4.9155 - Irregular cage
1810CH4 - x =  4.8901 - Irregular cage
1811CH4 - x =  4.6189 - Irregular cage
1812CH4 - x =  5.1730 - Irregular cage
1813CH4 - x =  4.5789 - Large cage
1814CH4 - x =  5.4858 - Irregular cage
1815CH4 - x =  5.2189 - Irregular cage
1816CH4 - x =  9.9346 - Irregular cage
1817CH4 - x =  5.8015 - Irregular cage
1818CH4 - x =  5.7778 - Small cage
1819CH4 - x =  6.0973 - Irregular cage
1820CH4 - x =  5.7856 - Small cage
1821CH4 - x =  5.7496 - Large cage
1822CH4 - x =  5.7562 - Large cage
1823CH4 - x =  5.8851 - Irregular cage
1824CH4 - x =  5.7643 - Irregular cage
1825CH4 - x =  5.7847 - Irregular cage
1826CH4 - x =  5.7723 - Large cage
1827CH4 - x =  5.8546 - Large cage
1828CH4 - x =  5.7797 - Large cage
1829CH4 - x =  9.9048 - Not in a cage
1832CH4 - x = 11.9356 - Irregular cage
1833CH4 - x =  0.2069 - Irregular cage
1834CH4 - x = 10.2508 - Irregular cage
1835CH4 - x =  6.7241 - Interface cage
1836CH4 - x = 11.7750 - Irregular cage
1839CH4 - x =  0.0282 - Irregular cage
1843CH4 - x =  6.2683 - Irregular cage
1844CH4 - x =  2.3053 - Irregular cage
1845CH4 - x =  1.1705 - Irregular cage
1846CH4 - x =  6.2558 - Irregular cage
1847CH4 - x =  2.5769 - Irregular cage
1849CH4 - x =  6.0271 - Irregular cage
1851CH4 - x =  6.4438 - Irregular cage
1852CH4 - x =  6.9792 - Irregular cage
1853CH4 - x =  1.9606 - Irregular cage
1854CH4 - x = 11.7868 - Not in a cage
1855CH4 - x = 10.2014 - Irregular cage
1856CH4 - x =  1.7192 - Irregular cage
1860CH4 - x =  6.9465 - Interface cage
1862CH4 - x =  6.9936 - Interface cage
1863CH4 - x = 11.7187 - Not in a cage
1864CH4 - x = 11.8426 - Irregular cage
1865CH4 - x =  6.4790 - Irregular cage
1866CH4 - x =  2.2135 - Irregular cage
1868CH4 - x =  6.3429 - Irregular cage
1869CH4 - x =  1.1276 - Irregular cage
1870CH4 - x = 10.1746 - Not in a cage
1871CH4 - x =  0.1204 - Irregular cage
1873CH4 - x = 10.0382 - Irregular cage
1874CH4 - x =  2.5670 - Large cage
1876CH4 - x =  9.9758 - Irregular cage
1877CH4 - x =  2.7820 - Irregular cage
1879CH4 - x =  7.0129 - Interface cage
1880CH4 - x =  0.1763 - Not in a cage
1882CH4 - x = 11.7740 - Irregular cage
1883CH4 - x =  2.2384 - Irregular cage
1885CH4 - x =  8.4612 - Irregular cage
1886CH4 - x = 10.1416 - Irregular cage
1888CH4 - x =  6.6926 - Irregular cage
1889CH4 - x =  1.9939 - Interface cage
1890CH4 - x =  2.2223 - Irregular cage
1891CH4 - x =  9.9356 - Not in a cage
1893CH4 - x =  7.7049 - Irregular cage
1894CH4 - x =  7.8211 - Not in a cage
1895CH4 - x =  6.0844 - Irregular cage
1896CH4 - x =  7.1421 - Irregular cage
1900CH4 - x = 10.3534 - Irregular cage
1903CH4 - x = 11.8963 - Irregular cage
1904CH4 - x =  0.0933 - Not in a cage
1905CH4 - x =  1.8192 - Interface cage
1906CH4 - x = 10.0820 - Irregular cage
1907CH4 - x =  2.9045 - Large cage
1909CH4 - x =  1.1632 - Irregular cage
1912CH4 - x =  2.2400 - Irregular cage
1914CH4 - x = 11.7003 - Not in a cage
1916CH4 - x = 11.8371 - Not in a cage
1922CH4 - x = 10.1577 - Irregular cage
1924CH4 - x =  1.4764 - Irregular cage
1925CH4 - x =  2.2823 - Irregular cage
1931CH4 - x = 11.7007 - Not in a cage
1934CH4 - x =  9.8123 - Irregular cage
1936CH4 - x =  9.6586 - Irregular cage
1937CH4 - x =  9.9873 - Irregular cage
1938CH4 - x =  9.4565 - Irregular cage
1943CH4 - x = 10.1627 - Not in a cage
1944CH4 - x =  1.4007 - Irregular cage
1945CH4 - x = 10.1847 - Not in a cage
1946CH4 - x = 11.9522 - Not in a cage
1949CH4 - x =  8.7828 - Not in a cage
1950CH4 - x =  6.9968 - Interface cage
1951CH4 - x =  7.9707 - Irregular cage
1952CH4 - x =  7.3018 - Not in a cage
1954CH4 - x = 11.5171 - Not in a cage
1956CH4 - x =  2.7893 - Small cage
1957CH4 - x =  6.7250 - Irregular cage
1959CH4 - x =  2.2086 - Irregular cage
1960CH4 - x =  9.7584 - Not in a cage
1961CH4 - x = 11.6806 - Not in a cage
1965CH4 - x = 11.7454 - Not in a cage
1971CH4 - x =  1.5676 - Irregular cage
1972CH4 - x =  0.5920 - Irregular cage
1974CH4 - x =  1.7168 - Not in a cage
1975CH4 - x = 11.7523 - Not in a cage
1978CH4 - x = 10.0072 - Not in a cage
1980CH4 - x =  1.0182 - Irregular cage
1981CH4 - x = 10.1545 - Irregular cage
1983CH4 - x =  8.2251 - Irregular cage
1984CH4 - x =  8.2705 - Irregular cage
1986CH4 - x = 11.7604 - Not in a cage
1987CH4 - x = 11.6475 - Irregular cage
1988CH4 - x =  2.2167 - Irregular cage
Done. Elapsed time: 33.932 s
Total time 49.029 s

Small cages: 16 found
Large cages: 26 found
Interface cages: 10 found
Irregular cages: 144 found

Width of the clathrate phase:
Frame    0: 7.285 nm
Frame  222: 6.288 nm
Frame  444: 6.669 nm
Frame  666: 5.367 nm
Frame  888: 5.355 nm
Frame 1111: 3.543 nm
Frame 1333: 3.273 nm
Frame 1555: 4.127 nm
Frame 1777: 3.269 nm
Frame 2000: 4.102 nm
Phase delta: 3.183 nm
Total time of the computation: 528.243 s
