-------------------- FRAME    0 --------------------

Computing AOP ...
Done. Elapsed time: 16.943 s

Computing neighbours with low AOP and hydrogen bonds ...
1657CH4 - x =  3.7720 - Large cage
1658CH4 - x =  7.9300 - Irregular cage
1659CH4 - x =  2.7120 - Irregular cage
1660CH4 - x =  2.2860 - Irregular cage
1661CH4 - x =  8.3191 - Irregular cage
1662CH4 - x =  4.3520 - Irregular cage
1663CH4 - x =  2.9390 - Irregular cage
1665CH4 - x =  6.9950 - Large cage
1666CH4 - x =  8.1910 - Large cage
1667CH4 - x = 10.5460 - Irregular cage
1668CH4 - x =  3.4720 - Irregular cage
1669CH4 - x =  4.5940 - Large cage
1670CH4 - x =  2.4420 - Small cage
1671CH4 - x = 11.7370 - Not in a cage
1674CH4 - x =  8.7500 - Large cage
1675CH4 - x =  2.9620 - Irregular cage
1676CH4 - x = 10.4450 - Not in a cage
1677CH4 - x =  9.3980 - Large cage
1678CH4 - x = 10.6831 - Irregular cage
1679CH4 - x =  1.5210 - Small cage
1680CH4 - x =  4.0830 - Large cage
1681CH4 - x =  2.5310 - Irregular cage
1682CH4 - x =  4.4660 - Large cage
1683CH4 - x =  9.9420 - Interface cage
1684CH4 - x =  2.8771 - Irregular cage
1685CH4 - x =  1.8680 - Irregular cage
1686CH4 - x = 10.5490 - Irregular cage
1687CH4 - x =  4.1460 - Irregular cage
1688CH4 - x =  2.5310 - Irregular cage
1689CH4 - x = 11.7480 - Irregular cage
1690CH4 - x =  7.5841 - Large cage
1691CH4 - x =  8.2940 - Large cage
1692CH4 - x =  8.1310 - Irregular cage
1693CH4 - x =  7.6470 - Large cage
1694CH4 - x =  2.8210 - Small cage
1695CH4 - x =  3.4550 - Irregular cage
1696CH4 - x =  2.9400 - Small cage
1698CH4 - x =  4.3249 - Large cage
1699CH4 - x =  4.0600 - Small cage
1701CH4 - x =  6.4500 - Large cage
1702CH4 - x =  4.0090 - Irregular cage
1703CH4 - x =  0.4310 - Irregular cage
1704CH4 - x =  4.0350 - Small cage
1705CH4 - x =  3.4660 - Small cage
1706CH4 - x =  9.3450 - Small cage
1708CH4 - x = 10.2190 - Irregular cage
1709CH4 - x =  1.9579 - Interface cage
1710CH4 - x =  4.0590 - Irregular cage
1711CH4 - x =  4.0550 - Large cage
1712CH4 - x =  3.0810 - Irregular cage
1713CH4 - x =  3.4160 - Large cage
1714CH4 - x =  9.9039 - Irregular cage
1716CH4 - x =  4.0410 - Small cage
1717CH4 - x = 11.9520 - Not in a cage
1718CH4 - x =  3.1441 - Irregular cage
1719CH4 - x =  4.7130 - Irregular cage
1720CH4 - x =  1.9060 - Irregular cage
1721CH4 - x =  3.1370 - Irregular cage
1722CH4 - x = 11.7980 - Irregular cage
1723CH4 - x =  3.1610 - Irregular cage
1725CH4 - x =  3.4439 - Irregular cage
1727CH4 - x = 10.3210 - Not in a cage
1728CH4 - x =  2.0360 - Interface cage
1730CH4 - x = 11.9840 - Not in a cage
1731CH4 - x = 11.8070 - Irregular cage
1732CH4 - x =  4.1330 - Irregular cage
1733CH4 - x =  8.2540 - Irregular cage
1734CH4 - x =  2.8229 - Irregular cage
1735CH4 - x =  9.8660 - Interface cage
1736CH4 - x =  3.5161 - Irregular cage
1737CH4 - x = 10.5210 - Irregular cage
1739CH4 - x =  3.4840 - Large cage
1740CH4 - x =  6.7020 - Large cage
1741CH4 - x =  2.4570 - Small cage
1742CH4 - x =  1.2860 - Interface cage
1743CH4 - x =  8.2230 - Irregular cage
1744CH4 - x =  3.4330 - Irregular cage
1746CH4 - x =  2.3120 - Interface cage
1747CH4 - x =  3.7130 - Irregular cage
1748CH4 - x =  7.3130 - Irregular cage
1749CH4 - x = 11.7990 - Irregular cage
1750CH4 - x =  3.4931 - Irregular cage
1752CH4 - x =  2.8600 - Irregular cage
1753CH4 - x = 10.4800 - Irregular cage
1754CH4 - x =  8.8670 - Large cage
1755CH4 - x =  0.6970 - Irregular cage
1757CH4 - x =  2.6370 - Irregular cage
1759CH4 - x =  8.9010 - Irregular cage
1760CH4 - x =  0.1730 - Irregular cage
1761CH4 - x =  1.9269 - Irregular cage
1762CH4 - x =  2.3690 - Irregular cage
1763CH4 - x =  9.4050 - Small cage
1764CH4 - x = 11.9950 - Irregular cage
1765CH4 - x =  2.9349 - Small cage
1766CH4 - x =  7.5769 - Large cage
1767CH4 - x =  3.5000 - Irregular cage
1768CH4 - x =  2.3230 - Large cage
1769CH4 - x =  3.4440 - Small cage
1770CH4 - x =  4.0360 - Large cage
1771CH4 - x =  4.3360 - Irregular cage
1772CH4 - x =  3.7360 - Irregular cage
1773CH4 - x = 11.9110 - Irregular cage
1774CH4 - x =  8.8369 - Irregular cage
1775CH4 - x =  0.1150 - Irregular cage
1776CH4 - x =  2.4150 - Small cage
1777CH4 - x = 10.7390 - Not in a cage
1780CH4 - x =  9.9520 - Irregular cage
1781CH4 - x = 10.5220 - Not in a cage
1782CH4 - x =  7.6340 - Large cage
1784CH4 - x =  4.0100 - Large cage
1785CH4 - x =  4.6319 - Small cage
1786CH4 - x =  4.6400 - Small cage
1787CH4 - x =  4.6860 - Small cage
1788CH4 - x =  5.2320 - Small cage
1789CH4 - x =  5.2450 - Small cage
1790CH4 - x =  5.2210 - Small cage
1791CH4 - x =  4.6709 - Small cage
1792CH4 - x =  5.2310 - Small cage
1793CH4 - x =  4.6250 - Large cage
1794CH4 - x =  5.2740 - Large cage
1795CH4 - x =  5.2230 - Large cage
1796CH4 - x =  4.6580 - Large cage
1797CH4 - x =  5.1930 - Large cage
1798CH4 - x =  5.2450 - Large cage
1799CH4 - x =  5.5130 - Large cage
1800CH4 - x =  5.1530 - Irregular cage
1801CH4 - x =  4.5550 - Irregular cage
1802CH4 - x =  4.9600 - Large cage
1803CH4 - x =  5.5700 - Large cage
1804CH4 - x =  4.6310 - Large cage
1805CH4 - x =  5.5420 - Large cage
1806CH4 - x =  6.9900 - Small cage
1807CH4 - x =  5.2390 - Irregular cage
1808CH4 - x =  4.9490 - Large cage
1809CH4 - x =  4.9190 - Irregular cage
1810CH4 - x =  4.9439 - Large cage
1811CH4 - x =  4.6780 - Large cage
1812CH4 - x =  5.2830 - Large cage
1813CH4 - x =  4.7220 - Irregular cage
1814CH4 - x =  5.5210 - Irregular cage
1815CH4 - x =  5.2300 - Large cage
1817CH4 - x =  5.8080 - Irregular cage
1818CH4 - x =  5.8169 - Small cage
1819CH4 - x =  6.1240 - Large cage
1820CH4 - x =  5.8639 - Small cage
1821CH4 - x =  5.7940 - Large cage
1822CH4 - x =  5.7829 - Irregular cage
1823CH4 - x =  5.8420 - Large cage
1824CH4 - x =  5.8400 - Large cage
1825CH4 - x =  5.8309 - Irregular cage
1826CH4 - x =  5.7820 - Large cage
1827CH4 - x =  5.7430 - Irregular cage
1828CH4 - x =  5.8040 - Irregular cage
1829CH4 - x =  9.9029 - Interface cage
1833CH4 - x = 11.8980 - Not in a cage
1834CH4 - x =  8.1740 - Large cage
1835CH4 - x =  2.3800 - Irregular cage
1836CH4 - x =  9.4250 - Large cage
1837CH4 - x = 11.9619 - Not in a cage
1838CH4 - x = 10.3011 - Irregular cage
1839CH4 - x =  7.8801 - Large cage
1840CH4 - x = 11.9519 - Irregular cage
1841CH4 - x = 11.8999 - Irregular cage
1842CH4 - x =  9.3641 - Irregular cage
1843CH4 - x =  6.4100 - Small cage
1845CH4 - x =  9.7540 - Small cage
1846CH4 - x =  8.8210 - Irregular cage
1847CH4 - x = 12.0050 - Irregular cage
1848CH4 - x =  7.6470 - Small cage
1849CH4 - x =  9.9730 - Interface cage
1850CH4 - x =  6.4281 - Irregular cage
1851CH4 - x =  2.1290 - Irregular cage
1852CH4 - x = 10.8131 - Irregular cage
1853CH4 - x =  7.3320 - Irregular cage
1855CH4 - x = 10.7129 - Irregular cage
1856CH4 - x =  9.6770 - Interface cage
1857CH4 - x =  6.4380 - Large cage
1858CH4 - x = 11.8969 - Irregular cage
1859CH4 - x =  8.8610 - Large cage
1861CH4 - x = 10.7100 - Irregular cage
1862CH4 - x =  6.9770 - Large cage
1863CH4 - x =  7.6090 - Small cage
1864CH4 - x =  7.3459 - Large cage
1865CH4 - x = 10.8010 - Irregular cage
1866CH4 - x =  7.0150 - Large cage
1867CH4 - x =  2.8500 - Irregular cage
1868CH4 - x =  7.0590 - Small cage
1869CH4 - x =  2.4840 - Interface cage
1871CH4 - x =  8.1380 - Irregular cage
1872CH4 - x =  1.4850 - Irregular cage
1873CH4 - x =  6.4160 - Large cage
1874CH4 - x =  9.9110 - Irregular cage
1877CH4 - x =  2.0120 - Irregular cage
1878CH4 - x =  8.4200 - Large cage
1879CH4 - x =  1.0020 - Irregular cage
1880CH4 - x =  9.4710 - Irregular cage
1882CH4 - x = 10.6299 - Irregular cage
1883CH4 - x =  2.4579 - Irregular cage
1884CH4 - x =  8.4530 - Irregular cage
1885CH4 - x =  1.1360 - Irregular cage
1888CH4 - x = 10.5920 - Irregular cage
1889CH4 - x =  9.0990 - Irregular cage
1890CH4 - x = 10.4050 - Irregular cage
1891CH4 - x = 11.9800 - Not in a cage
1892CH4 - x = 11.7730 - Irregular cage
1893CH4 - x =  7.0190 - Large cage
1895CH4 - x =  6.1210 - Irregular cage
1897CH4 - x =  2.3269 - Irregular cage
1898CH4 - x = 11.7090 - Irregular cage
1899CH4 - x =  6.4301 - Large cage
1900CH4 - x =  9.3740 - Irregular cage
1901CH4 - x =  9.6810 - Irregular cage
1902CH4 - x =  7.6101 - Small cage
1903CH4 - x = 11.8900 - Irregular cage
1904CH4 - x = 10.5020 - Irregular cage
1905CH4 - x =  7.6010 - Large cage
1906CH4 - x =  9.6530 - Interface cage
1907CH4 - x = 11.8349 - Not in a cage
1908CH4 - x =  2.1060 - Interface cage
1909CH4 - x =  0.6590 - Irregular cage
1910CH4 - x =  1.3190 - Interface cage
1911CH4 - x =  7.6460 - Large cage
1912CH4 - x =  7.0850 - Irregular cage
1913CH4 - x =  7.0050 - Small cage
1914CH4 - x =  9.4121 - Irregular cage
1916CH4 - x = 10.7789 - Not in a cage
1917CH4 - x = 11.8550 - Irregular cage
1918CH4 - x =  8.2161 - Irregular cage
1919CH4 - x =  9.0649 - Irregular cage
1920CH4 - x =  8.1770 - Small cage
1923CH4 - x =  6.4020 - Small cage
1924CH4 - x = 11.6640 - Irregular cage
1927CH4 - x =  9.4470 - Irregular cage
1929CH4 - x =  1.5190 - Irregular cage
1930CH4 - x = 10.6210 - Irregular cage
1933CH4 - x =  9.0969 - Large cage
1934CH4 - x =  1.9200 - Irregular cage
1935CH4 - x = 10.5470 - Irregular cage
1936CH4 - x =  0.7460 - Irregular cage
1937CH4 - x =  8.7760 - Irregular cage
1938CH4 - x = 11.6619 - Not in a cage
1939CH4 - x = 11.9400 - Irregular cage
1941CH4 - x = 10.8111 - Not in a cage
1943CH4 - x = 10.4240 - Irregular cage
1946CH4 - x =  8.7930 - Large cage
1947CH4 - x =  8.8070 - Small cage
1948CH4 - x = 10.5530 - Irregular cage
1949CH4 - x =  7.6000 - Small cage
1951CH4 - x =  7.3430 - Large cage
1953CH4 - x =  0.6960 - Irregular cage
1955CH4 - x =  6.4920 - Irregular cage
1956CH4 - x =  1.4770 - Small cage
1961CH4 - x = 11.7880 - Not in a cage
1965CH4 - x =  1.5740 - Interface cage
1966CH4 - x =  1.3700 - Irregular cage
1967CH4 - x = 11.9080 - Irregular cage
1970CH4 - x =  1.8620 - Irregular cage
1972CH4 - x =  6.4540 - Large cage
1973CH4 - x = 10.7300 - Irregular cage
1974CH4 - x = 10.7280 - Irregular cage
1975CH4 - x =  1.2290 - Interface cage
1976CH4 - x = 10.0010 - Interface cage
1979CH4 - x =  0.6330 - Irregular cage
1980CH4 - x =  6.4261 - Irregular cage
1981CH4 - x =  8.8100 - Small cage
1982CH4 - x =  6.7310 - Irregular cage
1983CH4 - x = 11.8300 - Not in a cage
1984CH4 - x = 10.7220 - Irregular cage
1985CH4 - x =  9.4510 - Large cage
1986CH4 - x = 10.5590 - Not in a cage
1987CH4 - x = 11.6750 - Not in a cage
1988CH4 - x =  1.9490 - Interface cage
Done. Elapsed time: 62.347 s
Total time 79.516 s

Small cages: 38 found
Large cages: 63 found
Interface cages: 17 found
Irregular cages: 136 found

-------------------- FRAME  222 --------------------

Computing AOP ...
Done. Elapsed time: 14.389 s

Computing neighbours with low AOP and hydrogen bonds ...
1657CH4 - x =  3.9008 - Irregular cage
1658CH4 - x =  8.0215 - Irregular cage
1659CH4 - x =  2.8883 - Interface cage
1661CH4 - x =  8.2831 - Irregular cage
1662CH4 - x =  4.4682 - Large cage
1663CH4 - x =  3.0633 - Interface cage
1664CH4 - x =  0.0353 - Not in a cage
1665CH4 - x =  7.0878 - Irregular cage
1666CH4 - x =  8.3309 - Irregular cage
1667CH4 - x = 10.4211 - Not in a cage
1668CH4 - x =  3.6089 - Irregular cage
1669CH4 - x =  4.7368 - Irregular cage
1673CH4 - x = 10.6613 - Irregular cage
1674CH4 - x =  8.8533 - Irregular cage
1675CH4 - x =  2.9610 - Irregular cage
1676CH4 - x = 10.0222 - Not in a cage
1677CH4 - x =  9.4780 - Interface cage
1678CH4 - x =  0.1110 - Not in a cage
1680CH4 - x =  4.1212 - Large cage
1682CH4 - x =  4.4040 - Irregular cage
1683CH4 - x = 10.9548 - Irregular cage
1687CH4 - x =  4.2441 - Irregular cage
1688CH4 - x =  2.4500 - Interface cage
1690CH4 - x =  7.6508 - Irregular cage
1691CH4 - x =  8.3653 - Irregular cage
1692CH4 - x =  8.3419 - Irregular cage
1693CH4 - x =  7.6575 - Irregular cage
1694CH4 - x =  3.0298 - Interface cage
1695CH4 - x =  3.5551 - Small cage
1696CH4 - x =  2.9469 - Irregular cage
1697CH4 - x =  2.2886 - Not in a cage
1698CH4 - x =  4.4357 - Large cage
1699CH4 - x =  4.1608 - Small cage
1700CH4 - x =  1.3161 - Not in a cage
1701CH4 - x =  6.5581 - Irregular cage
1702CH4 - x =  4.0946 - Large cage
1703CH4 - x = 12.1587 - Not in a cage
1704CH4 - x =  4.1514 - Irregular cage
1705CH4 - x =  3.5535 - Small cage
1706CH4 - x =  9.5349 - Interface cage
1707CH4 - x = 10.6117 - Irregular cage
1708CH4 - x =  0.0178 - Irregular cage
1709CH4 - x = 10.7462 - Not in a cage
1710CH4 - x =  4.1099 - Irregular cage
1711CH4 - x =  4.1707 - Large cage
1712CH4 - x =  3.2931 - Irregular cage
1713CH4 - x =  3.5000 - Large cage
1714CH4 - x =  2.4112 - Irregular cage
1715CH4 - x =  0.5734 - Interface cage
1716CH4 - x =  4.1459 - Irregular cage
1718CH4 - x =  3.2428 - Irregular cage
1719CH4 - x =  4.8369 - Irregular cage
1720CH4 - x =  2.6457 - Irregular cage
1721CH4 - x =  3.2902 - Large cage
1723CH4 - x =  3.2989 - Irregular cage
1724CH4 - x =  0.9768 - Irregular cage
1725CH4 - x =  3.5459 - Small cage
1728CH4 - x =  1.6644 - Irregular cage
1732CH4 - x =  4.1448 - Irregular cage
1733CH4 - x =  8.3091 - Irregular cage
1734CH4 - x =  2.9214 - Small cage
1736CH4 - x =  3.5511 - Irregular cage
1737CH4 - x =  0.1467 - Not in a cage
1738CH4 - x = 10.3462 - Irregular cage
1739CH4 - x =  3.5378 - Irregular cage
1740CH4 - x =  6.8113 - Large cage
1742CH4 - x =  2.9643 - Irregular cage
1743CH4 - x =  8.2963 - Large cage
1744CH4 - x =  3.4903 - Small cage
1747CH4 - x =  3.8130 - Irregular cage
1748CH4 - x =  7.4160 - Irregular cage
1750CH4 - x =  3.4825 - Irregular cage
1751CH4 - x = 10.5665 - Not in a cage
1752CH4 - x =  3.0075 - Irregular cage
1753CH4 - x =  9.5250 - Irregular cage
1754CH4 - x =  8.8847 - Irregular cage
1755CH4 - x =  1.3982 - Irregular cage
1756CH4 - x =  1.7456 - Not in a cage
1757CH4 - x =  2.9790 - Irregular cage
1758CH4 - x = 10.5286 - Irregular cage
1759CH4 - x =  8.8410 - Irregular cage
1760CH4 - x =  1.2557 - Irregular cage
1761CH4 - x =  0.0772 - Not in a cage
1762CH4 - x = 10.7292 - Irregular cage
1764CH4 - x = 10.8680 - Irregular cage
1765CH4 - x =  3.0210 - Irregular cage
1766CH4 - x =  7.7335 - Small cage
1767CH4 - x =  3.4433 - Irregular cage
1768CH4 - x =  2.6788 - Interface cage
1769CH4 - x =  3.5500 - Small cage
1770CH4 - x =  4.2080 - Large cage
1771CH4 - x =  4.4229 - Irregular cage
1772CH4 - x =  3.8707 - Large cage
1774CH4 - x =  8.8683 - Interface cage
1775CH4 - x = 10.5515 - Irregular cage
1776CH4 - x =  1.7975 - Irregular cage
1782CH4 - x =  7.7507 - Irregular cage
1783CH4 - x = 10.4964 - Irregular cage
1784CH4 - x =  4.1217 - Large cage
1785CH4 - x =  4.7275 - Small cage
1786CH4 - x =  4.7492 - Small cage
1787CH4 - x =  4.7579 - Small cage
1788CH4 - x =  5.3471 - Small cage
1789CH4 - x =  5.3201 - Irregular cage
1790CH4 - x =  5.3223 - Small cage
1791CH4 - x =  4.7205 - Small cage
1792CH4 - x =  5.2846 - Small cage
1793CH4 - x =  4.6889 - Large cage
1794CH4 - x =  5.2477 - Irregular cage
1795CH4 - x =  5.3378 - Irregular cage
1796CH4 - x =  4.7329 - Large cage
1797CH4 - x =  5.2432 - Large cage
1798CH4 - x =  5.2968 - Large cage
1799CH4 - x =  5.6541 - Large cage
1800CH4 - x =  5.2963 - Irregular cage
1801CH4 - x =  4.7680 - Large cage
1802CH4 - x =  4.9780 - Irregular cage
1803CH4 - x =  5.5778 - Large cage
1804CH4 - x =  4.7877 - Large cage
1805CH4 - x =  5.6635 - Large cage
1806CH4 - x =  7.1351 - Irregular cage
1807CH4 - x =  5.3013 - Large cage
1808CH4 - x =  4.9935 - Irregular cage
1809CH4 - x =  4.9631 - Large cage
1810CH4 - x =  5.0185 - Large cage
1811CH4 - x =  4.6906 - Large cage
1812CH4 - x =  5.3380 - Irregular cage
1813CH4 - x =  4.7915 - Irregular cage
1814CH4 - x =  5.5981 - Irregular cage
1815CH4 - x =  5.3167 - Large cage
1817CH4 - x =  5.9119 - Small cage
1818CH4 - x =  5.9181 - Small cage
1819CH4 - x =  6.2361 - Irregular cage
1820CH4 - x =  5.9159 - Small cage
1821CH4 - x =  5.8314 - Irregular cage
1822CH4 - x =  5.9559 - Large cage
1823CH4 - x =  5.9320 - Large cage
1824CH4 - x =  5.8670 - Large cage
1825CH4 - x =  5.9789 - Large cage
1826CH4 - x =  5.9153 - Large cage
1827CH4 - x =  5.9102 - Irregular cage
1828CH4 - x =  5.9035 - Large cage
1830CH4 - x =  1.2814 - Irregular cage
1831CH4 - x = 11.9872 - Irregular cage
1833CH4 - x = 12.1184 - Irregular cage
1834CH4 - x =  8.3368 - Large cage
1836CH4 - x =  9.4342 - Interface cage
1838CH4 - x =  0.0773 - Irregular cage
1839CH4 - x =  7.9670 - Irregular cage
1841CH4 - x =  1.4282 - Irregular cage
1843CH4 - x =  6.4942 - Small cage
1845CH4 - x = 12.1936 - Irregular cage
1846CH4 - x =  8.9546 - Irregular cage
1847CH4 - x = 10.7125 - Irregular cage
1848CH4 - x =  7.7157 - Irregular cage
1850CH4 - x =  6.4906 - Small cage
1851CH4 - x =  0.2958 - Irregular cage
1853CH4 - x =  7.3509 - Large cage
1854CH4 - x =  2.2580 - Irregular cage
1855CH4 - x =  9.6852 - Irregular cage
1856CH4 - x =  9.2102 - Irregular cage
1857CH4 - x =  6.4923 - Large cage
1859CH4 - x =  8.8524 - Irregular cage
1860CH4 - x =  0.5462 - Not in a cage
1861CH4 - x = 10.5535 - Not in a cage
1862CH4 - x =  7.1443 - Irregular cage
1863CH4 - x =  7.7150 - Irregular cage
1864CH4 - x =  7.4273 - Irregular cage
1865CH4 - x = 10.9250 - Irregular cage
1866CH4 - x =  7.1577 - Large cage
1867CH4 - x =  2.9915 - Irregular cage
1868CH4 - x =  7.0794 - Irregular cage
1869CH4 - x = 12.2397 - Irregular cage
1871CH4 - x =  8.3049 - Large cage
1872CH4 - x = 10.2012 - Irregular cage
1873CH4 - x =  6.4206 - Large cage
1875CH4 - x = 11.0095 - Irregular cage
1878CH4 - x =  8.6404 - Irregular cage
1879CH4 - x = 12.1379 - Not in a cage
1880CH4 - x = 10.7736 - Irregular cage
1884CH4 - x =  8.5943 - Irregular cage
1885CH4 - x = 12.0386 - Irregular cage
1886CH4 - x =  1.1057 - Irregular cage
1887CH4 - x = 10.4463 - Not in a cage
1889CH4 - x =  9.1191 - Interface cage
1891CH4 - x = 10.4516 - Irregular cage
1892CH4 - x =  0.0639 - Irregular cage
1893CH4 - x =  7.0904 - Irregular cage
1894CH4 - x = 11.1280 - Irregular cage
1895CH4 - x =  6.2078 - Irregular cage
1896CH4 - x = 10.8207 - Irregular cage
1897CH4 - x =  2.5656 - Irregular cage
1899CH4 - x =  6.4541 - Large cage
1900CH4 - x =  9.3479 - Not in a cage
1902CH4 - x =  7.7171 - Irregular cage
1904CH4 - x = 12.1076 - Irregular cage
1905CH4 - x =  7.7502 - Irregular cage
1911CH4 - x =  7.7208 - Irregular cage
1912CH4 - x =  7.1899 - Irregular cage
1913CH4 - x =  7.0932 - Small cage
1914CH4 - x =  9.4968 - Irregular cage
1918CH4 - x =  8.3106 - Small cage
1919CH4 - x =  9.1775 - Irregular cage
1920CH4 - x =  8.2656 - Irregular cage
1921CH4 - x =  9.8995 - Interface cage
1923CH4 - x =  6.4912 - Small cage
1924CH4 - x =  0.8127 - Irregular cage
1927CH4 - x =  9.3103 - Irregular cage
1929CH4 - x = 10.5894 - Irregular cage
1930CH4 - x =  0.0285 - Irregular cage
1931CH4 - x = 10.1755 - Not in a cage
1932CH4 - x =  0.2969 - Not in a cage
1933CH4 - x =  9.1976 - Interface cage
1934CH4 - x = 10.6392 - Irregular cage
1935CH4 - x = 12.0808 - Irregular cage
1936CH4 - x = 12.2541 - Not in a cage
1937CH4 - x =  8.8439 - Interface cage
1938CH4 - x =  2.3538 - Irregular cage
1939CH4 - x =  9.3049 - Irregular cage
1940CH4 - x =  2.5821 - Irregular cage
1945CH4 - x =  2.3343 - Irregular cage
1946CH4 - x =  8.8580 - Irregular cage
1947CH4 - x =  8.8662 - Irregular cage
1948CH4 - x = 11.0780 - Irregular cage
1949CH4 - x =  7.7010 - Irregular cage
1951CH4 - x =  7.3805 - Irregular cage
1952CH4 - x =  0.0916 - Irregular cage
1953CH4 - x =  0.1459 - Irregular cage
1955CH4 - x =  6.4630 - Large cage
1956CH4 - x =  1.8559 - Not in a cage
1957CH4 - x = 12.1731 - Irregular cage
1958CH4 - x = 10.5585 - Not in a cage
1960CH4 - x = 10.7461 - Irregular cage
1961CH4 - x = 10.3675 - Irregular cage
1962CH4 - x =  0.5846 - Irregular cage
1963CH4 - x =  0.1963 - Not in a cage
1964CH4 - x =  1.2531 - Irregular cage
1965CH4 - x =  0.4200 - Irregular cage
1966CH4 - x =  3.0064 - Small cage
1969CH4 - x = 10.4790 - Irregular cage
1970CH4 - x =  0.7586 - Irregular cage
1972CH4 - x =  6.5351 - Large cage
1974CH4 - x = 12.1272 - Not in a cage
1975CH4 - x =  0.4379 - Not in a cage
1976CH4 - x = 10.3810 - Not in a cage
1980CH4 - x =  6.5359 - Irregular cage
1981CH4 - x =  8.8441 - Irregular cage
1982CH4 - x =  6.7745 - Irregular cage
1983CH4 - x = 10.4640 - Irregular cage
1985CH4 - x = 12.1808 - Not in a cage
1987CH4 - x = 10.6397 - Not in a cage
Done. Elapsed time: 40.012 s
Total time 54.568 s

Small cages: 24 found
Large cages: 41 found
Interface cages: 14 found
Irregular cages: 144 found

-------------------- FRAME  444 --------------------

Computing AOP ...
Done. Elapsed time: 14.687 s

Computing neighbours with low AOP and hydrogen bonds ...
1657CH4 - x =  3.8668 - Large cage
1658CH4 - x =  8.0966 - Irregular cage
1659CH4 - x =  1.2906 - Irregular cage
1661CH4 - x =  9.0407 - Irregular cage
1662CH4 - x =  4.4504 - Irregular cage
1663CH4 - x =  3.1040 - Interface cage
1665CH4 - x =  7.1691 - Large cage
1666CH4 - x =  8.2939 - Irregular cage
1668CH4 - x =  3.5660 - Irregular cage
1669CH4 - x =  4.7852 - Large cage
1670CH4 - x =  2.1238 - Irregular cage
1675CH4 - x =  2.8607 - Irregular cage
1677CH4 - x = 10.7100 - Irregular cage
1678CH4 - x = 10.7359 - Not in a cage
1679CH4 - x = 10.6009 - Irregular cage
1680CH4 - x =  4.1239 - Large cage
1682CH4 - x =  4.4210 - Irregular cage
1683CH4 - x =  0.2014 - Not in a cage
1684CH4 - x =  9.2341 - Irregular cage
1686CH4 - x = 12.3084 - Irregular cage
1687CH4 - x =  4.2265 - Large cage
1688CH4 - x =  2.6734 - Irregular cage
1690CH4 - x =  7.8233 - Irregular cage
1691CH4 - x =  8.3206 - Irregular cage
1692CH4 - x =  8.2212 - Irregular cage
1693CH4 - x =  7.7148 - Irregular cage
1694CH4 - x =  3.0222 - Interface cage
1695CH4 - x =  3.6092 - Irregular cage
1696CH4 - x =  3.0668 - Irregular cage
1697CH4 - x =  0.0421 - Irregular cage
1698CH4 - x =  4.4767 - Large cage
1699CH4 - x =  4.1757 - Small cage
1700CH4 - x = 10.9209 - Irregular cage
1701CH4 - x =  6.6107 - Irregular cage
1702CH4 - x =  4.1216 - Irregular cage
1704CH4 - x =  4.2064 - Small cage
1705CH4 - x =  3.5644 - Small cage
1708CH4 - x =  0.1846 - Not in a cage
1710CH4 - x =  4.1671 - Irregular cage
1711CH4 - x =  4.1457 - Irregular cage
1712CH4 - x =  3.2880 - Irregular cage
1713CH4 - x =  3.6839 - Irregular cage
1714CH4 - x =  0.1484 - Irregular cage
1715CH4 - x =  8.7187 - Interface cage
1716CH4 - x =  4.1887 - Irregular cage
1717CH4 - x = 10.7265 - Not in a cage
1718CH4 - x =  3.3313 - Irregular cage
1719CH4 - x =  4.7517 - Large cage
1720CH4 - x =  0.4131 - Not in a cage
1721CH4 - x =  3.3186 - Irregular cage
1723CH4 - x =  3.3107 - Irregular cage
1725CH4 - x =  3.5714 - Irregular cage
1728CH4 - x =  0.3620 - Irregular cage
1732CH4 - x =  4.1183 - Large cage
1733CH4 - x =  8.2703 - Interface cage
1734CH4 - x =  2.9415 - Interface cage
1735CH4 - x = 10.4488 - Not in a cage
1736CH4 - x =  3.5385 - Irregular cage
1737CH4 - x = 10.6183 - Not in a cage
1738CH4 - x = 10.9338 - Irregular cage
1739CH4 - x =  3.5386 - Irregular cage
1740CH4 - x =  6.8323 - Large cage
1743CH4 - x =  8.2741 - Irregular cage
1744CH4 - x =  3.5976 - Large cage
1747CH4 - x =  3.8886 - Irregular cage
1748CH4 - x =  7.4476 - Large cage
1750CH4 - x =  3.6384 - Irregular cage
1752CH4 - x =  3.0192 - Irregular cage
1755CH4 - x = 12.3277 - Irregular cage
1757CH4 - x =  2.9339 - Interface cage
1759CH4 - x =  9.9409 - Not in a cage
1761CH4 - x = 10.5108 - Irregular cage
1763CH4 - x =  1.2410 - Irregular cage
1764CH4 - x = 10.4235 - Not in a cage
1765CH4 - x =  3.0894 - Interface cage
1766CH4 - x =  7.7879 - Irregular cage
1767CH4 - x =  3.6202 - Irregular cage
1769CH4 - x =  3.5949 - Irregular cage
1770CH4 - x =  4.2316 - Irregular cage
1771CH4 - x =  4.4424 - Irregular cage
1772CH4 - x =  3.8587 - Irregular cage
1774CH4 - x =  0.1568 - Not in a cage
1775CH4 - x = 10.7334 - Irregular cage
1776CH4 - x =  0.1925 - Not in a cage
1777CH4 - x =  0.0406 - Irregular cage
1780CH4 - x =  8.9762 - Irregular cage
1782CH4 - x =  7.7244 - Large cage
1784CH4 - x =  4.2130 - Large cage
1785CH4 - x =  4.7779 - Small cage
1786CH4 - x =  4.7665 - Small cage
1787CH4 - x =  4.8148 - Small cage
1788CH4 - x =  5.3491 - Small cage
1789CH4 - x =  5.3851 - Small cage
1790CH4 - x =  5.3806 - Irregular cage
1791CH4 - x =  4.7494 - Irregular cage
1792CH4 - x =  5.4019 - Small cage
1793CH4 - x =  4.7370 - Large cage
1794CH4 - x =  5.3207 - Irregular cage
1795CH4 - x =  5.3721 - Large cage
1796CH4 - x =  4.7931 - Large cage
1797CH4 - x =  5.3945 - Large cage
1798CH4 - x =  5.3804 - Irregular cage
1799CH4 - x =  5.6656 - Irregular cage
1800CH4 - x =  5.4146 - Large cage
1801CH4 - x =  4.8401 - Irregular cage
1802CH4 - x =  5.0834 - Irregular cage
1803CH4 - x =  5.7056 - Large cage
1804CH4 - x =  4.7079 - Large cage
1805CH4 - x =  5.7181 - Large cage
1806CH4 - x =  7.1690 - Small cage
1807CH4 - x =  5.3197 - Large cage
1808CH4 - x =  5.0927 - Irregular cage
1809CH4 - x =  5.0482 - Irregular cage
1810CH4 - x =  5.1209 - Large cage
1811CH4 - x =  4.7192 - Irregular cage
1812CH4 - x =  5.2979 - Large cage
1813CH4 - x =  4.7884 - Irregular cage
1814CH4 - x =  5.6715 - Large cage
1815CH4 - x =  5.3896 - Large cage
1816CH4 - x =  9.9847 - Interface cage
1817CH4 - x =  5.9881 - Irregular cage
1818CH4 - x =  5.9610 - Small cage
1819CH4 - x =  6.2770 - Large cage
1820CH4 - x =  6.0059 - Irregular cage
1821CH4 - x =  6.0152 - Large cage
1822CH4 - x =  6.0122 - Large cage
1823CH4 - x =  6.0279 - Small cage
1824CH4 - x =  5.9475 - Irregular cage
1825CH4 - x =  5.9090 - Large cage
1826CH4 - x =  5.9673 - Large cage
1827CH4 - x =  5.9225 - Large cage
1828CH4 - x =  6.0133 - Irregular cage
1829CH4 - x =  9.4130 - Irregular cage
1830CH4 - x =  0.2548 - Irregular cage
1831CH4 - x = 10.5469 - Not in a cage
1832CH4 - x = 10.5458 - Not in a cage
1833CH4 - x =  9.8226 - Irregular cage
1834CH4 - x =  8.2652 - Small cage
1836CH4 - x =  8.2844 - Irregular cage
1837CH4 - x =  9.2259 - Irregular cage
1838CH4 - x =  0.3935 - Not in a cage
1839CH4 - x =  8.0363 - Irregular cage
1840CH4 - x =  1.6989 - Not in a cage
1841CH4 - x = 10.5913 - Irregular cage
1842CH4 - x =  8.6220 - Irregular cage
1843CH4 - x =  6.5275 - Irregular cage
1844CH4 - x = 10.6889 - Irregular cage
1846CH4 - x =  9.4915 - Not in a cage
1848CH4 - x =  7.7379 - Irregular cage
1849CH4 - x = 10.8800 - Not in a cage
1850CH4 - x =  6.5651 - Small cage
1852CH4 - x = 10.4185 - Not in a cage
1853CH4 - x =  7.3773 - Large cage
1854CH4 - x = 10.5814 - Not in a cage
1855CH4 - x =  1.7366 - Irregular cage
1856CH4 - x =  8.7274 - Interface cage
1857CH4 - x =  6.5437 - Large cage
1858CH4 - x = 10.5340 - Not in a cage
1859CH4 - x =  9.4935 - Irregular cage
1860CH4 - x = 10.7244 - Irregular cage
1862CH4 - x =  7.1483 - Large cage
1863CH4 - x =  7.7409 - Small cage
1864CH4 - x =  7.4764 - Large cage
1865CH4 - x =  0.2621 - Irregular cage
1866CH4 - x =  7.2080 - Large cage
1868CH4 - x =  7.1323 - Small cage
1870CH4 - x = 10.5766 - Irregular cage
1871CH4 - x =  8.2526 - Small cage
1873CH4 - x =  6.5701 - Irregular cage
1876CH4 - x =  9.9066 - Irregular cage
1878CH4 - x =  9.5678 - Not in a cage
1879CH4 - x =  2.0159 - Irregular cage
1881CH4 - x =  2.8419 - Irregular cage
1882CH4 - x =  2.9029 - Irregular cage
1883CH4 - x =  1.5138 - Not in a cage
1884CH4 - x =  8.7241 - Irregular cage
1887CH4 - x = 10.4247 - Not in a cage
1888CH4 - x = 12.2915 - Irregular cage
1891CH4 - x = 10.7160 - Not in a cage
1893CH4 - x =  7.1382 - Irregular cage
1894CH4 - x =  2.3326 - Not in a cage
1895CH4 - x =  6.2467 - Large cage
1896CH4 - x = 10.8766 - Not in a cage
1898CH4 - x = 10.3243 - Irregular cage
1899CH4 - x =  6.5115 - Irregular cage
1901CH4 - x =  0.0911 - Irregular cage
1902CH4 - x =  7.7412 - Small cage
1903CH4 - x =  3.0071 - Irregular cage
1905CH4 - x =  7.8313 - Irregular cage
1907CH4 - x =  0.1629 - Irregular cage
1909CH4 - x = 10.2734 - Not in a cage
1910CH4 - x = 10.8522 - Irregular cage
1911CH4 - x =  7.7386 - Irregular cage
1912CH4 - x =  7.1776 - Irregular cage
1913CH4 - x =  7.1118 - Irregular cage
1918CH4 - x =  8.3646 - Irregular cage
1920CH4 - x =  8.5831 - Irregular cage
1923CH4 - x =  6.5691 - Small cage
1924CH4 - x = 12.2448 - Irregular cage
1926CH4 - x =  0.2477 - Irregular cage
1927CH4 - x = 12.3089 - Not in a cage
1928CH4 - x = 12.1694 - Irregular cage
1929CH4 - x =  1.4864 - Irregular cage
1930CH4 - x =  2.2386 - Irregular cage
1932CH4 - x =  0.0060 - Irregular cage
1935CH4 - x =  0.1903 - Irregular cage
1936CH4 - x =  2.1998 - Irregular cage
1937CH4 - x = 10.8327 - Not in a cage
1938CH4 - x =  3.0820 - Interface cage
1940CH4 - x =  2.5896 - Irregular cage
1941CH4 - x =  9.7895 - Irregular cage
1943CH4 - x = 10.6764 - Irregular cage
1944CH4 - x =  0.1567 - Irregular cage
1946CH4 - x =  8.3528 - Interface cage
1947CH4 - x =  8.8671 - Interface cage
1948CH4 - x =  9.2767 - Irregular cage
1949CH4 - x =  7.7360 - Small cage
1951CH4 - x =  7.4470 - Large cage
1952CH4 - x = 10.2073 - Irregular cage
1953CH4 - x = 10.5856 - Irregular cage
1955CH4 - x =  6.5586 - Irregular cage
1957CH4 - x = 10.5181 - Irregular cage
1958CH4 - x =  0.3444 - Irregular cage
1962CH4 - x = 10.5509 - Not in a cage
1963CH4 - x =  0.1106 - Irregular cage
1965CH4 - x = 10.3959 - Irregular cage
1966CH4 - x =  3.0023 - Irregular cage
1967CH4 - x =  1.2550 - Not in a cage
1969CH4 - x =  0.7401 - Not in a cage
1971CH4 - x =  0.5990 - Irregular cage
1972CH4 - x =  6.5685 - Large cage
1973CH4 - x =  8.7997 - Interface cage
1974CH4 - x = 12.2996 - Irregular cage
1980CH4 - x =  6.6218 - Large cage
1982CH4 - x =  6.8852 - Irregular cage
1985CH4 - x =  1.1926 - Irregular cage
1986CH4 - x =  0.1119 - Irregular cage
1987CH4 - x =  0.1093 - Irregular cage
Done. Elapsed time: 40.898 s
Total time 55.758 s

Small cages: 20 found
Large cages: 41 found
Interface cages: 13 found
Irregular cages: 132 found

-------------------- FRAME  666 --------------------

Computing AOP ...
Done. Elapsed time: 14.839 s

Computing neighbours with low AOP and hydrogen bonds ...
1657CH4 - x =  3.9088 - Large cage
1658CH4 - x =  8.0054 - Irregular cage
1659CH4 - x =  0.4905 - Irregular cage
1660CH4 - x = 10.4904 - Irregular cage
1662CH4 - x =  4.5621 - Large cage
1663CH4 - x =  2.9685 - Interface cage
1665CH4 - x =  7.0846 - Large cage
1668CH4 - x =  3.5712 - Large cage
1669CH4 - x =  4.7687 - Large cage
1670CH4 - x = 10.6241 - Irregular cage
1672CH4 - x = 12.0902 - Irregular cage
1673CH4 - x = 12.2920 - Not in a cage
1675CH4 - x =  3.0673 - Irregular cage
1677CH4 - x =  0.8393 - Irregular cage
1678CH4 - x = 10.3088 - Not in a cage
1680CH4 - x =  4.1835 - Irregular cage
1681CH4 - x = 12.0400 - Irregular cage
1682CH4 - x =  4.4803 - Large cage
1683CH4 - x =  8.3413 - Irregular cage
1684CH4 - x =  0.1741 - Irregular cage
1686CH4 - x = 10.3575 - Not in a cage
1687CH4 - x =  4.1263 - Large cage
1688CH4 - x =  3.0448 - Irregular cage
1690CH4 - x =  7.6697 - Small cage
1691CH4 - x =  8.3679 - Irregular cage
1692CH4 - x =  8.2716 - Interface cage
1693CH4 - x =  7.7206 - Irregular cage
1694CH4 - x =  2.9520 - Interface cage
1695CH4 - x =  3.6236 - Irregular cage
1697CH4 - x = 10.8031 - Not in a cage
1698CH4 - x =  4.4707 - Large cage
1699CH4 - x =  4.2033 - Small cage
1700CH4 - x =  0.1385 - Irregular cage
1701CH4 - x =  6.5919 - Irregular cage
1702CH4 - x =  4.2096 - Large cage
1703CH4 - x =  0.0635 - Not in a cage
1704CH4 - x =  4.2090 - Small cage
1705CH4 - x =  3.5733 - Small cage
1710CH4 - x =  4.1986 - Large cage
1711CH4 - x =  4.2182 - Large cage
1712CH4 - x =  3.3004 - Irregular cage
1713CH4 - x =  3.5972 - Large cage
1716CH4 - x =  4.2290 - Small cage
1717CH4 - x = 10.6929 - Irregular cage
1718CH4 - x =  3.2982 - Irregular cage
1719CH4 - x =  4.7814 - Large cage
1721CH4 - x =  3.2915 - Large cage
1722CH4 - x =  9.4164 - Not in a cage
1723CH4 - x =  3.2174 - Small cage
1725CH4 - x =  3.5747 - Small cage
1726CH4 - x = 10.6833 - Irregular cage
1727CH4 - x =  0.1138 - Irregular cage
1731CH4 - x =  0.2978 - Irregular cage
1732CH4 - x =  4.2517 - Irregular cage
1733CH4 - x =  8.3884 - Irregular cage
1734CH4 - x =  2.9373 - Interface cage
1735CH4 - x =  3.1282 - Irregular cage
1736CH4 - x =  3.6468 - Large cage
1737CH4 - x = 10.5901 - Not in a cage
1739CH4 - x =  3.5990 - Irregular cage
1740CH4 - x =  6.8711 - Large cage
1741CH4 - x = 10.9636 - Not in a cage
1743CH4 - x =  8.2547 - Irregular cage
1744CH4 - x =  3.6265 - Irregular cage
1745CH4 - x = 10.3686 - Irregular cage
1747CH4 - x =  3.9681 - Irregular cage
1748CH4 - x =  7.3901 - Irregular cage
1749CH4 - x =  2.5132 - Irregular cage
1750CH4 - x =  3.5836 - Irregular cage
1751CH4 - x = 10.4775 - Irregular cage
1752CH4 - x =  2.9841 - Interface cage
1754CH4 - x = 10.8161 - Irregular cage
1756CH4 - x = 10.1335 - Irregular cage
1757CH4 - x =  1.7309 - Irregular cage
1759CH4 - x =  0.1877 - Not in a cage
1761CH4 - x =  8.3237 - Irregular cage
1763CH4 - x = 10.9025 - Irregular cage
1764CH4 - x = 10.6626 - Irregular cage
1765CH4 - x = 10.5849 - Irregular cage
1766CH4 - x =  7.7522 - Irregular cage
1767CH4 - x =  3.6475 - Large cage
1769CH4 - x =  3.6131 - Small cage
1770CH4 - x =  4.2632 - Large cage
1771CH4 - x =  4.4639 - Large cage
1772CH4 - x =  3.8577 - Large cage
1779CH4 - x = 10.9049 - Not in a cage
1780CH4 - x =  9.0982 - Irregular cage
1781CH4 - x =  0.6400 - Irregular cage
1782CH4 - x =  7.7278 - Irregular cage
1784CH4 - x =  4.2642 - Large cage
1785CH4 - x =  4.7682 - Small cage
1786CH4 - x =  4.8123 - Small cage
1787CH4 - x =  4.7652 - Small cage
1788CH4 - x =  5.4021 - Small cage
1789CH4 - x =  5.3804 - Small cage
1790CH4 - x =  5.3741 - Irregular cage
1791CH4 - x =  4.7844 - Small cage
1792CH4 - x =  5.4065 - Irregular cage
1793CH4 - x =  4.8740 - Large cage
1794CH4 - x =  5.3015 - Irregular cage
1795CH4 - x =  5.3822 - Large cage
1796CH4 - x =  4.7967 - Large cage
1797CH4 - x =  5.3519 - Large cage
1798CH4 - x =  5.3543 - Irregular cage
1799CH4 - x =  5.6238 - Irregular cage
1800CH4 - x =  5.4402 - Irregular cage
1801CH4 - x =  4.8715 - Large cage
1802CH4 - x =  5.1557 - Large cage
1803CH4 - x =  5.7356 - Irregular cage
1804CH4 - x =  4.7979 - Irregular cage
1805CH4 - x =  5.6514 - Irregular cage
1806CH4 - x =  7.0918 - Small cage
1807CH4 - x =  5.4266 - Irregular cage
1808CH4 - x =  5.0732 - Large cage
1809CH4 - x =  5.0578 - Large cage
1810CH4 - x =  5.0967 - Large cage
1811CH4 - x =  4.7916 - Large cage
1812CH4 - x =  5.3685 - Large cage
1813CH4 - x =  4.8159 - Large cage
1814CH4 - x =  5.6488 - Large cage
1815CH4 - x =  5.3585 - Large cage
1816CH4 - x =  3.0181 - Interface cage
1817CH4 - x =  5.9188 - Small cage
1818CH4 - x =  5.9502 - Small cage
1819CH4 - x =  6.3067 - Large cage
1820CH4 - x =  6.0157 - Small cage
1821CH4 - x =  5.9508 - Irregular cage
1822CH4 - x =  5.9041 - Large cage
1823CH4 - x =  5.9184 - Irregular cage
1824CH4 - x =  5.9893 - Large cage
1825CH4 - x =  5.9984 - Large cage
1826CH4 - x =  5.9184 - Irregular cage
1827CH4 - x =  5.8648 - Large cage
1828CH4 - x =  5.9329 - Large cage
1829CH4 - x =  0.0765 - Not in a cage
1833CH4 - x = 10.8995 - Irregular cage
1834CH4 - x =  8.2813 - Irregular cage
1836CH4 - x =  9.0901 - Irregular cage
1837CH4 - x =  8.2476 - Irregular cage
1839CH4 - x =  7.9712 - Irregular cage
1840CH4 - x =  0.2758 - Not in a cage
1841CH4 - x = 10.5736 - Not in a cage
1843CH4 - x =  6.5638 - Small cage
1846CH4 - x =  9.3033 - Irregular cage
1848CH4 - x =  7.6979 - Irregular cage
1849CH4 - x =  9.3749 - Irregular cage
1850CH4 - x =  6.5515 - Irregular cage
1851CH4 - x =  8.7501 - Irregular cage
1852CH4 - x = 10.5937 - Not in a cage
1853CH4 - x =  7.4687 - Irregular cage
1856CH4 - x =  8.2378 - Irregular cage
1857CH4 - x =  6.5684 - Large cage
1858CH4 - x =  9.4609 - Not in a cage
1862CH4 - x =  7.1502 - Irregular cage
1863CH4 - x =  7.7304 - Small cage
1864CH4 - x =  7.3792 - Irregular cage
1865CH4 - x = 12.2445 - Irregular cage
1866CH4 - x =  7.0828 - Large cage
1868CH4 - x =  7.1189 - Small cage
1869CH4 - x =  1.2237 - Irregular cage
1871CH4 - x =  8.3314 - Interface cage
1872CH4 - x =  8.5842 - Irregular cage
1873CH4 - x =  6.5609 - Irregular cage
1876CH4 - x =  8.0320 - Small cage
1878CH4 - x = 10.3249 - Not in a cage
1879CH4 - x = 10.3022 - Not in a cage
1881CH4 - x =  9.3294 - Not in a cage
1882CH4 - x =  3.5931 - Large cage
1883CH4 - x =  2.7611 - Interface cage
1884CH4 - x = 10.6889 - Irregular cage
1886CH4 - x =  0.1246 - Irregular cage
1887CH4 - x = 10.6036 - Not in a cage
1889CH4 - x =  0.7948 - Not in a cage
1890CH4 - x =  9.0442 - Irregular cage
1891CH4 - x = 10.3545 - Not in a cage
1893CH4 - x =  7.1166 - Large cage
1894CH4 - x =  2.9025 - Irregular cage
1895CH4 - x =  6.2422 - Large cage
1896CH4 - x =  0.9021 - Irregular cage
1899CH4 - x =  6.5010 - Large cage
1900CH4 - x =  0.4724 - Irregular cage
1902CH4 - x =  7.7108 - Irregular cage
1903CH4 - x =  3.0331 - Irregular cage
1905CH4 - x =  7.7687 - Large cage
1906CH4 - x =  0.0078 - Not in a cage
1907CH4 - x =  0.5015 - Irregular cage
1908CH4 - x = 10.9934 - Irregular cage
1909CH4 - x =  0.0886 - Irregular cage
1911CH4 - x =  7.6934 - Large cage
1912CH4 - x =  7.2044 - Irregular cage
1913CH4 - x =  7.1101 - Irregular cage
1914CH4 - x = 12.1897 - Irregular cage
1917CH4 - x =  9.0038 - Not in a cage
1918CH4 - x =  8.0687 - Irregular cage
1921CH4 - x = 11.9846 - Irregular cage
1922CH4 - x =  2.0117 - Irregular cage
1923CH4 - x =  6.5683 - Small cage
1924CH4 - x =  9.6742 - Not in a cage
1925CH4 - x = 10.1581 - Irregular cage
1926CH4 - x = 12.1215 - Not in a cage
1928CH4 - x = 10.0382 - Irregular cage
1930CH4 - x =  1.6504 - Irregular cage
1931CH4 - x =  0.3041 - Not in a cage
1934CH4 - x = 12.3323 - Irregular cage
1935CH4 - x =  0.3977 - Irregular cage
1936CH4 - x = 10.3426 - Not in a cage
1938CH4 - x =  3.0190 - Irregular cage
1943CH4 - x =  9.7786 - Irregular cage
1944CH4 - x =  2.4517 - Not in a cage
1945CH4 - x =  2.6485 - Irregular cage
1946CH4 - x =  8.2701 - Interface cage
1949CH4 - x =  7.6942 - Small cage
1951CH4 - x =  7.3930 - Irregular cage
1952CH4 - x = 10.9196 - Not in a cage
1954CH4 - x = 12.2287 - Not in a cage
1955CH4 - x =  6.6371 - Irregular cage
1956CH4 - x = 12.3225 - Not in a cage
1957CH4 - x =  0.1765 - Irregular cage
1960CH4 - x =  1.0136 - Irregular cage
1963CH4 - x =  0.2412 - Irregular cage
1964CH4 - x =  8.8493 - Not in a cage
1965CH4 - x = 12.1656 - Not in a cage
1966CH4 - x =  2.2299 - Not in a cage
1967CH4 - x =  2.9990 - Irregular cage
1968CH4 - x = 10.8542 - Not in a cage
1970CH4 - x =  1.0172 - Not in a cage
1971CH4 - x = 10.8548 - Irregular cage
1972CH4 - x =  6.5599 - Irregular cage
1973CH4 - x =  8.2518 - Irregular cage
1974CH4 - x =  0.1239 - Not in a cage
1975CH4 - x =  0.0552 - Not in a cage
1976CH4 - x =  0.8971 - Irregular cage
1977CH4 - x = 10.7295 - Not in a cage
1978CH4 - x =  1.3755 - Irregular cage
1979CH4 - x =  0.1027 - Not in a cage
1980CH4 - x =  6.5070 - Large cage
1982CH4 - x =  6.7933 - Irregular cage
1985CH4 - x =  1.2874 - Not in a cage
1986CH4 - x =  8.5279 - Irregular cage
1987CH4 - x = 10.9523 - Irregular cage
Done. Elapsed time: 35.247 s
Total time 50.258 s

Small cages: 24 found
Large cages: 50 found
Interface cages: 9 found
Irregular cages: 116 found

-------------------- FRAME  888 --------------------

Computing AOP ...
Done. Elapsed time: 14.652 s

Computing neighbours with low AOP and hydrogen bonds ...
1657CH4 - x =  3.7830 - Irregular cage
1658CH4 - x =  8.0720 - Irregular cage
1659CH4 - x =  0.2551 - Not in a cage
1662CH4 - x =  4.3949 - Small cage
1663CH4 - x =  2.9457 - Irregular cage
1665CH4 - x =  7.2042 - Large cage
1668CH4 - x =  3.5700 - Irregular cage
1669CH4 - x =  4.7311 - Large cage
1670CH4 - x = 12.1693 - Irregular cage
1671CH4 - x = 12.2315 - Not in a cage
1674CH4 - x =  1.3236 - Not in a cage
1675CH4 - x =  3.0843 - Interface cage
1680CH4 - x =  4.1237 - Irregular cage
1682CH4 - x =  4.4327 - Large cage
1683CH4 - x =  8.3731 - Irregular cage
1686CH4 - x =  8.9989 - Irregular cage
1687CH4 - x =  4.1810 - Large cage
1688CH4 - x =  3.0765 - Irregular cage
1689CH4 - x =  1.8191 - Not in a cage
1690CH4 - x =  7.7979 - Irregular cage
1691CH4 - x =  8.3118 - Irregular cage
1693CH4 - x =  7.7888 - Irregular cage
1694CH4 - x =  3.0592 - Irregular cage
1695CH4 - x =  3.6240 - Small cage
1696CH4 - x = 10.2585 - Not in a cage
1697CH4 - x =  9.2903 - Irregular cage
1698CH4 - x =  4.4618 - Small cage
1699CH4 - x =  4.1558 - Small cage
1701CH4 - x =  6.5657 - Small cage
1702CH4 - x =  4.1007 - Irregular cage
1704CH4 - x =  4.1842 - Small cage
1705CH4 - x =  3.5626 - Small cage
1707CH4 - x =  1.0732 - Not in a cage
1710CH4 - x =  4.0864 - Irregular cage
1711CH4 - x =  4.1996 - Irregular cage
1712CH4 - x =  3.2662 - Large cage
1713CH4 - x =  3.5160 - Irregular cage
1715CH4 - x =  0.1096 - Not in a cage
1716CH4 - x =  4.1767 - Small cage
1717CH4 - x = 12.2799 - Not in a cage
1718CH4 - x =  3.3177 - Small cage
1719CH4 - x =  4.7530 - Irregular cage
1721CH4 - x =  3.2992 - Small cage
1722CH4 - x =  0.3118 - Irregular cage
1723CH4 - x =  3.2425 - Irregular cage
1725CH4 - x =  3.5245 - Small cage
1726CH4 - x = 10.7006 - Not in a cage
1728CH4 - x =  9.0973 - Irregular cage
1729CH4 - x =  0.5127 - Irregular cage
1731CH4 - x =  0.2670 - Not in a cage
1732CH4 - x =  4.2370 - Irregular cage
1733CH4 - x =  8.4807 - Interface cage
1734CH4 - x =  2.8887 - Irregular cage
1735CH4 - x =  3.0998 - Irregular cage
1736CH4 - x =  3.5693 - Large cage
1739CH4 - x =  3.4546 - Irregular cage
1740CH4 - x =  6.8484 - Large cage
1741CH4 - x =  1.7134 - Not in a cage
1743CH4 - x =  8.3084 - Irregular cage
1744CH4 - x =  3.5546 - Large cage
1745CH4 - x = 10.7958 - Not in a cage
1746CH4 - x =  8.8703 - Not in a cage
1747CH4 - x =  3.8670 - Large cage
1748CH4 - x =  7.4369 - Irregular cage
1749CH4 - x =  1.3317 - Irregular cage
1750CH4 - x =  3.5115 - Irregular cage
1752CH4 - x =  2.9718 - Irregular cage
1753CH4 - x = 10.8180 - Not in a cage
1756CH4 - x = 10.9032 - Irregular cage
1758CH4 - x = 10.4575 - Irregular cage
1761CH4 - x = 12.1698 - Irregular cage
1762CH4 - x = 10.7361 - Irregular cage
1764CH4 - x =  2.6422 - Irregular cage
1766CH4 - x =  7.7303 - Small cage
1767CH4 - x =  3.6224 - Irregular cage
1769CH4 - x =  3.5856 - Irregular cage
1770CH4 - x =  4.0943 - Irregular cage
1771CH4 - x =  4.4724 - Large cage
1772CH4 - x =  3.8793 - Irregular cage
1775CH4 - x = 12.2508 - Irregular cage
1776CH4 - x =  1.0952 - Irregular cage
1777CH4 - x =  8.6365 - Irregular cage
1778CH4 - x =  0.5766 - Irregular cage
1781CH4 - x = 10.5990 - Irregular cage
1782CH4 - x =  7.7704 - Large cage
1783CH4 - x = 10.6575 - Irregular cage
1784CH4 - x =  4.1872 - Large cage
1785CH4 - x =  4.7615 - Small cage
1786CH4 - x =  4.7436 - Irregular cage
1787CH4 - x =  4.7307 - Irregular cage
1788CH4 - x =  5.3824 - Small cage
1789CH4 - x =  5.3190 - Small cage
1790CH4 - x =  5.3256 - Small cage
1791CH4 - x =  4.7593 - Irregular cage
1792CH4 - x =  5.3474 - Small cage
1793CH4 - x =  4.7632 - Irregular cage
1794CH4 - x =  5.3950 - Large cage
1795CH4 - x =  5.3607 - Large cage
1796CH4 - x =  4.7325 - Large cage
1797CH4 - x =  5.3634 - Large cage
1798CH4 - x =  5.3550 - Large cage
1799CH4 - x =  5.7022 - Large cage
1800CH4 - x =  5.4170 - Large cage
1801CH4 - x =  4.7224 - Large cage
1802CH4 - x =  5.0493 - Large cage
1803CH4 - x =  5.6392 - Large cage
1804CH4 - x =  4.7878 - Irregular cage
1805CH4 - x =  5.6448 - Large cage
1806CH4 - x =  7.1239 - Small cage
1807CH4 - x =  5.3588 - Large cage
1808CH4 - x =  5.0716 - Irregular cage
1809CH4 - x =  5.1196 - Large cage
1810CH4 - x =  5.0828 - Large cage
1811CH4 - x =  4.7993 - Irregular cage
1812CH4 - x =  5.3269 - Irregular cage
1813CH4 - x =  4.7242 - Irregular cage
1814CH4 - x =  5.5623 - Large cage
1815CH4 - x =  5.3388 - Large cage
1816CH4 - x =  2.8982 - Irregular cage
1817CH4 - x =  5.9720 - Small cage
1818CH4 - x =  5.9646 - Small cage
1819CH4 - x =  6.2601 - Irregular cage
1820CH4 - x =  5.9700 - Small cage
1821CH4 - x =  5.9434 - Large cage
1822CH4 - x =  5.8963 - Large cage
1823CH4 - x =  5.8779 - Irregular cage
1824CH4 - x =  5.9367 - Large cage
1825CH4 - x =  5.9513 - Large cage
1826CH4 - x =  5.9440 - Large cage
1827CH4 - x =  5.8996 - Irregular cage
1828CH4 - x =  5.9513 - Large cage
1832CH4 - x =  2.4829 - Irregular cage
1833CH4 - x = 10.5132 - Irregular cage
1834CH4 - x =  8.3007 - Irregular cage
1835CH4 - x =  0.2269 - Irregular cage
1836CH4 - x =  8.8778 - Interface cage
1837CH4 - x =  8.2409 - Small cage
1839CH4 - x =  8.0574 - Irregular cage
1840CH4 - x =  1.4346 - Irregular cage
1841CH4 - x = 10.4847 - Irregular cage
1843CH4 - x =  6.5516 - Irregular cage
1844CH4 - x =  0.0201 - Irregular cage
1847CH4 - x =  2.4581 - Irregular cage
1848CH4 - x =  7.7819 - Small cage
1849CH4 - x =  8.3574 - Irregular cage
1850CH4 - x =  6.5139 - Small cage
1851CH4 - x = 12.2022 - Not in a cage
1853CH4 - x =  7.4305 - Large cage
1854CH4 - x =  0.0278 - Irregular cage
1856CH4 - x =  8.3091 - Irregular cage
1857CH4 - x =  6.5388 - Large cage
1858CH4 - x = 10.6249 - Not in a cage
1859CH4 - x =  0.0117 - Irregular cage
1862CH4 - x =  7.1102 - Irregular cage
1863CH4 - x =  7.7449 - Small cage
1864CH4 - x =  7.4773 - Large cage
1865CH4 - x = 10.9828 - Not in a cage
1866CH4 - x =  7.1005 - Large cage
1867CH4 - x = 10.9044 - Irregular cage
1868CH4 - x =  7.1398 - Small cage
1869CH4 - x =  0.2362 - Not in a cage
1873CH4 - x =  6.5389 - Large cage
1876CH4 - x =  8.0246 - Irregular cage
1877CH4 - x = 10.0227 - Irregular cage
1881CH4 - x =  9.6440 - Not in a cage
1882CH4 - x =  3.6001 - Large cage
1883CH4 - x =  0.1393 - Irregular cage
1884CH4 - x =  0.1995 - Irregular cage
1886CH4 - x =  0.0747 - Not in a cage
1888CH4 - x =  8.3003 - Small cage
1891CH4 - x =  0.6831 - Irregular cage
1892CH4 - x = 10.5823 - Not in a cage
1893CH4 - x =  7.0754 - Irregular cage
1894CH4 - x =  9.9166 - Not in a cage
1895CH4 - x =  6.2738 - Large cage
1897CH4 - x =  0.1682 - Irregular cage
1898CH4 - x =  0.0690 - Irregular cage
1899CH4 - x =  6.4437 - Irregular cage
1900CH4 - x = 10.9194 - Irregular cage
1902CH4 - x =  7.7885 - Small cage
1903CH4 - x =  3.0550 - Irregular cage
1904CH4 - x =  8.7105 - Interface cage
1905CH4 - x =  7.8109 - Large cage
1907CH4 - x =  0.6726 - Irregular cage
1908CH4 - x = 10.1496 - Irregular cage
1911CH4 - x =  7.6774 - Irregular cage
1912CH4 - x =  7.1123 - Large cage
1913CH4 - x =  7.1508 - Small cage
1914CH4 - x = 10.9172 - Not in a cage
1915CH4 - x =  2.6908 - Interface cage
1917CH4 - x =  8.5785 - Irregular cage
1918CH4 - x =  8.0069 - Large cage
1919CH4 - x =  9.5368 - Irregular cage
1921CH4 - x =  0.6175 - Not in a cage
1922CH4 - x =  2.5216 - Irregular cage
1923CH4 - x =  6.5412 - Small cage
1925CH4 - x = 10.2918 - Irregular cage
1926CH4 - x =  0.0775 - Irregular cage
1928CH4 - x =  8.2949 - Irregular cage
1929CH4 - x = 10.1225 - Irregular cage
1930CH4 - x =  3.0755 - Irregular cage
1932CH4 - x = 10.6543 - Irregular cage
1933CH4 - x =  9.7586 - Not in a cage
1934CH4 - x =  9.0121 - Irregular cage
1935CH4 - x = 10.6986 - Not in a cage
1937CH4 - x = 10.7433 - Irregular cage
1938CH4 - x =  2.9402 - Irregular cage
1940CH4 - x =  9.6122 - Irregular cage
1941CH4 - x =  0.2880 - Irregular cage
1942CH4 - x =  2.4406 - Irregular cage
1943CH4 - x = 10.6290 - Not in a cage
1944CH4 - x =  2.5600 - Interface cage
1945CH4 - x =  0.1271 - Not in a cage
1946CH4 - x =  8.2796 - Small cage
1948CH4 - x =  2.3444 - Irregular cage
1949CH4 - x =  7.7086 - Irregular cage
1950CH4 - x = 10.4487 - Irregular cage
1951CH4 - x =  7.4657 - Large cage
1952CH4 - x =  0.8854 - Irregular cage
1955CH4 - x =  6.5055 - Irregular cage
1956CH4 - x =  8.3597 - Small cage
1960CH4 - x = 10.4799 - Not in a cage
1962CH4 - x = 12.2040 - Not in a cage
1964CH4 - x = 10.4500 - Not in a cage
1965CH4 - x =  0.1848 - Irregular cage
1966CH4 - x = 11.1291 - Irregular cage
1967CH4 - x =  2.6473 - Interface cage
1969CH4 - x =  0.1125 - Irregular cage
1971CH4 - x =  0.2515 - Not in a cage
1972CH4 - x =  6.5216 - Large cage
1973CH4 - x =  9.5924 - Irregular cage
1974CH4 - x = 10.5060 - Not in a cage
1975CH4 - x = 10.3760 - Not in a cage
1977CH4 - x = 10.3388 - Not in a cage
1979CH4 - x = 10.5421 - Irregular cage
1980CH4 - x =  6.5998 - Large cage
1982CH4 - x =  6.8379 - Large cage
1984CH4 - x =  0.3913 - Not in a cage
1985CH4 - x =  2.2273 - Irregular cage
1986CH4 - x =  8.8030 - Irregular cage
1987CH4 - x =  0.8129 - Irregular cage
1988CH4 - x =  2.9463 - Irregular cage
Done. Elapsed time: 38.162 s
Total time 52.993 s

Small cages: 32 found
Large cages: 48 found
Interface cages: 7 found
Irregular cages: 119 found

-------------------- FRAME 1111 --------------------

Computing AOP ...
Done. Elapsed time: 14.682 s

Computing neighbours with low AOP and hydrogen bonds ...
1657CH4 - x =  3.8005 - Large cage
1658CH4 - x =  8.0301 - Irregular cage
1659CH4 - x = 10.5478 - Not in a cage
1660CH4 - x = 10.0061 - Irregular cage
1661CH4 - x =  0.9844 - Not in a cage
1662CH4 - x =  4.4979 - Irregular cage
1663CH4 - x =  3.2869 - Irregular cage
1664CH4 - x =  0.2830 - Not in a cage
1665CH4 - x =  7.1530 - Large cage
1666CH4 - x =  0.0817 - Not in a cage
1667CH4 - x =  1.2243 - Not in a cage
1668CH4 - x =  3.6810 - Irregular cage
1669CH4 - x =  4.7424 - Irregular cage
1670CH4 - x = 12.1863 - Irregular cage
1672CH4 - x = 12.1838 - Irregular cage
1673CH4 - x = 10.5565 - Not in a cage
1674CH4 - x =  0.9167 - Not in a cage
1675CH4 - x =  3.0854 - Irregular cage
1678CH4 - x = 10.3666 - Irregular cage
1680CH4 - x =  4.1562 - Large cage
1681CH4 - x =  9.8163 - Irregular cage
1682CH4 - x =  4.4950 - Large cage
1683CH4 - x =  8.4243 - Irregular cage
1684CH4 - x =  9.1006 - Irregular cage
1686CH4 - x =  1.3324 - Not in a cage
1687CH4 - x =  4.1562 - Irregular cage
1688CH4 - x =  2.9759 - Interface cage
1690CH4 - x =  7.7848 - Large cage
1691CH4 - x =  8.3522 - Irregular cage
1692CH4 - x = 10.4614 - Not in a cage
1693CH4 - x =  7.6626 - Irregular cage
1695CH4 - x =  3.5969 - Irregular cage
1698CH4 - x =  4.4861 - Irregular cage
1699CH4 - x =  4.1588 - Small cage
1701CH4 - x =  6.5883 - Irregular cage
1702CH4 - x =  4.1748 - Large cage
1704CH4 - x =  4.1932 - Small cage
1705CH4 - x =  3.5812 - Irregular cage
1710CH4 - x =  4.2591 - Irregular cage
1711CH4 - x =  4.1048 - Large cage
1712CH4 - x =  3.2543 - Irregular cage
1713CH4 - x =  3.6041 - Irregular cage
1715CH4 - x = 10.4967 - Irregular cage
1716CH4 - x =  4.1502 - Small cage
1718CH4 - x =  3.0126 - Irregular cage
1719CH4 - x =  4.7084 - Irregular cage
1721CH4 - x =  3.2918 - Irregular cage
1723CH4 - x =  2.9363 - Interface cage
1724CH4 - x =  0.0091 - Irregular cage
1725CH4 - x =  3.6096 - Small cage
1726CH4 - x = 12.3169 - Irregular cage
1730CH4 - x = 10.2755 - Irregular cage
1732CH4 - x =  4.1854 - Large cage
1733CH4 - x =  8.3478 - Interface cage
1734CH4 - x =  1.6358 - Interface cage
1735CH4 - x =  9.9859 - Not in a cage
1736CH4 - x =  3.5322 - Large cage
1739CH4 - x =  3.5268 - Large cage
1740CH4 - x =  6.8338 - Irregular cage
1741CH4 - x =  1.4698 - Not in a cage
1743CH4 - x =  8.2444 - Irregular cage
1744CH4 - x =  3.6066 - Irregular cage
1745CH4 - x =  0.2054 - Irregular cage
1747CH4 - x =  3.8908 - Large cage
1748CH4 - x =  7.4472 - Irregular cage
1750CH4 - x =  3.5565 - Large cage
1752CH4 - x =  2.9565 - Irregular cage
1756CH4 - x = 10.3635 - Irregular cage
1757CH4 - x = 10.2155 - Not in a cage
1758CH4 - x =  2.9264 - Interface cage
1766CH4 - x =  7.7809 - Irregular cage
1767CH4 - x =  3.5768 - Irregular cage
1768CH4 - x =  9.4227 - Not in a cage
1769CH4 - x =  3.5778 - Irregular cage
1770CH4 - x =  4.1466 - Large cage
1771CH4 - x =  4.4610 - Large cage
1772CH4 - x =  3.9245 - Irregular cage
1773CH4 - x = 10.5178 - Irregular cage
1774CH4 - x = 10.6882 - Irregular cage
1777CH4 - x =  0.1064 - Irregular cage
1778CH4 - x =  0.4564 - Not in a cage
1779CH4 - x = 10.3992 - Not in a cage
1780CH4 - x = 10.5439 - Irregular cage
1782CH4 - x =  7.7185 - Large cage
1783CH4 - x = 12.0313 - Irregular cage
1784CH4 - x =  4.2705 - Irregular cage
1785CH4 - x =  4.7308 - Small cage
1786CH4 - x =  4.7628 - Irregular cage
1787CH4 - x =  4.7291 - Small cage
1788CH4 - x =  5.3663 - Small cage
1789CH4 - x =  5.3681 - Small cage
1790CH4 - x =  5.3696 - Small cage
1791CH4 - x =  4.7777 - Irregular cage
1792CH4 - x =  5.3938 - Small cage
1793CH4 - x =  4.7445 - Large cage
1794CH4 - x =  5.3368 - Large cage
1795CH4 - x =  5.4159 - Irregular cage
1796CH4 - x =  4.7867 - Large cage
1797CH4 - x =  5.2540 - Irregular cage
1798CH4 - x =  5.3263 - Large cage
1799CH4 - x =  5.6763 - Large cage
1800CH4 - x =  5.3375 - Large cage
1801CH4 - x =  4.7612 - Large cage
1802CH4 - x =  5.0899 - Irregular cage
1803CH4 - x =  5.6873 - Large cage
1804CH4 - x =  4.7802 - Irregular cage
1805CH4 - x =  5.6630 - Large cage
1806CH4 - x =  7.1171 - Irregular cage
1807CH4 - x =  5.3538 - Irregular cage
1808CH4 - x =  5.0669 - Irregular cage
1809CH4 - x =  5.0478 - Large cage
1810CH4 - x =  5.0712 - Large cage
1811CH4 - x =  4.8411 - Irregular cage
1812CH4 - x =  5.4027 - Large cage
1813CH4 - x =  4.7842 - Large cage
1814CH4 - x =  5.6180 - Large cage
1815CH4 - x =  5.4181 - Large cage
1816CH4 - x =  3.0591 - Interface cage
1817CH4 - x =  5.9439 - Small cage
1818CH4 - x =  5.9855 - Small cage
1819CH4 - x =  6.2874 - Irregular cage
1820CH4 - x =  6.0045 - Irregular cage
1821CH4 - x =  5.9041 - Irregular cage
1822CH4 - x =  5.9525 - Large cage
1823CH4 - x =  6.0034 - Large cage
1824CH4 - x =  5.9567 - Large cage
1825CH4 - x =  5.9314 - Irregular cage
1826CH4 - x =  5.9223 - Irregular cage
1827CH4 - x =  5.9693 - Irregular cage
1828CH4 - x =  5.9444 - Large cage
1830CH4 - x =  0.9427 - Irregular cage
1831CH4 - x =  0.1816 - Not in a cage
1832CH4 - x = 10.5096 - Irregular cage
1834CH4 - x =  8.3240 - Irregular cage
1837CH4 - x =  8.3253 - Irregular cage
1839CH4 - x =  8.0413 - Small cage
1841CH4 - x = 12.3229 - Irregular cage
1842CH4 - x = 12.2632 - Not in a cage
1843CH4 - x =  6.6130 - Small cage
1844CH4 - x =  0.2423 - Irregular cage
1846CH4 - x = 10.5251 - Not in a cage
1847CH4 - x =  2.9607 - Irregular cage
1848CH4 - x =  7.7956 - Small cage
1849CH4 - x =  8.3601 - Irregular cage
1850CH4 - x =  6.5277 - Small cage
1851CH4 - x =  8.9571 - Not in a cage
1853CH4 - x =  7.5162 - Irregular cage
1856CH4 - x =  8.4018 - Irregular cage
1857CH4 - x =  6.5484 - Large cage
1858CH4 - x =  0.1218 - Irregular cage
1860CH4 - x =  1.0946 - Irregular cage
1861CH4 - x =  1.3108 - Irregular cage
1862CH4 - x =  7.0660 - Irregular cage
1863CH4 - x =  7.7832 - Small cage
1864CH4 - x =  7.3951 - Irregular cage
1865CH4 - x =  0.1106 - Irregular cage
1866CH4 - x =  7.1290 - Irregular cage
1868CH4 - x =  7.1901 - Small cage
1870CH4 - x = 10.4941 - Irregular cage
1872CH4 - x =  9.7892 - Irregular cage
1873CH4 - x =  6.5210 - Irregular cage
1874CH4 - x = 10.3597 - Not in a cage
1876CH4 - x =  8.0662 - Irregular cage
1877CH4 - x =  0.3567 - Irregular cage
1881CH4 - x = 10.7227 - Irregular cage
1882CH4 - x =  3.6772 - Irregular cage
1883CH4 - x = 10.3292 - Not in a cage
1888CH4 - x =  8.2998 - Irregular cage
1893CH4 - x =  7.0950 - Large cage
1895CH4 - x =  6.2464 - Irregular cage
1899CH4 - x =  6.5320 - Irregular cage
1902CH4 - x =  7.7707 - Small cage
1903CH4 - x =  3.0800 - Interface cage
1904CH4 - x =  0.2262 - Irregular cage
1905CH4 - x =  7.7786 - Irregular cage
1906CH4 - x =  0.7308 - Irregular cage
1907CH4 - x =  0.1686 - Not in a cage
1910CH4 - x =  3.0801 - Irregular cage
1911CH4 - x =  7.8102 - Large cage
1912CH4 - x =  7.1248 - Irregular cage
1913CH4 - x =  7.1664 - Irregular cage
1915CH4 - x =  3.1374 - Interface cage
1916CH4 - x = 10.7011 - Irregular cage
1918CH4 - x =  7.9950 - Large cage
1923CH4 - x =  6.5232 - Irregular cage
1924CH4 - x = 12.3260 - Irregular cage
1925CH4 - x =  0.3397 - Not in a cage
1926CH4 - x =  2.1505 - Irregular cage
1927CH4 - x =  9.4767 - Irregular cage
1928CH4 - x =  8.3233 - Irregular cage
1930CH4 - x =  3.0183 - Irregular cage
1931CH4 - x =  2.0943 - Irregular cage
1933CH4 - x =  8.6758 - Irregular cage
1935CH4 - x = 10.7378 - Not in a cage
1936CH4 - x =  0.0667 - Irregular cage
1937CH4 - x =  0.0463 - Irregular cage
1938CH4 - x =  1.1580 - Not in a cage
1939CH4 - x = 10.6676 - Irregular cage
1940CH4 - x =  3.3642 - Small cage
1941CH4 - x =  8.8243 - Irregular cage
1946CH4 - x =  8.2432 - Interface cage
1947CH4 - x =  0.3978 - Not in a cage
1948CH4 - x = 10.4987 - Not in a cage
1949CH4 - x =  7.7289 - Small cage
1950CH4 - x =  0.1945 - Irregular cage
1951CH4 - x =  7.4599 - Irregular cage
1952CH4 - x =  2.7383 - Interface cage
1953CH4 - x =  8.8264 - Not in a cage
1954CH4 - x = 10.3083 - Irregular cage
1955CH4 - x =  6.5562 - Irregular cage
1956CH4 - x =  8.4198 - Irregular cage
1959CH4 - x = 10.3263 - Irregular cage
1960CH4 - x =  1.4664 - Irregular cage
1964CH4 - x =  0.9313 - Irregular cage
1970CH4 - x =  0.2678 - Irregular cage
1971CH4 - x =  0.1887 - Not in a cage
1972CH4 - x =  6.5883 - Large cage
1975CH4 - x = 10.4123 - Irregular cage
1976CH4 - x =  9.5672 - Not in a cage
1980CH4 - x =  6.4771 - Large cage
1981CH4 - x = 10.5637 - Irregular cage
1982CH4 - x =  6.8001 - Irregular cage
1983CH4 - x = 12.3321 - Irregular cage
1984CH4 - x = 10.3524 - Irregular cage
1988CH4 - x =  1.6925 - Interface cage
Done. Elapsed time: 34.146 s
Total time 49.004 s

Small cages: 21 found
Large cages: 40 found
Interface cages: 11 found
Irregular cages: 123 found

-------------------- FRAME 1333 --------------------

Computing AOP ...
Done. Elapsed time: 13.776 s

Computing neighbours with low AOP and hydrogen bonds ...
1657CH4 - x =  3.9180 - Irregular cage
1658CH4 - x =  8.0153 - Small cage
1660CH4 - x =  0.1647 - Not in a cage
1661CH4 - x =  3.0274 - Irregular cage
1662CH4 - x =  4.4597 - Large cage
1663CH4 - x =  3.3404 - Irregular cage
1665CH4 - x =  7.1438 - Irregular cage
1666CH4 - x = 12.3240 - Irregular cage
1667CH4 - x =  2.6401 - Irregular cage
1668CH4 - x =  3.5592 - Irregular cage
1669CH4 - x =  4.7579 - Irregular cage
1670CH4 - x = 10.4731 - Irregular cage
1674CH4 - x =  1.2765 - Irregular cage
1675CH4 - x =  1.3227 - Irregular cage
1676CH4 - x =  1.2397 - Irregular cage
1679CH4 - x = 10.8005 - Irregular cage
1680CH4 - x =  4.2236 - Irregular cage
1681CH4 - x =  9.0863 - Not in a cage
1682CH4 - x =  4.4565 - Irregular cage
1683CH4 - x =  8.3858 - Irregular cage
1687CH4 - x =  4.2466 - Large cage
1688CH4 - x =  2.8217 - Irregular cage
1690CH4 - x =  7.7766 - Irregular cage
1693CH4 - x =  7.7653 - Large cage
1694CH4 - x = 10.7805 - Irregular cage
1695CH4 - x =  3.5942 - Irregular cage
1696CH4 - x = 10.2378 - Irregular cage
1698CH4 - x =  4.4583 - Irregular cage
1699CH4 - x =  4.1705 - Irregular cage
1701CH4 - x =  6.5396 - Irregular cage
1702CH4 - x =  4.1692 - Irregular cage
1704CH4 - x =  4.1652 - Irregular cage
1705CH4 - x =  3.6260 - Small cage
1708CH4 - x =  0.0306 - Not in a cage
1709CH4 - x = 10.5596 - Not in a cage
1710CH4 - x =  4.1340 - Large cage
1711CH4 - x =  4.2268 - Irregular cage
1712CH4 - x =  3.3597 - Interface cage
1713CH4 - x =  3.5898 - Irregular cage
1716CH4 - x =  4.2062 - Irregular cage
1717CH4 - x =  0.3227 - Not in a cage
1718CH4 - x =  3.0433 - Irregular cage
1719CH4 - x =  4.7995 - Large cage
1721CH4 - x =  3.2979 - Irregular cage
1723CH4 - x =  1.5752 - Irregular cage
1724CH4 - x =  0.3018 - Irregular cage
1725CH4 - x =  3.6096 - Irregular cage
1727CH4 - x = 10.4569 - Irregular cage
1729CH4 - x =  9.8884 - Not in a cage
1732CH4 - x =  4.2028 - Irregular cage
1733CH4 - x =  8.3680 - Irregular cage
1736CH4 - x =  3.6092 - Irregular cage
1739CH4 - x =  3.5945 - Irregular cage
1740CH4 - x =  6.8566 - Irregular cage
1741CH4 - x = 10.6481 - Irregular cage
1742CH4 - x = 10.5980 - Irregular cage
1743CH4 - x =  8.5222 - Irregular cage
1744CH4 - x =  3.6006 - Large cage
1745CH4 - x =  2.0075 - Not in a cage
1746CH4 - x = 10.5828 - Not in a cage
1747CH4 - x =  3.8837 - Irregular cage
1748CH4 - x =  7.4818 - Irregular cage
1749CH4 - x = 10.8992 - Not in a cage
1750CH4 - x =  3.5959 - Irregular cage
1754CH4 - x = 10.5966 - Not in a cage
1757CH4 - x =  8.2968 - Interface cage
1758CH4 - x =  2.4641 - Not in a cage
1759CH4 - x =  0.2976 - Not in a cage
1761CH4 - x =  0.2561 - Not in a cage
1763CH4 - x = 10.4564 - Irregular cage
1766CH4 - x =  7.7421 - Irregular cage
1767CH4 - x =  3.6336 - Small cage
1769CH4 - x =  3.6678 - Irregular cage
1770CH4 - x =  4.2643 - Irregular cage
1771CH4 - x =  4.4600 - Irregular cage
1772CH4 - x =  3.9091 - Irregular cage
1775CH4 - x =  0.3549 - Not in a cage
1777CH4 - x =  8.9631 - Irregular cage
1778CH4 - x = 12.3381 - Irregular cage
1781CH4 - x =  1.3354 - Not in a cage
1782CH4 - x =  7.7397 - Irregular cage
1783CH4 - x = 12.2692 - Not in a cage
1784CH4 - x =  4.1683 - Large cage
1785CH4 - x =  4.7746 - Small cage
1786CH4 - x =  4.7844 - Small cage
1787CH4 - x =  4.8161 - Irregular cage
1788CH4 - x =  5.3621 - Small cage
1789CH4 - x =  5.3520 - Small cage
1790CH4 - x =  5.4074 - Irregular cage
1791CH4 - x =  4.7706 - Irregular cage
1792CH4 - x =  5.3994 - Small cage
1793CH4 - x =  4.8411 - Irregular cage
1794CH4 - x =  5.3802 - Large cage
1795CH4 - x =  5.4141 - Large cage
1796CH4 - x =  4.8026 - Large cage
1797CH4 - x =  5.3850 - Large cage
1798CH4 - x =  5.3598 - Large cage
1799CH4 - x =  5.7008 - Large cage
1800CH4 - x =  5.3811 - Irregular cage
1801CH4 - x =  4.7423 - Large cage
1802CH4 - x =  5.0723 - Irregular cage
1803CH4 - x =  5.6164 - Large cage
1804CH4 - x =  4.7170 - Irregular cage
1805CH4 - x =  5.6430 - Irregular cage
1806CH4 - x =  7.1819 - Irregular cage
1807CH4 - x =  5.3142 - Irregular cage
1808CH4 - x =  5.0714 - Irregular cage
1809CH4 - x =  5.1242 - Irregular cage
1810CH4 - x =  5.0524 - Irregular cage
1811CH4 - x =  4.7953 - Irregular cage
1812CH4 - x =  5.3258 - Large cage
1813CH4 - x =  4.7230 - Irregular cage
1814CH4 - x =  5.6831 - Large cage
1815CH4 - x =  5.4260 - Large cage
1816CH4 - x =  3.0724 - Irregular cage
1817CH4 - x =  5.9252 - Small cage
1818CH4 - x =  5.9650 - Small cage
1819CH4 - x =  6.2273 - Irregular cage
1820CH4 - x =  5.9426 - Small cage
1821CH4 - x =  6.0442 - Irregular cage
1822CH4 - x =  6.0737 - Small cage
1823CH4 - x =  5.9616 - Large cage
1824CH4 - x =  6.0662 - Irregular cage
1825CH4 - x =  6.0473 - Large cage
1826CH4 - x =  6.0213 - Large cage
1827CH4 - x =  5.9295 - Large cage
1828CH4 - x =  6.0488 - Irregular cage
1829CH4 - x =  0.4322 - Irregular cage
1830CH4 - x =  0.2022 - Irregular cage
1833CH4 - x =  0.5803 - Irregular cage
1834CH4 - x =  9.1554 - Irregular cage
1836CH4 - x =  1.9171 - Irregular cage
1837CH4 - x =  8.2283 - Irregular cage
1838CH4 - x =  0.1105 - Irregular cage
1839CH4 - x =  8.0531 - Irregular cage
1840CH4 - x =  1.6892 - Irregular cage
1841CH4 - x = 10.5477 - Irregular cage
1843CH4 - x =  6.5257 - Small cage
1844CH4 - x =  3.0470 - Interface cage
1845CH4 - x = 10.8843 - Not in a cage
1846CH4 - x = 10.5489 - Not in a cage
1847CH4 - x =  3.0143 - Irregular cage
1848CH4 - x =  7.7787 - Small cage
1849CH4 - x =  8.3349 - Irregular cage
1850CH4 - x =  6.5061 - Irregular cage
1852CH4 - x =  8.6728 - Interface cage
1853CH4 - x =  7.4487 - Large cage
1855CH4 - x = 10.4710 - Not in a cage
1856CH4 - x = 12.3762 - Irregular cage
1857CH4 - x =  6.6510 - Irregular cage
1860CH4 - x = 10.6510 - Irregular cage
1862CH4 - x =  7.0919 - Irregular cage
1863CH4 - x =  7.7137 - Small cage
1864CH4 - x =  7.4381 - Large cage
1866CH4 - x =  7.1409 - Irregular cage
1867CH4 - x = 10.6473 - Not in a cage
1868CH4 - x =  7.1641 - Small cage
1869CH4 - x = 12.3755 - Irregular cage
1870CH4 - x =  9.4235 - Irregular cage
1871CH4 - x =  0.2056 - Not in a cage
1872CH4 - x =  0.0709 - Irregular cage
1873CH4 - x =  6.6090 - Irregular cage
1875CH4 - x = 12.3003 - Irregular cage
1876CH4 - x =  8.1610 - Small cage
1882CH4 - x =  3.4736 - Irregular cage
1883CH4 - x =  0.0695 - Irregular cage
1886CH4 - x =  9.6681 - Irregular cage
1887CH4 - x = 10.2876 - Irregular cage
1888CH4 - x =  8.3871 - Irregular cage
1893CH4 - x =  7.1662 - Irregular cage
1895CH4 - x =  6.2864 - Large cage
1896CH4 - x = 10.5985 - Not in a cage
1897CH4 - x = 10.3045 - Irregular cage
1898CH4 - x =  8.5344 - Irregular cage
1899CH4 - x =  6.5783 - Irregular cage
1901CH4 - x = 10.5576 - Irregular cage
1902CH4 - x =  7.7842 - Irregular cage
1903CH4 - x =  3.0906 - Irregular cage
1904CH4 - x =  3.0737 - Irregular cage
1905CH4 - x =  7.7892 - Irregular cage
1907CH4 - x =  0.2537 - Not in a cage
1908CH4 - x =  9.6818 - Irregular cage
1909CH4 - x = 10.6100 - Not in a cage
1910CH4 - x =  3.0003 - Irregular cage
1911CH4 - x =  7.7165 - Irregular cage
1912CH4 - x =  7.1068 - Large cage
1913CH4 - x =  7.1826 - Irregular cage
1915CH4 - x =  2.9854 - Irregular cage
1918CH4 - x =  7.9926 - Irregular cage
1920CH4 - x =  2.0561 - Irregular cage
1921CH4 - x =  8.6626 - Irregular cage
1923CH4 - x =  6.5576 - Irregular cage
1924CH4 - x =  8.3341 - Irregular cage
1926CH4 - x =  2.8068 - Interface cage
1927CH4 - x =  0.3744 - Irregular cage
1928CH4 - x =  8.7327 - Interface cage
1930CH4 - x =  2.4603 - Irregular cage
1931CH4 - x =  3.0364 - Irregular cage
1932CH4 - x =  0.3728 - Irregular cage
1933CH4 - x = 12.3606 - Not in a cage
1934CH4 - x =  0.0857 - Not in a cage
1938CH4 - x =  0.4325 - Irregular cage
1940CH4 - x =  3.3089 - Irregular cage
1941CH4 - x = 10.4139 - Irregular cage
1945CH4 - x =  0.0320 - Not in a cage
1946CH4 - x =  8.2821 - Interface cage
1947CH4 - x =  0.1650 - Not in a cage
1948CH4 - x = 10.5138 - Not in a cage
1949CH4 - x =  7.6963 - Irregular cage
1951CH4 - x =  7.4788 - Large cage
1952CH4 - x =  2.9957 - Irregular cage
1953CH4 - x =  0.6262 - Not in a cage
1955CH4 - x =  6.4886 - Large cage
1956CH4 - x =  8.3800 - Interface cage
1957CH4 - x =  1.0356 - Not in a cage
1958CH4 - x = 10.7415 - Irregular cage
1962CH4 - x = 10.2692 - Irregular cage
1963CH4 - x = 10.5484 - Not in a cage
1965CH4 - x =  0.1133 - Not in a cage
1968CH4 - x =  0.3359 - Irregular cage
1971CH4 - x =  1.3392 - Irregular cage
1972CH4 - x =  6.5301 - Irregular cage
1973CH4 - x =  2.5677 - Irregular cage
1974CH4 - x = 10.2848 - Irregular cage
1977CH4 - x =  2.5545 - Irregular cage
1978CH4 - x = 10.8191 - Irregular cage
1980CH4 - x =  6.5982 - Irregular cage
1982CH4 - x =  6.8714 - Irregular cage
1986CH4 - x =  0.1948 - Irregular cage
1987CH4 - x = 10.3510 - Irregular cage
1988CH4 - x =  9.8848 - Interface cage
Done. Elapsed time: 33.246 s
Total time 47.189 s

Small cages: 17 found
Large cages: 28 found
Interface cages: 9 found
Irregular cages: 144 found

-------------------- FRAME 1555 --------------------

Computing AOP ...
Done. Elapsed time: 14.034 s

Computing neighbours with low AOP and hydrogen bonds ...
1657CH4 - x =  3.8868 - Irregular cage
1658CH4 - x =  8.0419 - Irregular cage
1662CH4 - x =  4.4383 - Large cage
1663CH4 - x =  3.3404 - Irregular cage
1664CH4 - x =  0.3801 - Irregular cage
1665CH4 - x =  7.0983 - Irregular cage
1667CH4 - x =  2.2563 - Irregular cage
1668CH4 - x =  3.6749 - Irregular cage
1669CH4 - x =  4.9042 - Irregular cage
1674CH4 - x =  9.1337 - Irregular cage
1675CH4 - x =  2.6291 - Irregular cage
1676CH4 - x =  1.5500 - Not in a cage
1678CH4 - x =  0.5633 - Irregular cage
1679CH4 - x =  0.0836 - Irregular cage
1680CH4 - x =  4.2684 - Large cage
1681CH4 - x = 10.3959 - Not in a cage
1682CH4 - x =  4.5526 - Irregular cage
1683CH4 - x = 10.8661 - Irregular cage
1684CH4 - x =  1.4691 - Not in a cage
1685CH4 - x =  8.9249 - Not in a cage
1686CH4 - x =  0.1836 - Not in a cage
1687CH4 - x =  4.2244 - Large cage
1689CH4 - x = 10.7229 - Irregular cage
1690CH4 - x =  7.8203 - Large cage
1692CH4 - x = 10.8669 - Irregular cage
1693CH4 - x =  7.7861 - Irregular cage
1695CH4 - x =  3.6105 - Irregular cage
1696CH4 - x =  9.2243 - Not in a cage
1698CH4 - x =  4.5353 - Irregular cage
1699CH4 - x =  4.1922 - Small cage
1701CH4 - x =  6.5784 - Large cage
1702CH4 - x =  4.1915 - Large cage
1703CH4 - x = 10.5642 - Irregular cage
1704CH4 - x =  4.2691 - Small cage
1705CH4 - x =  3.6488 - Small cage
1707CH4 - x =  1.7321 - Irregular cage
1710CH4 - x =  4.2319 - Large cage
1711CH4 - x =  4.1743 - Irregular cage
1712CH4 - x =  3.3014 - Irregular cage
1713CH4 - x =  3.6432 - Irregular cage
1714CH4 - x =  1.3944 - Irregular cage
1716CH4 - x =  4.2420 - Irregular cage
1717CH4 - x =  1.6365 - Irregular cage
1718CH4 - x =  3.1005 - Interface cage
1719CH4 - x =  4.8118 - Large cage
1720CH4 - x = 12.3551 - Irregular cage
1721CH4 - x =  3.3194 - Irregular cage
1725CH4 - x =  3.6176 - Small cage
1726CH4 - x =  3.0426 - Irregular cage
1728CH4 - x =  2.1260 - Irregular cage
1729CH4 - x = 10.3937 - Irregular cage
1732CH4 - x =  4.1688 - Large cage
1733CH4 - x = 10.4002 - Irregular cage
1736CH4 - x =  3.5605 - Irregular cage
1739CH4 - x =  3.5886 - Small cage
1740CH4 - x =  6.8968 - Irregular cage
1741CH4 - x = 10.6752 - Irregular cage
1743CH4 - x =  8.3093 - Interface cage
1744CH4 - x =  3.6651 - Irregular cage
1746CH4 - x =  9.5369 - Not in a cage
1747CH4 - x =  3.9036 - Large cage
1748CH4 - x =  7.4905 - Irregular cage
1749CH4 - x = 10.4298 - Irregular cage
1750CH4 - x =  3.6654 - Irregular cage
1752CH4 - x =  0.0151 - Irregular cage
1753CH4 - x = 10.6211 - Irregular cage
1754CH4 - x = 10.7729 - Irregular cage
1755CH4 - x =  0.3598 - Irregular cage
1756CH4 - x = 12.3680 - Irregular cage
1757CH4 - x = 12.3612 - Irregular cage
1758CH4 - x = 10.3705 - Not in a cage
1760CH4 - x = 12.3402 - Irregular cage
1763CH4 - x =  1.4539 - Irregular cage
1766CH4 - x =  7.8059 - Small cage
1767CH4 - x =  3.6135 - Irregular cage
1768CH4 - x =  8.4036 - Interface cage
1769CH4 - x =  3.6518 - Irregular cage
1770CH4 - x =  4.3221 - Irregular cage
1771CH4 - x =  4.4556 - Large cage
1772CH4 - x =  3.9813 - Irregular cage
1774CH4 - x =  2.2927 - Irregular cage
1776CH4 - x =  1.0806 - Irregular cage
1780CH4 - x = 10.6907 - Irregular cage
1782CH4 - x =  7.8261 - Large cage
1784CH4 - x =  4.2276 - Irregular cage
1785CH4 - x =  4.8407 - Small cage
1786CH4 - x =  4.7758 - Irregular cage
1787CH4 - x =  4.8020 - Small cage
1788CH4 - x =  5.4268 - Small cage
1789CH4 - x =  5.3847 - Small cage
1790CH4 - x =  5.3972 - Small cage
1791CH4 - x =  4.7905 - Small cage
1792CH4 - x =  5.4494 - Small cage
1793CH4 - x =  4.7649 - Large cage
1794CH4 - x =  5.5123 - Irregular cage
1795CH4 - x =  5.4096 - Irregular cage
1796CH4 - x =  4.8072 - Irregular cage
1797CH4 - x =  5.4565 - Irregular cage
1798CH4 - x =  5.4472 - Large cage
1799CH4 - x =  5.6809 - Irregular cage
1800CH4 - x =  5.4023 - Large cage
1801CH4 - x =  4.8305 - Irregular cage
1802CH4 - x =  5.1196 - Large cage
1803CH4 - x =  5.7577 - Irregular cage
1804CH4 - x =  4.8342 - Large cage
1805CH4 - x =  5.7425 - Large cage
1806CH4 - x =  7.1856 - Irregular cage
1807CH4 - x =  5.3012 - Irregular cage
1808CH4 - x =  5.1423 - Large cage
1809CH4 - x =  5.0971 - Large cage
1810CH4 - x =  5.1454 - Irregular cage
1811CH4 - x =  4.7642 - Large cage
1812CH4 - x =  5.4899 - Irregular cage
1813CH4 - x =  4.7849 - Large cage
1814CH4 - x =  5.7510 - Large cage
1815CH4 - x =  5.4153 - Irregular cage
1816CH4 - x =  3.1786 - Interface cage
1817CH4 - x =  5.9921 - Irregular cage
1818CH4 - x =  6.0052 - Small cage
1819CH4 - x =  6.3154 - Irregular cage
1820CH4 - x =  5.9898 - Small cage
1821CH4 - x =  6.0560 - Large cage
1822CH4 - x =  6.0751 - Irregular cage
1823CH4 - x =  5.9932 - Irregular cage
1824CH4 - x =  6.0258 - Large cage
1825CH4 - x =  6.0011 - Irregular cage
1826CH4 - x =  6.0190 - Large cage
1827CH4 - x =  5.9092 - Irregular cage
1828CH4 - x =  5.9880 - Large cage
1829CH4 - x =  0.1321 - Not in a cage
1830CH4 - x = 10.6155 - Irregular cage
1832CH4 - x =  0.3826 - Not in a cage
1834CH4 - x =  8.6326 - Irregular cage
1836CH4 - x =  2.6952 - Interface cage
1837CH4 - x =  8.6752 - Irregular cage
1839CH4 - x =  8.0632 - Irregular cage
1841CH4 - x =  0.4738 - Irregular cage
1843CH4 - x =  6.5771 - Small cage
1844CH4 - x =  2.7796 - Not in a cage
1845CH4 - x =  0.1938 - Irregular cage
1847CH4 - x =  2.5361 - Not in a cage
1848CH4 - x =  7.8812 - Irregular cage
1849CH4 - x =  8.3130 - Irregular cage
1850CH4 - x =  6.6232 - Small cage
1851CH4 - x = 10.5638 - Irregular cage
1852CH4 - x = 12.2546 - Irregular cage
1853CH4 - x =  7.4540 - Irregular cage
1855CH4 - x =  0.3123 - Not in a cage
1856CH4 - x =  8.9157 - Irregular cage
1857CH4 - x =  6.6619 - Irregular cage
1859CH4 - x = 10.7072 - Not in a cage
1860CH4 - x = 12.3863 - Not in a cage
1862CH4 - x =  7.1089 - Irregular cage
1863CH4 - x =  7.7518 - Irregular cage
1864CH4 - x =  7.5700 - Irregular cage
1866CH4 - x =  7.1411 - Small cage
1868CH4 - x =  7.2615 - Irregular cage
1869CH4 - x = 10.0252 - Irregular cage
1873CH4 - x =  6.6384 - Irregular cage
1874CH4 - x =  0.4920 - Irregular cage
1875CH4 - x =  2.9999 - Irregular cage
1876CH4 - x =  8.1432 - Small cage
1878CH4 - x =  9.8232 - Not in a cage
1880CH4 - x =  0.1167 - Irregular cage
1881CH4 - x =  1.2411 - Irregular cage
1882CH4 - x =  3.6197 - Irregular cage
1888CH4 - x =  3.0214 - Interface cage
1890CH4 - x = 10.2447 - Irregular cage
1892CH4 - x =  0.2668 - Irregular cage
1893CH4 - x =  7.2597 - Irregular cage
1895CH4 - x =  6.3197 - Irregular cage
1898CH4 - x =  8.7049 - Not in a cage
1899CH4 - x =  6.5416 - Irregular cage
1900CH4 - x =  0.1792 - Irregular cage
1901CH4 - x =  0.4628 - Not in a cage
1902CH4 - x =  7.7983 - Small cage
1904CH4 - x =  2.9717 - Interface cage
1905CH4 - x =  7.8380 - Irregular cage
1907CH4 - x =  8.5350 - Interface cage
1908CH4 - x = 12.3424 - Irregular cage
1911CH4 - x =  7.8195 - Irregular cage
1912CH4 - x =  7.2238 - Irregular cage
1913CH4 - x =  7.2365 - Small cage
1914CH4 - x =  3.0373 - Interface cage
1915CH4 - x =  1.7129 - Irregular cage
1916CH4 - x =  1.1672 - Irregular cage
1917CH4 - x = 10.2936 - Irregular cage
1918CH4 - x =  8.1357 - Irregular cage
1921CH4 - x =  9.1154 - Not in a cage
1922CH4 - x = 10.7772 - Not in a cage
1923CH4 - x =  6.6278 - Irregular cage
1924CH4 - x =  8.3382 - Irregular cage
1926CH4 - x =  1.8034 - Irregular cage
1927CH4 - x = 10.4741 - Not in a cage
1928CH4 - x =  8.3714 - Interface cage
1929CH4 - x = 10.5226 - Irregular cage
1931CH4 - x =  3.1042 - Interface cage
1932CH4 - x = 10.6277 - Not in a cage
1933CH4 - x = 12.3795 - Not in a cage
1938CH4 - x =  0.4382 - Irregular cage
1939CH4 - x =  0.1075 - Irregular cage
1940CH4 - x =  3.3241 - Irregular cage
1941CH4 - x = 12.1812 - Not in a cage
1942CH4 - x =  1.8257 - Not in a cage
1945CH4 - x = 10.3572 - Irregular cage
1949CH4 - x =  7.7616 - Irregular cage
1950CH4 - x = 10.4932 - Not in a cage
1951CH4 - x =  7.5045 - Irregular cage
1952CH4 - x =  2.3459 - Irregular cage
1955CH4 - x =  6.5432 - Large cage
1956CH4 - x =  8.4008 - Irregular cage
1959CH4 - x =  0.5335 - Not in a cage
1960CH4 - x = 10.6355 - Irregular cage
1961CH4 - x =  0.3040 - Irregular cage
1964CH4 - x = 10.6229 - Irregular cage
1966CH4 - x =  9.8218 - Irregular cage
1967CH4 - x =  1.7096 - Irregular cage
1968CH4 - x =  9.5825 - Irregular cage
1969CH4 - x =  0.2021 - Irregular cage
1970CH4 - x =  8.6558 - Irregular cage
1971CH4 - x =  0.2493 - Not in a cage
1972CH4 - x =  6.6677 - Large cage
1973CH4 - x =  2.3886 - Not in a cage
1980CH4 - x =  6.6568 - Irregular cage
1981CH4 - x = 10.4499 - Not in a cage
1982CH4 - x =  6.9157 - Irregular cage
1985CH4 - x =  0.8782 - Not in a cage
1986CH4 - x =  0.0494 - Irregular cage
1987CH4 - x = 12.3345 - Irregular cage
Done. Elapsed time: 31.913 s
Total time 46.124 s

Small cages: 21 found
Large cages: 29 found
Interface cages: 11 found
Irregular cages: 137 found

-------------------- FRAME 1777 --------------------

Computing AOP ...
Done. Elapsed time: 13.943 s

Computing neighbours with low AOP and hydrogen bonds ...
1657CH4 - x =  3.9117 - Large cage
1659CH4 - x =  3.0493 - Irregular cage
1661CH4 - x = 10.3589 - Irregular cage
1662CH4 - x =  4.5208 - Large cage
1663CH4 - x =  3.3165 - Small cage
1664CH4 - x = 10.6130 - Not in a cage
1665CH4 - x =  7.2645 - Irregular cage
1668CH4 - x =  3.7025 - Irregular cage
1669CH4 - x =  4.8109 - Irregular cage
1670CH4 - x = 10.6398 - Irregular cage
1673CH4 - x =  0.0081 - Irregular cage
1675CH4 - x =  1.7949 - Irregular cage
1676CH4 - x = 10.4300 - Not in a cage
1677CH4 - x =  1.2219 - Not in a cage
1678CH4 - x =  9.4039 - Not in a cage
1680CH4 - x =  4.2053 - Large cage
1681CH4 - x = 10.3972 - Not in a cage
1682CH4 - x =  4.5295 - Large cage
1683CH4 - x = 10.4384 - Not in a cage
1684CH4 - x =  0.4828 - Irregular cage
1687CH4 - x =  4.2306 - Irregular cage
1688CH4 - x = 12.4151 - Irregular cage
1690CH4 - x =  7.8086 - Irregular cage
1693CH4 - x =  7.7400 - Interface cage
1694CH4 - x =  0.4438 - Irregular cage
1695CH4 - x =  3.6410 - Small cage
1696CH4 - x = 10.2467 - Not in a cage
1697CH4 - x =  0.2609 - Not in a cage
1698CH4 - x =  4.5563 - Large cage
1699CH4 - x =  4.2470 - Irregular cage
1700CH4 - x =  0.3305 - Irregular cage
1701CH4 - x =  6.6041 - Large cage
1702CH4 - x =  4.1751 - Irregular cage
1703CH4 - x =  1.6480 - Not in a cage
1704CH4 - x =  4.2586 - Small cage
1705CH4 - x =  3.6626 - Small cage
1710CH4 - x =  4.1671 - Irregular cage
1711CH4 - x =  4.1679 - Irregular cage
1712CH4 - x =  3.3570 - Small cage
1713CH4 - x =  3.6909 - Large cage
1714CH4 - x =  0.1424 - Not in a cage
1715CH4 - x =  0.1839 - Not in a cage
1716CH4 - x =  4.1800 - Small cage
1718CH4 - x =  2.4789 - Irregular cage
1719CH4 - x =  4.8235 - Irregular cage
1721CH4 - x =  3.3855 - Irregular cage
1722CH4 - x =  0.2529 - Irregular cage
1723CH4 - x = 10.2859 - Not in a cage
1724CH4 - x =  0.4243 - Irregular cage
1725CH4 - x =  3.6559 - Irregular cage
1726CH4 - x =  3.0063 - Irregular cage
1727CH4 - x =  8.5889 - Not in a cage
1730CH4 - x = 12.3011 - Not in a cage
1731CH4 - x =  0.1331 - Irregular cage
1732CH4 - x =  4.2571 - Irregular cage
1735CH4 - x = 10.7267 - Irregular cage
1736CH4 - x =  3.5093 - Irregular cage
1738CH4 - x =  0.2422 - Not in a cage
1739CH4 - x =  3.6233 - Large cage
1740CH4 - x =  6.8972 - Large cage
1741CH4 - x =  0.4489 - Not in a cage
1742CH4 - x =  0.1442 - Irregular cage
1743CH4 - x =  8.8424 - Not in a cage
1744CH4 - x =  3.5256 - Irregular cage
1747CH4 - x =  3.8871 - Large cage
1748CH4 - x =  7.5443 - Irregular cage
1749CH4 - x =  0.5123 - Not in a cage
1750CH4 - x =  3.6291 - Large cage
1751CH4 - x =  9.6979 - Not in a cage
1753CH4 - x =  1.7772 - Not in a cage
1755CH4 - x = 12.2817 - Irregular cage
1756CH4 - x = 10.6897 - Not in a cage
1758CH4 - x =  3.0394 - Irregular cage
1760CH4 - x =  9.5885 - Irregular cage
1762CH4 - x =  0.4140 - Irregular cage
1765CH4 - x =  9.4329 - Not in a cage
1766CH4 - x =  7.7021 - Interface cage
1767CH4 - x =  3.5542 - Large cage
1768CH4 - x =  9.2945 - Irregular cage
1769CH4 - x =  3.6298 - Small cage
1770CH4 - x =  4.2533 - Irregular cage
1771CH4 - x =  4.5214 - Large cage
1772CH4 - x =  3.9215 - Irregular cage
1774CH4 - x =  2.9598 - Irregular cage
1775CH4 - x = 10.4441 - Irregular cage
1778CH4 - x =  2.2934 - Not in a cage
1780CH4 - x =  9.2228 - Not in a cage
1781CH4 - x = 10.5752 - Irregular cage
1782CH4 - x =  7.8057 - Irregular cage
1784CH4 - x =  4.2327 - Large cage
1785CH4 - x =  4.8304 - Small cage
1786CH4 - x =  4.7650 - Irregular cage
1787CH4 - x =  4.8192 - Small cage
1788CH4 - x =  5.4388 - Small cage
1789CH4 - x =  5.3559 - Small cage
1790CH4 - x =  5.4314 - Irregular cage
1791CH4 - x =  4.7532 - Small cage
1792CH4 - x =  5.4213 - Small cage
1793CH4 - x =  4.8719 - Large cage
1794CH4 - x =  5.4579 - Irregular cage
1795CH4 - x =  5.3251 - Irregular cage
1796CH4 - x =  4.8494 - Irregular cage
1797CH4 - x =  5.3928 - Irregular cage
1798CH4 - x =  5.3351 - Large cage
1799CH4 - x =  5.6869 - Irregular cage
1800CH4 - x =  5.4347 - Large cage
1801CH4 - x =  4.8641 - Irregular cage
1802CH4 - x =  5.1284 - Large cage
1803CH4 - x =  5.6599 - Irregular cage
1804CH4 - x =  4.7464 - Irregular cage
1805CH4 - x =  5.7256 - Large cage
1806CH4 - x =  7.1692 - Small cage
1807CH4 - x =  5.3517 - Large cage
1808CH4 - x =  5.1273 - Irregular cage
1809CH4 - x =  5.1778 - Irregular cage
1810CH4 - x =  5.1281 - Large cage
1811CH4 - x =  4.7949 - Large cage
1812CH4 - x =  5.4054 - Large cage
1813CH4 - x =  4.8082 - Irregular cage
1814CH4 - x =  5.6749 - Large cage
1815CH4 - x =  5.4531 - Large cage
1816CH4 - x =  3.0056 - Irregular cage
1817CH4 - x =  5.9816 - Irregular cage
1818CH4 - x =  5.9713 - Small cage
1819CH4 - x =  6.3445 - Irregular cage
1820CH4 - x =  6.0067 - Small cage
1821CH4 - x =  5.9307 - Large cage
1822CH4 - x =  6.0160 - Large cage
1823CH4 - x =  6.0274 - Irregular cage
1824CH4 - x =  5.9892 - Large cage
1825CH4 - x =  6.0537 - Large cage
1826CH4 - x =  5.9887 - Irregular cage
1827CH4 - x =  5.9995 - Large cage
1828CH4 - x =  5.9731 - Large cage
1829CH4 - x =  0.0865 - Irregular cage
1832CH4 - x =  0.0509 - Not in a cage
1834CH4 - x =  8.3594 - Irregular cage
1836CH4 - x =  3.1136 - Irregular cage
1837CH4 - x =  7.7153 - Irregular cage
1839CH4 - x = 10.4981 - Irregular cage
1842CH4 - x = 12.1525 - Not in a cage
1843CH4 - x =  6.5803 - Small cage
1844CH4 - x = 10.8150 - Not in a cage
1845CH4 - x =  1.0847 - Not in a cage
1847CH4 - x =  2.9175 - Interface cage
1848CH4 - x =  7.7594 - Interface cage
1849CH4 - x =  0.6213 - Irregular cage
1850CH4 - x =  6.6261 - Small cage
1851CH4 - x = 10.4044 - Irregular cage
1853CH4 - x =  7.5370 - Irregular cage
1855CH4 - x = 10.5534 - Irregular cage
1857CH4 - x =  6.4874 - Irregular cage
1861CH4 - x = 10.6089 - Irregular cage
1862CH4 - x =  7.1621 - Irregular cage
1863CH4 - x =  7.8384 - Interface cage
1864CH4 - x =  7.4243 - Irregular cage
1865CH4 - x = 10.2332 - Irregular cage
1866CH4 - x =  7.1708 - Large cage
1867CH4 - x =  0.2970 - Not in a cage
1868CH4 - x =  7.2530 - Small cage
1871CH4 - x =  0.3823 - Not in a cage
1872CH4 - x = 10.2701 - Not in a cage
1873CH4 - x =  6.6336 - Irregular cage
1874CH4 - x =  0.0688 - Not in a cage
1875CH4 - x =  2.9760 - Irregular cage
1876CH4 - x =  9.6183 - Irregular cage
1878CH4 - x =  2.5129 - Not in a cage
1879CH4 - x = 10.5169 - Irregular cage
1882CH4 - x =  3.6929 - Irregular cage
1883CH4 - x =  0.1968 - Irregular cage
1887CH4 - x =  1.3182 - Not in a cage
1888CH4 - x =  3.0435 - Irregular cage
1893CH4 - x =  7.1021 - Irregular cage
1894CH4 - x =  0.2707 - Irregular cage
1895CH4 - x =  6.2681 - Large cage
1896CH4 - x =  0.8871 - Irregular cage
1897CH4 - x =  9.1298 - Not in a cage
1899CH4 - x =  6.6015 - Large cage
1902CH4 - x =  8.7595 - Not in a cage
1904CH4 - x =  3.0497 - Irregular cage
1905CH4 - x =  7.7113 - Irregular cage
1906CH4 - x =  8.0830 - Not in a cage
1908CH4 - x = 10.7431 - Irregular cage
1909CH4 - x = 10.9728 - Irregular cage
1911CH4 - x =  7.7249 - Irregular cage
1912CH4 - x =  7.1638 - Large cage
1913CH4 - x =  7.1988 - Small cage
1914CH4 - x =  3.0646 - Irregular cage
1918CH4 - x =  7.9429 - Interface cage
1919CH4 - x =  1.2423 - Not in a cage
1922CH4 - x = 12.3023 - Irregular cage
1923CH4 - x =  6.6198 - Small cage
1924CH4 - x = 12.4170 - Irregular cage
1925CH4 - x =  0.7021 - Not in a cage
1926CH4 - x =  2.3807 - Irregular cage
1928CH4 - x =  9.0549 - Interface cage
1929CH4 - x = 10.5290 - Not in a cage
1930CH4 - x =  0.4213 - Irregular cage
1931CH4 - x =  3.0937 - Irregular cage
1933CH4 - x = 10.5658 - Irregular cage
1935CH4 - x = 10.2966 - Not in a cage
1937CH4 - x = 10.5965 - Irregular cage
1940CH4 - x =  3.3639 - Large cage
1941CH4 - x = 10.5718 - Irregular cage
1942CH4 - x =  2.0569 - Irregular cage
1943CH4 - x =  8.6084 - Irregular cage
1945CH4 - x =  0.0225 - Not in a cage
1946CH4 - x =  9.3012 - Irregular cage
1948CH4 - x = 10.7624 - Not in a cage
1949CH4 - x =  7.8160 - Irregular cage
1950CH4 - x =  2.3022 - Irregular cage
1951CH4 - x =  7.4061 - Irregular cage
1955CH4 - x =  6.5843 - Large cage
1956CH4 - x =  1.2111 - Irregular cage
1959CH4 - x = 10.5958 - Irregular cage
1961CH4 - x = 10.4132 - Irregular cage
1964CH4 - x =  0.1648 - Irregular cage
1965CH4 - x = 12.3153 - Not in a cage
1969CH4 - x =  9.4671 - Irregular cage
1970CH4 - x =  8.2553 - Interface cage
1972CH4 - x =  6.5485 - Large cage
1973CH4 - x =  2.6727 - Interface cage
1977CH4 - x = 10.9977 - Irregular cage
1978CH4 - x = 10.7663 - Irregular cage
1979CH4 - x =  2.0205 - Irregular cage
1980CH4 - x =  6.6548 - Large cage
1982CH4 - x =  6.8556 - Large cage
1985CH4 - x =  0.4818 - Irregular cage
1988CH4 - x =  1.6463 - Not in a cage
Done. Elapsed time: 31.609 s
Total time 45.720 s

Small cages: 21 found
Large cages: 40 found
Interface cages: 9 found
Irregular cages: 114 found

-------------------- FRAME 2000 --------------------

Computing AOP ...
Done. Elapsed time: 17.308 s

Computing neighbours with low AOP and hydrogen bonds ...
1657CH4 - x =  3.9553 - Large cage
1658CH4 - x =  0.4606 - Irregular cage
1659CH4 - x =  3.1009 - Irregular cage
1662CH4 - x =  4.6002 - Large cage
1664CH4 - x =  0.4018 - Irregular cage
1665CH4 - x =  7.5695 - Not in a cage
1668CH4 - x =  3.6997 - Irregular cage
1669CH4 - x =  4.9516 - Large cage
1670CH4 - x = 10.5145 - Irregular cage
1672CH4 - x =  7.7532 - Irregular cage
1673CH4 - x =  1.0513 - Irregular cage
1674CH4 - x = 10.6866 - Irregular cage
1675CH4 - x =  1.3618 - Irregular cage
1676CH4 - x = 10.6927 - Irregular cage
1677CH4 - x = 10.6341 - Irregular cage
1680CH4 - x =  4.3054 - Irregular cage
1682CH4 - x =  4.6006 - Large cage
1683CH4 - x =  3.0573 - Interface cage
1684CH4 - x =  2.4286 - Irregular cage
1685CH4 - x =  7.2766 - Irregular cage
1687CH4 - x =  4.3115 - Irregular cage
1689CH4 - x = 10.2269 - Not in a cage
1690CH4 - x =  7.9689 - Not in a cage
1691CH4 - x =  9.6299 - Not in a cage
1693CH4 - x =  9.1655 - Not in a cage
1695CH4 - x =  3.6923 - Small cage
1697CH4 - x = 10.3150 - Not in a cage
1698CH4 - x =  4.5554 - Irregular cage
1699CH4 - x =  4.3341 - Small cage
1700CH4 - x = 10.3597 - Irregular cage
1701CH4 - x =  6.5672 - Interface cage
1702CH4 - x =  4.2189 - Irregular cage
1703CH4 - x = 10.2366 - Not in a cage
1704CH4 - x =  4.3036 - Irregular cage
1705CH4 - x =  3.6965 - Small cage
1706CH4 - x =  7.2473 - Irregular cage
1708CH4 - x =  2.7808 - Interface cage
1709CH4 - x = 12.2066 - Irregular cage
1710CH4 - x =  4.1968 - Large cage
1711CH4 - x =  4.2962 - Irregular cage
1712CH4 - x =  3.3862 - Irregular cage
1713CH4 - x =  3.7386 - Irregular cage
1714CH4 - x = 12.4448 - Not in a cage
1715CH4 - x =  2.4580 - Not in a cage
1716CH4 - x =  4.2653 - Small cage
1717CH4 - x =  2.0299 - Irregular cage
1719CH4 - x =  4.8667 - Irregular cage
1720CH4 - x =  1.1720 - Irregular cage
1721CH4 - x =  3.3261 - Irregular cage
1724CH4 - x =  0.0478 - Irregular cage
1725CH4 - x =  3.6542 - Irregular cage
1727CH4 - x =  8.9159 - Irregular cage
1731CH4 - x =  0.8855 - Irregular cage
1732CH4 - x =  4.2830 - Irregular cage
1733CH4 - x =  9.8954 - Not in a cage
1736CH4 - x =  3.6941 - Irregular cage
1738CH4 - x = 10.5552 - Not in a cage
1739CH4 - x =  3.6353 - Irregular cage
1740CH4 - x =  7.0151 - Irregular cage
1741CH4 - x = 10.4530 - Irregular cage
1744CH4 - x =  3.6384 - Irregular cage
1745CH4 - x =  8.2551 - Irregular cage
1746CH4 - x =  0.1880 - Not in a cage
1747CH4 - x =  4.0334 - Large cage
1748CH4 - x = 10.1181 - Not in a cage
1750CH4 - x =  3.6615 - Irregular cage
1752CH4 - x =  9.4167 - Irregular cage
1754CH4 - x = 10.6366 - Not in a cage
1756CH4 - x =  0.1671 - Not in a cage
1758CH4 - x =  3.1685 - Irregular cage
1762CH4 - x = 12.5011 - Not in a cage
1763CH4 - x =  0.3460 - Irregular cage
1766CH4 - x =  6.9917 - Irregular cage
1767CH4 - x =  3.6999 - Irregular cage
1769CH4 - x =  3.7241 - Irregular cage
1770CH4 - x =  4.2738 - Small cage
1771CH4 - x =  4.5268 - Large cage
1772CH4 - x =  3.9909 - Irregular cage
1774CH4 - x =  3.1077 - Irregular cage
1775CH4 - x = 10.6752 - Irregular cage
1780CH4 - x =  0.5961 - Irregular cage
1781CH4 - x = 10.3911 - Irregular cage
1782CH4 - x =  9.0043 - Irregular cage
1783CH4 - x =  0.2138 - Irregular cage
1784CH4 - x =  4.3467 - Large cage
1785CH4 - x =  4.9201 - Small cage
1786CH4 - x =  4.8308 - Small cage
1787CH4 - x =  4.8712 - Small cage
1788CH4 - x =  5.4728 - Small cage
1789CH4 - x =  5.5125 - Small cage
1790CH4 - x =  5.4792 - Small cage
1791CH4 - x =  4.8849 - Small cage
1792CH4 - x =  5.4500 - Small cage
1793CH4 - x =  4.8506 - Large cage
1794CH4 - x =  5.5035 - Large cage
1795CH4 - x =  5.5123 - Large cage
1796CH4 - x =  4.8397 - Irregular cage
1797CH4 - x =  5.4806 - Irregular cage
1798CH4 - x =  5.3989 - Large cage
1799CH4 - x =  5.8008 - Irregular cage
1800CH4 - x =  5.5073 - Large cage
1801CH4 - x =  4.8377 - Large cage
1802CH4 - x =  5.1760 - Large cage
1803CH4 - x =  5.7439 - Irregular cage
1804CH4 - x =  4.8218 - Irregular cage
1805CH4 - x =  5.8038 - Irregular cage
1806CH4 - x =  6.7765 - Not in a cage
1807CH4 - x =  5.3894 - Irregular cage
1808CH4 - x =  5.1721 - Large cage
1809CH4 - x =  5.1927 - Large cage
1810CH4 - x =  5.1526 - Large cage
1811CH4 - x =  4.8409 - Large cage
1812CH4 - x =  5.3764 - Irregular cage
1813CH4 - x =  4.8778 - Large cage
1814CH4 - x =  5.7675 - Large cage
1815CH4 - x =  5.3391 - Irregular cage
1817CH4 - x =  6.3835 - Irregular cage
1818CH4 - x =  6.0957 - Irregular cage
1819CH4 - x =  7.5314 - Irregular cage
1820CH4 - x =  6.0483 - Irregular cage
1821CH4 - x =  6.0036 - Irregular cage
1822CH4 - x =  6.0178 - Irregular cage
1823CH4 - x =  6.0047 - Irregular cage
1824CH4 - x =  6.0413 - Irregular cage
1825CH4 - x =  5.9812 - Interface cage
1826CH4 - x =  6.0276 - Irregular cage
1827CH4 - x =  6.0234 - Irregular cage
1828CH4 - x =  6.0083 - Small cage
1831CH4 - x =  0.5691 - Not in a cage
1833CH4 - x =  1.5438 - Irregular cage
1834CH4 - x = 10.5335 - Not in a cage
1836CH4 - x =  3.0365 - Small cage
1837CH4 - x =  7.9406 - Not in a cage
1840CH4 - x =  1.4662 - Irregular cage
1841CH4 - x = 10.4508 - Not in a cage
1842CH4 - x =  3.0247 - Interface cage
1843CH4 - x =  6.6246 - Interface cage
1844CH4 - x =  9.4502 - Not in a cage
1845CH4 - x = 12.3251 - Irregular cage
1847CH4 - x =  3.0765 - Interface cage
1848CH4 - x =  6.6141 - Interface cage
1850CH4 - x =  6.0524 - Irregular cage
1852CH4 - x =  0.2260 - Irregular cage
1854CH4 - x =  8.4535 - Not in a cage
1856CH4 - x =  8.3139 - Irregular cage
1857CH4 - x =  8.1518 - Not in a cage
1861CH4 - x =  7.9983 - Irregular cage
1864CH4 - x =  9.5352 - Irregular cage
1866CH4 - x =  1.9588 - Not in a cage
1870CH4 - x =  6.9994 - Irregular cage
1873CH4 - x =  6.4125 - Irregular cage
1875CH4 - x =  3.1292 - Irregular cage
1876CH4 - x = 10.7541 - Irregular cage
1878CH4 - x =  3.0271 - Interface cage
1879CH4 - x =  2.4332 - Irregular cage
1882CH4 - x =  3.7782 - Irregular cage
1884CH4 - x =  7.6324 - Irregular cage
1887CH4 - x = 10.1967 - Irregular cage
1888CH4 - x =  3.4007 - Large cage
1890CH4 - x =  0.5698 - Irregular cage
1891CH4 - x =  0.2626 - Not in a cage
1893CH4 - x =  6.7694 - Irregular cage
1895CH4 - x =  6.0390 - Irregular cage
1896CH4 - x =  1.2781 - Irregular cage
1899CH4 - x =  6.9676 - Not in a cage
1900CH4 - x = 10.5376 - Irregular cage
1901CH4 - x =  0.2311 - Irregular cage
1902CH4 - x =  2.2741 - Not in a cage
1903CH4 - x =  0.0635 - Not in a cage
1904CH4 - x =  1.7316 - Irregular cage
1905CH4 - x =  6.4722 - Irregular cage
1906CH4 - x = 10.2886 - Not in a cage
1907CH4 - x = 10.7926 - Not in a cage
1908CH4 - x =  0.0098 - Irregular cage
1909CH4 - x =  9.8381 - Irregular cage
1910CH4 - x = 10.5335 - Not in a cage
1911CH4 - x =  6.6738 - Irregular cage
1912CH4 - x =  7.0745 - Irregular cage
1913CH4 - x =  6.9827 - Not in a cage
1918CH4 - x =  7.7382 - Irregular cage
1919CH4 - x =  0.3515 - Irregular cage
1921CH4 - x =  0.3366 - Irregular cage
1922CH4 - x =  3.1131 - Irregular cage
1923CH4 - x =  7.4054 - Irregular cage
1924CH4 - x =  0.5012 - Irregular cage
1925CH4 - x =  0.3803 - Irregular cage
1930CH4 - x =  0.4489 - Not in a cage
1931CH4 - x = 10.8751 - Not in a cage
1932CH4 - x = 10.1318 - Irregular cage
1935CH4 - x = 10.6989 - Not in a cage
1937CH4 - x =  8.3062 - Irregular cage
1939CH4 - x = 10.6323 - Not in a cage
1940CH4 - x =  3.3603 - Irregular cage
1941CH4 - x =  0.1385 - Not in a cage
1942CH4 - x =  3.1927 - Interface cage
1943CH4 - x =  9.3215 - Not in a cage
1944CH4 - x = 10.5975 - Not in a cage
1948CH4 - x = 10.2074 - Irregular cage
1949CH4 - x =  6.4587 - Irregular cage
1953CH4 - x =  0.0433 - Not in a cage
1954CH4 - x = 10.3887 - Irregular cage
1955CH4 - x =  6.2851 - Irregular cage
1958CH4 - x = 10.7446 - Irregular cage
1959CH4 - x = 12.5005 - Irregular cage
1960CH4 - x =  0.4143 - Irregular cage
1961CH4 - x = 12.5155 - Not in a cage
1964CH4 - x =  6.9722 - Not in a cage
1966CH4 - x =  0.5826 - Irregular cage
1968CH4 - x =  2.7024 - Irregular cage
1972CH4 - x =  7.8648 - Irregular cage
1973CH4 - x =  8.2060 - Irregular cage
1976CH4 - x =  1.4932 - Not in a cage
1978CH4 - x =  0.4596 - Not in a cage
1980CH4 - x =  9.3768 - Irregular cage
1981CH4 - x =  0.1506 - Irregular cage
1984CH4 - x = 10.0992 - Irregular cage
1985CH4 - x =  0.9178 - Interface cage
1987CH4 - x =  1.1176 - Irregular cage
Done. Elapsed time: 32.604 s
Total time 50.220 s

Small cages: 15 found
Large cages: 22 found
Interface cages: 11 found
Irregular cages: 125 found

Width of the clathrate phase:
Frame    0: 8.277 nm
Frame  222: 5.415 nm
Frame  444: 4.701 nm
Frame  666: 4.815 nm
Frame  888: 5.094 nm
Frame 1111: 4.677 nm
Frame 1333: 4.560 nm
Frame 1555: 4.555 nm
Frame 1777: 3.936 nm
Frame 2000: 2.972 nm
Phase delta: 5.305 nm
Total time of the computation: 540.842 s
