-------------------- FRAME    0 --------------------

Computing AOP ...
Done. Elapsed time: 13.454 s

Computing neighbours with low AOP and hydrogen bonds ...
1657CH4 - x =  3.7590 - Irregular cage
1658CH4 - x =  7.9180 - Large cage
1659CH4 - x =  2.8021 - Irregular cage
1660CH4 - x =  2.3361 - Irregular cage
1661CH4 - x =  8.2590 - Large cage
1662CH4 - x =  4.3000 - Large cage
1663CH4 - x =  2.9290 - Irregular cage
1664CH4 - x = 11.7500 - Not in a cage
1665CH4 - x =  7.0510 - Irregular cage
1666CH4 - x =  8.2760 - Large cage
1668CH4 - x =  3.4770 - Large cage
1669CH4 - x =  4.6340 - Large cage
1670CH4 - x =  2.3820 - Irregular cage
1671CH4 - x =  0.5450 - Irregular cage
1674CH4 - x =  8.9079 - Irregular cage
1675CH4 - x =  2.9200 - Irregular cage
1676CH4 - x = 10.7600 - Not in a cage
1677CH4 - x =  9.4220 - Irregular cage
1679CH4 - x =  1.5390 - Irregular cage
1680CH4 - x =  4.0480 - Large cage
1681CH4 - x =  2.4959 - Irregular cage
1682CH4 - x =  4.3360 - Large cage
1683CH4 - x =  9.9641 - Irregular cage
1684CH4 - x =  2.9290 - Irregular cage
1685CH4 - x =  1.9430 - Irregular cage
1686CH4 - x = 10.7849 - Not in a cage
1687CH4 - x =  4.0820 - Large cage
1688CH4 - x =  2.5730 - Irregular cage
1690CH4 - x =  7.6480 - Large cage
1691CH4 - x =  8.2260 - Large cage
1692CH4 - x =  8.2070 - Irregular cage
1693CH4 - x =  7.5840 - Irregular cage
1694CH4 - x =  2.9300 - Irregular cage
1695CH4 - x =  3.4980 - Small cage
1696CH4 - x =  2.8860 - Irregular cage
1698CH4 - x =  4.3670 - Irregular cage
1699CH4 - x =  4.1050 - Small cage
1700CH4 - x =  0.0370 - Irregular cage
1701CH4 - x =  6.4500 - Large cage
1702CH4 - x =  4.0470 - Large cage
1703CH4 - x =  0.7161 - Irregular cage
1704CH4 - x =  4.0740 - Small cage
1705CH4 - x =  3.4440 - Small cage
1706CH4 - x =  9.3709 - Irregular cage
1707CH4 - x = 10.8030 - Not in a cage
1708CH4 - x = 11.7160 - Irregular cage
1709CH4 - x =  2.0100 - Interface cage
1710CH4 - x =  3.9841 - Large cage
1711CH4 - x =  4.1430 - Small cage
1712CH4 - x =  3.0890 - Irregular cage
1713CH4 - x =  3.5299 - Large cage
1714CH4 - x =  9.9120 - Irregular cage
1716CH4 - x =  4.0769 - Small cage
1718CH4 - x =  3.1629 - Irregular cage
1719CH4 - x =  4.5680 - Large cage
1720CH4 - x =  1.9360 - Irregular cage
1721CH4 - x =  3.1000 - Irregular cage
1723CH4 - x =  3.1770 - Irregular cage
1724CH4 - x = 11.4580 - Not in a cage
1725CH4 - x =  3.4220 - Irregular cage
1726CH4 - x = 10.4940 - Irregular cage
1727CH4 - x = 10.6390 - Irregular cage
1728CH4 - x =  2.0390 - Interface cage
1729CH4 - x = 11.6171 - Irregular cage
1730CH4 - x = 11.7491 - Not in a cage
1732CH4 - x =  4.1310 - Irregular cage
1733CH4 - x =  8.2760 - Irregular cage
1734CH4 - x =  2.8260 - Large cage
1735CH4 - x =  9.9250 - Interface cage
1736CH4 - x =  3.4720 - Large cage
1737CH4 - x = 10.4950 - Irregular cage
1739CH4 - x =  3.4640 - Irregular cage
1740CH4 - x =  6.7021 - Irregular cage
1741CH4 - x =  2.5640 - Irregular cage
1742CH4 - x =  0.6880 - Irregular cage
1743CH4 - x =  8.2190 - Large cage
1744CH4 - x =  3.5020 - Irregular cage
1745CH4 - x = 10.5250 - Irregular cage
1746CH4 - x =  2.2800 - Irregular cage
1747CH4 - x =  3.8100 - Large cage
1748CH4 - x =  7.3739 - Large cage
1750CH4 - x =  3.4270 - Irregular cage
1752CH4 - x =  2.9080 - Irregular cage
1753CH4 - x = 11.8040 - Not in a cage
1754CH4 - x =  8.8390 - Large cage
1755CH4 - x = 11.8220 - Irregular cage
1756CH4 - x = 10.7640 - Not in a cage
1757CH4 - x =  2.8190 - Small cage
1759CH4 - x =  8.8361 - Large cage
1760CH4 - x =  0.0800 - Not in a cage
1761CH4 - x =  1.8550 - Irregular cage
1762CH4 - x =  2.4530 - Irregular cage
1763CH4 - x =  9.3940 - Irregular cage
1764CH4 - x = 10.7050 - Not in a cage
1765CH4 - x =  2.9290 - Small cage
1766CH4 - x =  7.6570 - Irregular cage
1767CH4 - x =  3.4300 - Large cage
1768CH4 - x =  2.3500 - Large cage
1769CH4 - x =  3.4670 - Small cage
1770CH4 - x =  4.1269 - Large cage
1771CH4 - x =  4.3571 - Large cage
1772CH4 - x =  3.7240 - Large cage
1773CH4 - x =  0.2090 - Not in a cage
1774CH4 - x =  8.7530 - Irregular cage
1775CH4 - x = 10.5550 - Irregular cage
1776CH4 - x =  2.5090 - Irregular cage
1777CH4 - x = 10.6110 - Irregular cage
1779CH4 - x = 10.7770 - Irregular cage
1780CH4 - x = 10.0050 - Irregular cage
1782CH4 - x =  7.6271 - Large cage
1784CH4 - x =  4.0050 - Irregular cage
1785CH4 - x =  4.6389 - Small cage
1786CH4 - x =  4.6469 - Small cage
1787CH4 - x =  4.6420 - Small cage
1788CH4 - x =  5.2170 - Small cage
1789CH4 - x =  5.2230 - Small cage
1790CH4 - x =  5.2311 - Small cage
1791CH4 - x =  4.6300 - Small cage
1792CH4 - x =  5.2700 - Small cage
1793CH4 - x =  4.6150 - Irregular cage
1794CH4 - x =  5.1810 - Large cage
1795CH4 - x =  5.3400 - Large cage
1796CH4 - x =  4.6080 - Large cage
1797CH4 - x =  5.2120 - Large cage
1798CH4 - x =  5.1620 - Irregular cage
1799CH4 - x =  5.5760 - Large cage
1800CH4 - x =  5.2620 - Large cage
1801CH4 - x =  4.6930 - Large cage
1802CH4 - x =  4.9500 - Large cage
1803CH4 - x =  5.5910 - Large cage
1804CH4 - x =  4.7320 - Irregular cage
1805CH4 - x =  5.4850 - Large cage
1806CH4 - x =  7.0321 - Small cage
1807CH4 - x =  5.1890 - Irregular cage
1808CH4 - x =  4.9370 - Large cage
1809CH4 - x =  4.9510 - Large cage
1810CH4 - x =  4.9741 - Large cage
1811CH4 - x =  4.6320 - Large cage
1812CH4 - x =  5.2559 - Irregular cage
1813CH4 - x =  4.6831 - Large cage
1814CH4 - x =  5.5821 - Irregular cage
1815CH4 - x =  5.1960 - Large cage
1817CH4 - x =  5.8520 - Small cage
1818CH4 - x =  5.8710 - Small cage
1819CH4 - x =  6.1459 - Irregular cage
1820CH4 - x =  5.8240 - Small cage
1821CH4 - x =  5.8699 - Irregular cage
1822CH4 - x =  5.8560 - Irregular cage
1823CH4 - x =  5.8030 - Irregular cage
1824CH4 - x =  5.8640 - Irregular cage
1825CH4 - x =  5.8811 - Large cage
1826CH4 - x =  5.7700 - Irregular cage
1827CH4 - x =  5.8270 - Large cage
1828CH4 - x =  5.7220 - Irregular cage
1829CH4 - x =  9.9650 - Irregular cage
1831CH4 - x = 11.8161 - Not in a cage
1832CH4 - x = 11.9461 - Not in a cage
1833CH4 - x = 10.6760 - Irregular cage
1834CH4 - x =  8.2570 - Irregular cage
1835CH4 - x =  2.4690 - Irregular cage
1836CH4 - x =  9.3641 - Small cage
1837CH4 - x =  0.4830 - Not in a cage
1839CH4 - x =  7.9750 - Irregular cage
1841CH4 - x = 11.8550 - Irregular cage
1842CH4 - x =  9.3730 - Irregular cage
1843CH4 - x =  6.4530 - Small cage
1844CH4 - x =  0.0160 - Irregular cage
1845CH4 - x =  9.7469 - Irregular cage
1846CH4 - x =  8.8160 - Small cage
1847CH4 - x =  0.0910 - Not in a cage
1848CH4 - x =  7.5860 - Small cage
1849CH4 - x =  9.8930 - Irregular cage
1850CH4 - x =  6.4450 - Irregular cage
1851CH4 - x =  2.0930 - Irregular cage
1852CH4 - x =  0.1751 - Irregular cage
1853CH4 - x =  7.2640 - Irregular cage
1854CH4 - x =  0.3479 - Irregular cage
1856CH4 - x =  9.7061 - Irregular cage
1857CH4 - x =  6.4950 - Irregular cage
1858CH4 - x = 11.9631 - Irregular cage
1859CH4 - x =  8.8000 - Large cage
1860CH4 - x = 10.4090 - Irregular cage
1862CH4 - x =  6.9711 - Irregular cage
1863CH4 - x =  7.6360 - Small cage
1864CH4 - x =  7.3370 - Irregular cage
1866CH4 - x =  7.0560 - Irregular cage
1867CH4 - x =  2.7871 - Irregular cage
1868CH4 - x =  7.0750 - Irregular cage
1869CH4 - x =  2.4800 - Irregular cage
1870CH4 - x = 12.0360 - Irregular cage
1871CH4 - x =  8.2490 - Irregular cage
1872CH4 - x =  1.4600 - Irregular cage
1873CH4 - x =  6.4961 - Large cage
1874CH4 - x =  9.9210 - Interface cage
1877CH4 - x =  2.0900 - Irregular cage
1878CH4 - x =  8.5790 - Irregular cage
1879CH4 - x =  0.9960 - Irregular cage
1880CH4 - x =  9.3510 - Irregular cage
1881CH4 - x = 11.8459 - Not in a cage
1882CH4 - x = 11.6230 - Irregular cage
1883CH4 - x =  2.3590 - Irregular cage
1884CH4 - x =  8.5370 - Large cage
1885CH4 - x =  0.8959 - Irregular cage
1886CH4 - x = 10.4290 - Irregular cage
1889CH4 - x =  9.1009 - Large cage
1890CH4 - x = 11.9000 - Irregular cage
1892CH4 - x = 10.5601 - Not in a cage
1893CH4 - x =  7.0490 - Large cage
1895CH4 - x =  6.1260 - Large cage
1896CH4 - x = 10.8080 - Not in a cage
1897CH4 - x =  2.4550 - Irregular cage
1899CH4 - x =  6.4659 - Large cage
1900CH4 - x =  9.3520 - Irregular cage
1901CH4 - x =  9.6960 - Irregular cage
1902CH4 - x =  7.6399 - Irregular cage
1903CH4 - x = 10.8620 - Not in a cage
1904CH4 - x = 11.6290 - Irregular cage
1905CH4 - x =  7.6631 - Irregular cage
1906CH4 - x =  9.6860 - Irregular cage
1907CH4 - x =  9.8830 - Irregular cage
1908CH4 - x =  2.1140 - Interface cage
1909CH4 - x =  0.7290 - Irregular cage
1910CH4 - x =  1.3680 - Interface cage
1911CH4 - x =  7.6599 - Irregular cage
1912CH4 - x =  7.1040 - Irregular cage
1913CH4 - x =  7.0010 - Irregular cage
1914CH4 - x =  9.4350 - Irregular cage
1915CH4 - x = 11.9390 - Not in a cage
1916CH4 - x = 10.7390 - Irregular cage
1918CH4 - x =  8.1880 - Irregular cage
1919CH4 - x =  9.1190 - Irregular cage
1920CH4 - x =  8.2230 - Irregular cage
1921CH4 - x = 10.8950 - Irregular cage
1923CH4 - x =  6.4571 - Irregular cage
1924CH4 - x = 11.8899 - Not in a cage
1925CH4 - x = 10.6960 - Not in a cage
1926CH4 - x = 11.6200 - Irregular cage
1927CH4 - x =  9.4459 - Large cage
1929CH4 - x =  1.6480 - Irregular cage
1930CH4 - x = 10.7510 - Irregular cage
1932CH4 - x = 10.5910 - Irregular cage
1933CH4 - x =  9.1390 - Large cage
1934CH4 - x =  1.9560 - Small cage
1936CH4 - x =  0.8360 - Interface cage
1937CH4 - x =  8.9200 - Irregular cage
1938CH4 - x = 10.7101 - Irregular cage
1939CH4 - x = 10.7350 - Irregular cage
1941CH4 - x = 10.8009 - Irregular cage
1942CH4 - x = 11.7760 - Irregular cage
1943CH4 - x = 11.5630 - Irregular cage
1946CH4 - x =  8.8320 - Irregular cage
1947CH4 - x =  8.8149 - Small cage
1949CH4 - x =  7.6120 - Small cage
1950CH4 - x = 11.7780 - Not in a cage
1951CH4 - x =  7.3780 - Irregular cage
1953CH4 - x =  0.5040 - Irregular cage
1954CH4 - x = 12.0060 - Not in a cage
1955CH4 - x =  6.3690 - Large cage
1956CH4 - x =  1.5810 - Irregular cage
1959CH4 - x =  0.0500 - Not in a cage
1960CH4 - x = 10.3140 - Interface cage
1963CH4 - x = 11.8690 - Irregular cage
1964CH4 - x = 11.8220 - Not in a cage
1965CH4 - x =  1.5740 - Interface cage
1966CH4 - x =  1.1989 - Irregular cage
1967CH4 - x = 11.9590 - Irregular cage
1970CH4 - x =  1.8900 - Irregular cage
1972CH4 - x =  6.4071 - Large cage
1974CH4 - x = 11.4741 - Irregular cage
1975CH4 - x =  1.2250 - Irregular cage
1976CH4 - x =  9.9910 - Irregular cage
1979CH4 - x =  0.7960 - Not in a cage
1980CH4 - x =  6.4551 - Irregular cage
1981CH4 - x =  8.8410 - Small cage
1982CH4 - x =  6.7460 - Large cage
1983CH4 - x = 10.6240 - Not in a cage
1984CH4 - x = 10.8439 - Irregular cage
1985CH4 - x =  9.4420 - Irregular cage
1986CH4 - x = 10.3560 - Irregular cage
1987CH4 - x = 10.4291 - Irregular cage
1988CH4 - x =  1.9681 - Irregular cage
Done. Elapsed time: 46.769 s
Total time 60.432 s

Small cages: 30 found
Large cages: 59 found
Interface cages: 9 found
Irregular cages: 155 found

-------------------- FRAME  222 --------------------

Computing AOP ...
Done. Elapsed time: 13.569 s

Computing neighbours with low AOP and hydrogen bonds ...
1657CH4 - x =  4.1812 - Large cage
1658CH4 - x =  8.3138 - Irregular cage
1659CH4 - x =  3.2434 - Irregular cage
1660CH4 - x =  2.6461 - Irregular cage
1661CH4 - x =  8.5862 - Irregular cage
1662CH4 - x =  4.6743 - Irregular cage
1663CH4 - x =  3.3167 - Small cage
1665CH4 - x =  7.3134 - Large cage
1666CH4 - x =  8.5984 - Large cage
1668CH4 - x =  3.8893 - Large cage
1669CH4 - x =  5.0064 - Large cage
1670CH4 - x =  2.8568 - Irregular cage
1671CH4 - x =  0.2591 - Not in a cage
1672CH4 - x =  9.7663 - Irregular cage
1673CH4 - x = 10.8318 - Irregular cage
1674CH4 - x =  9.1086 - Large cage
1675CH4 - x =  3.3160 - Small cage
1677CH4 - x =  9.6843 - Irregular cage
1679CH4 - x =  2.0079 - Not in a cage
1680CH4 - x =  4.4293 - Large cage
1681CH4 - x =  2.8939 - Irregular cage
1682CH4 - x =  4.7424 - Irregular cage
1684CH4 - x =  3.3196 - Irregular cage
1687CH4 - x =  4.4447 - Irregular cage
1688CH4 - x =  2.8221 - Irregular cage
1690CH4 - x =  7.9657 - Large cage
1691CH4 - x =  8.5698 - Irregular cage
1692CH4 - x =  8.7126 - Irregular cage
1693CH4 - x =  7.9771 - Small cage
1694CH4 - x =  3.2093 - Irregular cage
1695CH4 - x =  3.8433 - Irregular cage
1696CH4 - x =  3.3573 - Irregular cage
1698CH4 - x =  4.7569 - Irregular cage
1699CH4 - x =  4.4476 - Irregular cage
1701CH4 - x =  6.8134 - Irregular cage
1702CH4 - x =  4.4147 - Large cage
1703CH4 - x =  1.6881 - Irregular cage
1704CH4 - x =  4.4070 - Small cage
1705CH4 - x =  3.8423 - Small cage
1706CH4 - x =  9.7012 - Irregular cage
1707CH4 - x = 10.6521 - Not in a cage
1708CH4 - x =  0.0581 - Irregular cage
1710CH4 - x =  4.3338 - Irregular cage
1711CH4 - x =  4.4124 - Large cage
1712CH4 - x =  3.5321 - Irregular cage
1713CH4 - x =  3.8163 - Large cage
1714CH4 - x = 11.0981 - Not in a cage
1716CH4 - x =  4.4440 - Small cage
1718CH4 - x =  3.5238 - Irregular cage
1719CH4 - x =  5.0154 - Large cage
1720CH4 - x =  1.9542 - Irregular cage
1721CH4 - x =  3.5721 - Irregular cage
1722CH4 - x =  0.0873 - Not in a cage
1723CH4 - x =  3.5515 - Small cage
1724CH4 - x = 10.9690 - Not in a cage
1725CH4 - x =  3.8654 - Irregular cage
1732CH4 - x =  4.3845 - Irregular cage
1733CH4 - x =  8.5251 - Large cage
1734CH4 - x =  3.2963 - Small cage
1736CH4 - x =  3.8714 - Irregular cage
1737CH4 - x =  0.3334 - Not in a cage
1738CH4 - x = 10.1695 - Interface cage
1739CH4 - x =  3.8140 - Irregular cage
1740CH4 - x =  7.0955 - Large cage
1741CH4 - x =  2.8251 - Interface cage
1743CH4 - x =  8.5131 - Large cage
1744CH4 - x =  3.8680 - Irregular cage
1745CH4 - x = 11.0392 - Not in a cage
1746CH4 - x =  1.6761 - Interface cage
1747CH4 - x =  4.1667 - Irregular cage
1748CH4 - x =  7.6990 - Irregular cage
1749CH4 - x =  1.0822 - Irregular cage
1750CH4 - x =  3.8114 - Large cage
1752CH4 - x =  3.3056 - Irregular cage
1753CH4 - x = 10.7743 - Irregular cage
1754CH4 - x =  9.1845 - Irregular cage
1755CH4 - x =  1.4804 - Irregular cage
1756CH4 - x =  0.1184 - Irregular cage
1757CH4 - x =  3.2556 - Irregular cage
1758CH4 - x =  0.2893 - Not in a cage
1759CH4 - x =  9.1830 - Irregular cage
1761CH4 - x =  2.7952 - Irregular cage
1762CH4 - x =  2.8723 - Irregular cage
1763CH4 - x =  9.7193 - Irregular cage
1765CH4 - x =  3.3051 - Irregular cage
1766CH4 - x =  7.9827 - Irregular cage
1767CH4 - x =  3.8363 - Irregular cage
1768CH4 - x =  2.5350 - Interface cage
1769CH4 - x =  3.8684 - Irregular cage
1770CH4 - x =  4.4942 - Large cage
1771CH4 - x =  4.6961 - Large cage
1772CH4 - x =  4.1625 - Irregular cage
1773CH4 - x =  0.3123 - Irregular cage
1774CH4 - x =  9.0814 - Irregular cage
1775CH4 - x = 11.1111 - Irregular cage
1776CH4 - x =  2.9005 - Irregular cage
1777CH4 - x = 11.0509 - Irregular cage
1779CH4 - x =  9.7329 - Irregular cage
1780CH4 - x = 10.8849 - Irregular cage
1782CH4 - x =  7.9388 - Irregular cage
1784CH4 - x =  4.4360 - Irregular cage
1785CH4 - x =  5.0183 - Irregular cage
1786CH4 - x =  4.9690 - Small cage
1787CH4 - x =  5.0562 - Small cage
1788CH4 - x =  5.5950 - Small cage
1789CH4 - x =  5.6345 - Irregular cage
1790CH4 - x =  5.6319 - Small cage
1791CH4 - x =  5.0141 - Small cage
1792CH4 - x =  5.5949 - Small cage
1793CH4 - x =  5.0701 - Large cage
1794CH4 - x =  5.5440 - Large cage
1795CH4 - x =  5.5978 - Large cage
1796CH4 - x =  5.0280 - Large cage
1797CH4 - x =  5.6641 - Irregular cage
1798CH4 - x =  5.6926 - Irregular cage
1799CH4 - x =  5.9405 - Large cage
1800CH4 - x =  5.6435 - Large cage
1801CH4 - x =  5.0286 - Large cage
1802CH4 - x =  5.4000 - Large cage
1803CH4 - x =  5.9188 - Large cage
1804CH4 - x =  5.0081 - Large cage
1805CH4 - x =  5.8588 - Irregular cage
1806CH4 - x =  7.3615 - Irregular cage
1807CH4 - x =  5.6211 - Large cage
1808CH4 - x =  5.2448 - Irregular cage
1809CH4 - x =  5.2953 - Large cage
1810CH4 - x =  5.2726 - Large cage
1811CH4 - x =  5.0438 - Irregular cage
1812CH4 - x =  5.6173 - Irregular cage
1813CH4 - x =  4.9401 - Large cage
1814CH4 - x =  5.8825 - Irregular cage
1815CH4 - x =  5.6277 - Large cage
1817CH4 - x =  6.1834 - Small cage
1818CH4 - x =  6.1611 - Small cage
1819CH4 - x =  6.4689 - Large cage
1820CH4 - x =  6.2194 - Small cage
1821CH4 - x =  6.1634 - Irregular cage
1822CH4 - x =  6.2007 - Large cage
1823CH4 - x =  6.2040 - Large cage
1824CH4 - x =  6.1599 - Large cage
1825CH4 - x =  6.1580 - Large cage
1826CH4 - x =  6.1479 - Large cage
1827CH4 - x =  6.2074 - Large cage
1828CH4 - x =  6.2604 - Large cage
1829CH4 - x = 10.9849 - Not in a cage
1830CH4 - x = 10.7565 - Irregular cage
1831CH4 - x = 10.8043 - Irregular cage
1833CH4 - x = 12.8549 - Irregular cage
1834CH4 - x =  8.5882 - Large cage
1835CH4 - x =  2.4268 - Irregular cage
1836CH4 - x =  9.7195 - Interface cage
1838CH4 - x = 10.4912 - Irregular cage
1839CH4 - x =  8.2980 - Irregular cage
1840CH4 - x =  0.2957 - Not in a cage
1841CH4 - x = 10.8230 - Irregular cage
1842CH4 - x =  9.8035 - Irregular cage
1843CH4 - x =  6.8172 - Small cage
1845CH4 - x = 10.0228 - Irregular cage
1846CH4 - x =  9.1680 - Small cage
1847CH4 - x =  0.2215 - Irregular cage
1848CH4 - x =  7.9758 - Small cage
1850CH4 - x =  6.7626 - Irregular cage
1851CH4 - x =  2.2409 - Irregular cage
1852CH4 - x =  1.4961 - Not in a cage
1853CH4 - x =  7.7219 - Large cage
1857CH4 - x =  6.7524 - Large cage
1859CH4 - x =  9.2486 - Irregular cage
1860CH4 - x =  0.4602 - Irregular cage
1862CH4 - x =  7.3955 - Large cage
1863CH4 - x =  8.0024 - Irregular cage
1864CH4 - x =  7.6258 - Small cage
1866CH4 - x =  7.3688 - Large cage
1867CH4 - x =  3.2353 - Irregular cage
1868CH4 - x =  7.4026 - Small cage
1869CH4 - x =  3.0051 - Irregular cage
1871CH4 - x =  8.5314 - Large cage
1872CH4 - x =  1.5593 - Irregular cage
1873CH4 - x =  6.8271 - Irregular cage
1874CH4 - x = 10.8753 - Irregular cage
1877CH4 - x =  1.7801 - Interface cage
1878CH4 - x =  8.8800 - Large cage
1879CH4 - x =  2.3648 - Irregular cage
1880CH4 - x =  9.7374 - Irregular cage
1883CH4 - x =  2.8511 - Interface cage
1884CH4 - x =  8.9198 - Large cage
1885CH4 - x =  2.4934 - Irregular cage
1887CH4 - x = 11.1614 - Irregular cage
1889CH4 - x =  9.4516 - Irregular cage
1893CH4 - x =  7.4008 - Irregular cage
1894CH4 - x =  0.2604 - Not in a cage
1895CH4 - x =  6.4896 - Large cage
1897CH4 - x =  2.7640 - Irregular cage
1899CH4 - x =  6.8279 - Large cage
1900CH4 - x =  9.6669 - Irregular cage
1902CH4 - x =  8.0023 - Irregular cage
1903CH4 - x =  1.2222 - Not in a cage
1904CH4 - x =  0.6731 - Irregular cage
1905CH4 - x =  7.9257 - Irregular cage
1906CH4 - x =  0.3590 - Irregular cage
1907CH4 - x =  0.1424 - Not in a cage
1909CH4 - x =  0.4005 - Irregular cage
1911CH4 - x =  7.8973 - Large cage
1912CH4 - x =  7.4029 - Irregular cage
1913CH4 - x =  7.3759 - Irregular cage
1914CH4 - x =  9.7966 - Irregular cage
1916CH4 - x = 10.7416 - Not in a cage
1918CH4 - x =  8.5702 - Small cage
1919CH4 - x =  9.4822 - Large cage
1920CH4 - x =  8.5346 - Small cage
1922CH4 - x = 10.8016 - Not in a cage
1923CH4 - x =  6.7986 - Small cage
1926CH4 - x =  1.4462 - Irregular cage
1927CH4 - x =  9.8008 - Irregular cage
1929CH4 - x =  2.5142 - Irregular cage
1931CH4 - x =  0.6109 - Interface cage
1932CH4 - x = 11.0003 - Irregular cage
1933CH4 - x =  9.5070 - Irregular cage
1934CH4 - x =  1.9169 - Irregular cage
1937CH4 - x =  9.1252 - Large cage
1942CH4 - x = 11.0169 - Irregular cage
1944CH4 - x = 10.9810 - Irregular cage
1945CH4 - x =  0.5186 - Not in a cage
1946CH4 - x =  9.2303 - Irregular cage
1947CH4 - x =  9.1738 - Small cage
1949CH4 - x =  8.0059 - Irregular cage
1951CH4 - x =  7.7265 - Irregular cage
1953CH4 - x =  0.3191 - Not in a cage
1955CH4 - x =  6.8502 - Large cage
1961CH4 - x =  0.2974 - Irregular cage
1962CH4 - x = 10.3632 - Irregular cage
1965CH4 - x =  0.4687 - Not in a cage
1966CH4 - x =  1.4519 - Irregular cage
1968CH4 - x =  0.3211 - Irregular cage
1969CH4 - x = 11.0508 - Not in a cage
1970CH4 - x =  2.5588 - Irregular cage
1971CH4 - x = 10.9010 - Irregular cage
1972CH4 - x =  6.7779 - Irregular cage
1974CH4 - x =  2.3631 - Not in a cage
1975CH4 - x = 11.1544 - Irregular cage
1977CH4 - x = 10.7136 - Not in a cage
1980CH4 - x =  6.7070 - Irregular cage
1981CH4 - x =  9.1783 - Small cage
1982CH4 - x =  7.0565 - Large cage
1984CH4 - x = 10.8478 - Irregular cage
1985CH4 - x =  9.7265 - Small cage
1988CH4 - x =  0.3857 - Irregular cage
Done. Elapsed time: 42.634 s
Total time 56.377 s

Small cages: 28 found
Large cages: 56 found
Interface cages: 8 found
Irregular cages: 131 found

-------------------- FRAME  444 --------------------

Computing AOP ...
Done. Elapsed time: 13.523 s

Computing neighbours with low AOP and hydrogen bonds ...
1657CH4 - x =  4.2763 - Large cage
1658CH4 - x =  8.3618 - Irregular cage
1659CH4 - x =  3.3120 - Small cage
1660CH4 - x =  1.5999 - Irregular cage
1661CH4 - x =  8.6211 - Irregular cage
1662CH4 - x =  4.8702 - Irregular cage
1663CH4 - x =  3.4075 - Irregular cage
1665CH4 - x =  7.5233 - Irregular cage
1666CH4 - x =  8.7221 - Large cage
1668CH4 - x =  4.0337 - Irregular cage
1669CH4 - x =  5.2116 - Irregular cage
1670CH4 - x =  3.0308 - Interface cage
1672CH4 - x =  9.9198 - Interface cage
1673CH4 - x =  0.6242 - Irregular cage
1674CH4 - x =  9.2850 - Irregular cage
1675CH4 - x =  3.4339 - Irregular cage
1677CH4 - x = 10.9890 - Irregular cage
1678CH4 - x = 11.0420 - Irregular cage
1680CH4 - x =  4.6279 - Large cage
1681CH4 - x =  2.5832 - Interface cage
1682CH4 - x =  4.8304 - Large cage
1683CH4 - x = 10.6083 - Irregular cage
1684CH4 - x =  3.4607 - Small cage
1686CH4 - x = 10.8656 - Irregular cage
1687CH4 - x =  4.5302 - Irregular cage
1688CH4 - x = 10.8631 - Not in a cage
1690CH4 - x =  8.0780 - Irregular cage
1691CH4 - x =  8.6615 - Large cage
1692CH4 - x =  8.6400 - Irregular cage
1693CH4 - x =  8.1440 - Irregular cage
1694CH4 - x =  3.4057 - Irregular cage
1695CH4 - x =  3.9525 - Irregular cage
1696CH4 - x =  3.4493 - Small cage
1697CH4 - x =  0.6628 - Not in a cage
1698CH4 - x =  4.9259 - Large cage
1699CH4 - x =  4.5629 - Small cage
1701CH4 - x =  6.8723 - Irregular cage
1702CH4 - x =  4.5352 - Irregular cage
1704CH4 - x =  4.5845 - Small cage
1705CH4 - x =  3.9723 - Small cage
1706CH4 - x =  9.7932 - Irregular cage
1707CH4 - x =  0.1671 - Irregular cage
1709CH4 - x = 11.1302 - Not in a cage
1710CH4 - x =  4.4761 - Irregular cage
1711CH4 - x =  4.5648 - Large cage
1712CH4 - x =  3.6133 - Irregular cage
1713CH4 - x =  3.8743 - Irregular cage
1715CH4 - x =  0.5316 - Not in a cage
1716CH4 - x =  4.5634 - Small cage
1718CH4 - x =  3.6720 - Irregular cage
1719CH4 - x =  5.1702 - Large cage
1721CH4 - x =  3.6907 - Irregular cage
1723CH4 - x =  3.5800 - Irregular cage
1725CH4 - x =  4.0108 - Small cage
1728CH4 - x =  0.9968 - Interface cage
1730CH4 - x =  0.7054 - Not in a cage
1732CH4 - x =  4.4809 - Irregular cage
1733CH4 - x =  8.7402 - Large cage
1734CH4 - x =  3.3179 - Small cage
1736CH4 - x =  3.9399 - Irregular cage
1737CH4 - x = 10.8762 - Not in a cage
1739CH4 - x =  3.9699 - Large cage
1740CH4 - x =  7.2906 - Large cage
1741CH4 - x =  2.9755 - Irregular cage
1743CH4 - x =  8.7664 - Irregular cage
1744CH4 - x =  3.9082 - Large cage
1746CH4 - x = 11.2367 - Irregular cage
1747CH4 - x =  4.3106 - Large cage
1748CH4 - x =  7.7797 - Large cage
1749CH4 - x = 10.9183 - Irregular cage
1750CH4 - x =  3.9776 - Large cage
1752CH4 - x =  3.4668 - Small cage
1753CH4 - x =  1.7735 - Not in a cage
1754CH4 - x =  9.2939 - Large cage
1757CH4 - x =  3.2426 - Irregular cage
1758CH4 - x =  2.3075 - Interface cage
1759CH4 - x =  9.2437 - Large cage
1760CH4 - x =  0.4788 - Irregular cage
1761CH4 - x =  2.6547 - Interface cage
1762CH4 - x =  3.0235 - Irregular cage
1765CH4 - x =  3.4900 - Small cage
1766CH4 - x =  8.0614 - Irregular cage
1767CH4 - x =  4.0185 - Irregular cage
1768CH4 - x =  0.5302 - Not in a cage
1769CH4 - x =  3.9841 - Small cage
1770CH4 - x =  4.6290 - Large cage
1771CH4 - x =  4.8429 - Large cage
1772CH4 - x =  4.2676 - Large cage
1773CH4 - x = 11.0065 - Irregular cage
1774CH4 - x =  9.2688 - Large cage
1775CH4 - x =  0.2802 - Not in a cage
1776CH4 - x =  2.9196 - Irregular cage
1777CH4 - x = 11.3020 - Not in a cage
1778CH4 - x = 10.8269 - Not in a cage
1779CH4 - x =  9.8052 - Irregular cage
1782CH4 - x =  8.1538 - Large cage
1783CH4 - x =  0.6069 - Not in a cage
1784CH4 - x =  4.5311 - Irregular cage
1785CH4 - x =  5.1643 - Small cage
1786CH4 - x =  5.1211 - Small cage
1787CH4 - x =  5.1475 - Small cage
1788CH4 - x =  5.7576 - Small cage
1789CH4 - x =  5.7236 - Irregular cage
1790CH4 - x =  5.7347 - Small cage
1791CH4 - x =  5.1424 - Irregular cage
1792CH4 - x =  5.7062 - Irregular cage
1793CH4 - x =  5.1663 - Large cage
1794CH4 - x =  5.7197 - Large cage
1795CH4 - x =  5.8048 - Large cage
1796CH4 - x =  5.1611 - Large cage
1797CH4 - x =  5.6928 - Large cage
1798CH4 - x =  5.8000 - Irregular cage
1799CH4 - x =  6.0871 - Large cage
1800CH4 - x =  5.6382 - Irregular cage
1801CH4 - x =  5.1433 - Large cage
1802CH4 - x =  5.4921 - Large cage
1803CH4 - x =  6.0447 - Large cage
1804CH4 - x =  5.1447 - Irregular cage
1805CH4 - x =  6.0265 - Irregular cage
1806CH4 - x =  7.5097 - Irregular cage
1807CH4 - x =  5.6824 - Irregular cage
1808CH4 - x =  5.3697 - Irregular cage
1809CH4 - x =  5.4616 - Large cage
1810CH4 - x =  5.4930 - Large cage
1811CH4 - x =  5.0899 - Irregular cage
1812CH4 - x =  5.7079 - Large cage
1813CH4 - x =  5.1368 - Irregular cage
1814CH4 - x =  6.0226 - Large cage
1815CH4 - x =  5.7491 - Large cage
1816CH4 - x = 11.2691 - Not in a cage
1817CH4 - x =  6.3562 - Irregular cage
1818CH4 - x =  6.3709 - Irregular cage
1819CH4 - x =  6.6442 - Large cage
1820CH4 - x =  6.3364 - Irregular cage
1821CH4 - x =  6.4314 - Irregular cage
1822CH4 - x =  6.3338 - Irregular cage
1823CH4 - x =  6.3135 - Irregular cage
1824CH4 - x =  6.2983 - Irregular cage
1825CH4 - x =  6.3202 - Irregular cage
1826CH4 - x =  6.3454 - Irregular cage
1827CH4 - x =  6.3670 - Irregular cage
1828CH4 - x =  6.3590 - Irregular cage
1829CH4 - x =  2.0083 - Irregular cage
1830CH4 - x =  0.5280 - Not in a cage
1832CH4 - x =  0.5328 - Irregular cage
1834CH4 - x =  8.6288 - Large cage
1836CH4 - x =  9.8313 - Irregular cage
1837CH4 - x =  1.0801 - Not in a cage
1839CH4 - x =  8.3574 - Irregular cage
1840CH4 - x = 10.8489 - Not in a cage
1842CH4 - x =  9.8792 - Irregular cage
1843CH4 - x =  6.9724 - Small cage
1846CH4 - x =  9.2673 - Small cage
1848CH4 - x =  8.0871 - Small cage
1850CH4 - x =  6.9655 - Irregular cage
1851CH4 - x =  2.7042 - Irregular cage
1852CH4 - x =  2.1113 - Irregular cage
1853CH4 - x =  7.8207 - Large cage
1855CH4 - x =  9.8397 - Interface cage
1856CH4 - x = 10.2342 - Irregular cage
1857CH4 - x =  6.9357 - Irregular cage
1859CH4 - x =  9.2281 - Large cage
1862CH4 - x =  7.5236 - Large cage
1863CH4 - x =  8.0876 - Small cage
1864CH4 - x =  7.7994 - Large cage
1866CH4 - x =  7.5240 - Irregular cage
1867CH4 - x =  3.2875 - Irregular cage
1868CH4 - x =  7.5460 - Irregular cage
1869CH4 - x =  2.9934 - Irregular cage
1870CH4 - x = 11.1996 - Irregular cage
1871CH4 - x =  8.6534 - Large cage
1873CH4 - x =  6.9012 - Large cage
1877CH4 - x =  0.1578 - Not in a cage
1878CH4 - x =  9.0296 - Large cage
1879CH4 - x = 10.9817 - Irregular cage
1880CH4 - x =  9.8115 - Interface cage
1881CH4 - x =  0.2973 - Irregular cage
1883CH4 - x =  3.0552 - Irregular cage
1884CH4 - x =  8.9561 - Irregular cage
1885CH4 - x =  1.9101 - Not in a cage
1887CH4 - x = 10.7906 - Not in a cage
1889CH4 - x =  9.5366 - Irregular cage
1890CH4 - x = 11.0789 - Irregular cage
1891CH4 - x =  0.8458 - Irregular cage
1892CH4 - x = 11.0822 - Irregular cage
1893CH4 - x =  7.4464 - Irregular cage
1894CH4 - x =  0.2977 - Irregular cage
1895CH4 - x =  6.6817 - Large cage
1897CH4 - x =  2.8979 - Irregular cage
1899CH4 - x =  6.8741 - Large cage
1900CH4 - x =  9.8766 - Irregular cage
1902CH4 - x =  8.0769 - Small cage
1903CH4 - x = 11.1723 - Irregular cage
1904CH4 - x =  0.7212 - Irregular cage
1905CH4 - x =  8.1385 - Irregular cage
1908CH4 - x = 11.0461 - Not in a cage
1910CH4 - x =  0.2487 - Irregular cage
1911CH4 - x =  8.1173 - Irregular cage
1912CH4 - x =  7.5549 - Large cage
1913CH4 - x =  7.5073 - Small cage
1914CH4 - x =  9.9401 - Irregular cage
1918CH4 - x =  8.7195 - Small cage
1919CH4 - x =  9.6318 - Irregular cage
1920CH4 - x =  8.6642 - Irregular cage
1923CH4 - x =  6.9152 - Small cage
1927CH4 - x =  9.8662 - Irregular cage
1933CH4 - x =  9.5420 - Small cage
1935CH4 - x =  0.6106 - Not in a cage
1937CH4 - x =  9.3430 - Large cage
1939CH4 - x =  0.5881 - Not in a cage
1942CH4 - x =  0.6197 - Irregular cage
1946CH4 - x =  9.3103 - Large cage
1947CH4 - x =  9.2910 - Small cage
1948CH4 - x =  0.1340 - Irregular cage
1949CH4 - x =  8.1063 - Irregular cage
1951CH4 - x =  7.7716 - Large cage
1952CH4 - x =  0.1686 - Irregular cage
1955CH4 - x =  7.0011 - Irregular cage
1958CH4 - x =  0.6878 - Not in a cage
1961CH4 - x = 11.1499 - Irregular cage
1962CH4 - x =  0.4162 - Irregular cage
1963CH4 - x = 11.1844 - Irregular cage
1967CH4 - x = 10.9098 - Irregular cage
1968CH4 - x =  0.9632 - Irregular cage
1970CH4 - x =  0.3832 - Not in a cage
1971CH4 - x =  0.5233 - Irregular cage
1972CH4 - x =  6.9722 - Irregular cage
1973CH4 - x =  0.4546 - Irregular cage
1974CH4 - x =  1.9571 - Irregular cage
1980CH4 - x =  6.8848 - Irregular cage
1981CH4 - x =  9.2573 - Small cage
1982CH4 - x =  7.1913 - Large cage
1984CH4 - x =  0.3668 - Irregular cage
1985CH4 - x =  9.7937 - Irregular cage
Done. Elapsed time: 40.767 s
Total time 54.461 s

Small cages: 28 found
Large cages: 52 found
Interface cages: 8 found
Irregular cages: 122 found

-------------------- FRAME  666 --------------------

Computing AOP ...
Done. Elapsed time: 14.120 s

Computing neighbours with low AOP and hydrogen bonds ...
1657CH4 - x =  4.3061 - Irregular cage
1658CH4 - x =  8.4126 - Large cage
1660CH4 - x = 11.1082 - Irregular cage
1661CH4 - x =  8.7499 - Large cage
1662CH4 - x =  4.8653 - Large cage
1663CH4 - x =  3.4396 - Irregular cage
1665CH4 - x =  7.5769 - Large cage
1666CH4 - x =  8.7445 - Large cage
1668CH4 - x =  3.9985 - Large cage
1669CH4 - x =  5.1637 - Large cage
1670CH4 - x =  3.0803 - Irregular cage
1671CH4 - x = 10.5498 - Irregular cage
1672CH4 - x =  9.9663 - Irregular cage
1673CH4 - x =  2.2303 - Not in a cage
1674CH4 - x =  9.3582 - Irregular cage
1675CH4 - x =  3.4321 - Irregular cage
1678CH4 - x =  0.4674 - Not in a cage
1680CH4 - x =  4.6454 - Large cage
1681CH4 - x =  3.1369 - Irregular cage
1682CH4 - x =  4.8967 - Large cage
1684CH4 - x =  3.3876 - Large cage
1687CH4 - x =  4.6167 - Irregular cage
1688CH4 - x = 10.2029 - Irregular cage
1690CH4 - x =  8.1223 - Irregular cage
1691CH4 - x =  8.7826 - Large cage
1692CH4 - x =  8.8181 - Irregular cage
1693CH4 - x =  8.0765 - Large cage
1694CH4 - x =  3.4578 - Irregular cage
1695CH4 - x =  3.9361 - Small cage
1696CH4 - x =  3.4250 - Irregular cage
1697CH4 - x = 10.1803 - Interface cage
1698CH4 - x =  4.8616 - Large cage
1699CH4 - x =  4.6415 - Irregular cage
1700CH4 - x = 10.9768 - Not in a cage
1701CH4 - x =  6.9406 - Large cage
1702CH4 - x =  4.6316 - Irregular cage
1703CH4 - x = 11.2001 - Irregular cage
1704CH4 - x =  4.5656 - Small cage
1705CH4 - x =  4.0272 - Small cage
1706CH4 - x =  9.9670 - Irregular cage
1710CH4 - x =  4.5305 - Large cage
1711CH4 - x =  4.5472 - Irregular cage
1712CH4 - x =  3.6497 - Irregular cage
1713CH4 - x =  4.0123 - Large cage
1715CH4 - x =  1.7680 - Irregular cage
1716CH4 - x =  4.5674 - Irregular cage
1718CH4 - x =  3.6495 - Irregular cage
1719CH4 - x =  5.1316 - Large cage
1720CH4 - x =  0.3421 - Irregular cage
1721CH4 - x =  3.7096 - Irregular cage
1722CH4 - x = 11.0113 - Irregular cage
1723CH4 - x =  3.7018 - Large cage
1725CH4 - x =  3.9917 - Small cage
1726CH4 - x =  0.4948 - Not in a cage
1727CH4 - x = 10.7853 - Not in a cage
1729CH4 - x =  2.8922 - Interface cage
1730CH4 - x = 11.3445 - Irregular cage
1732CH4 - x =  4.5339 - Large cage
1733CH4 - x =  8.6877 - Irregular cage
1734CH4 - x =  3.3492 - Small cage
1735CH4 - x = 10.9300 - Irregular cage
1736CH4 - x =  4.0110 - Large cage
1738CH4 - x = 11.0976 - Not in a cage
1739CH4 - x =  4.0848 - Irregular cage
1740CH4 - x =  7.2364 - Irregular cage
1741CH4 - x =  2.8843 - Interface cage
1742CH4 - x =  0.4957 - Not in a cage
1743CH4 - x =  8.8578 - Irregular cage
1744CH4 - x =  3.9375 - Irregular cage
1747CH4 - x =  4.3075 - Irregular cage
1748CH4 - x =  7.8279 - Large cage
1749CH4 - x =  0.5366 - Irregular cage
1750CH4 - x =  3.8883 - Irregular cage
1752CH4 - x =  3.4432 - Large cage
1753CH4 - x =  2.8566 - Irregular cage
1754CH4 - x =  9.4060 - Irregular cage
1757CH4 - x =  3.3769 - Irregular cage
1759CH4 - x =  9.2661 - Large cage
1760CH4 - x =  0.9783 - Not in a cage
1761CH4 - x =  3.3778 - Small cage
1762CH4 - x =  3.0722 - Irregular cage
1765CH4 - x =  3.3102 - Large cage
1766CH4 - x =  8.2149 - Large cage
1767CH4 - x =  4.0989 - Irregular cage
1769CH4 - x =  3.9856 - Small cage
1770CH4 - x =  4.6085 - Irregular cage
1771CH4 - x =  4.8718 - Small cage
1772CH4 - x =  4.2896 - Large cage
1774CH4 - x =  9.2849 - Irregular cage
1775CH4 - x =  0.9579 - Not in a cage
1776CH4 - x =  1.7933 - Irregular cage
1777CH4 - x =  0.2483 - Irregular cage
1778CH4 - x =  0.4574 - Not in a cage
1779CH4 - x =  9.9182 - Irregular cage
1780CH4 - x = 10.8586 - Not in a cage
1781CH4 - x = 11.1910 - Irregular cage
1782CH4 - x =  8.2249 - Irregular cage
1783CH4 - x = 11.2345 - Irregular cage
1784CH4 - x =  4.5466 - Large cage
1785CH4 - x =  5.1929 - Small cage
1786CH4 - x =  5.1561 - Irregular cage
1787CH4 - x =  5.1759 - Small cage
1788CH4 - x =  5.7472 - Irregular cage
1789CH4 - x =  5.7749 - Irregular cage
1790CH4 - x =  5.7500 - Small cage
1791CH4 - x =  5.1454 - Small cage
1792CH4 - x =  5.7820 - Irregular cage
1793CH4 - x =  5.1574 - Irregular cage
1794CH4 - x =  5.7772 - Large cage
1795CH4 - x =  5.7575 - Irregular cage
1796CH4 - x =  5.1244 - Irregular cage
1797CH4 - x =  5.8268 - Irregular cage
1798CH4 - x =  5.7449 - Irregular cage
1799CH4 - x =  6.0740 - Irregular cage
1800CH4 - x =  5.8144 - Irregular cage
1801CH4 - x =  5.0768 - Irregular cage
1802CH4 - x =  5.4804 - Irregular cage
1803CH4 - x =  6.0357 - Large cage
1804CH4 - x =  5.2621 - Irregular cage
1805CH4 - x =  6.0624 - Large cage
1806CH4 - x =  7.5296 - Small cage
1807CH4 - x =  5.7776 - Irregular cage
1808CH4 - x =  5.4704 - Irregular cage
1809CH4 - x =  5.5295 - Irregular cage
1810CH4 - x =  5.4551 - Irregular cage
1811CH4 - x =  5.2759 - Irregular cage
1812CH4 - x =  5.7881 - Irregular cage
1813CH4 - x =  5.1090 - Irregular cage
1814CH4 - x =  6.0970 - Irregular cage
1815CH4 - x =  5.8057 - Irregular cage
1817CH4 - x =  6.3690 - Small cage
1818CH4 - x =  6.3520 - Small cage
1819CH4 - x =  6.6276 - Large cage
1820CH4 - x =  6.3819 - Small cage
1821CH4 - x =  6.3003 - Irregular cage
1822CH4 - x =  6.4056 - Irregular cage
1823CH4 - x =  6.3806 - Large cage
1824CH4 - x =  6.2936 - Irregular cage
1825CH4 - x =  6.3277 - Large cage
1826CH4 - x =  6.3573 - Irregular cage
1827CH4 - x =  6.2981 - Large cage
1828CH4 - x =  6.3542 - Large cage
1834CH4 - x =  8.7347 - Large cage
1836CH4 - x =  9.8849 - Irregular cage
1837CH4 - x = 10.9796 - Irregular cage
1839CH4 - x =  8.4843 - Large cage
1842CH4 - x =  9.9764 - Irregular cage
1843CH4 - x =  6.9496 - Small cage
1844CH4 - x =  0.3330 - Irregular cage
1846CH4 - x =  9.3270 - Irregular cage
1848CH4 - x =  8.1806 - Small cage
1850CH4 - x =  6.9876 - Small cage
1851CH4 - x =  2.7466 - Irregular cage
1852CH4 - x =  1.8030 - Irregular cage
1853CH4 - x =  7.8361 - Irregular cage
1854CH4 - x = 11.0716 - Not in a cage
1855CH4 - x =  9.9544 - Irregular cage
1856CH4 - x =  9.9184 - Irregular cage
1857CH4 - x =  7.0179 - Irregular cage
1859CH4 - x =  9.4002 - Irregular cage
1861CH4 - x = 11.2107 - Irregular cage
1862CH4 - x =  7.5333 - Large cage
1863CH4 - x =  8.1088 - Small cage
1864CH4 - x =  7.8853 - Large cage
1866CH4 - x =  7.4921 - Large cage
1867CH4 - x =  3.4738 - Irregular cage
1868CH4 - x =  7.5692 - Small cage
1870CH4 - x = 11.2463 - Irregular cage
1871CH4 - x =  8.7511 - Large cage
1873CH4 - x =  6.9416 - Large cage
1875CH4 - x = 11.0575 - Not in a cage
1876CH4 - x =  0.6314 - Not in a cage
1878CH4 - x =  9.0311 - Irregular cage
1879CH4 - x = 11.1621 - Not in a cage
1880CH4 - x =  9.9766 - Small cage
1882CH4 - x = 11.2820 - Not in a cage
1883CH4 - x = 11.1545 - Irregular cage
1884CH4 - x =  9.0614 - Large cage
1885CH4 - x =  0.3448 - Irregular cage
1888CH4 - x =  3.4632 - Irregular cage
1889CH4 - x =  9.5881 - Irregular cage
1891CH4 - x =  2.0469 - Irregular cage
1893CH4 - x =  7.4768 - Irregular cage
1895CH4 - x =  6.6900 - Large cage
1896CH4 - x = 10.4773 - Irregular cage
1898CH4 - x = 10.9516 - Not in a cage
1899CH4 - x =  6.9710 - Irregular cage
1900CH4 - x =  9.9050 - Irregular cage
1902CH4 - x =  8.1558 - Small cage
1903CH4 - x =  0.5607 - Irregular cage
1904CH4 - x =  0.5668 - Irregular cage
1905CH4 - x =  8.1552 - Large cage
1908CH4 - x =  0.3815 - Irregular cage
1910CH4 - x =  0.3994 - Irregular cage
1911CH4 - x =  8.1254 - Irregular cage
1912CH4 - x =  7.5627 - Irregular cage
1913CH4 - x =  7.5778 - Small cage
1914CH4 - x =  9.9495 - Irregular cage
1916CH4 - x = 10.4015 - Irregular cage
1917CH4 - x = 10.1582 - Interface cage
1918CH4 - x =  8.7580 - Small cage
1919CH4 - x =  9.6279 - Large cage
1920CH4 - x =  8.7250 - Small cage
1922CH4 - x =  0.2944 - Irregular cage
1923CH4 - x =  6.9695 - Irregular cage
1926CH4 - x =  0.6814 - Not in a cage
1927CH4 - x =  9.9627 - Irregular cage
1928CH4 - x =  2.2725 - Irregular cage
1933CH4 - x =  9.6690 - Irregular cage
1935CH4 - x = 11.0632 - Irregular cage
1937CH4 - x =  9.3413 - Large cage
1938CH4 - x = 11.0956 - Not in a cage
1942CH4 - x =  1.8427 - Irregular cage
1946CH4 - x =  9.3885 - Large cage
1947CH4 - x =  9.3290 - Small cage
1948CH4 - x = 10.8408 - Irregular cage
1949CH4 - x =  8.1391 - Small cage
1951CH4 - x =  7.9039 - Large cage
1952CH4 - x =  0.4296 - Irregular cage
1954CH4 - x = 10.2370 - Irregular cage
1955CH4 - x =  6.9587 - Large cage
1957CH4 - x =  0.6061 - Irregular cage
1961CH4 - x =  0.7455 - Irregular cage
1963CH4 - x =  2.7658 - Interface cage
1964CH4 - x = 10.5254 - Interface cage
1967CH4 - x = 11.3424 - Irregular cage
1970CH4 - x =  0.7310 - Irregular cage
1972CH4 - x =  6.9141 - Irregular cage
1974CH4 - x =  3.1304 - Irregular cage
1975CH4 - x =  2.6830 - Interface cage
1977CH4 - x =  0.2456 - Irregular cage
1980CH4 - x =  6.9825 - Large cage
1981CH4 - x =  9.3337 - Irregular cage
1982CH4 - x =  7.2491 - Irregular cage
1983CH4 - x =  0.4545 - Irregular cage
1985CH4 - x =  9.9648 - Irregular cage
1987CH4 - x =  0.4590 - Irregular cage
Done. Elapsed time: 42.084 s
Total time 56.372 s

Small cages: 28 found
Large cages: 51 found
Interface cages: 7 found
Irregular cages: 132 found

-------------------- FRAME  888 --------------------

Computing AOP ...
Done. Elapsed time: 14.390 s

Computing neighbours with low AOP and hydrogen bonds ...
1657CH4 - x =  4.2307 - Large cage
1658CH4 - x =  8.3681 - Large cage
1659CH4 - x =  0.3110 - Irregular cage
1661CH4 - x =  8.7629 - Irregular cage
1662CH4 - x =  4.8567 - Irregular cage
1663CH4 - x =  3.3651 - Irregular cage
1665CH4 - x =  7.4655 - Large cage
1666CH4 - x =  8.7187 - Large cage
1667CH4 - x = 11.0976 - Irregular cage
1668CH4 - x =  3.9406 - Large cage
1669CH4 - x =  5.1724 - Irregular cage
1670CH4 - x =  3.0166 - Irregular cage
1672CH4 - x =  9.8537 - Small cage
1674CH4 - x =  9.2641 - Irregular cage
1675CH4 - x =  3.2688 - Irregular cage
1676CH4 - x =  0.4429 - Not in a cage
1677CH4 - x =  0.6025 - Irregular cage
1678CH4 - x = 13.0502 - Not in a cage
1680CH4 - x =  4.6057 - Small cage
1681CH4 - x =  3.0860 - Irregular cage
1682CH4 - x =  4.8547 - Large cage
1684CH4 - x =  3.2942 - Irregular cage
1687CH4 - x =  4.5741 - Irregular cage
1688CH4 - x = 10.2301 - Irregular cage
1690CH4 - x =  8.2001 - Irregular cage
1691CH4 - x =  8.6768 - Large cage
1692CH4 - x =  8.7153 - Large cage
1693CH4 - x =  8.1080 - Large cage
1694CH4 - x =  3.3117 - Large cage
1695CH4 - x =  3.9062 - Irregular cage
1696CH4 - x =  3.3722 - Irregular cage
1697CH4 - x = 10.1876 - Large cage
1698CH4 - x =  4.7739 - Large cage
1699CH4 - x =  4.5208 - Irregular cage
1701CH4 - x =  6.8976 - Irregular cage
1702CH4 - x =  4.4700 - Irregular cage
1703CH4 - x =  0.3713 - Irregular cage
1704CH4 - x =  4.5291 - Small cage
1705CH4 - x =  3.9305 - Irregular cage
1706CH4 - x =  9.9383 - Irregular cage
1709CH4 - x =  0.5586 - Not in a cage
1710CH4 - x =  4.5682 - Irregular cage
1711CH4 - x =  4.5234 - Large cage
1712CH4 - x =  3.6845 - Large cage
1713CH4 - x =  4.0225 - Irregular cage
1715CH4 - x = 11.1455 - Irregular cage
1716CH4 - x =  4.4995 - Small cage
1718CH4 - x =  3.6770 - Large cage
1719CH4 - x =  5.1000 - Large cage
1721CH4 - x =  3.5850 - Large cage
1723CH4 - x =  3.6121 - Large cage
1724CH4 - x =  0.5592 - Not in a cage
1725CH4 - x =  3.9465 - Small cage
1729CH4 - x =  2.7688 - Irregular cage
1732CH4 - x =  4.5599 - Large cage
1733CH4 - x =  8.6289 - Large cage
1734CH4 - x =  3.2794 - Small cage
1736CH4 - x =  3.9876 - Large cage
1739CH4 - x =  3.9457 - Large cage
1740CH4 - x =  7.2243 - Large cage
1741CH4 - x =  2.8126 - Irregular cage
1743CH4 - x =  8.6475 - Irregular cage
1744CH4 - x =  3.9740 - Large cage
1746CH4 - x = 11.3262 - Not in a cage
1747CH4 - x =  4.2414 - Irregular cage
1748CH4 - x =  7.8121 - Large cage
1749CH4 - x = 11.0251 - Not in a cage
1750CH4 - x =  3.9518 - Large cage
1752CH4 - x =  3.3509 - Large cage
1753CH4 - x =  2.8564 - Irregular cage
1754CH4 - x =  9.3254 - Large cage
1757CH4 - x =  3.3485 - Small cage
1759CH4 - x =  9.2117 - Irregular cage
1760CH4 - x = 10.4240 - Irregular cage
1761CH4 - x =  3.3671 - Irregular cage
1762CH4 - x =  3.0560 - Small cage
1765CH4 - x =  3.3407 - Large cage
1766CH4 - x =  8.0885 - Large cage
1767CH4 - x =  3.9262 - Large cage
1768CH4 - x =  0.3939 - Not in a cage
1769CH4 - x =  3.9159 - Small cage
1770CH4 - x =  4.5059 - Irregular cage
1771CH4 - x =  4.7449 - Large cage
1772CH4 - x =  4.1547 - Irregular cage
1774CH4 - x =  9.3346 - Large cage
1777CH4 - x = 11.0853 - Not in a cage
1778CH4 - x = 10.4475 - Small cage
1779CH4 - x =  9.9258 - Irregular cage
1780CH4 - x = 11.2888 - Irregular cage
1781CH4 - x = 10.5658 - Irregular cage
1782CH4 - x =  8.0246 - Large cage
1783CH4 - x =  0.4489 - Irregular cage
1784CH4 - x =  4.4292 - Irregular cage
1785CH4 - x =  5.0994 - Small cage
1786CH4 - x =  5.1170 - Small cage
1787CH4 - x =  5.1182 - Irregular cage
1788CH4 - x =  5.7098 - Small cage
1789CH4 - x =  5.6583 - Small cage
1790CH4 - x =  5.7355 - Small cage
1791CH4 - x =  5.0877 - Irregular cage
1792CH4 - x =  5.7196 - Small cage
1793CH4 - x =  5.1887 - Irregular cage
1794CH4 - x =  5.6500 - Large cage
1795CH4 - x =  5.6544 - Large cage
1796CH4 - x =  5.1183 - Large cage
1797CH4 - x =  5.7217 - Large cage
1798CH4 - x =  5.5792 - Irregular cage
1799CH4 - x =  5.9754 - Irregular cage
1800CH4 - x =  5.6624 - Irregular cage
1801CH4 - x =  5.0374 - Irregular cage
1802CH4 - x =  5.3669 - Large cage
1803CH4 - x =  5.9943 - Large cage
1804CH4 - x =  5.1300 - Large cage
1805CH4 - x =  6.0223 - Irregular cage
1806CH4 - x =  7.4792 - Small cage
1807CH4 - x =  5.6465 - Large cage
1808CH4 - x =  5.4296 - Irregular cage
1809CH4 - x =  5.4494 - Large cage
1810CH4 - x =  5.3605 - Large cage
1811CH4 - x =  5.1325 - Large cage
1812CH4 - x =  5.6928 - Irregular cage
1813CH4 - x =  5.1484 - Irregular cage
1814CH4 - x =  5.9109 - Large cage
1815CH4 - x =  5.6694 - Large cage
1817CH4 - x =  6.3028 - Small cage
1818CH4 - x =  6.3177 - Small cage
1819CH4 - x =  6.5809 - Large cage
1820CH4 - x =  6.3021 - Irregular cage
1821CH4 - x =  6.2886 - Irregular cage
1822CH4 - x =  6.2993 - Irregular cage
1823CH4 - x =  6.3058 - Large cage
1824CH4 - x =  6.2944 - Irregular cage
1825CH4 - x =  6.2873 - Large cage
1826CH4 - x =  6.2083 - Irregular cage
1827CH4 - x =  6.2416 - Irregular cage
1828CH4 - x =  6.2494 - Irregular cage
1831CH4 - x =  0.5285 - Not in a cage
1832CH4 - x =  0.3798 - Not in a cage
1834CH4 - x =  8.6704 - Large cage
1836CH4 - x =  9.9029 - Irregular cage
1838CH4 - x = 11.2539 - Irregular cage
1839CH4 - x =  8.3816 - Irregular cage
1840CH4 - x = 10.8535 - Interface cage
1841CH4 - x =  1.7174 - Not in a cage
1842CH4 - x =  9.8781 - Small cage
1843CH4 - x =  6.8835 - Small cage
1844CH4 - x =  0.3984 - Irregular cage
1845CH4 - x = 11.0442 - Not in a cage
1846CH4 - x =  9.2352 - Small cage
1847CH4 - x =  1.2505 - Interface cage
1848CH4 - x =  8.1300 - Small cage
1850CH4 - x =  6.9152 - Irregular cage
1851CH4 - x =  0.2841 - Irregular cage
1852CH4 - x =  0.2332 - Not in a cage
1853CH4 - x =  7.7863 - Irregular cage
1854CH4 - x = 10.6133 - Irregular cage
1855CH4 - x =  9.8525 - Small cage
1856CH4 - x =  9.8941 - Irregular cage
1857CH4 - x =  6.8645 - Large cage
1859CH4 - x =  9.3328 - Small cage
1860CH4 - x = 10.7560 - Irregular cage
1862CH4 - x =  7.5096 - Large cage
1863CH4 - x =  8.0361 - Small cage
1864CH4 - x =  7.8058 - Large cage
1866CH4 - x =  7.4773 - Large cage
1867CH4 - x =  3.3579 - Small cage
1868CH4 - x =  7.5016 - Small cage
1871CH4 - x =  8.6792 - Irregular cage
1873CH4 - x =  6.9252 - Irregular cage
1874CH4 - x =  2.5472 - Irregular cage
1875CH4 - x = 10.4591 - Irregular cage
1876CH4 - x =  0.6650 - Not in a cage
1878CH4 - x =  8.9924 - Large cage
1880CH4 - x =  9.8548 - Large cage
1883CH4 - x = 11.0175 - Irregular cage
1884CH4 - x =  8.9460 - Large cage
1886CH4 - x =  0.6117 - Irregular cage
1887CH4 - x =  0.2001 - Irregular cage
1888CH4 - x =  3.3189 - Irregular cage
1889CH4 - x =  9.6214 - Large cage
1890CH4 - x =  2.7469 - Irregular cage
1891CH4 - x =  2.8114 - Irregular cage
1892CH4 - x =  0.2144 - Irregular cage
1893CH4 - x =  7.5558 - Large cage
1895CH4 - x =  6.6338 - Large cage
1896CH4 - x = 10.1464 - Irregular cage
1898CH4 - x = 11.0674 - Not in a cage
1899CH4 - x =  6.8580 - Irregular cage
1900CH4 - x =  9.8971 - Irregular cage
1902CH4 - x =  8.0642 - Small cage
1904CH4 - x = 11.1849 - Not in a cage
1905CH4 - x =  8.1728 - Irregular cage
1908CH4 - x =  0.4410 - Irregular cage
1910CH4 - x = 10.4088 - Irregular cage
1911CH4 - x =  8.0885 - Large cage
1912CH4 - x =  7.5537 - Irregular cage
1913CH4 - x =  7.4980 - Small cage
1914CH4 - x =  9.9326 - Small cage
1916CH4 - x = 10.9740 - Irregular cage
1917CH4 - x = 10.2364 - Irregular cage
1918CH4 - x =  8.6627 - Small cage
1919CH4 - x =  9.5393 - Large cage
1920CH4 - x =  8.7053 - Small cage
1921CH4 - x =  0.3516 - Not in a cage
1923CH4 - x =  6.9121 - Small cage
1924CH4 - x =  2.1605 - Irregular cage
1925CH4 - x =  0.8223 - Not in a cage
1926CH4 - x = 11.1405 - Not in a cage
1927CH4 - x =  9.9154 - Large cage
1928CH4 - x =  2.7442 - Interface cage
1931CH4 - x =  2.8024 - Interface cage
1932CH4 - x = 10.9418 - Irregular cage
1933CH4 - x =  9.5134 - Small cage
1934CH4 - x = 11.3343 - Irregular cage
1936CH4 - x =  0.3195 - Not in a cage
1937CH4 - x =  9.2456 - Large cage
1938CH4 - x = 10.4482 - Irregular cage
1939CH4 - x = 10.3916 - Irregular cage
1942CH4 - x = 10.7245 - Interface cage
1943CH4 - x =  0.4137 - Irregular cage
1944CH4 - x =  0.7074 - Not in a cage
1945CH4 - x =  2.6585 - Interface cage
1946CH4 - x =  9.2677 - Irregular cage
1947CH4 - x =  9.2669 - Irregular cage
1949CH4 - x =  8.0922 - Small cage
1951CH4 - x =  7.7988 - Large cage
1953CH4 - x = 11.3612 - Not in a cage
1955CH4 - x =  6.9541 - Large cage
1958CH4 - x =  0.4730 - Not in a cage
1959CH4 - x = 10.9910 - Irregular cage
1963CH4 - x =  2.5471 - Irregular cage
1965CH4 - x = 11.0074 - Not in a cage
1966CH4 - x =  0.3832 - Not in a cage
1967CH4 - x = 10.3997 - Irregular cage
1969CH4 - x = 11.0688 - Irregular cage
1971CH4 - x = 10.4785 - Irregular cage
1972CH4 - x =  6.9367 - Large cage
1973CH4 - x = 11.0841 - Irregular cage
1974CH4 - x =  3.0462 - Irregular cage
1975CH4 - x =  2.7117 - Interface cage
1976CH4 - x = 11.0499 - Not in a cage
1980CH4 - x =  6.9305 - Irregular cage
1981CH4 - x =  9.2716 - Irregular cage
1982CH4 - x =  7.1968 - Irregular cage
1983CH4 - x = 10.4100 - Irregular cage
1985CH4 - x =  9.8804 - Large cage
1987CH4 - x = 10.3798 - Irregular cage
1988CH4 - x =  0.5535 - Not in a cage
Done. Elapsed time: 48.046 s
Total time 62.614 s

Small cages: 36 found
Large cages: 69 found
Interface cages: 7 found
Irregular cages: 109 found

-------------------- FRAME 1111 --------------------

Computing AOP ...
Done. Elapsed time: 14.435 s

Computing neighbours with low AOP and hydrogen bonds ...
1657CH4 - x =  4.2263 - Irregular cage
1658CH4 - x =  8.3112 - Small cage
1659CH4 - x =  0.6592 - Irregular cage
1661CH4 - x =  8.5905 - Large cage
1662CH4 - x =  4.7230 - Large cage
1663CH4 - x =  3.3500 - Irregular cage
1664CH4 - x = 10.7458 - Irregular cage
1665CH4 - x =  7.3828 - Irregular cage
1666CH4 - x =  8.6459 - Large cage
1668CH4 - x =  3.8283 - Large cage
1669CH4 - x =  5.0824 - Large cage
1670CH4 - x =  2.9908 - Large cage
1671CH4 - x = 11.1658 - Irregular cage
1672CH4 - x =  9.8215 - Small cage
1674CH4 - x =  9.2981 - Small cage
1675CH4 - x =  3.2990 - Large cage
1676CH4 - x =  0.6034 - Interface cage
1677CH4 - x = 10.9156 - Irregular cage
1679CH4 - x = 10.4182 - Irregular cage
1680CH4 - x =  4.4664 - Irregular cage
1681CH4 - x =  2.9783 - Small cage
1682CH4 - x =  4.7682 - Irregular cage
1684CH4 - x =  3.2476 - Irregular cage
1687CH4 - x =  4.5356 - Irregular cage
1688CH4 - x = 10.1471 - Small cage
1689CH4 - x =  0.3426 - Irregular cage
1690CH4 - x =  8.0865 - Large cage
1691CH4 - x =  8.6398 - Large cage
1692CH4 - x =  8.7080 - Large cage
1693CH4 - x =  8.0750 - Large cage
1694CH4 - x =  3.2946 - Large cage
1695CH4 - x =  3.8819 - Small cage
1696CH4 - x =  3.2058 - Irregular cage
1697CH4 - x = 10.1281 - Irregular cage
1698CH4 - x =  4.7217 - Irregular cage
1699CH4 - x =  4.4983 - Irregular cage
1701CH4 - x =  6.9230 - Large cage
1702CH4 - x =  4.4994 - Irregular cage
1704CH4 - x =  4.4768 - Irregular cage
1705CH4 - x =  3.8935 - Irregular cage
1706CH4 - x =  9.8533 - Large cage
1708CH4 - x =  0.3425 - Not in a cage
1710CH4 - x =  4.4264 - Irregular cage
1711CH4 - x =  4.5374 - Irregular cage
1712CH4 - x =  3.5878 - Large cage
1713CH4 - x =  3.7987 - Small cage
1714CH4 - x =  0.2021 - Irregular cage
1716CH4 - x =  4.4431 - Small cage
1718CH4 - x =  3.5566 - Large cage
1719CH4 - x =  5.0407 - Irregular cage
1720CH4 - x =  2.0606 - Interface cage
1721CH4 - x =  3.5401 - Large cage
1723CH4 - x =  3.6484 - Large cage
1725CH4 - x =  3.8719 - Small cage
1728CH4 - x = 10.3456 - Irregular cage
1729CH4 - x =  1.9175 - Irregular cage
1730CH4 - x =  0.1623 - Irregular cage
1732CH4 - x =  4.4542 - Irregular cage
1733CH4 - x =  8.6314 - Large cage
1734CH4 - x =  3.2560 - Small cage
1735CH4 - x =  0.3371 - Irregular cage
1736CH4 - x =  3.8769 - Irregular cage
1738CH4 - x =  0.2859 - Not in a cage
1739CH4 - x =  3.8338 - Irregular cage
1740CH4 - x =  7.1258 - Irregular cage
1741CH4 - x =  2.6872 - Irregular cage
1742CH4 - x =  3.0525 - Small cage
1743CH4 - x =  8.6310 - Large cage
1744CH4 - x =  3.8353 - Large cage
1747CH4 - x =  4.1822 - Irregular cage
1748CH4 - x =  7.7079 - Irregular cage
1749CH4 - x =  0.4225 - Irregular cage
1750CH4 - x =  3.8579 - Irregular cage
1752CH4 - x =  3.3367 - Large cage
1753CH4 - x =  2.7796 - Irregular cage
1754CH4 - x =  9.1597 - Large cage
1757CH4 - x =  3.2668 - Small cage
1759CH4 - x =  9.1541 - Irregular cage
1760CH4 - x = 10.3284 - Irregular cage
1761CH4 - x =  3.3137 - Small cage
1762CH4 - x =  2.9434 - Irregular cage
1764CH4 - x = 10.4019 - Irregular cage
1765CH4 - x =  3.2115 - Irregular cage
1766CH4 - x =  8.0750 - Large cage
1767CH4 - x =  3.8587 - Irregular cage
1768CH4 - x =  0.1607 - Not in a cage
1769CH4 - x =  3.8951 - Irregular cage
1770CH4 - x =  4.4607 - Small cage
1771CH4 - x =  4.7738 - Irregular cage
1772CH4 - x =  4.1609 - Irregular cage
1773CH4 - x =  0.3897 - Irregular cage
1774CH4 - x =  9.2143 - Large cage
1775CH4 - x = 11.2000 - Irregular cage
1778CH4 - x = 11.1325 - Irregular cage
1779CH4 - x =  9.7353 - Irregular cage
1780CH4 - x =  0.9414 - Not in a cage
1781CH4 - x = 10.3662 - Irregular cage
1782CH4 - x =  8.0634 - Large cage
1783CH4 - x = 10.3332 - Irregular cage
1784CH4 - x =  4.5369 - Irregular cage
1785CH4 - x =  5.0198 - Small cage
1786CH4 - x =  5.0866 - Irregular cage
1787CH4 - x =  5.0603 - Irregular cage
1788CH4 - x =  5.6575 - Small cage
1789CH4 - x =  5.6320 - Small cage
1790CH4 - x =  5.6939 - Irregular cage
1791CH4 - x =  5.0623 - Small cage
1792CH4 - x =  5.6763 - Small cage
1793CH4 - x =  5.1164 - Large cage
1794CH4 - x =  5.5840 - Irregular cage
1795CH4 - x =  5.6060 - Large cage
1796CH4 - x =  5.0751 - Large cage
1797CH4 - x =  5.6838 - Large cage
1798CH4 - x =  5.7200 - Irregular cage
1799CH4 - x =  5.9331 - Large cage
1800CH4 - x =  5.5773 - Irregular cage
1801CH4 - x =  4.9845 - Large cage
1802CH4 - x =  5.2982 - Irregular cage
1803CH4 - x =  5.9298 - Large cage
1804CH4 - x =  5.0379 - Irregular cage
1805CH4 - x =  5.9406 - Irregular cage
1806CH4 - x =  7.4145 - Small cage
1807CH4 - x =  5.6728 - Large cage
1808CH4 - x =  5.3049 - Irregular cage
1809CH4 - x =  5.3006 - Irregular cage
1810CH4 - x =  5.4004 - Large cage
1811CH4 - x =  5.0317 - Irregular cage
1812CH4 - x =  5.6745 - Large cage
1813CH4 - x =  5.0283 - Irregular cage
1814CH4 - x =  5.9340 - Large cage
1815CH4 - x =  5.6392 - Large cage
1817CH4 - x =  6.2236 - Small cage
1818CH4 - x =  6.2147 - Small cage
1819CH4 - x =  6.5385 - Irregular cage
1820CH4 - x =  6.2750 - Small cage
1821CH4 - x =  6.1963 - Irregular cage
1822CH4 - x =  6.2634 - Large cage
1823CH4 - x =  6.2088 - Large cage
1824CH4 - x =  6.1616 - Irregular cage
1825CH4 - x =  6.1992 - Large cage
1826CH4 - x =  6.2804 - Large cage
1827CH4 - x =  6.1922 - Large cage
1828CH4 - x =  6.2243 - Large cage
1829CH4 - x =  0.4528 - Not in a cage
1830CH4 - x = 11.0034 - Irregular cage
1831CH4 - x = 11.1708 - Irregular cage
1833CH4 - x =  0.4666 - Not in a cage
1834CH4 - x =  8.5855 - Large cage
1836CH4 - x =  9.7691 - Large cage
1839CH4 - x =  8.3205 - Large cage
1840CH4 - x = 11.3416 - Irregular cage
1841CH4 - x = 11.2361 - Not in a cage
1842CH4 - x =  9.8059 - Small cage
1843CH4 - x =  6.8315 - Small cage
1846CH4 - x =  9.1930 - Irregular cage
1848CH4 - x =  8.0592 - Small cage
1849CH4 - x = 10.9479 - Irregular cage
1850CH4 - x =  6.8145 - Small cage
1851CH4 - x = 11.1032 - Irregular cage
1853CH4 - x =  7.7249 - Irregular cage
1855CH4 - x =  9.8453 - Small cage
1856CH4 - x =  9.8106 - Irregular cage
1857CH4 - x =  6.8193 - Large cage
1859CH4 - x =  9.1472 - Large cage
1862CH4 - x =  7.4446 - Irregular cage
1863CH4 - x =  8.0649 - Irregular cage
1864CH4 - x =  7.7476 - Large cage
1866CH4 - x =  7.3523 - Large cage
1867CH4 - x =  3.3309 - Small cage
1868CH4 - x =  7.4714 - Irregular cage
1869CH4 - x =  2.1874 - Irregular cage
1871CH4 - x =  8.5215 - Large cage
1872CH4 - x = 11.0052 - Not in a cage
1873CH4 - x =  6.7618 - Large cage
1874CH4 - x =  2.7137 - Irregular cage
1875CH4 - x = 10.2912 - Irregular cage
1878CH4 - x =  8.9446 - Large cage
1880CH4 - x =  9.7892 - Large cage
1881CH4 - x = 11.1952 - Irregular cage
1882CH4 - x =  0.3056 - Irregular cage
1884CH4 - x =  8.9112 - Large cage
1885CH4 - x = 10.8272 - Irregular cage
1886CH4 - x =  0.6455 - Not in a cage
1887CH4 - x = 10.8007 - Not in a cage
1888CH4 - x =  3.2032 - Irregular cage
1889CH4 - x =  9.5176 - Irregular cage
1890CH4 - x =  2.7169 - Irregular cage
1891CH4 - x =  2.7788 - Irregular cage
1892CH4 - x = 10.4189 - Irregular cage
1893CH4 - x =  7.4124 - Irregular cage
1894CH4 - x = 11.1773 - Irregular cage
1895CH4 - x =  6.5782 - Large cage
1896CH4 - x = 10.1025 - Irregular cage
1898CH4 - x =  0.2678 - Not in a cage
1899CH4 - x =  6.8108 - Large cage
1900CH4 - x =  9.7739 - Large cage
1901CH4 - x =  0.4994 - Interface cage
1902CH4 - x =  8.0115 - Small cage
1903CH4 - x = 11.0245 - Irregular cage
1905CH4 - x =  8.0095 - Large cage
1907CH4 - x = 10.6940 - Interface cage
1909CH4 - x = 11.2211 - Irregular cage
1911CH4 - x =  8.0341 - Large cage
1912CH4 - x =  7.3442 - Large cage
1913CH4 - x =  7.4166 - Small cage
1914CH4 - x =  9.8313 - Small cage
1917CH4 - x = 10.1382 - Irregular cage
1918CH4 - x =  8.6521 - Small cage
1919CH4 - x =  9.4899 - Large cage
1920CH4 - x =  8.6193 - Small cage
1921CH4 - x = 10.9812 - Not in a cage
1923CH4 - x =  6.8704 - Small cage
1924CH4 - x =  1.2131 - Not in a cage
1925CH4 - x = 10.4493 - Irregular cage
1926CH4 - x = 11.2035 - Irregular cage
1927CH4 - x =  9.8073 - Large cage
1928CH4 - x =  2.6217 - Irregular cage
1929CH4 - x =  0.3986 - Irregular cage
1930CH4 - x = 11.0826 - Irregular cage
1931CH4 - x =  2.7514 - Irregular cage
1933CH4 - x =  9.4997 - Large cage
1937CH4 - x =  9.2305 - Large cage
1938CH4 - x = 10.4360 - Irregular cage
1939CH4 - x = 10.3283 - Irregular cage
1940CH4 - x =  0.3692 - Not in a cage
1941CH4 - x = 10.3986 - Irregular cage
1944CH4 - x = 10.6850 - Interface cage
1946CH4 - x =  9.2675 - Large cage
1947CH4 - x =  9.2085 - Small cage
1948CH4 - x =  1.3182 - Irregular cage
1949CH4 - x =  8.0518 - Small cage
1951CH4 - x =  7.7212 - Large cage
1955CH4 - x =  6.7921 - Large cage
1962CH4 - x = 11.2596 - Irregular cage
1963CH4 - x =  2.6780 - Irregular cage
1964CH4 - x =  0.3108 - Irregular cage
1965CH4 - x =  0.1638 - Irregular cage
1971CH4 - x =  0.0610 - Not in a cage
1972CH4 - x =  6.7389 - Irregular cage
1974CH4 - x =  1.3923 - Interface cage
1975CH4 - x =  2.7473 - Irregular cage
1976CH4 - x =  0.2362 - Not in a cage
1977CH4 - x =  0.4561 - Irregular cage
1978CH4 - x =  0.5328 - Not in a cage
1979CH4 - x = 10.9224 - Irregular cage
1980CH4 - x =  6.7883 - Large cage
1981CH4 - x =  9.2373 - Small cage
1982CH4 - x =  7.1182 - Large cage
1983CH4 - x =  0.6294 - Irregular cage
1984CH4 - x = 11.3234 - Not in a cage
1985CH4 - x =  9.8017 - Large cage
1987CH4 - x =  0.5170 - Not in a cage
Done. Elapsed time: 49.282 s
Total time 63.899 s

Small cages: 38 found
Large cages: 72 found
Interface cages: 6 found
Irregular cages: 117 found

-------------------- FRAME 1333 --------------------

Computing AOP ...
Done. Elapsed time: 14.711 s

Computing neighbours with low AOP and hydrogen bonds ...
1657CH4 - x =  4.1495 - Large cage
1658CH4 - x =  8.3296 - Irregular cage
1660CH4 - x = 10.9820 - Irregular cage
1661CH4 - x =  8.5656 - Irregular cage
1662CH4 - x =  4.8049 - Large cage
1663CH4 - x =  3.2281 - Irregular cage
1665CH4 - x =  7.3586 - Irregular cage
1666CH4 - x =  8.6451 - Large cage
1667CH4 - x = 11.1993 - Not in a cage
1668CH4 - x =  3.9085 - Irregular cage
1669CH4 - x =  5.0858 - Large cage
1670CH4 - x =  2.8962 - Irregular cage
1672CH4 - x =  9.7764 - Irregular cage
1674CH4 - x =  9.1206 - Irregular cage
1675CH4 - x =  3.2806 - Small cage
1678CH4 - x = 11.1953 - Irregular cage
1680CH4 - x =  4.4493 - Large cage
1681CH4 - x =  2.9729 - Irregular cage
1682CH4 - x =  4.7243 - Large cage
1683CH4 - x =  0.5942 - Irregular cage
1684CH4 - x =  3.3009 - Irregular cage
1686CH4 - x =  0.3572 - Irregular cage
1687CH4 - x =  4.4927 - Large cage
1688CH4 - x = 10.0811 - Irregular cage
1690CH4 - x =  8.0828 - Irregular cage
1691CH4 - x =  8.6136 - Large cage
1692CH4 - x =  8.5518 - Large cage
1693CH4 - x =  8.0234 - Large cage
1694CH4 - x =  3.3045 - Irregular cage
1695CH4 - x =  3.8597 - Irregular cage
1696CH4 - x =  3.2483 - Large cage
1697CH4 - x = 10.0959 - Irregular cage
1698CH4 - x =  4.7404 - Large cage
1699CH4 - x =  4.4564 - Small cage
1701CH4 - x =  6.7588 - Irregular cage
1702CH4 - x =  4.5086 - Large cage
1703CH4 - x = 10.8531 - Irregular cage
1704CH4 - x =  4.4454 - Small cage
1705CH4 - x =  3.8613 - Small cage
1706CH4 - x =  9.8862 - Large cage
1707CH4 - x = 11.2592 - Not in a cage
1710CH4 - x =  4.4330 - Large cage
1711CH4 - x =  4.4924 - Large cage
1712CH4 - x =  3.5852 - Large cage
1713CH4 - x =  3.9225 - Large cage
1714CH4 - x =  0.4022 - Irregular cage
1715CH4 - x = 10.3870 - Interface cage
1716CH4 - x =  4.4616 - Small cage
1718CH4 - x =  3.5665 - Irregular cage
1719CH4 - x =  5.0047 - Large cage
1720CH4 - x = 10.4261 - Irregular cage
1721CH4 - x =  3.5505 - Large cage
1723CH4 - x =  3.5626 - Large cage
1725CH4 - x =  3.8093 - Small cage
1728CH4 - x = 10.3308 - Irregular cage
1729CH4 - x =  2.5690 - Irregular cage
1730CH4 - x =  0.6124 - Irregular cage
1731CH4 - x =  0.3677 - Not in a cage
1732CH4 - x =  4.4848 - Large cage
1733CH4 - x =  8.5940 - Irregular cage
1734CH4 - x =  3.2770 - Irregular cage
1735CH4 - x = 10.9891 - Not in a cage
1736CH4 - x =  3.8409 - Large cage
1737CH4 - x = 10.8128 - Irregular cage
1739CH4 - x =  3.7913 - Irregular cage
1740CH4 - x =  7.0838 - Large cage
1742CH4 - x =  2.9516 - Irregular cage
1743CH4 - x =  8.6782 - Irregular cage
1744CH4 - x =  3.7972 - Large cage
1745CH4 - x =  0.3110 - Not in a cage
1746CH4 - x = 11.0172 - Irregular cage
1747CH4 - x =  4.1480 - Large cage
1748CH4 - x =  7.7764 - Irregular cage
1750CH4 - x =  3.8684 - Large cage
1751CH4 - x =  2.1210 - Irregular cage
1752CH4 - x =  3.2300 - Large cage
1753CH4 - x =  2.7447 - Irregular cage
1754CH4 - x =  9.1883 - Large cage
1757CH4 - x =  3.2845 - Irregular cage
1759CH4 - x =  9.2153 - Large cage
1760CH4 - x = 10.3351 - Irregular cage
1761CH4 - x =  3.2328 - Small cage
1762CH4 - x =  2.9922 - Irregular cage
1765CH4 - x =  3.3060 - Large cage
1766CH4 - x =  8.0135 - Large cage
1767CH4 - x =  3.8766 - Large cage
1768CH4 - x =  0.3933 - Irregular cage
1769CH4 - x =  3.8386 - Small cage
1770CH4 - x =  4.4441 - Large cage
1771CH4 - x =  4.7077 - Large cage
1772CH4 - x =  4.1424 - Irregular cage
1774CH4 - x =  9.2381 - Large cage
1775CH4 - x = 10.2804 - Irregular cage
1776CH4 - x =  2.0203 - Irregular cage
1779CH4 - x =  9.8595 - Irregular cage
1781CH4 - x =  0.3705 - Not in a cage
1782CH4 - x =  7.9224 - Large cage
1783CH4 - x =  0.6477 - Not in a cage
1784CH4 - x =  4.4749 - Large cage
1785CH4 - x =  5.0349 - Small cage
1786CH4 - x =  5.0417 - Small cage
1787CH4 - x =  5.0999 - Small cage
1788CH4 - x =  5.6160 - Small cage
1789CH4 - x =  5.6061 - Irregular cage
1790CH4 - x =  5.5928 - Small cage
1791CH4 - x =  5.0228 - Small cage
1792CH4 - x =  5.6573 - Small cage
1793CH4 - x =  5.0519 - Large cage
1794CH4 - x =  5.7432 - Irregular cage
1795CH4 - x =  5.5901 - Large cage
1796CH4 - x =  5.0677 - Large cage
1797CH4 - x =  5.6887 - Irregular cage
1798CH4 - x =  5.6501 - Large cage
1799CH4 - x =  5.9493 - Irregular cage
1800CH4 - x =  5.5816 - Irregular cage
1801CH4 - x =  4.9454 - Irregular cage
1802CH4 - x =  5.3407 - Large cage
1803CH4 - x =  5.9273 - Large cage
1804CH4 - x =  5.0574 - Large cage
1805CH4 - x =  5.8690 - Large cage
1806CH4 - x =  7.4797 - Small cage
1807CH4 - x =  5.5475 - Large cage
1808CH4 - x =  5.3191 - Large cage
1809CH4 - x =  5.3601 - Irregular cage
1810CH4 - x =  5.3341 - Irregular cage
1811CH4 - x =  5.0887 - Large cage
1812CH4 - x =  5.6559 - Large cage
1813CH4 - x =  5.1315 - Irregular cage
1814CH4 - x =  5.8953 - Large cage
1815CH4 - x =  5.6450 - Large cage
1816CH4 - x =  0.4452 - Irregular cage
1817CH4 - x =  6.2327 - Irregular cage
1818CH4 - x =  6.1937 - Small cage
1819CH4 - x =  6.4956 - Large cage
1820CH4 - x =  6.2318 - Small cage
1821CH4 - x =  6.2143 - Large cage
1822CH4 - x =  6.2293 - Large cage
1823CH4 - x =  6.2384 - Large cage
1824CH4 - x =  6.2184 - Large cage
1825CH4 - x =  6.2190 - Irregular cage
1826CH4 - x =  6.2459 - Large cage
1827CH4 - x =  6.2423 - Irregular cage
1828CH4 - x =  6.2168 - Irregular cage
1834CH4 - x =  8.5833 - Large cage
1836CH4 - x =  9.7233 - Irregular cage
1839CH4 - x =  8.3588 - Irregular cage
1840CH4 - x = 11.2059 - Not in a cage
1842CH4 - x =  9.7962 - Small cage
1843CH4 - x =  6.8039 - Small cage
1844CH4 - x =  2.6356 - Irregular cage
1846CH4 - x =  9.2030 - Small cage
1848CH4 - x =  8.0028 - Small cage
1849CH4 - x =  0.1297 - Irregular cage
1850CH4 - x =  6.8283 - Small cage
1853CH4 - x =  7.6884 - Large cage
1854CH4 - x = 10.7161 - Not in a cage
1855CH4 - x =  9.8011 - Small cage
1856CH4 - x =  9.7657 - Irregular cage
1857CH4 - x =  6.7218 - Irregular cage
1858CH4 - x = 11.0834 - Irregular cage
1859CH4 - x =  9.1713 - Large cage
1862CH4 - x =  7.4551 - Irregular cage
1863CH4 - x =  8.0197 - Small cage
1864CH4 - x =  7.7012 - Large cage
1866CH4 - x =  7.4071 - Large cage
1867CH4 - x =  3.2648 - Small cage
1868CH4 - x =  7.3645 - Small cage
1869CH4 - x =  2.7402 - Irregular cage
1870CH4 - x =  1.7837 - Irregular cage
1871CH4 - x =  8.6614 - Large cage
1873CH4 - x =  6.8376 - Large cage
1874CH4 - x =  2.7712 - Irregular cage
1875CH4 - x = 11.0104 - Not in a cage
1878CH4 - x =  8.9576 - Large cage
1879CH4 - x =  1.0814 - Not in a cage
1880CH4 - x =  9.7732 - Large cage
1883CH4 - x = 11.1330 - Not in a cage
1884CH4 - x =  8.9029 - Large cage
1885CH4 - x = 10.8013 - Not in a cage
1888CH4 - x =  3.2240 - Large cage
1889CH4 - x =  9.4579 - Irregular cage
1890CH4 - x =  2.6994 - Irregular cage
1891CH4 - x =  2.7399 - Irregular cage
1892CH4 - x = 10.3093 - Irregular cage
1893CH4 - x =  7.3950 - Large cage
1895CH4 - x =  6.5064 - Large cage
1896CH4 - x = 10.1505 - Irregular cage
1899CH4 - x =  6.8415 - Large cage
1900CH4 - x =  9.8239 - Irregular cage
1901CH4 - x = 10.9768 - Irregular cage
1902CH4 - x =  8.0298 - Irregular cage
1905CH4 - x =  7.9498 - Large cage
1906CH4 - x =  0.1465 - Not in a cage
1908CH4 - x = 11.0806 - Not in a cage
1909CH4 - x =  0.4951 - Irregular cage
1911CH4 - x =  8.0839 - Large cage
1912CH4 - x =  7.3169 - Irregular cage
1913CH4 - x =  7.3878 - Small cage
1914CH4 - x =  9.8193 - Small cage
1916CH4 - x = 10.9731 - Not in a cage
1917CH4 - x = 10.0960 - Irregular cage
1918CH4 - x =  8.5651 - Small cage
1919CH4 - x =  9.5066 - Large cage
1920CH4 - x =  8.6375 - Small cage
1921CH4 - x = 11.0191 - Irregular cage
1923CH4 - x =  6.8056 - Small cage
1925CH4 - x = 10.8035 - Irregular cage
1926CH4 - x = 10.3002 - Irregular cage
1927CH4 - x =  9.7880 - Large cage
1928CH4 - x =  2.7332 - Interface cage
1930CH4 - x =  0.6505 - Not in a cage
1931CH4 - x =  2.7785 - Interface cage
1932CH4 - x = 10.6420 - Irregular cage
1933CH4 - x =  9.5143 - Irregular cage
1934CH4 - x = 10.3766 - Interface cage
1936CH4 - x =  0.6006 - Not in a cage
1937CH4 - x =  9.1360 - Irregular cage
1940CH4 - x = 10.3836 - Irregular cage
1941CH4 - x = 11.2109 - Irregular cage
1943CH4 - x = 10.3406 - Irregular cage
1946CH4 - x =  9.2175 - Large cage
1947CH4 - x =  9.2044 - Irregular cage
1948CH4 - x = 11.0447 - Irregular cage
1949CH4 - x =  8.0522 - Small cage
1950CH4 - x =  0.5815 - Irregular cage
1951CH4 - x =  7.7221 - Large cage
1952CH4 - x =  1.1147 - Irregular cage
1953CH4 - x = 11.2142 - Irregular cage
1954CH4 - x =  0.1572 - Not in a cage
1955CH4 - x =  6.8291 - Large cage
1956CH4 - x =  1.3974 - Irregular cage
1957CH4 - x =  0.9705 - Not in a cage
1960CH4 - x = 11.0521 - Irregular cage
1961CH4 - x = 11.0844 - Irregular cage
1963CH4 - x =  2.6229 - Irregular cage
1964CH4 - x =  0.6899 - Irregular cage
1965CH4 - x = 11.0914 - Not in a cage
1969CH4 - x =  0.7453 - Irregular cage
1970CH4 - x =  0.2462 - Irregular cage
1971CH4 - x =  0.1089 - Not in a cage
1972CH4 - x =  6.8215 - Large cage
1973CH4 - x =  0.2198 - Not in a cage
1974CH4 - x =  1.8148 - Irregular cage
1975CH4 - x =  2.7054 - Irregular cage
1976CH4 - x =  0.1503 - Not in a cage
1977CH4 - x = 10.7666 - Irregular cage
1979CH4 - x = 12.9162 - Not in a cage
1980CH4 - x =  6.8975 - Large cage
1981CH4 - x =  9.2260 - Irregular cage
1982CH4 - x =  7.1269 - Large cage
1985CH4 - x =  9.7865 - Irregular cage
1987CH4 - x = 11.0573 - Not in a cage
Done. Elapsed time: 48.416 s
Total time 63.308 s

Small cages: 33 found
Large cages: 82 found
Interface cages: 4 found
Irregular cages: 107 found

-------------------- FRAME 1555 --------------------

Computing AOP ...
Done. Elapsed time: 14.446 s

Computing neighbours with low AOP and hydrogen bonds ...
1657CH4 - x =  4.1020 - Large cage
1658CH4 - x =  8.2632 - Irregular cage
1659CH4 - x =  2.3322 - Irregular cage
1661CH4 - x =  8.5235 - Large cage
1662CH4 - x =  4.6885 - Large cage
1663CH4 - x =  3.2305 - Irregular cage
1665CH4 - x =  7.4281 - Large cage
1666CH4 - x =  8.5749 - Large cage
1667CH4 - x =  0.0736 - Not in a cage
1668CH4 - x =  3.9031 - Irregular cage
1669CH4 - x =  5.1219 - Irregular cage
1670CH4 - x =  2.9849 - Irregular cage
1672CH4 - x =  9.7707 - Small cage
1674CH4 - x =  9.1361 - Large cage
1675CH4 - x =  3.3103 - Large cage
1676CH4 - x =  0.2433 - Irregular cage
1677CH4 - x = 10.8060 - Not in a cage
1680CH4 - x =  4.4141 - Irregular cage
1681CH4 - x =  2.9892 - Small cage
1682CH4 - x =  4.7371 - Irregular cage
1684CH4 - x =  3.2727 - Irregular cage
1686CH4 - x = 10.9509 - Irregular cage
1687CH4 - x =  4.4380 - Large cage
1688CH4 - x = 10.0499 - Large cage
1690CH4 - x =  8.0332 - Irregular cage
1691CH4 - x =  8.5610 - Large cage
1692CH4 - x =  8.5846 - Large cage
1693CH4 - x =  7.9230 - Large cage
1694CH4 - x =  3.2792 - Large cage
1695CH4 - x =  3.8315 - Small cage
1696CH4 - x =  3.3014 - Large cage
1697CH4 - x = 10.0520 - Irregular cage
1698CH4 - x =  4.7159 - Irregular cage
1699CH4 - x =  4.4581 - Small cage
1700CH4 - x = 11.0452 - Irregular cage
1701CH4 - x =  6.8319 - Large cage
1702CH4 - x =  4.4812 - Irregular cage
1704CH4 - x =  4.4015 - Irregular cage
1705CH4 - x =  3.8580 - Irregular cage
1706CH4 - x =  9.7275 - Irregular cage
1708CH4 - x =  0.0066 - Irregular cage
1710CH4 - x =  4.3586 - Irregular cage
1711CH4 - x =  4.4973 - Irregular cage
1712CH4 - x =  3.5306 - Large cage
1713CH4 - x =  3.8905 - Irregular cage
1715CH4 - x = 10.9426 - Not in a cage
1716CH4 - x =  4.3805 - Small cage
1718CH4 - x =  3.5559 - Large cage
1719CH4 - x =  5.0418 - Large cage
1721CH4 - x =  3.5477 - Irregular cage
1723CH4 - x =  3.5518 - Large cage
1724CH4 - x = 11.0654 - Not in a cage
1725CH4 - x =  3.8449 - Small cage
1726CH4 - x =  0.0612 - Not in a cage
1728CH4 - x = 10.3178 - Irregular cage
1729CH4 - x =  2.6700 - Irregular cage
1730CH4 - x = 11.0021 - Not in a cage
1731CH4 - x =  2.1968 - Interface cage
1732CH4 - x =  4.4470 - Large cage
1733CH4 - x =  8.5542 - Irregular cage
1734CH4 - x =  3.2099 - Irregular cage
1735CH4 - x = 10.3463 - Irregular cage
1736CH4 - x =  3.8759 - Large cage
1739CH4 - x =  3.9300 - Irregular cage
1740CH4 - x =  7.1204 - Irregular cage
1742CH4 - x =  2.9251 - Irregular cage
1743CH4 - x =  8.6070 - Large cage
1744CH4 - x =  3.8379 - Large cage
1745CH4 - x =  1.2816 - Irregular cage
1746CH4 - x =  0.3923 - Not in a cage
1747CH4 - x =  4.1582 - Large cage
1748CH4 - x =  7.6734 - Large cage
1749CH4 - x =  0.1256 - Irregular cage
1750CH4 - x =  3.7853 - Large cage
1751CH4 - x =  2.2416 - Irregular cage
1752CH4 - x =  3.2461 - Large cage
1753CH4 - x =  2.6313 - Small cage
1754CH4 - x =  9.1966 - Irregular cage
1755CH4 - x = 11.1759 - Irregular cage
1756CH4 - x = 11.1940 - Irregular cage
1757CH4 - x =  3.2634 - Small cage
1759CH4 - x =  9.1123 - Irregular cage
1760CH4 - x = 10.2786 - Small cage
1761CH4 - x =  3.2399 - Small cage
1762CH4 - x =  2.9366 - Irregular cage
1763CH4 - x = 10.9923 - Irregular cage
1764CH4 - x =  0.0074 - Not in a cage
1765CH4 - x =  3.2298 - Large cage
1766CH4 - x =  8.0429 - Irregular cage
1767CH4 - x =  3.7870 - Large cage
1769CH4 - x =  3.7911 - Small cage
1770CH4 - x =  4.4648 - Irregular cage
1771CH4 - x =  4.6662 - Large cage
1772CH4 - x =  4.1481 - Large cage
1773CH4 - x = 11.1014 - Irregular cage
1774CH4 - x =  9.1168 - Irregular cage
1775CH4 - x = 10.3276 - Small cage
1776CH4 - x = 10.8078 - Interface cage
1777CH4 - x =  0.7147 - Irregular cage
1778CH4 - x =  1.1885 - Interface cage
1779CH4 - x =  9.6982 - Irregular cage
1780CH4 - x = 11.2154 - Irregular cage
1781CH4 - x =  0.2015 - Not in a cage
1782CH4 - x =  7.8977 - Large cage
1783CH4 - x =  1.4378 - Not in a cage
1784CH4 - x =  4.4740 - Large cage
1785CH4 - x =  5.0404 - Irregular cage
1786CH4 - x =  5.0437 - Small cage
1787CH4 - x =  4.9622 - Small cage
1788CH4 - x =  5.6212 - Small cage
1789CH4 - x =  5.6392 - Small cage
1790CH4 - x =  5.6491 - Small cage
1791CH4 - x =  4.9548 - Small cage
1792CH4 - x =  5.6543 - Small cage
1793CH4 - x =  5.0912 - Irregular cage
1794CH4 - x =  5.6038 - Large cage
1795CH4 - x =  5.5905 - Large cage
1796CH4 - x =  4.9811 - Large cage
1797CH4 - x =  5.5641 - Large cage
1798CH4 - x =  5.5920 - Large cage
1799CH4 - x =  5.9291 - Large cage
1800CH4 - x =  5.5503 - Irregular cage
1801CH4 - x =  5.0473 - Irregular cage
1802CH4 - x =  5.3361 - Large cage
1803CH4 - x =  5.8503 - Large cage
1804CH4 - x =  4.9984 - Large cage
1805CH4 - x =  5.8878 - Irregular cage
1806CH4 - x =  7.3983 - Small cage
1807CH4 - x =  5.5855 - Large cage
1808CH4 - x =  5.3795 - Large cage
1809CH4 - x =  5.2908 - Irregular cage
1810CH4 - x =  5.2608 - Irregular cage
1811CH4 - x =  4.9562 - Large cage
1812CH4 - x =  5.6622 - Large cage
1813CH4 - x =  4.9250 - Irregular cage
1814CH4 - x =  5.9131 - Irregular cage
1815CH4 - x =  5.5778 - Large cage
1817CH4 - x =  6.1657 - Small cage
1818CH4 - x =  6.2454 - Small cage
1819CH4 - x =  6.5142 - Large cage
1820CH4 - x =  6.2562 - Small cage
1821CH4 - x =  6.1733 - Large cage
1822CH4 - x =  6.1880 - Large cage
1823CH4 - x =  6.2239 - Large cage
1824CH4 - x =  6.2194 - Large cage
1825CH4 - x =  6.2090 - Large cage
1826CH4 - x =  6.1746 - Large cage
1827CH4 - x =  6.1780 - Large cage
1828CH4 - x =  6.1977 - Large cage
1831CH4 - x = 10.8586 - Not in a cage
1834CH4 - x =  8.5180 - Irregular cage
1836CH4 - x =  9.7599 - Large cage
1838CH4 - x = 10.9069 - Not in a cage
1839CH4 - x =  8.3084 - Irregular cage
1841CH4 - x = 10.6915 - Interface cage
1842CH4 - x =  9.8448 - Small cage
1843CH4 - x =  6.7865 - Small cage
1844CH4 - x =  2.6677 - Irregular cage
1846CH4 - x =  9.1748 - Small cage
1848CH4 - x =  7.9787 - Small cage
1850CH4 - x =  6.8023 - Small cage
1853CH4 - x =  7.6943 - Large cage
1854CH4 - x = 11.0988 - Not in a cage
1855CH4 - x =  9.7938 - Small cage
1856CH4 - x =  9.7772 - Irregular cage
1857CH4 - x =  6.8439 - Large cage
1858CH4 - x = 10.2732 - Irregular cage
1859CH4 - x =  9.2240 - Irregular cage
1861CH4 - x =  0.3779 - Irregular cage
1862CH4 - x =  7.3425 - Large cage
1863CH4 - x =  8.0284 - Small cage
1864CH4 - x =  7.6787 - Irregular cage
1865CH4 - x =  1.3847 - Irregular cage
1866CH4 - x =  7.4563 - Large cage
1867CH4 - x =  3.2410 - Small cage
1868CH4 - x =  7.4167 - Small cage
1869CH4 - x =  2.5746 - Interface cage
1870CH4 - x =  2.3696 - Irregular cage
1871CH4 - x =  8.6284 - Irregular cage
1873CH4 - x =  6.7820 - Irregular cage
1874CH4 - x =  2.6761 - Small cage
1875CH4 - x = 10.8084 - Irregular cage
1877CH4 - x =  0.4672 - Irregular cage
1878CH4 - x =  8.8925 - Large cage
1879CH4 - x = 10.3422 - Irregular cage
1880CH4 - x =  9.7177 - Large cage
1881CH4 - x = 11.1005 - Irregular cage
1883CH4 - x = 11.1000 - Not in a cage
1884CH4 - x =  8.8265 - Irregular cage
1886CH4 - x =  1.7765 - Not in a cage
1887CH4 - x =  0.2322 - Not in a cage
1888CH4 - x =  3.3286 - Irregular cage
1889CH4 - x =  9.4762 - Large cage
1890CH4 - x =  2.3553 - Irregular cage
1891CH4 - x =  2.7240 - Irregular cage
1893CH4 - x =  7.4323 - Large cage
1895CH4 - x =  6.5274 - Large cage
1896CH4 - x = 10.0653 - Large cage
1897CH4 - x = 10.3702 - Irregular cage
1898CH4 - x =  0.3232 - Irregular cage
1899CH4 - x =  6.7551 - Large cage
1900CH4 - x =  9.7483 - Large cage
1902CH4 - x =  8.0053 - Irregular cage
1905CH4 - x =  7.9720 - Large cage
1906CH4 - x =  0.5475 - Not in a cage
1909CH4 - x =  0.4391 - Irregular cage
1910CH4 - x = 11.0839 - Irregular cage
1911CH4 - x =  8.0978 - Irregular cage
1912CH4 - x =  7.3911 - Irregular cage
1913CH4 - x =  7.3719 - Small cage
1914CH4 - x =  9.8193 - Small cage
1916CH4 - x = 10.4176 - Irregular cage
1917CH4 - x = 10.1077 - Large cage
1918CH4 - x =  8.5925 - Irregular cage
1919CH4 - x =  9.5786 - Irregular cage
1920CH4 - x =  8.6175 - Small cage
1922CH4 - x =  0.3105 - Irregular cage
1923CH4 - x =  6.8034 - Small cage
1924CH4 - x = 11.1232 - Irregular cage
1927CH4 - x =  9.8017 - Large cage
1928CH4 - x =  2.5379 - Irregular cage
1930CH4 - x =  0.3277 - Irregular cage
1931CH4 - x =  2.7307 - Interface cage
1933CH4 - x =  9.4893 - Irregular cage
1936CH4 - x = 10.7135 - Interface cage
1937CH4 - x =  9.2467 - Irregular cage
1940CH4 - x = 10.3406 - Interface cage
1943CH4 - x = 10.3563 - Irregular cage
1946CH4 - x =  9.1661 - Irregular cage
1947CH4 - x =  9.1904 - Small cage
1948CH4 - x =  0.3445 - Not in a cage
1949CH4 - x =  8.0223 - Small cage
1951CH4 - x =  7.6977 - Large cage
1955CH4 - x =  6.7820 - Irregular cage
1956CH4 - x =  0.3685 - Not in a cage
1958CH4 - x =  0.4143 - Irregular cage
1961CH4 - x =  1.6454 - Interface cage
1963CH4 - x =  2.6413 - Irregular cage
1967CH4 - x = 10.8304 - Irregular cage
1968CH4 - x =  1.2630 - Irregular cage
1969CH4 - x = 10.3551 - Irregular cage
1972CH4 - x =  6.8358 - Irregular cage
1973CH4 - x = 10.9500 - Not in a cage
1974CH4 - x =  1.5093 - Irregular cage
1975CH4 - x =  2.7161 - Irregular cage
1980CH4 - x =  6.7659 - Large cage
1981CH4 - x =  9.1773 - Irregular cage
1982CH4 - x =  7.1623 - Large cage
1983CH4 - x =  0.2282 - Not in a cage
1985CH4 - x =  9.7039 - Large cage
Done. Elapsed time: 49.536 s
Total time 64.165 s

Small cages: 39 found
Large cages: 76 found
Interface cages: 9 found
Irregular cages: 105 found

-------------------- FRAME 1777 --------------------

Computing AOP ...
Done. Elapsed time: 13.613 s

Computing neighbours with low AOP and hydrogen bonds ...
1657CH4 - x =  4.1023 - Irregular cage
1658CH4 - x =  8.2202 - Large cage
1660CH4 - x =  0.1848 - Not in a cage
1661CH4 - x =  8.6348 - Irregular cage
1662CH4 - x =  4.6619 - Irregular cage
1663CH4 - x =  3.2074 - Irregular cage
1664CH4 - x = 11.0582 - Irregular cage
1665CH4 - x =  7.4294 - Irregular cage
1666CH4 - x =  8.5992 - Large cage
1668CH4 - x =  3.7583 - Irregular cage
1669CH4 - x =  4.9763 - Large cage
1670CH4 - x =  2.9288 - Irregular cage
1672CH4 - x =  9.7498 - Irregular cage
1673CH4 - x = 11.0290 - Irregular cage
1674CH4 - x =  9.1893 - Irregular cage
1675CH4 - x =  3.2720 - Large cage
1677CH4 - x =  0.4015 - Not in a cage
1678CH4 - x = 10.7531 - Irregular cage
1680CH4 - x =  4.4129 - Irregular cage
1681CH4 - x =  2.8869 - Irregular cage
1682CH4 - x =  4.7137 - Irregular cage
1684CH4 - x =  3.3212 - Large cage
1687CH4 - x =  4.3831 - Large cage
1688CH4 - x =  9.9900 - Large cage
1690CH4 - x =  8.0196 - Large cage
1691CH4 - x =  8.5297 - Large cage
1692CH4 - x =  8.5542 - Irregular cage
1693CH4 - x =  7.9824 - Large cage
1694CH4 - x =  3.2606 - Irregular cage
1695CH4 - x =  3.7574 - Irregular cage
1696CH4 - x =  3.2069 - Irregular cage
1697CH4 - x = 10.0468 - Large cage
1698CH4 - x =  4.7036 - Irregular cage
1699CH4 - x =  4.3606 - Irregular cage
1701CH4 - x =  6.8185 - Large cage
1702CH4 - x =  4.4123 - Large cage
1704CH4 - x =  4.4354 - Irregular cage
1705CH4 - x =  3.8029 - Small cage
1706CH4 - x =  9.7327 - Large cage
1710CH4 - x =  4.3740 - Large cage
1711CH4 - x =  4.4007 - Large cage
1712CH4 - x =  3.5250 - Irregular cage
1713CH4 - x =  3.8066 - Irregular cage
1714CH4 - x = 10.6764 - Interface cage
1715CH4 - x = 11.0724 - Not in a cage
1716CH4 - x =  4.4020 - Irregular cage
1718CH4 - x =  3.5238 - Irregular cage
1719CH4 - x =  5.0026 - Irregular cage
1721CH4 - x =  3.5627 - Irregular cage
1722CH4 - x =  1.7917 - Irregular cage
1723CH4 - x =  3.5332 - Large cage
1725CH4 - x =  3.8217 - Irregular cage
1726CH4 - x =  2.6971 - Irregular cage
1729CH4 - x =  2.6764 - Irregular cage
1730CH4 - x =  0.8799 - Not in a cage
1731CH4 - x =  0.2624 - Irregular cage
1732CH4 - x =  4.4751 - Irregular cage
1733CH4 - x =  8.6417 - Irregular cage
1734CH4 - x =  3.2253 - Small cage
1735CH4 - x = 10.4107 - Irregular cage
1736CH4 - x =  3.8143 - Large cage
1737CH4 - x = 10.9108 - Not in a cage
1739CH4 - x =  3.7750 - Irregular cage
1740CH4 - x =  7.0881 - Large cage
1741CH4 - x = 10.9501 - Not in a cage
1742CH4 - x =  2.9348 - Irregular cage
1743CH4 - x =  8.5044 - Large cage
1744CH4 - x =  3.9089 - Irregular cage
1746CH4 - x = 11.0132 - Irregular cage
1747CH4 - x =  4.1101 - Irregular cage
1748CH4 - x =  7.6522 - Irregular cage
1749CH4 - x = 10.9421 - Irregular cage
1750CH4 - x =  3.7136 - Large cage
1752CH4 - x =  3.2679 - Irregular cage
1753CH4 - x =  2.6425 - Irregular cage
1754CH4 - x =  9.1728 - Large cage
1756CH4 - x = 11.2336 - Not in a cage
1757CH4 - x =  3.2331 - Small cage
1758CH4 - x =  0.0892 - Irregular cage
1759CH4 - x =  9.0650 - Irregular cage
1760CH4 - x = 10.2949 - Irregular cage
1761CH4 - x =  3.2162 - Irregular cage
1762CH4 - x =  2.9434 - Irregular cage
1765CH4 - x =  3.2415 - Irregular cage
1766CH4 - x =  7.9283 - Irregular cage
1767CH4 - x =  3.8408 - Irregular cage
1768CH4 - x = 12.7867 - Irregular cage
1769CH4 - x =  3.8364 - Small cage
1770CH4 - x =  4.4358 - Irregular cage
1771CH4 - x =  4.7126 - Irregular cage
1772CH4 - x =  4.1266 - Irregular cage
1774CH4 - x =  9.1471 - Large cage
1775CH4 - x = 10.2711 - Irregular cage
1776CH4 - x = 11.0077 - Irregular cage
1778CH4 - x =  0.0923 - Irregular cage
1779CH4 - x =  9.7104 - Irregular cage
1782CH4 - x =  7.9263 - Large cage
1783CH4 - x =  2.6501 - Irregular cage
1784CH4 - x =  4.3689 - Large cage
1785CH4 - x =  5.0115 - Small cage
1786CH4 - x =  4.9756 - Small cage
1787CH4 - x =  5.0242 - Small cage
1788CH4 - x =  5.6008 - Small cage
1789CH4 - x =  5.5870 - Small cage
1790CH4 - x =  5.5984 - Irregular cage
1791CH4 - x =  5.0059 - Small cage
1792CH4 - x =  5.5510 - Small cage
1793CH4 - x =  4.9972 - Large cage
1794CH4 - x =  5.6005 - Large cage
1795CH4 - x =  5.5907 - Large cage
1796CH4 - x =  5.0753 - Irregular cage
1797CH4 - x =  5.6817 - Irregular cage
1798CH4 - x =  5.5461 - Large cage
1799CH4 - x =  5.9130 - Irregular cage
1800CH4 - x =  5.6099 - Large cage
1801CH4 - x =  5.0026 - Large cage
1802CH4 - x =  5.3243 - Large cage
1803CH4 - x =  5.9015 - Large cage
1804CH4 - x =  4.9984 - Irregular cage
1805CH4 - x =  5.9194 - Large cage
1806CH4 - x =  7.3699 - Irregular cage
1807CH4 - x =  5.4767 - Irregular cage
1808CH4 - x =  5.3001 - Irregular cage
1809CH4 - x =  5.2903 - Large cage
1810CH4 - x =  5.3251 - Irregular cage
1811CH4 - x =  4.9679 - Large cage
1812CH4 - x =  5.4868 - Irregular cage
1813CH4 - x =  5.0114 - Irregular cage
1814CH4 - x =  5.8380 - Large cage
1815CH4 - x =  5.5500 - Irregular cage
1817CH4 - x =  6.1863 - Small cage
1818CH4 - x =  6.2323 - Small cage
1819CH4 - x =  6.4994 - Irregular cage
1820CH4 - x =  6.1581 - Small cage
1821CH4 - x =  6.2100 - Large cage
1822CH4 - x =  6.2279 - Large cage
1823CH4 - x =  6.2512 - Irregular cage
1824CH4 - x =  6.1102 - Large cage
1825CH4 - x =  6.1412 - Irregular cage
1826CH4 - x =  6.2656 - Irregular cage
1827CH4 - x =  6.1707 - Large cage
1828CH4 - x =  6.1054 - Irregular cage
1830CH4 - x = 10.5530 - Irregular cage
1834CH4 - x =  8.5729 - Large cage
1836CH4 - x =  9.6877 - Irregular cage
1837CH4 - x = 12.6687 - Not in a cage
1839CH4 - x =  8.2535 - Large cage
1840CH4 - x = 10.7886 - Irregular cage
1842CH4 - x =  9.7436 - Small cage
1843CH4 - x =  6.8048 - Irregular cage
1844CH4 - x =  2.5821 - Irregular cage
1845CH4 - x =  2.3689 - Interface cage
1846CH4 - x =  9.0900 - Small cage
1848CH4 - x =  7.9951 - Irregular cage
1850CH4 - x =  6.8062 - Small cage
1851CH4 - x = 11.2336 - Not in a cage
1853CH4 - x =  7.7113 - Large cage
1854CH4 - x = 10.8073 - Not in a cage
1855CH4 - x =  9.7625 - Small cage
1856CH4 - x =  9.6991 - Irregular cage
1857CH4 - x =  6.7340 - Large cage
1858CH4 - x = 10.2250 - Irregular cage
1859CH4 - x =  9.1343 - Irregular cage
1861CH4 - x = 12.5792 - Irregular cage
1862CH4 - x =  7.2781 - Irregular cage
1863CH4 - x =  7.9638 - Small cage
1864CH4 - x =  7.6140 - Irregular cage
1865CH4 - x =  0.1307 - Not in a cage
1866CH4 - x =  7.3771 - Irregular cage
1867CH4 - x =  3.2253 - Irregular cage
1868CH4 - x =  7.4018 - Small cage
1869CH4 - x =  2.6441 - Irregular cage
1871CH4 - x =  8.5408 - Large cage
1872CH4 - x = 10.8959 - Not in a cage
1873CH4 - x =  6.8020 - Large cage
1874CH4 - x =  2.6639 - Irregular cage
1875CH4 - x =  0.0076 - Not in a cage
1876CH4 - x =  0.0948 - Irregular cage
1878CH4 - x =  8.9234 - Irregular cage
1879CH4 - x = 10.3186 - Irregular cage
1880CH4 - x =  9.7521 - Irregular cage
1884CH4 - x =  8.8580 - Large cage
1885CH4 - x =  1.1296 - Irregular cage
1886CH4 - x =  0.3346 - Irregular cage
1888CH4 - x =  3.1388 - Irregular cage
1889CH4 - x =  9.4507 - Large cage
1890CH4 - x = 10.9598 - Irregular cage
1891CH4 - x =  2.6864 - Irregular cage
1892CH4 - x =  2.1087 - Irregular cage
1893CH4 - x =  7.4102 - Large cage
1895CH4 - x =  6.4846 - Irregular cage
1896CH4 - x = 10.0135 - Small cage
1897CH4 - x = 10.9020 - Irregular cage
1899CH4 - x =  6.7894 - Large cage
1900CH4 - x =  9.7639 - Irregular cage
1901CH4 - x =  1.4115 - Irregular cage
1902CH4 - x =  7.9458 - Small cage
1904CH4 - x =  2.1976 - Interface cage
1905CH4 - x =  7.9065 - Large cage
1906CH4 - x =  0.3208 - Irregular cage
1907CH4 - x = 10.3173 - Irregular cage
1909CH4 - x = 10.9144 - Irregular cage
1911CH4 - x =  7.9273 - Irregular cage
1912CH4 - x =  7.4673 - Large cage
1913CH4 - x =  7.3889 - Small cage
1914CH4 - x =  9.6879 - Small cage
1917CH4 - x = 10.1371 - Small cage
1918CH4 - x =  8.5410 - Small cage
1919CH4 - x =  9.4589 - Large cage
1920CH4 - x =  8.6104 - Small cage
1921CH4 - x =  1.2829 - Irregular cage
1922CH4 - x = 10.9047 - Irregular cage
1923CH4 - x =  6.7637 - Small cage
1924CH4 - x =  1.3227 - Irregular cage
1926CH4 - x =  1.6120 - Not in a cage
1927CH4 - x =  9.7407 - Large cage
1928CH4 - x =  2.6666 - Irregular cage
1931CH4 - x =  2.6584 - Irregular cage
1933CH4 - x =  9.4374 - Large cage
1937CH4 - x =  9.1397 - Large cage
1939CH4 - x =  1.0770 - Irregular cage
1940CH4 - x = 10.2806 - Irregular cage
1942CH4 - x =  0.5659 - Not in a cage
1943CH4 - x = 10.3418 - Irregular cage
1944CH4 - x =  0.3116 - Not in a cage
1946CH4 - x =  9.1839 - Large cage
1947CH4 - x =  9.1694 - Small cage
1949CH4 - x =  7.9654 - Small cage
1950CH4 - x = 10.7644 - Irregular cage
1951CH4 - x =  7.7051 - Irregular cage
1952CH4 - x = 12.4191 - Irregular cage
1953CH4 - x =  0.3672 - Irregular cage
1954CH4 - x =  0.0471 - Not in a cage
1955CH4 - x =  6.7663 - Large cage
1956CH4 - x =  0.5756 - Irregular cage
1960CH4 - x = 10.3371 - Small cage
1961CH4 - x =  1.7446 - Irregular cage
1963CH4 - x =  1.4883 - Irregular cage
1964CH4 - x = 10.8511 - Irregular cage
1965CH4 - x =  2.4160 - Not in a cage
1968CH4 - x =  0.3953 - Not in a cage
1969CH4 - x = 10.2872 - Irregular cage
1970CH4 - x =  0.3980 - Not in a cage
1971CH4 - x =  0.2988 - Not in a cage
1972CH4 - x =  6.7335 - Irregular cage
1975CH4 - x =  2.7225 - Irregular cage
1976CH4 - x = 10.9252 - Not in a cage
1977CH4 - x =  0.8884 - Not in a cage
1978CH4 - x =  0.3391 - Not in a cage
1980CH4 - x =  6.7960 - Irregular cage
1981CH4 - x =  9.1034 - Small cage
1982CH4 - x =  7.1071 - Large cage
1983CH4 - x = 11.1616 - Irregular cage
1984CH4 - x =  1.9846 - Not in a cage
1985CH4 - x =  9.6961 - Irregular cage
1986CH4 - x =  0.1357 - Irregular cage
1987CH4 - x =  0.4224 - Not in a cage
1988CH4 - x =  0.1609 - Irregular cage
Done. Elapsed time: 47.735 s
Total time 61.526 s

Small cages: 32 found
Large cages: 60 found
Interface cages: 3 found
Irregular cages: 137 found

-------------------- FRAME 2000 --------------------

Computing AOP ...
Done. Elapsed time: 13.462 s

Computing neighbours with low AOP and hydrogen bonds ...
1657CH4 - x =  4.1309 - Irregular cage
1658CH4 - x =  8.2129 - Large cage
1660CH4 - x = 10.9300 - Not in a cage
1661CH4 - x =  8.5002 - Large cage
1662CH4 - x =  4.7697 - Large cage
1663CH4 - x =  3.2649 - Large cage
1664CH4 - x =  0.3153 - Not in a cage
1665CH4 - x =  7.3789 - Large cage
1666CH4 - x =  8.5836 - Large cage
1668CH4 - x =  3.9068 - Large cage
1669CH4 - x =  4.9882 - Large cage
1670CH4 - x =  2.9496 - Irregular cage
1671CH4 - x =  0.2665 - Not in a cage
1672CH4 - x =  9.7280 - Small cage
1673CH4 - x =  0.3736 - Irregular cage
1674CH4 - x =  9.1647 - Large cage
1675CH4 - x =  3.2501 - Irregular cage
1676CH4 - x = 10.4901 - Interface cage
1678CH4 - x = 11.0404 - Irregular cage
1680CH4 - x =  4.5061 - Large cage
1681CH4 - x =  2.9834 - Irregular cage
1682CH4 - x =  4.7071 - Irregular cage
1683CH4 - x =  0.3900 - Not in a cage
1684CH4 - x =  3.1574 - Irregular cage
1685CH4 - x = 10.9538 - Not in a cage
1687CH4 - x =  4.3769 - Large cage
1688CH4 - x = 10.0469 - Irregular cage
1690CH4 - x =  7.9647 - Irregular cage
1691CH4 - x =  8.5609 - Irregular cage
1692CH4 - x =  8.6009 - Large cage
1693CH4 - x =  7.9890 - Large cage
1694CH4 - x =  3.2299 - Large cage
1695CH4 - x =  3.8610 - Irregular cage
1696CH4 - x =  3.2568 - Irregular cage
1697CH4 - x = 10.0210 - Irregular cage
1698CH4 - x =  4.7491 - Large cage
1699CH4 - x =  4.4366 - Small cage
1700CH4 - x =  0.4542 - Irregular cage
1701CH4 - x =  6.7308 - Large cage
1702CH4 - x =  4.4328 - Large cage
1703CH4 - x =  1.0480 - Irregular cage
1704CH4 - x =  4.4683 - Small cage
1705CH4 - x =  3.8379 - Small cage
1706CH4 - x =  9.7404 - Large cage
1708CH4 - x =  0.4339 - Irregular cage
1710CH4 - x =  4.3106 - Irregular cage
1711CH4 - x =  4.4929 - Irregular cage
1712CH4 - x =  3.5081 - Irregular cage
1713CH4 - x =  3.9182 - Irregular cage
1714CH4 - x = 10.9428 - Not in a cage
1716CH4 - x =  4.4005 - Small cage
1717CH4 - x = 10.9521 - Irregular cage
1718CH4 - x =  3.5214 - Small cage
1719CH4 - x =  5.0494 - Large cage
1720CH4 - x =  0.3782 - Irregular cage
1721CH4 - x =  3.5458 - Irregular cage
1723CH4 - x =  3.5522 - Irregular cage
1725CH4 - x =  3.8400 - Irregular cage
1726CH4 - x =  2.5731 - Interface cage
1729CH4 - x =  2.6400 - Irregular cage
1731CH4 - x = 10.8162 - Irregular cage
1732CH4 - x =  4.4618 - Large cage
1733CH4 - x =  8.5807 - Irregular cage
1734CH4 - x =  3.2491 - Small cage
1735CH4 - x = 10.2729 - Interface cage
1736CH4 - x =  3.8585 - Irregular cage
1739CH4 - x =  3.8398 - Irregular cage
1740CH4 - x =  7.0940 - Large cage
1742CH4 - x =  2.9912 - Large cage
1743CH4 - x =  8.5577 - Large cage
1744CH4 - x =  3.8656 - Large cage
1745CH4 - x = 11.2629 - Irregular cage
1746CH4 - x = 10.5497 - Interface cage
1747CH4 - x =  4.0728 - Large cage
1748CH4 - x =  7.6323 - Large cage
1750CH4 - x =  3.8467 - Irregular cage
1752CH4 - x =  3.3017 - Irregular cage
1753CH4 - x =  2.6625 - Irregular cage
1754CH4 - x =  9.1420 - Large cage
1755CH4 - x = 10.9060 - Interface cage
1757CH4 - x =  3.2078 - Irregular cage
1758CH4 - x = 11.0506 - Irregular cage
1759CH4 - x =  9.1038 - Irregular cage
1761CH4 - x =  3.2627 - Small cage
1762CH4 - x =  2.9648 - Irregular cage
1764CH4 - x =  0.5783 - Irregular cage
1765CH4 - x =  3.3068 - Irregular cage
1766CH4 - x =  7.9784 - Large cage
1767CH4 - x =  3.8057 - Large cage
1768CH4 - x =  0.0700 - Irregular cage
1769CH4 - x =  3.8529 - Irregular cage
1770CH4 - x =  4.3897 - Large cage
1771CH4 - x =  4.7055 - Irregular cage
1772CH4 - x =  4.1659 - Large cage
1774CH4 - x =  9.2186 - Large cage
1775CH4 - x = 10.2786 - Irregular cage
1779CH4 - x =  9.7059 - Large cage
1780CH4 - x =  0.3947 - Irregular cage
1782CH4 - x =  7.9650 - Irregular cage
1783CH4 - x =  2.6655 - Irregular cage
1784CH4 - x =  4.3735 - Large cage
1785CH4 - x =  4.9922 - Small cage
1786CH4 - x =  5.0277 - Small cage
1787CH4 - x =  5.0244 - Small cage
1788CH4 - x =  5.6562 - Irregular cage
1789CH4 - x =  5.5560 - Small cage
1790CH4 - x =  5.6044 - Small cage
1791CH4 - x =  5.0159 - Small cage
1792CH4 - x =  5.5524 - Small cage
1793CH4 - x =  4.9987 - Large cage
1794CH4 - x =  5.5819 - Large cage
1795CH4 - x =  5.5411 - Large cage
1796CH4 - x =  5.0436 - Irregular cage
1797CH4 - x =  5.6671 - Large cage
1798CH4 - x =  5.6242 - Irregular cage
1799CH4 - x =  5.8788 - Irregular cage
1800CH4 - x =  5.6029 - Irregular cage
1801CH4 - x =  4.9397 - Large cage
1802CH4 - x =  5.3007 - Large cage
1803CH4 - x =  5.9411 - Irregular cage
1804CH4 - x =  5.0130 - Irregular cage
1805CH4 - x =  5.8964 - Large cage
1806CH4 - x =  7.3638 - Small cage
1807CH4 - x =  5.6050 - Large cage
1808CH4 - x =  5.3304 - Irregular cage
1809CH4 - x =  5.3349 - Large cage
1810CH4 - x =  5.2713 - Irregular cage
1811CH4 - x =  5.0559 - Large cage
1812CH4 - x =  5.5779 - Irregular cage
1813CH4 - x =  5.0258 - Irregular cage
1814CH4 - x =  5.9462 - Large cage
1815CH4 - x =  5.5316 - Large cage
1817CH4 - x =  6.1986 - Small cage
1818CH4 - x =  6.2102 - Small cage
1819CH4 - x =  6.4875 - Large cage
1820CH4 - x =  6.2100 - Irregular cage
1821CH4 - x =  6.2640 - Irregular cage
1822CH4 - x =  6.2095 - Irregular cage
1823CH4 - x =  6.2332 - Large cage
1824CH4 - x =  6.1191 - Large cage
1825CH4 - x =  6.2243 - Large cage
1826CH4 - x =  6.2054 - Large cage
1827CH4 - x =  6.2646 - Irregular cage
1828CH4 - x =  6.1332 - Irregular cage
1829CH4 - x =  0.1786 - Not in a cage
1832CH4 - x =  0.3023 - Not in a cage
1834CH4 - x =  8.6340 - Large cage
1835CH4 - x = 10.8244 - Not in a cage
1836CH4 - x =  9.7814 - Large cage
1837CH4 - x = 10.0634 - Small cage
1838CH4 - x =  0.2361 - Not in a cage
1839CH4 - x =  8.2938 - Large cage
1842CH4 - x =  9.7289 - Small cage
1843CH4 - x =  6.7841 - Small cage
1844CH4 - x =  2.6402 - Interface cage
1846CH4 - x =  9.1845 - Irregular cage
1848CH4 - x =  7.9335 - Small cage
1850CH4 - x =  6.7407 - Small cage
1853CH4 - x =  7.6701 - Irregular cage
1855CH4 - x =  9.7562 - Small cage
1856CH4 - x =  9.6936 - Large cage
1857CH4 - x =  6.7830 - Large cage
1858CH4 - x = 10.2780 - Irregular cage
1859CH4 - x =  9.1878 - Large cage
1860CH4 - x =  1.9280 - Interface cage
1861CH4 - x = 10.9455 - Irregular cage
1862CH4 - x =  7.3430 - Large cage
1863CH4 - x =  7.9846 - Small cage
1864CH4 - x =  7.6877 - Irregular cage
1866CH4 - x =  7.3998 - Large cage
1867CH4 - x =  3.2359 - Small cage
1868CH4 - x =  7.4004 - Small cage
1869CH4 - x =  2.1325 - Irregular cage
1871CH4 - x =  8.5556 - Large cage
1872CH4 - x = 11.0127 - Irregular cage
1873CH4 - x =  6.8239 - Irregular cage
1874CH4 - x =  2.7167 - Irregular cage
1877CH4 - x =  2.0962 - Irregular cage
1878CH4 - x =  8.9026 - Large cage
1879CH4 - x = 10.2961 - Irregular cage
1880CH4 - x =  9.7957 - Irregular cage
1881CH4 - x =  2.1127 - Irregular cage
1884CH4 - x =  8.8284 - Large cage
1885CH4 - x = 11.0742 - Not in a cage
1887CH4 - x = 10.9018 - Irregular cage
1888CH4 - x =  3.2109 - Irregular cage
1889CH4 - x =  9.4587 - Irregular cage
1891CH4 - x =  2.6267 - Irregular cage
1893CH4 - x =  7.4526 - Large cage
1894CH4 - x = 11.2432 - Irregular cage
1895CH4 - x =  6.4988 - Large cage
1898CH4 - x = 10.8426 - Not in a cage
1899CH4 - x =  6.8168 - Large cage
1900CH4 - x =  9.7355 - Large cage
1901CH4 - x =  0.5484 - Not in a cage
1902CH4 - x =  7.9727 - Small cage
1904CH4 - x =  1.8135 - Not in a cage
1905CH4 - x =  8.0267 - Large cage
1906CH4 - x = 10.9059 - Irregular cage
1907CH4 - x =  0.4796 - Not in a cage
1910CH4 - x = 10.2934 - Irregular cage
1911CH4 - x =  8.0195 - Irregular cage
1912CH4 - x =  7.3370 - Large cage
1913CH4 - x =  7.3962 - Small cage
1914CH4 - x =  9.7445 - Small cage
1917CH4 - x = 10.0675 - Irregular cage
1918CH4 - x =  8.5964 - Small cage
1919CH4 - x =  9.4346 - Large cage
1920CH4 - x =  8.6230 - Small cage
1921CH4 - x =  2.4004 - Irregular cage
1923CH4 - x =  6.8562 - Small cage
1926CH4 - x =  0.6801 - Irregular cage
1927CH4 - x =  9.8227 - Irregular cage
1928CH4 - x =  2.6714 - Irregular cage
1930CH4 - x = 10.2413 - Irregular cage
1931CH4 - x =  2.6690 - Irregular cage
1932CH4 - x =  0.1746 - Not in a cage
1933CH4 - x =  9.4325 - Large cage
1935CH4 - x = 11.2052 - Not in a cage
1937CH4 - x =  9.1467 - Large cage
1938CH4 - x =  0.3490 - Not in a cage
1939CH4 - x =  1.3284 - Not in a cage
1940CH4 - x = 10.3733 - Irregular cage
1941CH4 - x = 11.0738 - Irregular cage
1944CH4 - x = 11.0764 - Irregular cage
1946CH4 - x =  9.1302 - Irregular cage
1947CH4 - x =  9.1287 - Small cage
1948CH4 - x =  0.2210 - Not in a cage
1949CH4 - x =  7.9347 - Small cage
1950CH4 - x = 10.6709 - Irregular cage
1951CH4 - x =  7.7040 - Irregular cage
1952CH4 - x =  0.4868 - Irregular cage
1955CH4 - x =  6.7879 - Large cage
1956CH4 - x = 11.1113 - Irregular cage
1957CH4 - x = 10.9975 - Irregular cage
1959CH4 - x =  0.4548 - Irregular cage
1960CH4 - x = 10.2825 - Small cage
1964CH4 - x = 10.3261 - Irregular cage
1969CH4 - x = 10.2803 - Irregular cage
1970CH4 - x =  0.2456 - Not in a cage
1972CH4 - x =  6.7408 - Large cage
1973CH4 - x =  0.5218 - Not in a cage
1975CH4 - x =  2.7025 - Irregular cage
1976CH4 - x =  0.5519 - Not in a cage
1980CH4 - x =  6.7953 - Large cage
1981CH4 - x =  9.1052 - Irregular cage
1982CH4 - x =  7.0339 - Large cage
1983CH4 - x =  0.8359 - Irregular cage
1984CH4 - x =  1.2076 - Irregular cage
1985CH4 - x =  9.7762 - Large cage
1986CH4 - x =  0.3003 - Irregular cage
1987CH4 - x =  1.2262 - Irregular cage
Done. Elapsed time: 46.517 s
Total time 60.149 s

Small cages: 36 found
Large cages: 76 found
Interface cages: 7 found
Irregular cages: 110 found

Width of the clathrate phase:
Frame    0: 7.490 nm
Frame  222: 6.430 nm
Frame  444: 6.230 nm
Frame  666: 6.666 nm
Frame  888: 7.392 nm
Frame 1111: 7.169 nm
Frame 1333: 6.662 nm
Frame 1555: 7.696 nm
Frame 1777: 7.112 nm
Frame 2000: 7.291 nm
Phase delta: 0.199 nm
Total time of the computation: 613.114 s
