                       :-) GROMACS - gmx mdrun, 2021 (-:

                            GROMACS is written by:
     Andrey Alekseenko              Emile Apol              Rossen Apostolov     
         Paul Bauer           Herman J.C. Berendsen           Par Bjelkmar       
       Christian Blau           Viacheslav Bolnykh             Kevin Boyd        
     Aldert van Buuren           Rudi van Drunen             Anton Feenstra      
    Gilles Gouaillardet             Alan Gray               Gerrit Groenhof      
       Anca Hamuraru            Vincent Hindriksen          M. Eric Irrgang      
      Aleksei Iupinov           Christoph Junghans             Joe Jordan        
    Dimitrios Karkoulis            Peter Kasson                Jiri Kraus        
      Carsten Kutzner              Per Larsson              Justin A. Lemkul     
       Viveca Lindahl            Magnus Lundborg             Erik Marklund       
        Pascal Merz             Pieter Meulenhoff            Teemu Murtola       
        Szilard Pall               Sander Pronk              Roland Schulz       
       Michael Shirts            Alexey Shvetsov             Alfons Sijbers      
       Peter Tieleman              Jon Vincent              Teemu Virolainen     
     Christian Wennberg            Maarten Wolf              Artem Zhmurov       
                           and the project leaders:
        Mark Abraham, Berk Hess, Erik Lindahl, and David van der Spoel

Copyright (c) 1991-2000, University of Groningen, The Netherlands.
Copyright (c) 2001-2019, The GROMACS development team at
Uppsala University, Stockholm University and
the Royal Institute of Technology, Sweden.
check out http://www.gromacs.org for more information.

GROMACS is free software; you can redistribute it and/or modify it
under the terms of the GNU Lesser General Public License
as published by the Free Software Foundation; either version 2.1
of the License, or (at your option) any later version.

GROMACS:      gmx mdrun, version 2021
Executable:   /usr/local/gromacs/bin/gmx
Data prefix:  /usr/local/gromacs
Working dir:  /home/cyril/Documents/FAC/MASTER-1/SEMESTER-8/LAB/gromacs/computations/water
Process ID:   17806
Command line:
  gmx mdrun -s topol.tpr

GROMACS version:    2021
Verified release checksum is 3e06a5865d6ff726fc417dea8d55afd37ac3cbb94c02c54c76d7a881c49c5dd8
Precision:          mixed
Memory model:       64 bit
MPI library:        thread_mpi
OpenMP support:     enabled (GMX_OPENMP_MAX_THREADS = 64)
GPU support:        disabled
SIMD instructions:  AVX2_256
FFT library:        fftw-3.3.8-sse2-avx-avx2-avx2_128
RDTSCP usage:       enabled
TNG support:        enabled
Hwloc support:      disabled
Tracing support:    disabled
C compiler:         /usr/bin/cc GNU 10.2.0
C compiler flags:   -mavx2 -mfma -Wno-missing-field-initializers -fexcess-precision=fast -funroll-all-loops -O3 -DNDEBUG
C++ compiler:       /usr/bin/c++ GNU 10.2.0
C++ compiler flags: -mavx2 -mfma -Wno-missing-field-initializers -fexcess-precision=fast -funroll-all-loops -fopenmp -O3 -DNDEBUG


Running on 1 node with total 4 cores, 8 logical cores
Hardware detected:
  CPU info:
    Vendor: Intel
    Brand:  Intel(R) Core(TM) i5-8365U CPU @ 1.60GHz
    Family: 6   Model: 142   Stepping: 12
    Features: aes apic avx avx2 clfsh cmov cx8 cx16 f16c fma htt intel lahf mmx msr nonstop_tsc pcid pclmuldq pdcm pdpe1gb popcnt pse rdrnd rdtscp sse2 sse3 sse4.1 sse4.2 ssse3 tdt x2apic
  Hardware topology: Basic
    Sockets, cores, and logical processors:
      Socket  0: [   0   4] [   1   5] [   2   6] [   3   7]


++++ PLEASE READ AND CITE THE FOLLOWING REFERENCE ++++
M. J. Abraham, T. Murtola, R. Schulz, S. Páll, J. C. Smith, B. Hess, E.
Lindahl
GROMACS: High performance molecular simulations through multi-level
parallelism from laptops to supercomputers
SoftwareX 1 (2015) pp. 19-25
-------- -------- --- Thank You --- -------- --------


++++ PLEASE READ AND CITE THE FOLLOWING REFERENCE ++++
S. Páll, M. J. Abraham, C. Kutzner, B. Hess, E. Lindahl
Tackling Exascale Software Challenges in Molecular Dynamics Simulations with
GROMACS
In S. Markidis & E. Laure (Eds.), Solving Software Challenges for Exascale 8759 (2015) pp. 3-27
-------- -------- --- Thank You --- -------- --------


++++ PLEASE READ AND CITE THE FOLLOWING REFERENCE ++++
S. Pronk, S. Páll, R. Schulz, P. Larsson, P. Bjelkmar, R. Apostolov, M. R.
Shirts, J. C. Smith, P. M. Kasson, D. van der Spoel, B. Hess, and E. Lindahl
GROMACS 4.5: a high-throughput and highly parallel open source molecular
simulation toolkit
Bioinformatics 29 (2013) pp. 845-54
-------- -------- --- Thank You --- -------- --------


++++ PLEASE READ AND CITE THE FOLLOWING REFERENCE ++++
B. Hess and C. Kutzner and D. van der Spoel and E. Lindahl
GROMACS 4: Algorithms for highly efficient, load-balanced, and scalable
molecular simulation
J. Chem. Theory Comput. 4 (2008) pp. 435-447
-------- -------- --- Thank You --- -------- --------


++++ PLEASE READ AND CITE THE FOLLOWING REFERENCE ++++
D. van der Spoel, E. Lindahl, B. Hess, G. Groenhof, A. E. Mark and H. J. C.
Berendsen
GROMACS: Fast, Flexible and Free
J. Comp. Chem. 26 (2005) pp. 1701-1719
-------- -------- --- Thank You --- -------- --------


++++ PLEASE READ AND CITE THE FOLLOWING REFERENCE ++++
E. Lindahl and B. Hess and D. van der Spoel
GROMACS 3.0: A package for molecular simulation and trajectory analysis
J. Mol. Mod. 7 (2001) pp. 306-317
-------- -------- --- Thank You --- -------- --------


++++ PLEASE READ AND CITE THE FOLLOWING REFERENCE ++++
H. J. C. Berendsen, D. van der Spoel and R. van Drunen
GROMACS: A message-passing parallel molecular dynamics implementation
Comp. Phys. Comm. 91 (1995) pp. 43-56
-------- -------- --- Thank You --- -------- --------


++++ PLEASE CITE THE DOI FOR THIS VERSION OF GROMACS ++++
https://doi.org/10.5281/zenodo.4457626
-------- -------- --- Thank You --- -------- --------

Input Parameters:
   integrator                     = md
   tinit                          = 0
   dt                             = 0.001
   nsteps                         = 1000000
   init-step                      = 0
   simulation-part                = 1
   mts                            = false
   comm-mode                      = Linear
   nstcomm                        = 100
   bd-fric                        = 0
   ld-seed                        = -571523690
   emtol                          = 10
   emstep                         = 0.01
   niter                          = 20
   fcstep                         = 0
   nstcgsteep                     = 1000
   nbfgscorr                      = 10
   rtpi                           = 0.05
   nstxout                        = 1000
   nstvout                        = 0
   nstfout                        = 0
   nstlog                         = 1000
   nstcalcenergy                  = 100
   nstenergy                      = 1000
   nstxout-compressed             = 0
   compressed-x-precision         = 1000
   cutoff-scheme                  = Verlet
   nstlist                        = 10
   pbc                            = xyz
   periodic-molecules             = false
   verlet-buffer-tolerance        = 0.001
   rlist                          = 0.9
   coulombtype                    = PME
   coulomb-modifier               = Potential-shift
   rcoulomb-switch                = 0
   rcoulomb                       = 0.9
   epsilon-r                      = 1
   epsilon-rf                     = inf
   vdw-type                       = Cut-off
   vdw-modifier                   = Potential-shift
   rvdw-switch                    = 0
   rvdw                           = 0.9
   DispCorr                       = EnerPres
   table-extension                = 1
   fourierspacing                 = 0.15
   fourier-nx                     = 14
   fourier-ny                     = 14
   fourier-nz                     = 14
   pme-order                      = 4
   ewald-rtol                     = 1e-05
   ewald-rtol-lj                  = 0.001
   lj-pme-comb-rule               = Geometric
   ewald-geometry                 = 0
   epsilon-surface                = 0
   tcoupl                         = V-rescale
   nsttcouple                     = 10
   nh-chain-length                = 0
   print-nose-hoover-chain-variables = false
   pcoupl                         = Parrinello-Rahman
   pcoupltype                     = Isotropic
   nstpcouple                     = 10
   tau-p                          = 1
   compressibility (3x3):
      compressibility[    0]={ 4.50000e-05,  0.00000e+00,  0.00000e+00}
      compressibility[    1]={ 0.00000e+00,  4.50000e-05,  0.00000e+00}
      compressibility[    2]={ 0.00000e+00,  0.00000e+00,  4.50000e-05}
   ref-p (3x3):
      ref-p[    0]={ 2.00000e+01,  0.00000e+00,  0.00000e+00}
      ref-p[    1]={ 0.00000e+00,  2.00000e+01,  0.00000e+00}
      ref-p[    2]={ 0.00000e+00,  0.00000e+00,  2.00000e+01}
   refcoord-scaling               = No
   posres-com (3):
      posres-com[0]= 0.00000e+00
      posres-com[1]= 0.00000e+00
      posres-com[2]= 0.00000e+00
   posres-comB (3):
      posres-comB[0]= 0.00000e+00
      posres-comB[1]= 0.00000e+00
      posres-comB[2]= 0.00000e+00
   QMMM                           = false
qm-opts:
   ngQM                           = 0
   constraint-algorithm           = Lincs
   continuation                   = false
   Shake-SOR                      = false
   shake-tol                      = 0.0001
   lincs-order                    = 4
   lincs-iter                     = 1
   lincs-warnangle                = 30
   nwall                          = 0
   wall-type                      = 9-3
   wall-r-linpot                  = -1
   wall-atomtype[0]               = -1
   wall-atomtype[1]               = -1
   wall-density[0]                = 0
   wall-density[1]                = 0
   wall-ewald-zfac                = 3
   pull                           = false
   awh                            = false
   rotation                       = false
   interactiveMD                  = false
   disre                          = No
   disre-weighting                = Conservative
   disre-mixed                    = false
   dr-fc                          = 1000
   dr-tau                         = 0
   nstdisreout                    = 100
   orire-fc                       = 0
   orire-tau                      = 0
   nstorireout                    = 100
   free-energy                    = no
   cos-acceleration               = 0
   deform (3x3):
      deform[    0]={ 0.00000e+00,  0.00000e+00,  0.00000e+00}
      deform[    1]={ 0.00000e+00,  0.00000e+00,  0.00000e+00}
      deform[    2]={ 0.00000e+00,  0.00000e+00,  0.00000e+00}
   simulated-tempering            = false
   swapcoords                     = no
   userint1                       = 0
   userint2                       = 0
   userint3                       = 0
   userint4                       = 0
   userreal1                      = 0
   userreal2                      = 0
   userreal3                      = 0
   userreal4                      = 0
   applied-forces:
     electric-field:
       x:
         E0                       = 0
         omega                    = 0
         t0                       = 0
         sigma                    = 0
       y:
         E0                       = 0
         omega                    = 0
         t0                       = 0
         sigma                    = 0
       z:
         E0                       = 0
         omega                    = 0
         t0                       = 0
         sigma                    = 0
     density-guided-simulation:
       active                     = false
       group                      = protein
       similarity-measure         = inner-product
       atom-spreading-weight      = unity
       force-constant             = 1e+09
       gaussian-transform-spreading-width = 0.2
       gaussian-transform-spreading-range-in-multiples-of-width = 4
       reference-density-filename = reference.mrc
       nst                        = 1
       normalize-densities        = true
       adaptive-force-scaling     = false
       adaptive-force-scaling-time-constant = 4
       shift-vector               = 
       transformation-matrix      = 
grpopts:
   nrdf:         381
   ref-t:         298
   tau-t:         0.1
annealing:          No
annealing-npoints:           0
   acc:	           0           0           0
   nfreeze:           N           N           N
   energygrp-flags[  0]: 0

Changing nstlist from 10 to 25, rlist from 0.9 to 0.926

Using 1 MPI thread
Using 8 OpenMP threads 

Pinning threads with an auto-selected logical core stride of 1
System total charge: 0.000
Will do PME sum in reciprocal space for electrostatic interactions.

++++ PLEASE READ AND CITE THE FOLLOWING REFERENCE ++++
U. Essmann, L. Perera, M. L. Berkowitz, T. Darden, H. Lee and L. G. Pedersen 
A smooth particle mesh Ewald method
J. Chem. Phys. 103 (1995) pp. 8577-8592
-------- -------- --- Thank You --- -------- --------

Using a Gaussian width (1/beta) of 0.288146 nm for Ewald
Potential shift: LJ r^-12: -3.541e+00 r^-6: -1.882e+00, Ewald -1.111e-05
Initialized non-bonded Ewald tables, spacing: 8.85e-04 size: 1018

Long Range LJ corr.: <C6> 1.9135e-04


Using SIMD 4x8 nonbonded short-range kernels

Using a dual 4x8 pair-list setup updated with dynamic pruning:
  outer list: updated every 25 steps, buffer 0.026 nm, rlist 0.926 nm
  inner list: updated every 11 steps, buffer 0.001 nm, rlist 0.901 nm
At tolerance 0.001 kJ/mol/ps per atom, equivalent classical 1x1 list would be:
  outer list: updated every 25 steps, buffer 0.067 nm, rlist 0.967 nm
  inner list: updated every 11 steps, buffer 0.020 nm, rlist 0.920 nm

Using geometric Lennard-Jones combination rule
Removing pbc first time

Initializing LINear Constraint Solver

++++ PLEASE READ AND CITE THE FOLLOWING REFERENCE ++++
B. Hess
P-LINCS: A Parallel Linear Constraint Solver for molecular simulation
J. Chem. Theory Comput. 4 (2008) pp. 116-122
-------- -------- --- Thank You --- -------- --------

The number of constraints is 192
192 constraints are involved in constraint triangles,
will apply an additional matrix expansion of order 4 for couplings
between constraints inside triangles

++++ PLEASE READ AND CITE THE FOLLOWING REFERENCE ++++
G. Bussi, D. Donadio and M. Parrinello
Canonical sampling through velocity rescaling
J. Chem. Phys. 126 (2007) pp. 014101
-------- -------- --- Thank You --- -------- --------

There are: 192 Atoms
There are: 64 VSites

Constraining the starting coordinates (step 0)

Constraining the coordinates at t0-dt (step 0)
Center of mass motion removal mode is Linear
We have the following groups for center of mass motion removal:
  0:  rest
RMS relative constraint deviation after constraining: 2.25e-05
Initial temperature: 322.211 K

Started mdrun on rank 0 Fri Apr  2 21:52:58 2021

           Step           Time
              0        0.00000

   Energies (kJ/mol)
        LJ (SR)  Disper. corr.   Coulomb (SR)   Coul. recip.      Potential
    4.99139e+02   -1.06349e+01   -1.29603e+05    6.27023e+01   -1.29052e+05
    Kinetic En.   Total Energy  Conserved En.    Temperature Pres. DC (bar)
    5.07334e+02   -1.28545e+05   -1.28536e+05    3.20306e+02   -2.62909e+01
 Pressure (bar)   Constr. rmsd
   -1.18503e+03    8.91099e-04

           Step           Time
           1000        1.00000

   Energies (kJ/mol)
        LJ (SR)  Disper. corr.   Coulomb (SR)   Coul. recip.      Potential
    5.64665e+02   -1.30180e+01   -1.29795e+05    5.11308e+01   -1.29192e+05
    Kinetic En.   Total Energy  Conserved En.    Temperature Pres. DC (bar)
    4.10636e+02   -1.28782e+05   -1.28647e+05    2.59255e+02   -3.93316e+01
 Pressure (bar)   Constr. rmsd
    8.98404e+01    8.95114e-04

           Step           Time
           2000        2.00000

   Energies (kJ/mol)
        LJ (SR)  Disper. corr.   Coulomb (SR)   Coul. recip.      Potential
    6.23999e+02   -1.55038e+01   -1.29839e+05    6.93877e+01   -1.29161e+05
    Kinetic En.   Total Energy  Conserved En.    Temperature Pres. DC (bar)
    4.86272e+02   -1.28675e+05   -1.28652e+05    3.07008e+02   -5.57238e+01
 Pressure (bar)   Constr. rmsd
    1.26594e+03    8.98100e-04

           Step           Time
           3000        3.00000

   Energies (kJ/mol)
        LJ (SR)  Disper. corr.   Coulomb (SR)   Coul. recip.      Potential
    5.91413e+02   -1.71547e+01   -1.29845e+05    4.42901e+01   -1.29226e+05
    Kinetic En.   Total Energy  Conserved En.    Temperature Pres. DC (bar)
    4.92764e+02   -1.28734e+05   -1.28656e+05    3.11107e+02   -6.81841e+01
 Pressure (bar)   Constr. rmsd
    2.01926e+02    8.96464e-04

           Step           Time
           4000        4.00000

   Energies (kJ/mol)
        LJ (SR)  Disper. corr.   Coulomb (SR)   Coul. recip.      Potential
    5.70335e+02   -2.09961e+01   -1.29830e+05    4.89372e+01   -1.29232e+05
    Kinetic En.   Total Energy  Conserved En.    Temperature Pres. DC (bar)
    5.18987e+02   -1.28713e+05   -1.28662e+05    3.27663e+02   -1.02039e+02
 Pressure (bar)   Constr. rmsd
    8.73947e+02    8.98251e-04

           Step           Time
           5000        5.00000

   Energies (kJ/mol)
        LJ (SR)  Disper. corr.   Coulomb (SR)   Coul. recip.      Potential
    5.26969e+02   -2.74109e+01   -1.29832e+05    3.90089e+01   -1.29293e+05
    Kinetic En.   Total Energy  Conserved En.    Temperature Pres. DC (bar)
    4.28814e+02   -1.28865e+05   -1.28669e+05    2.70732e+02   -1.73736e+02
 Pressure (bar)   Constr. rmsd
   -8.13303e+02    8.93521e-04

           Step           Time
           6000        6.00000

   Energies (kJ/mol)
        LJ (SR)  Disper. corr.   Coulomb (SR)   Coul. recip.      Potential
    5.01237e+02   -3.49999e+01   -1.29909e+05    2.65764e+01   -1.29416e+05
    Kinetic En.   Total Energy  Conserved En.    Temperature Pres. DC (bar)
    4.81889e+02   -1.28934e+05   -1.28672e+05    3.04241e+02   -2.83048e+02
 Pressure (bar)   Constr. rmsd
   -6.71209e+02    8.92701e-04

           Step           Time
           7000        7.00000

   Energies (kJ/mol)
        LJ (SR)  Disper. corr.   Coulomb (SR)   Coul. recip.      Potential
    6.01408e+02   -3.56520e+01   -1.30028e+05    2.56201e+01   -1.29436e+05
    Kinetic En.   Total Energy  Conserved En.    Temperature Pres. DC (bar)
    4.39104e+02   -1.28997e+05   -1.28673e+05    2.77228e+02   -2.93680e+02
 Pressure (bar)   Constr. rmsd
    2.22698e+03    8.89715e-04

           Step           Time
           8000        8.00000

   Energies (kJ/mol)
        LJ (SR)  Disper. corr.   Coulomb (SR)   Coul. recip.      Potential
    5.18911e+02   -3.41255e+01   -1.29989e+05    2.71361e+01   -1.29477e+05
    Kinetic En.   Total Energy  Conserved En.    Temperature Pres. DC (bar)
    4.74525e+02   -1.29003e+05   -1.28673e+05    2.99592e+02   -2.69100e+02
 Pressure (bar)   Constr. rmsd
   -1.47875e+03    8.89216e-04

           Step           Time
           9000        9.00000

   Energies (kJ/mol)
        LJ (SR)  Disper. corr.   Coulomb (SR)   Coul. recip.      Potential
    5.56161e+02   -3.63291e+01   -1.30073e+05    2.21204e+01   -1.29531e+05
    Kinetic En.   Total Energy  Conserved En.    Temperature Pres. DC (bar)
    4.39390e+02   -1.29091e+05   -1.28673e+05    2.77410e+02   -3.04926e+02
 Pressure (bar)   Constr. rmsd
   -7.93978e+01    8.86695e-04

           Step           Time
          10000       10.00000

   Energies (kJ/mol)
        LJ (SR)  Disper. corr.   Coulomb (SR)   Coul. recip.      Potential
    7.02069e+02   -3.50788e+01   -1.30223e+05    2.28227e+01   -1.29534e+05
    Kinetic En.   Total Energy  Conserved En.    Temperature Pres. DC (bar)
    4.14965e+02   -1.29119e+05   -1.28671e+05    2.61988e+02   -2.84325e+02
 Pressure (bar)   Constr. rmsd
    2.96630e+03    8.83064e-04

           Step           Time
          11000       11.00000

   Energies (kJ/mol)
        LJ (SR)  Disper. corr.   Coulomb (SR)   Coul. recip.      Potential
    5.55705e+02   -3.82418e+01   -1.30033e+05    2.30236e+01   -1.29492e+05
    Kinetic En.   Total Energy  Conserved En.    Temperature Pres. DC (bar)
    4.67119e+02   -1.29025e+05   -1.28676e+05    2.94916e+02   -3.37836e+02
 Pressure (bar)   Constr. rmsd
    9.81486e+02    8.91570e-04

           Step           Time
          12000       12.00000

   Energies (kJ/mol)
        LJ (SR)  Disper. corr.   Coulomb (SR)   Coul. recip.      Potential
    4.98753e+02   -3.54374e+01   -1.30014e+05    2.77626e+01   -1.29523e+05
    Kinetic En.   Total Energy  Conserved En.    Temperature Pres. DC (bar)
    4.88866e+02   -1.29034e+05   -1.28673e+05    3.08646e+02   -2.90160e+02
 Pressure (bar)   Constr. rmsd
   -1.27947e+03    8.92712e-04

           Step           Time
          13000       13.00000

   Energies (kJ/mol)
        LJ (SR)  Disper. corr.   Coulomb (SR)   Coul. recip.      Potential
    5.71691e+02   -3.62790e+01   -1.30027e+05    2.84236e+01   -1.29463e+05
    Kinetic En.   Total Energy  Conserved En.    Temperature Pres. DC (bar)
    4.33564e+02   -1.29030e+05   -1.28673e+05    2.73731e+02   -3.04086e+02
 Pressure (bar)   Constr. rmsd
    1.05507e+03    8.89899e-04

           Step           Time
          14000       14.00000

   Energies (kJ/mol)
        LJ (SR)  Disper. corr.   Coulomb (SR)   Coul. recip.      Potential
    6.63983e+02   -3.56819e+01   -1.30256e+05    1.74135e+01   -1.29610e+05
    Kinetic En.   Total Energy  Conserved En.    Temperature Pres. DC (bar)
    4.58286e+02   -1.29152e+05   -1.28670e+05    2.89339e+02   -2.94173e+02
 Pressure (bar)   Constr. rmsd
    1.58815e+03    8.83703e-04

           Step           Time
          15000       15.00000

   Energies (kJ/mol)
        LJ (SR)  Disper. corr.   Coulomb (SR)   Coul. recip.      Potential
    6.93972e+02   -3.75417e+01   -1.30320e+05    1.76631e+01   -1.29646e+05
    Kinetic En.   Total Energy  Conserved En.    Temperature Pres. DC (bar)
    4.62246e+02   -1.29184e+05   -1.28673e+05    2.91839e+02   -3.25595e+02
 Pressure (bar)   Constr. rmsd
    2.43592e+03    8.84028e-04

           Step           Time
          16000       16.00000

   Energies (kJ/mol)
        LJ (SR)  Disper. corr.   Coulomb (SR)   Coul. recip.      Potential
    6.66212e+02   -3.73145e+01   -1.30161e+05    2.95691e+01   -1.29502e+05
    Kinetic En.   Total Energy  Conserved En.    Temperature Pres. DC (bar)
    5.48496e+02   -1.28954e+05   -1.28674e+05    3.46294e+02   -3.21671e+02
 Pressure (bar)   Constr. rmsd
    3.69638e+03    8.91332e-04

           Step           Time
          17000       17.00000

   Energies (kJ/mol)
        LJ (SR)  Disper. corr.   Coulomb (SR)   Coul. recip.      Potential
    5.85698e+02   -3.94726e+01   -1.30056e+05    2.02181e+01   -1.29489e+05
    Kinetic En.   Total Energy  Conserved En.    Temperature Pres. DC (bar)
    4.97228e+02   -1.28992e+05   -1.28676e+05    3.13925e+02   -3.59907e+02
 Pressure (bar)   Constr. rmsd
    2.55440e+03    8.92594e-04

           Step           Time
          18000       18.00000

   Energies (kJ/mol)
        LJ (SR)  Disper. corr.   Coulomb (SR)   Coul. recip.      Potential
    6.35456e+02   -3.58767e+01   -1.30117e+05    2.21725e+01   -1.29495e+05
    Kinetic En.   Total Energy  Conserved En.    Temperature Pres. DC (bar)
    4.72374e+02   -1.29023e+05   -1.28671e+05    2.98234e+02   -2.97389e+02
 Pressure (bar)   Constr. rmsd
    1.43929e+03    8.88373e-04

           Step           Time
          19000       19.00000

   Energies (kJ/mol)
        LJ (SR)  Disper. corr.   Coulomb (SR)   Coul. recip.      Potential
    5.98385e+02   -3.70915e+01   -1.30069e+05    2.89669e+01   -1.29479e+05
    Kinetic En.   Total Energy  Conserved En.    Temperature Pres. DC (bar)
    4.91032e+02   -1.28988e+05   -1.28672e+05    3.10014e+02   -3.17842e+02
 Pressure (bar)   Constr. rmsd
    2.10962e+03    8.89054e-04

           Step           Time
          20000       20.00000

   Energies (kJ/mol)
        LJ (SR)  Disper. corr.   Coulomb (SR)   Coul. recip.      Potential
    5.13132e+02   -3.62196e+01   -1.30053e+05    1.76482e+01   -1.29559e+05
    Kinetic En.   Total Energy  Conserved En.    Temperature Pres. DC (bar)
    5.11768e+02   -1.29047e+05   -1.28669e+05    3.23105e+02   -3.03093e+02
 Pressure (bar)   Constr. rmsd
   -1.64249e+03    8.90195e-04

           Step           Time
          21000       21.00000

   Energies (kJ/mol)
        LJ (SR)  Disper. corr.   Coulomb (SR)   Coul. recip.      Potential
    5.87269e+02   -3.71266e+01   -1.30089e+05    2.31347e+01   -1.29515e+05
    Kinetic En.   Total Energy  Conserved En.    Temperature Pres. DC (bar)
    4.63445e+02   -1.29052e+05   -1.28670e+05    2.92597e+02   -3.18444e+02
 Pressure (bar)   Constr. rmsd
    7.42462e+02    8.91645e-04

           Step           Time
          22000       22.00000

   Energies (kJ/mol)
        LJ (SR)  Disper. corr.   Coulomb (SR)   Coul. recip.      Potential
    4.67257e+02   -3.69353e+01   -1.29949e+05    2.08402e+01   -1.29498e+05
    Kinetic En.   Total Energy  Conserved En.    Temperature Pres. DC (bar)
    4.11544e+02   -1.29087e+05   -1.28669e+05    2.59829e+02   -3.15174e+02
 Pressure (bar)   Constr. rmsd
   -1.95338e+03    8.90880e-04

           Step           Time
          23000       23.00000

   Energies (kJ/mol)
        LJ (SR)  Disper. corr.   Coulomb (SR)   Coul. recip.      Potential
    5.38466e+02   -3.90067e+01   -1.29962e+05    2.59240e+01   -1.29436e+05
    Kinetic En.   Total Energy  Conserved En.    Temperature Pres. DC (bar)
    4.45872e+02   -1.28990e+05   -1.28671e+05    2.81502e+02   -3.51470e+02
 Pressure (bar)   Constr. rmsd
    1.99459e+03    8.93730e-04

           Step           Time
          24000       24.00000

   Energies (kJ/mol)
        LJ (SR)  Disper. corr.   Coulomb (SR)   Coul. recip.      Potential
    5.87284e+02   -3.76845e+01   -1.30058e+05    2.29840e+01   -1.29485e+05
    Kinetic En.   Total Energy  Conserved En.    Temperature Pres. DC (bar)
    4.79111e+02   -1.29006e+05   -1.28670e+05    3.02487e+02   -3.28074e+02
 Pressure (bar)   Constr. rmsd
    2.12239e+03    8.90996e-04

           Step           Time
          25000       25.00000

   Energies (kJ/mol)
        LJ (SR)  Disper. corr.   Coulomb (SR)   Coul. recip.      Potential
    5.93799e+02   -3.69853e+01   -1.30113e+05    2.55988e+01   -1.29531e+05
    Kinetic En.   Total Energy  Conserved En.    Temperature Pres. DC (bar)
    5.04319e+02   -1.29026e+05   -1.28668e+05    3.18402e+02   -3.16027e+02
 Pressure (bar)   Constr. rmsd
    9.70248e+02    8.88629e-04

           Step           Time
          26000       26.00000

   Energies (kJ/mol)
        LJ (SR)  Disper. corr.   Coulomb (SR)   Coul. recip.      Potential
    5.59776e+02   -3.76556e+01   -1.30081e+05    1.76199e+01   -1.29541e+05
    Kinetic En.   Total Energy  Conserved En.    Temperature Pres. DC (bar)
    5.55629e+02   -1.28985e+05   -1.28670e+05    3.50797e+02   -3.27571e+02
 Pressure (bar)   Constr. rmsd
    3.72704e+02    8.93084e-04

           Step           Time
          27000       27.00000

   Energies (kJ/mol)
        LJ (SR)  Disper. corr.   Coulomb (SR)   Coul. recip.      Potential
    4.74324e+02   -3.83710e+01   -1.30010e+05    1.83802e+01   -1.29556e+05
    Kinetic En.   Total Energy  Conserved En.    Temperature Pres. DC (bar)
    4.66951e+02   -1.29089e+05   -1.28671e+05    2.94810e+02   -3.40121e+02
 Pressure (bar)   Constr. rmsd
   -1.58697e+03    8.93199e-04

           Step           Time
          28000       28.00000

   Energies (kJ/mol)
        LJ (SR)  Disper. corr.   Coulomb (SR)   Coul. recip.      Potential
    6.21278e+02   -3.70000e+01   -1.30135e+05    2.04486e+01   -1.29530e+05
    Kinetic En.   Total Energy  Conserved En.    Temperature Pres. DC (bar)
    4.61961e+02   -1.29068e+05   -1.28667e+05    2.91659e+02   -3.16278e+02
 Pressure (bar)   Constr. rmsd
    2.46856e+03    8.90721e-04

           Step           Time
          29000       29.00000

   Energies (kJ/mol)
        LJ (SR)  Disper. corr.   Coulomb (SR)   Coul. recip.      Potential
    6.14247e+02   -3.56241e+01   -1.30206e+05    2.23816e+01   -1.29605e+05
    Kinetic En.   Total Energy  Conserved En.    Temperature Pres. DC (bar)
    4.68352e+02   -1.29137e+05   -1.28665e+05    2.95695e+02   -2.93221e+02
 Pressure (bar)   Constr. rmsd
    2.08883e+02    8.87036e-04

           Step           Time
          30000       30.00000

   Energies (kJ/mol)
        LJ (SR)  Disper. corr.   Coulomb (SR)   Coul. recip.      Potential
    6.33297e+02   -3.58536e+01   -1.30176e+05    2.05505e+01   -1.29558e+05
    Kinetic En.   Total Energy  Conserved En.    Temperature Pres. DC (bar)
    4.79022e+02   -1.29079e+05   -1.28663e+05    3.02431e+02   -2.97007e+02
 Pressure (bar)   Constr. rmsd
    1.35988e+03    8.89596e-04

           Step           Time
          31000       31.00000

   Energies (kJ/mol)
        LJ (SR)  Disper. corr.   Coulomb (SR)   Coul. recip.      Potential
    6.13075e+02   -3.60662e+01   -1.30140e+05    2.06694e+01   -1.29542e+05
    Kinetic En.   Total Energy  Conserved En.    Temperature Pres. DC (bar)
    4.90253e+02   -1.29052e+05   -1.28662e+05    3.09522e+02   -3.00535e+02
 Pressure (bar)   Constr. rmsd
    1.13365e+03    8.88264e-04

           Step           Time
          32000       32.00000

   Energies (kJ/mol)
        LJ (SR)  Disper. corr.   Coulomb (SR)   Coul. recip.      Potential
    6.35649e+02   -3.87709e+01   -1.30254e+05    3.01513e+01   -1.29627e+05
    Kinetic En.   Total Energy  Conserved En.    Temperature Pres. DC (bar)
    4.72619e+02   -1.29154e+05   -1.28663e+05    2.98388e+02   -3.47238e+02
 Pressure (bar)   Constr. rmsd
    1.78076e+03    8.82953e-04

           Step           Time
          33000       33.00000

   Energies (kJ/mol)
        LJ (SR)  Disper. corr.   Coulomb (SR)   Coul. recip.      Potential
    5.69723e+02   -3.70218e+01   -1.30097e+05    2.48478e+01   -1.29540e+05
    Kinetic En.   Total Energy  Conserved En.    Temperature Pres. DC (bar)
    5.29582e+02   -1.29010e+05   -1.28662e+05    3.34352e+02   -3.16651e+02
 Pressure (bar)   Constr. rmsd
    6.85544e+02    8.91757e-04

           Step           Time
          34000       34.00000

   Energies (kJ/mol)
        LJ (SR)  Disper. corr.   Coulomb (SR)   Coul. recip.      Potential
    5.42554e+02   -3.55080e+01   -1.30050e+05    2.23164e+01   -1.29520e+05
    Kinetic En.   Total Energy  Conserved En.    Temperature Pres. DC (bar)
    4.71821e+02   -1.29049e+05   -1.28660e+05    2.97885e+02   -2.91316e+02
 Pressure (bar)   Constr. rmsd
   -7.27197e+02    8.90691e-04

           Step           Time
          35000       35.00000

   Energies (kJ/mol)
        LJ (SR)  Disper. corr.   Coulomb (SR)   Coul. recip.      Potential
    6.39504e+02   -3.70548e+01   -1.30199e+05    2.02969e+01   -1.29577e+05
    Kinetic En.   Total Energy  Conserved En.    Temperature Pres. DC (bar)
    4.61096e+02   -1.29116e+05   -1.28663e+05    2.91113e+02   -3.17214e+02
 Pressure (bar)   Constr. rmsd
    1.55739e+03    8.85433e-04

           Step           Time
          36000       36.00000

   Energies (kJ/mol)
        LJ (SR)  Disper. corr.   Coulomb (SR)   Coul. recip.      Potential
    5.61542e+02   -3.61042e+01   -1.30066e+05    2.52409e+01   -1.29515e+05
    Kinetic En.   Total Energy  Conserved En.    Temperature Pres. DC (bar)
    4.42244e+02   -1.29073e+05   -1.28662e+05    2.79211e+02   -3.01168e+02
 Pressure (bar)   Constr. rmsd
    6.90875e+01    8.89810e-04

           Step           Time
          37000       37.00000

   Energies (kJ/mol)
        LJ (SR)  Disper. corr.   Coulomb (SR)   Coul. recip.      Potential
    5.76841e+02   -3.72239e+01   -1.30088e+05    2.10910e+01   -1.29527e+05
    Kinetic En.   Total Energy  Conserved En.    Temperature Pres. DC (bar)
    5.11891e+02   -1.29015e+05   -1.28664e+05    3.23183e+02   -3.20112e+02
 Pressure (bar)   Constr. rmsd
    6.55330e+02    8.91036e-04

           Step           Time
          38000       38.00000

   Energies (kJ/mol)
        LJ (SR)  Disper. corr.   Coulomb (SR)   Coul. recip.      Potential
    5.18500e+02   -3.70539e+01   -1.30090e+05    1.98084e+01   -1.29588e+05
    Kinetic En.   Total Energy  Conserved En.    Temperature Pres. DC (bar)
    4.49073e+02   -1.29139e+05   -1.28665e+05    2.83523e+02   -3.17200e+02
 Pressure (bar)   Constr. rmsd
   -2.01781e+03    8.88184e-04

           Step           Time
          39000       39.00000

   Energies (kJ/mol)
        LJ (SR)  Disper. corr.   Coulomb (SR)   Coul. recip.      Potential
    5.56932e+02   -3.55596e+01   -1.30128e+05    2.17167e+01   -1.29585e+05
    Kinetic En.   Total Energy  Conserved En.    Temperature Pres. DC (bar)
    4.81114e+02   -1.29104e+05   -1.28664e+05    3.03752e+02   -2.92161e+02
 Pressure (bar)   Constr. rmsd
   -1.25279e+03    8.86409e-04

           Step           Time
          40000       40.00000

   Energies (kJ/mol)
        LJ (SR)  Disper. corr.   Coulomb (SR)   Coul. recip.      Potential
    6.29498e+02   -3.70609e+01   -1.30200e+05    2.51762e+01   -1.29582e+05
    Kinetic En.   Total Energy  Conserved En.    Temperature Pres. DC (bar)
    5.07848e+02   -1.29074e+05   -1.28667e+05    3.20630e+02   -3.17319e+02
 Pressure (bar)   Constr. rmsd
    1.60698e+03    8.89316e-04

           Step           Time
          41000       41.00000

   Energies (kJ/mol)
        LJ (SR)  Disper. corr.   Coulomb (SR)   Coul. recip.      Potential
    5.85696e+02   -3.70259e+01   -1.30225e+05    2.25465e+01   -1.29654e+05
    Kinetic En.   Total Energy  Conserved En.    Temperature Pres. DC (bar)
    4.61761e+02   -1.29192e+05   -1.28665e+05    2.91533e+02   -3.16720e+02
 Pressure (bar)   Constr. rmsd
   -4.62693e+02    8.83009e-04

           Step           Time
          42000       42.00000

   Energies (kJ/mol)
        LJ (SR)  Disper. corr.   Coulomb (SR)   Coul. recip.      Potential
    6.56676e+02   -3.80872e+01   -1.30216e+05    2.16700e+01   -1.29576e+05
    Kinetic En.   Total Energy  Conserved En.    Temperature Pres. DC (bar)
    4.89897e+02   -1.29086e+05   -1.28667e+05    3.09297e+02   -3.35114e+02
 Pressure (bar)   Constr. rmsd
    2.37726e+03    8.86916e-04

           Step           Time
          43000       43.00000

   Energies (kJ/mol)
        LJ (SR)  Disper. corr.   Coulomb (SR)   Coul. recip.      Potential
    5.29325e+02   -3.76426e+01   -1.30099e+05    2.20534e+01   -1.29586e+05
    Kinetic En.   Total Energy  Conserved En.    Temperature Pres. DC (bar)
    4.44521e+02   -1.29141e+05   -1.28669e+05    2.80649e+02   -3.27346e+02
 Pressure (bar)   Constr. rmsd
   -9.27022e+02    8.90642e-04

           Step           Time
          44000       44.00000

   Energies (kJ/mol)
        LJ (SR)  Disper. corr.   Coulomb (SR)   Coul. recip.      Potential
    5.59249e+02   -3.78280e+01   -1.30115e+05    1.62529e+01   -1.29578e+05
    Kinetic En.   Total Energy  Conserved En.    Temperature Pres. DC (bar)
    4.89184e+02   -1.29088e+05   -1.28669e+05    3.08847e+02   -3.30573e+02
 Pressure (bar)   Constr. rmsd
    2.06548e+01    8.90054e-04

           Step           Time
          45000       45.00000

   Energies (kJ/mol)
        LJ (SR)  Disper. corr.   Coulomb (SR)   Coul. recip.      Potential
    5.53728e+02   -3.74189e+01   -1.30111e+05    1.98170e+01   -1.29575e+05
    Kinetic En.   Total Energy  Conserved En.    Temperature Pres. DC (bar)
    5.02223e+02   -1.29073e+05   -1.28669e+05    3.17079e+02   -3.23471e+02
 Pressure (bar)   Constr. rmsd
   -2.01109e+02    8.89842e-04

           Step           Time
          46000       46.00000

   Energies (kJ/mol)
        LJ (SR)  Disper. corr.   Coulomb (SR)   Coul. recip.      Potential
    6.16598e+02   -3.66596e+01   -1.30247e+05    2.60573e+01   -1.29641e+05
    Kinetic En.   Total Energy  Conserved En.    Temperature Pres. DC (bar)
    4.58149e+02   -1.29183e+05   -1.28667e+05    2.89253e+02   -3.10493e+02
 Pressure (bar)   Constr. rmsd
   -2.97018e+02    8.85657e-04

           Step           Time
          47000       47.00000

   Energies (kJ/mol)
        LJ (SR)  Disper. corr.   Coulomb (SR)   Coul. recip.      Potential
    6.04542e+02   -3.68212e+01   -1.30160e+05    1.72391e+01   -1.29575e+05
    Kinetic En.   Total Energy  Conserved En.    Temperature Pres. DC (bar)
    4.69217e+02   -1.29106e+05   -1.28668e+05    2.96241e+02   -3.13232e+02
 Pressure (bar)   Constr. rmsd
    6.55160e+02    8.87269e-04

           Step           Time
          48000       48.00000

   Energies (kJ/mol)
        LJ (SR)  Disper. corr.   Coulomb (SR)   Coul. recip.      Potential
    5.80893e+02   -3.56925e+01   -1.30193e+05    2.23332e+01   -1.29626e+05
    Kinetic En.   Total Energy  Conserved En.    Temperature Pres. DC (bar)
    4.61487e+02   -1.29164e+05   -1.28668e+05    2.91360e+02   -2.94347e+02
 Pressure (bar)   Constr. rmsd
   -9.96321e+02    8.86531e-04

           Step           Time
          49000       49.00000

   Energies (kJ/mol)
        LJ (SR)  Disper. corr.   Coulomb (SR)   Coul. recip.      Potential
    6.09285e+02   -3.64540e+01   -1.30275e+05    1.61347e+01   -1.29686e+05
    Kinetic En.   Total Energy  Conserved En.    Temperature Pres. DC (bar)
    4.76292e+02   -1.29210e+05   -1.28670e+05    3.00708e+02   -3.07025e+02
 Pressure (bar)   Constr. rmsd
   -6.94947e+02    8.83892e-04

           Step           Time
          50000       50.00000

   Energies (kJ/mol)
        LJ (SR)  Disper. corr.   Coulomb (SR)   Coul. recip.      Potential
    5.35820e+02   -3.61456e+01   -1.30132e+05    1.92407e+01   -1.29613e+05
    Kinetic En.   Total Energy  Conserved En.    Temperature Pres. DC (bar)
    5.36633e+02   -1.29076e+05   -1.28669e+05    3.38804e+02   -3.01858e+02
 Pressure (bar)   Constr. rmsd
   -1.82743e+03    8.93596e-04

           Step           Time
          51000       51.00000

   Energies (kJ/mol)
        LJ (SR)  Disper. corr.   Coulomb (SR)   Coul. recip.      Potential
    5.76558e+02   -3.77694e+01   -1.30137e+05    3.02216e+01   -1.29568e+05
    Kinetic En.   Total Energy  Conserved En.    Temperature Pres. DC (bar)
    5.17061e+02   -1.29051e+05   -1.28671e+05    3.26447e+02   -3.29552e+02
 Pressure (bar)   Constr. rmsd
    6.54130e+02    8.92041e-04

           Step           Time
          52000       52.00000

   Energies (kJ/mol)
        LJ (SR)  Disper. corr.   Coulomb (SR)   Coul. recip.      Potential
    5.76131e+02   -3.70623e+01   -1.30070e+05    2.01280e+01   -1.29510e+05
    Kinetic En.   Total Energy  Conserved En.    Temperature Pres. DC (bar)
    4.13859e+02   -1.29097e+05   -1.28670e+05    2.61290e+02   -3.17344e+02
 Pressure (bar)   Constr. rmsd
    9.68332e+02    8.87668e-04

           Step           Time
          53000       53.00000

   Energies (kJ/mol)
        LJ (SR)  Disper. corr.   Coulomb (SR)   Coul. recip.      Potential
    4.67116e+02   -3.58126e+01   -1.30009e+05    1.98526e+01   -1.29558e+05
    Kinetic En.   Total Energy  Conserved En.    Temperature Pres. DC (bar)
    4.52053e+02   -1.29106e+05   -1.28669e+05    2.85404e+02   -2.96329e+02
 Pressure (bar)   Constr. rmsd
   -3.33208e+03    8.88382e-04

           Step           Time
          54000       54.00000

   Energies (kJ/mol)
        LJ (SR)  Disper. corr.   Coulomb (SR)   Coul. recip.      Potential
    6.12247e+02   -3.82519e+01   -1.30087e+05    2.93506e+01   -1.29483e+05
    Kinetic En.   Total Energy  Conserved En.    Temperature Pres. DC (bar)
    4.93274e+02   -1.28990e+05   -1.28673e+05    3.11429e+02   -3.38016e+02
 Pressure (bar)   Constr. rmsd
    2.57010e+03    8.89916e-04

           Step           Time
          55000       55.00000

   Energies (kJ/mol)
        LJ (SR)  Disper. corr.   Coulomb (SR)   Coul. recip.      Potential
    5.88132e+02   -3.87698e+01   -1.30205e+05    2.04519e+01   -1.29635e+05
    Kinetic En.   Total Energy  Conserved En.    Temperature Pres. DC (bar)
    4.89370e+02   -1.29146e+05   -1.28674e+05    3.08964e+02   -3.47220e+02
 Pressure (bar)   Constr. rmsd
    4.83760e+02    8.88885e-04

           Step           Time
          56000       56.00000

   Energies (kJ/mol)
        LJ (SR)  Disper. corr.   Coulomb (SR)   Coul. recip.      Potential
    5.61608e+02   -3.74745e+01   -1.30093e+05    2.09901e+01   -1.29548e+05
    Kinetic En.   Total Energy  Conserved En.    Temperature Pres. DC (bar)
    4.59934e+02   -1.29088e+05   -1.28675e+05    2.90380e+02   -3.24432e+02
 Pressure (bar)   Constr. rmsd
    3.56274e+01    8.89095e-04

           Step           Time
          57000       57.00000

   Energies (kJ/mol)
        LJ (SR)  Disper. corr.   Coulomb (SR)   Coul. recip.      Potential
    6.04734e+02   -3.68796e+01   -1.30111e+05    2.34551e+01   -1.29520e+05
    Kinetic En.   Total Energy  Conserved En.    Temperature Pres. DC (bar)
    4.55631e+02   -1.29064e+05   -1.28675e+05    2.87663e+02   -3.14226e+02
 Pressure (bar)   Constr. rmsd
    1.71292e+03    8.89526e-04

           Step           Time
          58000       58.00000

   Energies (kJ/mol)
        LJ (SR)  Disper. corr.   Coulomb (SR)   Coul. recip.      Potential
    6.64532e+02   -3.75662e+01   -1.30220e+05    1.26470e+01   -1.29580e+05
    Kinetic En.   Total Energy  Conserved En.    Temperature Pres. DC (bar)
    4.70480e+02   -1.29110e+05   -1.28673e+05    2.97038e+02   -3.26020e+02
 Pressure (bar)   Constr. rmsd
    3.05394e+03    8.84458e-04

           Step           Time
          59000       59.00000

   Energies (kJ/mol)
        LJ (SR)  Disper. corr.   Coulomb (SR)   Coul. recip.      Potential
    4.98414e+02   -3.51860e+01   -1.30064e+05    1.74110e+01   -1.29583e+05
    Kinetic En.   Total Energy  Conserved En.    Temperature Pres. DC (bar)
    4.27232e+02   -1.29156e+05   -1.28671e+05    2.69734e+02   -2.86062e+02
 Pressure (bar)   Constr. rmsd
   -2.85554e+03    8.87447e-04

           Step           Time
          60000       60.00000

   Energies (kJ/mol)
        LJ (SR)  Disper. corr.   Coulomb (SR)   Coul. recip.      Potential
    5.92631e+02   -3.71497e+01   -1.30146e+05    2.11975e+01   -1.29569e+05
    Kinetic En.   Total Energy  Conserved En.    Temperature Pres. DC (bar)
    4.49614e+02   -1.29120e+05   -1.28673e+05    2.83864e+02   -3.18839e+02
 Pressure (bar)   Constr. rmsd
    5.29508e+02    8.88757e-04

           Step           Time
          61000       61.00000

   Energies (kJ/mol)
        LJ (SR)  Disper. corr.   Coulomb (SR)   Coul. recip.      Potential
    5.90238e+02   -3.61724e+01   -1.30097e+05    1.79702e+01   -1.29525e+05
    Kinetic En.   Total Energy  Conserved En.    Temperature Pres. DC (bar)
    5.26958e+02   -1.28998e+05   -1.28671e+05    3.32695e+02   -3.02305e+02
 Pressure (bar)   Constr. rmsd
    9.27139e+02    8.92928e-04

           Step           Time
          62000       62.00000

   Energies (kJ/mol)
        LJ (SR)  Disper. corr.   Coulomb (SR)   Coul. recip.      Potential
    6.31796e+02   -3.76861e+01   -1.30159e+05    2.11609e+01   -1.29544e+05
    Kinetic En.   Total Energy  Conserved En.    Temperature Pres. DC (bar)
    3.89568e+02   -1.29154e+05   -1.28672e+05    2.45954e+02   -3.28102e+02
 Pressure (bar)   Constr. rmsd
    2.19257e+03    8.86808e-04

           Step           Time
          63000       63.00000

   Energies (kJ/mol)
        LJ (SR)  Disper. corr.   Coulomb (SR)   Coul. recip.      Potential
    6.14128e+02   -3.85432e+01   -1.30246e+05    1.39775e+01   -1.29657e+05
    Kinetic En.   Total Energy  Conserved En.    Temperature Pres. DC (bar)
    5.01453e+02   -1.29155e+05   -1.28672e+05    3.16593e+02   -3.43177e+02
 Pressure (bar)   Constr. rmsd
    1.57397e+03    8.85971e-04

           Step           Time
          64000       64.00000

   Energies (kJ/mol)
        LJ (SR)  Disper. corr.   Coulomb (SR)   Coul. recip.      Potential
    5.08660e+02   -3.62776e+01   -1.30078e+05    2.31382e+01   -1.29583e+05
    Kinetic En.   Total Energy  Conserved En.    Temperature Pres. DC (bar)
    5.33826e+02   -1.29049e+05   -1.28671e+05    3.37032e+02   -3.04064e+02
 Pressure (bar)   Constr. rmsd
   -1.62864e+03    8.91305e-04



Received the INT signal, stopping within 25 steps

           Step           Time
          64250       64.25000

Writing checkpoint, step 64250 at Fri Apr  2 21:53:54 2021


   Energies (kJ/mol)
        LJ (SR)  Disper. corr.   Coulomb (SR)   Coul. recip.      Potential
    6.05938e+02   -3.76029e+01   -1.30141e+05    2.01532e+01   -1.29553e+05
    Kinetic En.   Total Energy  Conserved En.    Temperature Pres. DC (bar)
    4.45161e+02   -1.29108e+05   -1.28671e+05    2.81053e+02   -3.26656e+02
 Pressure (bar)   Constr. rmsd
    1.57451e+03    8.87983e-04


Energy conservation over simulation part #1 of length 64.25 ns, time 0 to 64.25 ns
  Conserved energy drift: -8.20e-03 kJ/mol/ps per atom


	<======  ###############  ==>
	<====  A V E R A G E S  ====>
	<==  ###############  ======>

	Statistics over 64251 steps using 643 frames

   Energies (kJ/mol)
        LJ (SR)  Disper. corr.   Coulomb (SR)   Coul. recip.      Potential
    5.61586e+02   -3.50484e+01   -1.30065e+05    2.43553e+01   -1.29514e+05
    Kinetic En.   Total Energy  Conserved En.    Temperature Pres. DC (bar)
    4.75327e+02   -1.29039e+05   -1.28668e+05    3.00098e+02   -2.91010e+02
 Pressure (bar)   Constr. rmsd
    3.36084e+01    0.00000e+00

          Box-X          Box-Y          Box-Z
    1.28389e+00    1.28389e+00    1.28389e+00

   Total Virial (kJ/mol)
    1.57681e+02   -1.22777e+00   -4.43151e+00
   -1.22783e+00    1.51633e+02    9.65050e-01
   -4.43148e+00    9.65178e-01    1.66304e+02

   Pressure (bar)
    6.39222e+01    1.59124e+00    6.20594e+01
    1.59253e+00    1.42349e+02   -8.19309e+00
    6.20592e+01   -8.19539e+00   -1.05446e+02


	M E G A - F L O P S   A C C O U N T I N G

 NB=Group-cutoff nonbonded kernels    NxN=N-by-N cluster Verlet kernels
 RF=Reaction-Field  VdW=Van der Waals  QSTab=quadratic-spline table
 W3=SPC/TIP3p  W4=TIP4p (single or pairs)
 V&F=Potential and force  V=Potential only  F=Force only

 Computing:                               M-Number         M-Flops  % Flops
-----------------------------------------------------------------------------
 Pair Search distance check             218.028730        1962.259     0.4
 NxN Ewald Elec. + LJ [F]              3646.700848      240682.256    46.3
 NxN Ewald Elec. + LJ [V&F]              36.922912        3950.752     0.8
 NxN LJ [F]                              55.061120        1817.017     0.3
 NxN LJ [V&F]                             0.572480          24.617     0.0
 NxN Ewald Elec. [F]                   3641.812400      222150.556    42.8
 NxN Ewald Elec. [V&F]                   36.868960        3096.993     0.6
 Calc Weights                            49.344768        1776.412     0.3
 Spread Q Bspline                      1052.688384        2105.377     0.4
 Gather F Bspline                      1052.688384        6316.130     1.2
 3D-FFT                                4027.509684       32220.077     6.2
 Solve PME                               12.593196         805.965     0.2
 Shift-X                                  0.658176           3.949     0.0
 Virial                                   1.934226          34.816     0.0
 Stop-CM                                  0.164864           1.649     0.0
 Calc-Ekin                                6.579712         177.652     0.0
 Lincs                                   12.336576         740.195     0.1
 Lincs-Mat                              246.731520         986.926     0.2
 Constraint-V                            24.672768         222.055     0.0
 Constraint-Vir                           1.233792          29.611     0.0
 Virtual Site 3                           4.523328         167.363     0.0
-----------------------------------------------------------------------------
 Total                                                  519272.625   100.0
-----------------------------------------------------------------------------


     R E A L   C Y C L E   A N D   T I M E   A C C O U N T I N G

On 1 MPI rank, each using 8 OpenMP threads

 Computing:          Num   Num      Call    Wall time         Giga-Cycles
                     Ranks Threads  Count      (s)         total sum    %
-----------------------------------------------------------------------------
 Vsite constr.          1    8      64251       0.831         12.605   1.5
 Neighbor search        1    8       2571       1.711         25.955   3.0
 Force                  1    8      64251       7.470        113.307  13.1
 PME mesh               1    8      64251      20.137        305.446  35.4
 NB X/F buffer ops.     1    8     125931      10.628        161.207  18.7
 Vsite spread           1    8      70677       2.906         44.084   5.1
 Write traj.            1    8         66       0.014          0.219   0.0
 Update                 1    8      64251       1.963         29.782   3.5
 Constraints            1    8      64253      10.140        153.804  17.8
 Rest                                           1.041         15.795   1.8
-----------------------------------------------------------------------------
 Total                                         56.843        862.205 100.0
-----------------------------------------------------------------------------
 Breakdown of PME mesh computation
-----------------------------------------------------------------------------
 PME spread             1    8      64251       7.381        111.962  13.0
 PME gather             1    8      64251       5.451         82.682   9.6
 PME 3D-FFT             1    8     128502       6.982        105.902  12.3
 PME solve Elec         1    8      64251       0.219          3.324   0.4
-----------------------------------------------------------------------------

               Core t (s)   Wall t (s)        (%)
       Time:      454.740       56.843      800.0
                 (ns/day)    (hour/ns)
Performance:       97.661        0.246
Finished mdrun on rank 0 Fri Apr  2 21:53:54 2021

