                      :-) GROMACS - gmx mdrun, 2019.1 (-:

                            GROMACS is written by:
     Emile Apol      Rossen Apostolov      Paul Bauer     Herman J.C. Berendsen
    Par Bjelkmar      Christian Blau   Viacheslav Bolnykh     Kevin Boyd    
 Aldert van Buuren   Rudi van Drunen     Anton Feenstra       Alan Gray     
  Gerrit Groenhof     Anca Hamuraru    Vincent Hindriksen  M. Eric Irrgang  
  Aleksei Iupinov   Christoph Junghans     Joe Jordan     Dimitrios Karkoulis
    Peter Kasson        Jiri Kraus      Carsten Kutzner      Per Larsson    
  Justin A. Lemkul    Viveca Lindahl    Magnus Lundborg     Erik Marklund   
    Pascal Merz     Pieter Meulenhoff    Teemu Murtola       Szilard Pall   
    Sander Pronk      Roland Schulz      Michael Shirts    Alexey Shvetsov  
   Alfons Sijbers     Peter Tieleman      Jon Vincent      Teemu Virolainen 
 Christian Wennberg    Maarten Wolf   
                           and the project leaders:
        Mark Abraham, Berk Hess, Erik Lindahl, and David van der Spoel

Copyright (c) 1991-2000, University of Groningen, The Netherlands.
Copyright (c) 2001-2018, The GROMACS development team at
Uppsala University, Stockholm University and
the Royal Institute of Technology, Sweden.
check out http://www.gromacs.org for more information.

GROMACS is free software; you can redistribute it and/or modify it
under the terms of the GNU Lesser General Public License
as published by the Free Software Foundation; either version 2.1
of the License, or (at your option) any later version.

GROMACS:      gmx mdrun, version 2019.1
Executable:   /Softs/lumiere/gromacs/mpi/gcc/2019.1-sp/bin/gmx_mpi
Data prefix:  /Softs/lumiere/gromacs/mpi/gcc/2019.1-sp
Working dir:  /Work/Users/ctsilefski/simulations/initial_box/equilibration
Process ID:   21177
Command line:
  gmx_mpi mdrun -s topol.tpr -g md.log -o traj.trr -c conf.gro

GROMACS version:    2019.1
Precision:          single
Memory model:       64 bit
MPI library:        MPI
OpenMP support:     enabled (GMX_OPENMP_MAX_THREADS = 64)
GPU support:        disabled
SIMD instructions:  AVX_256
FFT library:        fftw-3.3.8-sse2-avx
RDTSCP usage:       enabled
TNG support:        enabled
Hwloc support:      disabled
Tracing support:    disabled
C compiler:         /Softs/lumiere/mpi/openmpi/gcc/1.7.5/bin/mpicc GNU 4.9.0
C compiler flags:    -mavx     -O3 -DNDEBUG -funroll-all-loops -fexcess-precision=fast  
C++ compiler:       /Softs/lumiere/mpi/openmpi/gcc/1.7.5/bin/mpic++ GNU 4.9.0
C++ compiler flags:  -mavx    -std=c++11   -O3 -DNDEBUG -funroll-all-loops -fexcess-precision=fast  


Running on 1 node with total 16 cores, 16 logical cores
Hardware detected on host node2-45 (the node of MPI rank 0):
  CPU info:
    Vendor: Intel
    Brand:  Intel(R) Xeon(R) CPU E5-2640 v3 @ 2.60GHz
    Family: 6   Model: 63   Stepping: 2
    Features: aes apic avx avx2 clfsh cmov cx8 cx16 f16c fma htt intel lahf mmx msr nonstop_tsc pcid pclmuldq pdcm pdpe1gb popcnt pse rdrnd rdtscp sse2 sse3 sse4.1 sse4.2 ssse3 tdt x2apic
  Hardware topology: Basic
    Sockets, cores, and logical processors:
      Socket  0: [   0] [   1] [   2] [   3] [   4] [   5] [   6] [   7]
      Socket  1: [   8] [   9] [  10] [  11] [  12] [  13] [  14] [  15]

Highest SIMD level requested by all nodes in run: AVX2_256
SIMD instructions selected at compile time:       AVX_256
This program was compiled for different hardware than you are running on,
which could influence performance.

++++ PLEASE READ AND CITE THE FOLLOWING REFERENCE ++++
M. J. Abraham, T. Murtola, R. Schulz, S. Páll, J. C. Smith, B. Hess, E.
Lindahl
GROMACS: High performance molecular simulations through multi-level
parallelism from laptops to supercomputers
SoftwareX 1 (2015) pp. 19-25
-------- -------- --- Thank You --- -------- --------


++++ PLEASE READ AND CITE THE FOLLOWING REFERENCE ++++
S. Páll, M. J. Abraham, C. Kutzner, B. Hess, E. Lindahl
Tackling Exascale Software Challenges in Molecular Dynamics Simulations with
GROMACS
In S. Markidis & E. Laure (Eds.), Solving Software Challenges for Exascale 8759 (2015) pp. 3-27
-------- -------- --- Thank You --- -------- --------


++++ PLEASE READ AND CITE THE FOLLOWING REFERENCE ++++
S. Pronk, S. Páll, R. Schulz, P. Larsson, P. Bjelkmar, R. Apostolov, M. R.
Shirts, J. C. Smith, P. M. Kasson, D. van der Spoel, B. Hess, and E. Lindahl
GROMACS 4.5: a high-throughput and highly parallel open source molecular
simulation toolkit
Bioinformatics 29 (2013) pp. 845-54
-------- -------- --- Thank You --- -------- --------


++++ PLEASE READ AND CITE THE FOLLOWING REFERENCE ++++
B. Hess and C. Kutzner and D. van der Spoel and E. Lindahl
GROMACS 4: Algorithms for highly efficient, load-balanced, and scalable
molecular simulation
J. Chem. Theory Comput. 4 (2008) pp. 435-447
-------- -------- --- Thank You --- -------- --------


++++ PLEASE READ AND CITE THE FOLLOWING REFERENCE ++++
D. van der Spoel, E. Lindahl, B. Hess, G. Groenhof, A. E. Mark and H. J. C.
Berendsen
GROMACS: Fast, Flexible and Free
J. Comp. Chem. 26 (2005) pp. 1701-1719
-------- -------- --- Thank You --- -------- --------


++++ PLEASE READ AND CITE THE FOLLOWING REFERENCE ++++
E. Lindahl and B. Hess and D. van der Spoel
GROMACS 3.0: A package for molecular simulation and trajectory analysis
J. Mol. Mod. 7 (2001) pp. 306-317
-------- -------- --- Thank You --- -------- --------


++++ PLEASE READ AND CITE THE FOLLOWING REFERENCE ++++
H. J. C. Berendsen, D. van der Spoel and R. van Drunen
GROMACS: A message-passing parallel molecular dynamics implementation
Comp. Phys. Comm. 91 (1995) pp. 43-56
-------- -------- --- Thank You --- -------- --------


++++ PLEASE CITE THE DOI FOR THIS VERSION OF GROMACS ++++
https://doi.org/10.5281/zenodo.2564764
-------- -------- --- Thank You --- -------- --------


The number of OpenMP threads was set by environment variable OMP_NUM_THREADS to 1

Input Parameters:
   integrator                     = md
   tinit                          = 0
   dt                             = 0.001
   nsteps                         = 120000
   init-step                      = 0
   simulation-part                = 1
   comm-mode                      = Linear
   nstcomm                        = 100
   bd-fric                        = 0
   ld-seed                        = 519914471
   emtol                          = 10
   emstep                         = 0.01
   niter                          = 20
   fcstep                         = 0
   nstcgsteep                     = 1000
   nbfgscorr                      = 10
   rtpi                           = 0.05
   nstxout                        = 10000
   nstvout                        = 0
   nstfout                        = 0
   nstlog                         = 10000
   nstcalcenergy                  = 100
   nstenergy                      = 10000
   nstxout-compressed             = 0
   compressed-x-precision         = 1000
   cutoff-scheme                  = Verlet
   nstlist                        = 10
   ns-type                        = Grid
   pbc                            = xyz
   periodic-molecules             = false
   verlet-buffer-tolerance        = 0.001
   rlist                          = 0.95
   coulombtype                    = PME
   coulomb-modifier               = Potential-shift
   rcoulomb-switch                = 0
   rcoulomb                       = 0.95
   epsilon-r                      = 1
   epsilon-rf                     = inf
   vdw-type                       = Cut-off
   vdw-modifier                   = Potential-shift
   rvdw-switch                    = 0
   rvdw                           = 0.95
   DispCorr                       = EnerPres
   table-extension                = 1
   fourierspacing                 = 0.15
   fourier-nx                     = 84
   fourier-ny                     = 16
   fourier-nz                     = 16
   pme-order                      = 4
   ewald-rtol                     = 1e-05
   ewald-rtol-lj                  = 0.001
   lj-pme-comb-rule               = Geometric
   ewald-geometry                 = 0
   epsilon-surface                = 0
   tcoupl                         = Berendsen
   nsttcouple                     = 10
   nh-chain-length                = 0
   print-nose-hoover-chain-variables = false
   pcoupl                         = Berendsen
   pcoupltype                     = Isotropic
   nstpcouple                     = 10
   tau-p                          = 1
   compressibility (3x3):
      compressibility[    0]={ 1.00000e-06,  0.00000e+00,  0.00000e+00}
      compressibility[    1]={ 0.00000e+00,  1.00000e-06,  0.00000e+00}
      compressibility[    2]={ 0.00000e+00,  0.00000e+00,  1.00000e-06}
   ref-p (3x3):
      ref-p[    0]={ 3.00000e+02,  0.00000e+00,  0.00000e+00}
      ref-p[    1]={ 0.00000e+00,  3.00000e+02,  0.00000e+00}
      ref-p[    2]={ 0.00000e+00,  0.00000e+00,  3.00000e+02}
   refcoord-scaling               = No
   posres-com (3):
      posres-com[0]= 0.00000e+00
      posres-com[1]= 0.00000e+00
      posres-com[2]= 0.00000e+00
   posres-comB (3):
      posres-comB[0]= 0.00000e+00
      posres-comB[1]= 0.00000e+00
      posres-comB[2]= 0.00000e+00
   QMMM                           = false
   QMconstraints                  = 0
   QMMMscheme                     = 0
   MMChargeScaleFactor            = 1
qm-opts:
   ngQM                           = 0
   constraint-algorithm           = Lincs
   continuation                   = false
   Shake-SOR                      = false
   shake-tol                      = 0.0001
   lincs-order                    = 4
   lincs-iter                     = 1
   lincs-warnangle                = 30
   nwall                          = 0
   wall-type                      = 9-3
   wall-r-linpot                  = -1
   wall-atomtype[0]               = -1
   wall-atomtype[1]               = -1
   wall-density[0]                = 0
   wall-density[1]                = 0
   wall-ewald-zfac                = 3
   pull                           = false
   awh                            = false
   rotation                       = false
   interactiveMD                  = false
   disre                          = No
   disre-weighting                = Conservative
   disre-mixed                    = false
   dr-fc                          = 1000
   dr-tau                         = 0
   nstdisreout                    = 100
   orire-fc                       = 0
   orire-tau                      = 0
   nstorireout                    = 100
   free-energy                    = no
   cos-acceleration               = 0
   deform (3x3):
      deform[    0]={ 0.00000e+00,  0.00000e+00,  0.00000e+00}
      deform[    1]={ 0.00000e+00,  0.00000e+00,  0.00000e+00}
      deform[    2]={ 0.00000e+00,  0.00000e+00,  0.00000e+00}
   simulated-tempering            = false
   swapcoords                     = no
   userint1                       = 0
   userint2                       = 0
   userint3                       = 0
   userint4                       = 0
   userreal1                      = 0
   userreal2                      = 0
   userreal3                      = 0
   userreal4                      = 0
   applied-forces:
     electric-field:
       x:
         E0                       = 0
         omega                    = 0
         t0                       = 0
         sigma                    = 0
       y:
         E0                       = 0
         omega                    = 0
         t0                       = 0
         sigma                    = 0
       z:
         E0                       = 0
         omega                    = 0
         t0                       = 0
         sigma                    = 0
grpopts:
   nrdf:       13585
   ref-t:         200
   tau-t:         0.1
annealing:      Single
annealing-npoints:           2
annealing-time [0]:	         0.0         0.0
annealing-temp [0]:	         0.0         0.0
   acc:	           0           0           0
   nfreeze:           N           N           N
   energygrp-flags[  0]: 0


Changing rlist from 0.95 to 0.951 for non-bonded 4x4 atom kernels

Changing nstlist from 10 to 50, rlist from 0.951 to 1.021


Initializing Domain Decomposition on 16 ranks
Dynamic load balancing: locked
The combination of rlist and box size prohibits the use of update groups
Minimum cell size due to atom displacement: 0.311 nm
Initial maximum distances in bonded interactions:
    two-body bonded interactions: 0.190 nm, Exclusion, atoms 7422 7424
  multi-body bonded interactions: 0.190 nm, Angle, atoms 7422 7424
Minimum cell size due to bonded interactions: 0.209 nm
Maximum distance for 5 constraints, at 120 deg. angles, all-trans: 0.218 nm
Estimated maximum distance required for P-LINCS: 0.218 nm
Using 0 separate PME ranks, as there are too few total
 ranks for efficient splitting
Scaling the initial minimum size with 1/0.8 (option -dds) = 1.25
Optimizing the DD grid for 16 cells with a minimum initial size of 0.389 nm
The maximum allowed number of cells is: X 32 Y 6 Z 6
Domain decomposition grid 16 x 1 x 1, separate PME ranks 0
PME domain decomposition: 16 x 1 x 1
Domain decomposition rank 0, coordinates 0 0 0

The initial number of communication pulses is: X 2
The initial domain decomposition cell size is: X 0.78 nm

The maximum allowed distance for atoms involved in interactions is:
                 non-bonded interactions           1.021 nm
(the following are initial values, they could change due to box deformation)
            two-body bonded interactions  (-rdd)   1.021 nm
          multi-body bonded interactions  (-rdd)   0.780 nm
              virtual site constructions  (-rcon)  0.780 nm
  atoms separated by up to 5 constraints  (-rcon)  0.780 nm

When dynamic load balancing gets turned on, these settings will change to:
The maximum number of communication pulses is: X 2
The minimum size for domain decomposition cells is 0.511 nm
The requested allowed shrink of DD cells (option -dds) is: 0.80
The allowed shrink of domain decomposition cells is: X 0.65
The maximum allowed distance for atoms involved in interactions is:
                 non-bonded interactions           1.021 nm
            two-body bonded interactions  (-rdd)   1.021 nm
          multi-body bonded interactions  (-rdd)   0.511 nm
              virtual site constructions  (-rcon)  0.511 nm
  atoms separated by up to 5 constraints  (-rcon)  0.511 nm

Using 16 MPI processes
Using 1 OpenMP thread per MPI process


Non-default thread affinity set probably by the OpenMP library,
disabling internal thread affinity
System total charge: 0.000
Will do PME sum in reciprocal space for electrostatic interactions.

++++ PLEASE READ AND CITE THE FOLLOWING REFERENCE ++++
U. Essmann, L. Perera, M. L. Berkowitz, T. Darden, H. Lee and L. G. Pedersen 
A smooth particle mesh Ewald method
J. Chem. Phys. 103 (1995) pp. 8577-8592
-------- -------- --- Thank You --- -------- --------

Using a Gaussian width (1/beta) of 0.304154 nm for Ewald
Potential shift: LJ r^-12: -1.851e+00 r^-6: -1.360e+00, Ewald -1.053e-05
Initialized non-bonded Ewald correction tables, spacing: 9.09e-04 size: 1046

Long Range LJ corr.: <C6> 2.0976e-04
Generated table with 1010 data points for Ewald.
Tabscale = 500 points/nm
Generated table with 1010 data points for LJ6.
Tabscale = 500 points/nm
Generated table with 1010 data points for LJ12.
Tabscale = 500 points/nm

Using SIMD 4x4 nonbonded short-range kernels

Using a dual 4x4 pair-list setup updated with dynamic pruning:
  outer list: updated every 50 steps, buffer 0.071 nm, rlist 1.021 nm
  inner list: updated every 10 steps, buffer 0.001 nm, rlist 0.951 nm
At tolerance 0.001 kJ/mol/ps per atom, equivalent classical 1x1 list would be:
  outer list: updated every 50 steps, buffer 0.137 nm, rlist 1.087 nm
  inner list: updated every 10 steps, buffer 0.015 nm, rlist 0.965 nm

Using full Lennard-Jones parameter combination matrix

Removing pbc first time

Initializing Parallel LINear Constraint Solver

++++ PLEASE READ AND CITE THE FOLLOWING REFERENCE ++++
B. Hess
P-LINCS: A Parallel Linear Constraint Solver for molecular simulation
J. Chem. Theory Comput. 4 (2008) pp. 116-122
-------- -------- --- Thank You --- -------- --------

The number of constraints is 1328
There are constraints between atoms in different decomposition domains,
will communicate selected coordinates each lincs iteration

++++ PLEASE READ AND CITE THE FOLLOWING REFERENCE ++++
S. Miyamoto and P. A. Kollman
SETTLE: An Analytical Version of the SHAKE and RATTLE Algorithms for Rigid
Water Models
J. Comp. Chem. 13 (1992) pp. 952-962
-------- -------- --- Thank You --- -------- --------


Linking all bonded interactions to atoms
There are 1656 inter charge-group virtual sites,
will an extra communication step for selected coordinates and forces


Intra-simulation communication will occur every 10 steps.
Center of mass motion removal mode is Linear
We have the following groups for center of mass motion removal:
  0:  rest

++++ PLEASE READ AND CITE THE FOLLOWING REFERENCE ++++
H. J. C. Berendsen, J. P. M. Postma, A. DiNola and J. R. Haak
Molecular dynamics with coupling to an external bath
J. Chem. Phys. 81 (1984) pp. 3684-3690
-------- -------- --- Thank You --- -------- --------

There are: 6628 Atoms
There are: 1656 VSites
Atom distribution over 16 domains: av 517 stddev 150 min 209 max 627

Constraining the starting coordinates (step 0)

Constraining the coordinates at t0-dt (step 0)
RMS relative constraint deviation after constraining: 7.41e-07
Initial temperature: 200.646 K

Started mdrun on rank 0 Thu Apr 29 10:39:21 2021

           Step           Time
              0        0.00000

Current ref_t for group System:      0.0
   Energies (kJ/mol)
          Angle        LJ (SR)  Disper. corr.   Coulomb (SR)   Coul. recip.
    1.42132e+03    1.66745e+04   -9.85669e+02   -1.07287e+05    3.70011e+02
      Potential    Kinetic En.   Total Energy  Conserved En.    Temperature
   -8.98069e+04    1.14131e+04   -7.83938e+04   -7.83937e+04    2.02088e+02
 Pres. DC (bar) Pressure (bar)   Constr. rmsd
   -2.29949e+02   -1.26120e+02    2.34069e-06


DD  step 49 load imb.: force 26.9%

step 100 Turning on dynamic load balancing, because the performance loss due to load imbalance is 16.8 %.

DD  step 9999  vol min/aver 0.735  load imb.: force  1.9%
           Step           Time
          10000       10.00000

Current ref_t for group System:      0.0
   Energies (kJ/mol)
          Angle        LJ (SR)  Disper. corr.   Coulomb (SR)   Coul. recip.
    2.36742e+02    1.94183e+04   -1.01008e+03   -1.21250e+05    2.18768e+02
      Potential    Kinetic En.   Total Energy  Conserved En.    Temperature
   -1.02387e+05    5.04571e-01   -1.02386e+05   -7.84258e+04    8.93425e-03
 Pres. DC (bar) Pressure (bar)   Constr. rmsd
   -2.41465e+02   -1.25161e+03    9.94699e-07


DD  step 19999  vol min/aver 0.751  load imb.: force  1.5%
           Step           Time
          20000       20.00000

Current ref_t for group System:      0.0
   Energies (kJ/mol)
          Angle        LJ (SR)  Disper. corr.   Coulomb (SR)   Coul. recip.
    2.36979e+02    1.97854e+04   -1.02354e+03   -1.21748e+05    2.17936e+02
      Potential    Kinetic En.   Total Energy  Conserved En.    Temperature
   -1.02531e+05    1.02498e+00   -1.02530e+05   -7.84389e+04    1.81489e-02
 Pres. DC (bar) Pressure (bar)   Constr. rmsd
   -2.47938e+02   -8.77633e+02    1.03499e-06


DD  step 29999  vol min/aver 0.758  load imb.: force  1.8%
           Step           Time
          30000       30.00000

Current ref_t for group System:      0.0
   Energies (kJ/mol)
          Angle        LJ (SR)  Disper. corr.   Coulomb (SR)   Coul. recip.
    2.37065e+02    1.99448e+04   -1.03450e+03   -1.21992e+05    2.17384e+02
      Potential    Kinetic En.   Total Energy  Conserved En.    Temperature
   -1.02628e+05    2.96206e-01   -1.02627e+05   -7.84495e+04    5.24481e-03
 Pres. DC (bar) Pressure (bar)   Constr. rmsd
   -2.53266e+02   -6.59353e+02    1.06092e-06


DD  step 39999  vol min/aver 0.764  load imb.: force  2.8%
           Step           Time
          40000       40.00000

Current ref_t for group System:      0.0
   Energies (kJ/mol)
          Angle        LJ (SR)  Disper. corr.   Coulomb (SR)   Coul. recip.
    2.37079e+02    2.00954e+04   -1.04370e+03   -1.22177e+05    2.15309e+02
      Potential    Kinetic En.   Total Energy  Conserved En.    Temperature
   -1.02673e+05    1.42852e-01   -1.02673e+05   -7.84582e+04    2.52944e-03
 Pres. DC (bar) Pressure (bar)   Constr. rmsd
   -2.57789e+02   -4.90603e+02    1.08632e-06


DD  step 49999  vol min/aver 0.766  load imb.: force  1.7%
           Step           Time
          50000       50.00000

Current ref_t for group System:      0.0
   Energies (kJ/mol)
          Angle        LJ (SR)  Disper. corr.   Coulomb (SR)   Coul. recip.
    2.37130e+02    2.02075e+04   -1.05147e+03   -1.22310e+05    2.15563e+02
      Potential    Kinetic En.   Total Energy  Conserved En.    Temperature
   -1.02701e+05    1.50248e-01   -1.02701e+05   -7.84655e+04    2.66039e-03
 Pres. DC (bar) Pressure (bar)   Constr. rmsd
   -2.61637e+02   -3.71735e+02    1.01722e-06


DD  step 59999  vol min/aver 0.777  load imb.: force  1.9%
           Step           Time
          60000       60.00000

Current ref_t for group System:      0.0
   Energies (kJ/mol)
          Angle        LJ (SR)  Disper. corr.   Coulomb (SR)   Coul. recip.
    2.37147e+02    2.02955e+04   -1.05780e+03   -1.22414e+05    2.14646e+02
      Potential    Kinetic En.   Total Energy  Conserved En.    Temperature
   -1.02725e+05    3.37969e-01   -1.02724e+05   -7.84715e+04    5.98429e-03
 Pres. DC (bar) Pressure (bar)   Constr. rmsd
   -2.64792e+02   -2.65782e+02    1.03604e-06


DD  step 69999  vol min/aver 0.798  load imb.: force  1.3%
           Step           Time
          70000       70.00000

Current ref_t for group System:      0.0
   Energies (kJ/mol)
          Angle        LJ (SR)  Disper. corr.   Coulomb (SR)   Coul. recip.
    2.37159e+02    2.03829e+04   -1.06329e+03   -1.22513e+05    2.13794e+02
      Potential    Kinetic En.   Total Energy  Conserved En.    Temperature
   -1.02742e+05    7.66845e-02   -1.02742e+05   -7.84765e+04    1.35782e-03
 Pres. DC (bar) Pressure (bar)   Constr. rmsd
   -2.67544e+02   -1.51666e+02    1.04796e-06


DD  step 79999  vol min/aver 0.809  load imb.: force  2.4%
           Step           Time
          80000       80.00000

Current ref_t for group System:      0.0
   Energies (kJ/mol)
          Angle        LJ (SR)  Disper. corr.   Coulomb (SR)   Coul. recip.
    2.37146e+02    2.04382e+04   -1.06783e+03   -1.22580e+05    2.13486e+02
      Potential    Kinetic En.   Total Energy  Conserved En.    Temperature
   -1.02759e+05    4.74676e-01   -1.02758e+05   -7.84807e+04    8.40491e-03
 Pres. DC (bar) Pressure (bar)   Constr. rmsd
   -2.69832e+02   -1.06919e+02    1.08553e-06


DD  step 89999  vol min/aver 0.812  load imb.: force  2.0%
           Step           Time
          90000       90.00000

Current ref_t for group System:      0.0
   Energies (kJ/mol)
          Angle        LJ (SR)  Disper. corr.   Coulomb (SR)   Coul. recip.
    2.37180e+02    2.04965e+04   -1.07159e+03   -1.22648e+05    2.13081e+02
      Potential    Kinetic En.   Total Energy  Conserved En.    Temperature
   -1.02772e+05    5.22259e-02   -1.02772e+05   -7.84840e+04    9.24745e-04
 Pres. DC (bar) Pressure (bar)   Constr. rmsd
   -2.71731e+02   -1.88033e+01    1.04685e-06


DD  step 99999  vol min/aver 0.811  load imb.: force  2.7%
           Step           Time
         100000      100.00000

Current ref_t for group System:      0.0
   Energies (kJ/mol)
          Angle        LJ (SR)  Disper. corr.   Coulomb (SR)   Coul. recip.
    2.37142e+02    2.05302e+04   -1.07474e+03   -1.22687e+05    2.13236e+02
      Potential    Kinetic En.   Total Energy  Conserved En.    Temperature
   -1.02781e+05    2.67815e-02   -1.02781e+05   -7.84867e+04    4.74210e-04
 Pres. DC (bar) Pressure (bar)   Constr. rmsd
   -2.73331e+02    1.81153e+01    1.06017e-06


DD  step 109999  vol min/aver 0.811  load imb.: force  1.7%
           Step           Time
         110000      110.00000

Current ref_t for group System:      0.0
   Energies (kJ/mol)
          Angle        LJ (SR)  Disper. corr.   Coulomb (SR)   Coul. recip.
    2.37143e+02    2.05841e+04   -1.07733e+03   -1.22740e+05    2.13315e+02
      Potential    Kinetic En.   Total Energy  Conserved En.    Temperature
   -1.02783e+05    6.01285e-02   -1.02783e+05   -7.84887e+04    1.06467e-03
 Pres. DC (bar) Pressure (bar)   Constr. rmsd
   -2.74649e+02    7.96526e+01    1.02526e-06


DD  step 119999  vol min/aver 0.813  load imb.: force  3.7%
           Step           Time
         120000      120.00000

Writing checkpoint, step 120000 at Thu Apr 29 10:41:27 2021


Current ref_t for group System:      0.0
   Energies (kJ/mol)
          Angle        LJ (SR)  Disper. corr.   Coulomb (SR)   Coul. recip.
    2.37148e+02    2.06085e+04   -1.07940e+03   -1.22767e+05    2.12760e+02
      Potential    Kinetic En.   Total Energy  Conserved En.    Temperature
   -1.02788e+05    1.03476e-02   -1.02788e+05   -7.84902e+04    1.83221e-04
 Pres. DC (bar) Pressure (bar)   Constr. rmsd
   -2.75702e+02    1.22593e+02    1.00281e-06

	<======  ###############  ==>
	<====  A V E R A G E S  ====>
	<==  ###############  ======>

	Statistics over 120001 steps using 1201 frames

Current ref_t for group System:      0.0
   Energies (kJ/mol)
          Angle        LJ (SR)  Disper. corr.   Coulomb (SR)   Coul. recip.
    2.39580e+02    2.01108e+04   -1.05094e+03   -1.22141e+05    2.15610e+02
      Potential    Kinetic En.   Total Energy  Conserved En.    Temperature
   -1.02626e+05    2.46908e+01   -1.02601e+05   -7.84645e+04    4.37191e-01
 Pres. DC (bar) Pressure (bar)   Constr. rmsd
   -2.61512e+02   -4.56209e+02    0.00000e+00

          Box-X          Box-Y          Box-Z
    1.22208e+01    2.33914e+00    2.33914e+00

   Total Virial (kJ/mol)
    1.04782e+03    5.42207e+01   -9.07017e+01
    5.20305e+01    1.18247e+03    9.57351e+01
   -9.14840e+01    9.62549e+01    6.35605e+02

   Pressure (bar)
   -5.12355e+02   -2.76260e+01    4.41321e+01
   -2.65263e+01   -5.64183e+02   -4.76423e+01
    4.45272e+01   -4.79023e+01   -2.92090e+02


	M E G A - F L O P S   A C C O U N T I N G

 NB=Group-cutoff nonbonded kernels    NxN=N-by-N cluster Verlet kernels
 RF=Reaction-Field  VdW=Van der Waals  QSTab=quadratic-spline table
 W3=SPC/TIP3p  W4=TIP4p (single or pairs)
 V&F=Potential and force  V=Potential only  F=Force only

 Computing:                               M-Number         M-Flops  % Flops
-----------------------------------------------------------------------------
 Pair Search distance check            6262.999808       56366.998     0.2
 NxN Ewald Elec. + LJ [F]            291569.984728    19243618.992    55.8
 NxN Ewald Elec. + LJ [V&F]            2947.696544      315403.530     0.9
 NxN LJ [F]                            1818.199904       60000.597     0.2
 NxN LJ [V&F]                            18.395712         791.016     0.0
 NxN Ewald Elec. [F]                 217130.944568    13244987.619    38.4
 NxN Ewald Elec. [V&F]                 2194.528688      184340.410     0.5
 Calc Weights                          2982.264852      107361.535     0.3
 Spread Q Bspline                     63621.650176      127243.300     0.4
 Gather F Bspline                     63621.650176      381729.901     1.1
 3D-FFT                               74278.698984      594229.592     1.7
 Solve PME                              161.281344       10322.006     0.0
 Reset In Box                            19.889884          59.670     0.0
 CG-CoM                                  19.898168          59.695     0.0
 Angles                                 239.041992       40159.055     0.1
 Virial                                 108.057004        1945.026     0.0
 Stop-CM                                  9.957368          99.574     0.0
 P-Coupling                              99.416284         596.498     0.0
 Calc-Ekin                              198.832568        5368.479     0.0
 Lincs                                  183.987156       11039.229     0.0
 Lincs-Mat                             3311.768808       13247.075     0.0
 Constraint-V                          1049.308611        8394.469     0.0
 Constraint-Vir                          86.538069        2076.914     0.0
 Settle                                 227.114319       73357.925     0.2
 Virtual Site 3                         218.595312        8088.027     0.0
-----------------------------------------------------------------------------
 Total                                                34490887.130   100.0
-----------------------------------------------------------------------------


    D O M A I N   D E C O M P O S I T I O N   S T A T I S T I C S

 av. #atoms communicated per step for force:  2 x 12224.5
 av. #atoms communicated per step for vsites: 3 x 265.5
 av. #atoms communicated per step for LINCS:  2 x 966.1


Dynamic load balancing report:
 DLB was turned on during the run due to measured imbalance.
 Average load imbalance: 2.3%.
 The balanceable part of the MD step is 73%, load imbalance is computed from this.
 Part of the total run time spent waiting due to load imbalance: 1.7%.
 Steps where the load balancing was limited by -rdd, -rcon and/or -dds: X 0 %


     R E A L   C Y C L E   A N D   T I M E   A C C O U N T I N G

On 16 MPI ranks

 Computing:          Num   Num      Call    Wall time         Giga-Cycles
                     Ranks Threads  Count      (s)         total sum    %
-----------------------------------------------------------------------------
 Domain decomp.        16    1       2401       0.893         37.156   0.7
 DD comm. load         16    1       2400       0.022          0.899   0.0
 DD comm. bounds       16    1       2399       0.080          3.345   0.1
 Vsite constr.         16    1     120001       1.270         52.830   1.0
 Neighbor search       16    1       2401       3.026        125.884   2.4
 Comm. coord.          16    1     117600       1.882         78.303   1.5
 Force                 16    1     120001      87.216       3628.208  69.0
 Wait + Comm. F        16    1     120001       1.797         74.758   1.4
 PME mesh              16    1     120001      23.860        992.581  18.9
 NB X/F buffer ops.    16    1     355201       1.072         44.613   0.8
 Vsite spread          16    1     132002       1.183         49.211   0.9
 Write traj.           16    1         13       0.004          0.153   0.0
 Update                16    1     120001       0.465         19.338   0.4
 Constraints           16    1     120003       2.323         96.635   1.8
 Comm. energies        16    1      12001       0.559         23.235   0.4
 Rest                                           0.664         27.609   0.5
-----------------------------------------------------------------------------
 Total                                        126.316       5254.758 100.0
-----------------------------------------------------------------------------
 Breakdown of PME mesh computation
-----------------------------------------------------------------------------
 PME redist. X/F       16    1     240002       6.886        286.479   5.5
 PME spread            16    1     120001       5.136        213.643   4.1
 PME gather            16    1     120001       3.907        162.518   3.1
 PME 3D-FFT            16    1     240002       2.282         94.929   1.8
 PME 3D-FFT Comm.      16    1     240002       5.024        209.004   4.0
 PME solve Elec        16    1     120001       0.528         21.958   0.4
-----------------------------------------------------------------------------

               Core t (s)   Wall t (s)        (%)
       Time:     2021.037      126.316     1600.0
                 (ns/day)    (hour/ns)
Performance:       82.081        0.292
Finished mdrun on rank 0 Thu Apr 29 10:41:27 2021

