                      :-) GROMACS - gmx mdrun, 2019.1 (-:

                            GROMACS is written by:
     Emile Apol      Rossen Apostolov      Paul Bauer     Herman J.C. Berendsen
    Par Bjelkmar      Christian Blau   Viacheslav Bolnykh     Kevin Boyd    
 Aldert van Buuren   Rudi van Drunen     Anton Feenstra       Alan Gray     
  Gerrit Groenhof     Anca Hamuraru    Vincent Hindriksen  M. Eric Irrgang  
  Aleksei Iupinov   Christoph Junghans     Joe Jordan     Dimitrios Karkoulis
    Peter Kasson        Jiri Kraus      Carsten Kutzner      Per Larsson    
  Justin A. Lemkul    Viveca Lindahl    Magnus Lundborg     Erik Marklund   
    Pascal Merz     Pieter Meulenhoff    Teemu Murtola       Szilard Pall   
    Sander Pronk      Roland Schulz      Michael Shirts    Alexey Shvetsov  
   Alfons Sijbers     Peter Tieleman      Jon Vincent      Teemu Virolainen 
 Christian Wennberg    Maarten Wolf   
                           and the project leaders:
        Mark Abraham, Berk Hess, Erik Lindahl, and David van der Spoel

Copyright (c) 1991-2000, University of Groningen, The Netherlands.
Copyright (c) 2001-2018, The GROMACS development team at
Uppsala University, Stockholm University and
the Royal Institute of Technology, Sweden.
check out http://www.gromacs.org for more information.

GROMACS is free software; you can redistribute it and/or modify it
under the terms of the GNU Lesser General Public License
as published by the Free Software Foundation; either version 2.1
of the License, or (at your option) any later version.

GROMACS:      gmx mdrun, version 2019.1
Executable:   /Softs/lumiere/gromacs/mpi/gcc/2019.1-sp/bin/gmx_mpi
Data prefix:  /Softs/lumiere/gromacs/mpi/gcc/2019.1-sp
Working dir:  /Work/Users/ctsilefski/simulations/initial_box/equilibration
Process ID:   6492
Command line:
  gmx_mpi mdrun -s topol.tpr -g md.log -o traj.trr -c conf.gro

GROMACS version:    2019.1
Precision:          single
Memory model:       64 bit
MPI library:        MPI
OpenMP support:     enabled (GMX_OPENMP_MAX_THREADS = 64)
GPU support:        disabled
SIMD instructions:  AVX_256
FFT library:        fftw-3.3.8-sse2-avx
RDTSCP usage:       enabled
TNG support:        enabled
Hwloc support:      disabled
Tracing support:    disabled
C compiler:         /Softs/lumiere/mpi/openmpi/gcc/1.7.5/bin/mpicc GNU 4.9.0
C compiler flags:    -mavx     -O3 -DNDEBUG -funroll-all-loops -fexcess-precision=fast  
C++ compiler:       /Softs/lumiere/mpi/openmpi/gcc/1.7.5/bin/mpic++ GNU 4.9.0
C++ compiler flags:  -mavx    -std=c++11   -O3 -DNDEBUG -funroll-all-loops -fexcess-precision=fast  


Running on 1 node with total 16 cores, 16 logical cores
Hardware detected on host node2-64 (the node of MPI rank 0):
  CPU info:
    Vendor: Intel
    Brand:  Intel(R) Xeon(R) CPU E5-2640 v3 @ 2.60GHz
    Family: 6   Model: 63   Stepping: 2
    Features: aes apic avx avx2 clfsh cmov cx8 cx16 f16c fma htt intel lahf mmx msr nonstop_tsc pcid pclmuldq pdcm pdpe1gb popcnt pse rdrnd rdtscp sse2 sse3 sse4.1 sse4.2 ssse3 tdt x2apic
  Hardware topology: Basic
    Sockets, cores, and logical processors:
      Socket  0: [   0] [   1] [   2] [   3] [   4] [   5] [   6] [   7]
      Socket  1: [   8] [   9] [  10] [  11] [  12] [  13] [  14] [  15]

Highest SIMD level requested by all nodes in run: AVX2_256
SIMD instructions selected at compile time:       AVX_256
This program was compiled for different hardware than you are running on,
which could influence performance.

++++ PLEASE READ AND CITE THE FOLLOWING REFERENCE ++++
M. J. Abraham, T. Murtola, R. Schulz, S. Páll, J. C. Smith, B. Hess, E.
Lindahl
GROMACS: High performance molecular simulations through multi-level
parallelism from laptops to supercomputers
SoftwareX 1 (2015) pp. 19-25
-------- -------- --- Thank You --- -------- --------


++++ PLEASE READ AND CITE THE FOLLOWING REFERENCE ++++
S. Páll, M. J. Abraham, C. Kutzner, B. Hess, E. Lindahl
Tackling Exascale Software Challenges in Molecular Dynamics Simulations with
GROMACS
In S. Markidis & E. Laure (Eds.), Solving Software Challenges for Exascale 8759 (2015) pp. 3-27
-------- -------- --- Thank You --- -------- --------


++++ PLEASE READ AND CITE THE FOLLOWING REFERENCE ++++
S. Pronk, S. Páll, R. Schulz, P. Larsson, P. Bjelkmar, R. Apostolov, M. R.
Shirts, J. C. Smith, P. M. Kasson, D. van der Spoel, B. Hess, and E. Lindahl
GROMACS 4.5: a high-throughput and highly parallel open source molecular
simulation toolkit
Bioinformatics 29 (2013) pp. 845-54
-------- -------- --- Thank You --- -------- --------


++++ PLEASE READ AND CITE THE FOLLOWING REFERENCE ++++
B. Hess and C. Kutzner and D. van der Spoel and E. Lindahl
GROMACS 4: Algorithms for highly efficient, load-balanced, and scalable
molecular simulation
J. Chem. Theory Comput. 4 (2008) pp. 435-447
-------- -------- --- Thank You --- -------- --------


++++ PLEASE READ AND CITE THE FOLLOWING REFERENCE ++++
D. van der Spoel, E. Lindahl, B. Hess, G. Groenhof, A. E. Mark and H. J. C.
Berendsen
GROMACS: Fast, Flexible and Free
J. Comp. Chem. 26 (2005) pp. 1701-1719
-------- -------- --- Thank You --- -------- --------


++++ PLEASE READ AND CITE THE FOLLOWING REFERENCE ++++
E. Lindahl and B. Hess and D. van der Spoel
GROMACS 3.0: A package for molecular simulation and trajectory analysis
J. Mol. Mod. 7 (2001) pp. 306-317
-------- -------- --- Thank You --- -------- --------


++++ PLEASE READ AND CITE THE FOLLOWING REFERENCE ++++
H. J. C. Berendsen, D. van der Spoel and R. van Drunen
GROMACS: A message-passing parallel molecular dynamics implementation
Comp. Phys. Comm. 91 (1995) pp. 43-56
-------- -------- --- Thank You --- -------- --------


++++ PLEASE CITE THE DOI FOR THIS VERSION OF GROMACS ++++
https://doi.org/10.5281/zenodo.2564764
-------- -------- --- Thank You --- -------- --------


The number of OpenMP threads was set by environment variable OMP_NUM_THREADS to 1

Input Parameters:
   integrator                     = md
   tinit                          = 0
   dt                             = 0.001
   nsteps                         = 20000
   init-step                      = 0
   simulation-part                = 1
   comm-mode                      = Linear
   nstcomm                        = 100
   bd-fric                        = 0
   ld-seed                        = -1450366527
   emtol                          = 10
   emstep                         = 0.01
   niter                          = 20
   fcstep                         = 0
   nstcgsteep                     = 1000
   nbfgscorr                      = 10
   rtpi                           = 0.05
   nstxout                        = 10000
   nstvout                        = 0
   nstfout                        = 0
   nstlog                         = 10000
   nstcalcenergy                  = 100
   nstenergy                      = 10000
   nstxout-compressed             = 0
   compressed-x-precision         = 1000
   cutoff-scheme                  = Verlet
   nstlist                        = 10
   ns-type                        = Grid
   pbc                            = xyz
   periodic-molecules             = false
   verlet-buffer-tolerance        = 0.001
   rlist                          = 0.95
   coulombtype                    = PME
   coulomb-modifier               = Potential-shift
   rcoulomb-switch                = 0
   rcoulomb                       = 0.95
   epsilon-r                      = 1
   epsilon-rf                     = inf
   vdw-type                       = Cut-off
   vdw-modifier                   = Potential-shift
   rvdw-switch                    = 0
   rvdw                           = 0.95
   DispCorr                       = EnerPres
   table-extension                = 1
   fourierspacing                 = 0.15
   fourier-nx                     = 84
   fourier-ny                     = 20
   fourier-nz                     = 20
   pme-order                      = 4
   ewald-rtol                     = 1e-05
   ewald-rtol-lj                  = 0.001
   lj-pme-comb-rule               = Geometric
   ewald-geometry                 = 0
   epsilon-surface                = 0
   tcoupl                         = Berendsen
   nsttcouple                     = 10
   nh-chain-length                = 0
   print-nose-hoover-chain-variables = false
   pcoupl                         = Berendsen
   pcoupltype                     = Isotropic
   nstpcouple                     = 10
   tau-p                          = 1
   compressibility (3x3):
      compressibility[    0]={ 1.00000e-06,  0.00000e+00,  0.00000e+00}
      compressibility[    1]={ 0.00000e+00,  1.00000e-06,  0.00000e+00}
      compressibility[    2]={ 0.00000e+00,  0.00000e+00,  1.00000e-06}
   ref-p (3x3):
      ref-p[    0]={ 3.00000e+02,  0.00000e+00,  0.00000e+00}
      ref-p[    1]={ 0.00000e+00,  3.00000e+02,  0.00000e+00}
      ref-p[    2]={ 0.00000e+00,  0.00000e+00,  3.00000e+02}
   refcoord-scaling               = No
   posres-com (3):
      posres-com[0]= 0.00000e+00
      posres-com[1]= 0.00000e+00
      posres-com[2]= 0.00000e+00
   posres-comB (3):
      posres-comB[0]= 0.00000e+00
      posres-comB[1]= 0.00000e+00
      posres-comB[2]= 0.00000e+00
   QMMM                           = false
   QMconstraints                  = 0
   QMMMscheme                     = 0
   MMChargeScaleFactor            = 1
qm-opts:
   ngQM                           = 0
   constraint-algorithm           = Lincs
   continuation                   = false
   Shake-SOR                      = false
   shake-tol                      = 0.0001
   lincs-order                    = 4
   lincs-iter                     = 1
   lincs-warnangle                = 30
   nwall                          = 0
   wall-type                      = 9-3
   wall-r-linpot                  = -1
   wall-atomtype[0]               = -1
   wall-atomtype[1]               = -1
   wall-density[0]                = 0
   wall-density[1]                = 0
   wall-ewald-zfac                = 3
   pull                           = false
   awh                            = false
   rotation                       = false
   interactiveMD                  = false
   disre                          = No
   disre-weighting                = Conservative
   disre-mixed                    = false
   dr-fc                          = 1000
   dr-tau                         = 0
   nstdisreout                    = 100
   orire-fc                       = 0
   orire-tau                      = 0
   nstorireout                    = 100
   free-energy                    = no
   cos-acceleration               = 0
   deform (3x3):
      deform[    0]={ 0.00000e+00,  0.00000e+00,  0.00000e+00}
      deform[    1]={ 0.00000e+00,  0.00000e+00,  0.00000e+00}
      deform[    2]={ 0.00000e+00,  0.00000e+00,  0.00000e+00}
   simulated-tempering            = false
   swapcoords                     = no
   userint1                       = 0
   userint2                       = 0
   userint3                       = 0
   userint4                       = 0
   userreal1                      = 0
   userreal2                      = 0
   userreal3                      = 0
   userreal4                      = 0
   applied-forces:
     electric-field:
       x:
         E0                       = 0
         omega                    = 0
         t0                       = 0
         sigma                    = 0
       y:
         E0                       = 0
         omega                    = 0
         t0                       = 0
         sigma                    = 0
       z:
         E0                       = 0
         omega                    = 0
         t0                       = 0
         sigma                    = 0
grpopts:
   nrdf:       13585
   ref-t:         200
   tau-t:         0.1
annealing:          No
annealing-npoints:           0
   acc:	           0           0           0
   nfreeze:           N           N           N
   energygrp-flags[  0]: 0


Changing rlist from 0.95 to 0.951 for non-bonded 4x4 atom kernels

Changing nstlist from 10 to 50, rlist from 0.951 to 1.021


Initializing Domain Decomposition on 16 ranks
Dynamic load balancing: locked
The combination of rlist and box size prohibits the use of update groups
Minimum cell size due to atom displacement: 0.311 nm
Initial maximum distances in bonded interactions:
    two-body bonded interactions: 0.199 nm, Exclusion, atoms 7561 7564
  multi-body bonded interactions: 0.199 nm, Angle, atoms 7561 7564
Minimum cell size due to bonded interactions: 0.219 nm
Maximum distance for 5 constraints, at 120 deg. angles, all-trans: 0.218 nm
Estimated maximum distance required for P-LINCS: 0.218 nm
Using 0 separate PME ranks, as there are too few total
 ranks for efficient splitting
Scaling the initial minimum size with 1/0.8 (option -dds) = 1.25
Optimizing the DD grid for 16 cells with a minimum initial size of 0.389 nm
The maximum allowed number of cells is: X 32 Y 6 Z 6
Domain decomposition grid 16 x 1 x 1, separate PME ranks 0
PME domain decomposition: 16 x 1 x 1
Domain decomposition rank 0, coordinates 0 0 0

The initial number of communication pulses is: X 2
The initial domain decomposition cell size is: X 0.78 nm

The maximum allowed distance for atoms involved in interactions is:
                 non-bonded interactions           1.021 nm
(the following are initial values, they could change due to box deformation)
            two-body bonded interactions  (-rdd)   1.021 nm
          multi-body bonded interactions  (-rdd)   0.784 nm
              virtual site constructions  (-rcon)  0.784 nm
  atoms separated by up to 5 constraints  (-rcon)  0.784 nm

When dynamic load balancing gets turned on, these settings will change to:
The maximum number of communication pulses is: X 2
The minimum size for domain decomposition cells is 0.511 nm
The requested allowed shrink of DD cells (option -dds) is: 0.80
The allowed shrink of domain decomposition cells is: X 0.65
The maximum allowed distance for atoms involved in interactions is:
                 non-bonded interactions           1.021 nm
            two-body bonded interactions  (-rdd)   1.021 nm
          multi-body bonded interactions  (-rdd)   0.511 nm
              virtual site constructions  (-rcon)  0.511 nm
  atoms separated by up to 5 constraints  (-rcon)  0.511 nm

Using 16 MPI processes
Using 1 OpenMP thread per MPI process


Non-default thread affinity set probably by the OpenMP library,
disabling internal thread affinity
System total charge: 0.000
Will do PME sum in reciprocal space for electrostatic interactions.

++++ PLEASE READ AND CITE THE FOLLOWING REFERENCE ++++
U. Essmann, L. Perera, M. L. Berkowitz, T. Darden, H. Lee and L. G. Pedersen 
A smooth particle mesh Ewald method
J. Chem. Phys. 103 (1995) pp. 8577-8592
-------- -------- --- Thank You --- -------- --------

Using a Gaussian width (1/beta) of 0.304154 nm for Ewald
Potential shift: LJ r^-12: -1.851e+00 r^-6: -1.360e+00, Ewald -1.053e-05
Initialized non-bonded Ewald correction tables, spacing: 9.09e-04 size: 1046

Long Range LJ corr.: <C6> 2.0976e-04
Generated table with 1010 data points for Ewald.
Tabscale = 500 points/nm
Generated table with 1010 data points for LJ6.
Tabscale = 500 points/nm
Generated table with 1010 data points for LJ12.
Tabscale = 500 points/nm

Using SIMD 4x4 nonbonded short-range kernels

Using a dual 4x4 pair-list setup updated with dynamic pruning:
  outer list: updated every 50 steps, buffer 0.071 nm, rlist 1.021 nm
  inner list: updated every 10 steps, buffer 0.001 nm, rlist 0.951 nm
At tolerance 0.001 kJ/mol/ps per atom, equivalent classical 1x1 list would be:
  outer list: updated every 50 steps, buffer 0.137 nm, rlist 1.087 nm
  inner list: updated every 10 steps, buffer 0.015 nm, rlist 0.965 nm

Using full Lennard-Jones parameter combination matrix

Removing pbc first time

Initializing Parallel LINear Constraint Solver

++++ PLEASE READ AND CITE THE FOLLOWING REFERENCE ++++
B. Hess
P-LINCS: A Parallel Linear Constraint Solver for molecular simulation
J. Chem. Theory Comput. 4 (2008) pp. 116-122
-------- -------- --- Thank You --- -------- --------

The number of constraints is 1328
There are constraints between atoms in different decomposition domains,
will communicate selected coordinates each lincs iteration

++++ PLEASE READ AND CITE THE FOLLOWING REFERENCE ++++
S. Miyamoto and P. A. Kollman
SETTLE: An Analytical Version of the SHAKE and RATTLE Algorithms for Rigid
Water Models
J. Comp. Chem. 13 (1992) pp. 952-962
-------- -------- --- Thank You --- -------- --------


Linking all bonded interactions to atoms
There are 1656 inter charge-group virtual sites,
will an extra communication step for selected coordinates and forces


Intra-simulation communication will occur every 10 steps.
Center of mass motion removal mode is Linear
We have the following groups for center of mass motion removal:
  0:  rest

++++ PLEASE READ AND CITE THE FOLLOWING REFERENCE ++++
H. J. C. Berendsen, J. P. M. Postma, A. DiNola and J. R. Haak
Molecular dynamics with coupling to an external bath
J. Chem. Phys. 81 (1984) pp. 3684-3690
-------- -------- --- Thank You --- -------- --------

There are: 6628 Atoms
There are: 1656 VSites
Atom distribution over 16 domains: av 517 stddev 139 min 241 max 617

Constraining the starting coordinates (step 0)

Constraining the coordinates at t0-dt (step 0)
RMS relative constraint deviation after constraining: 7.11e-07
Initial temperature: 200.921 K

Started mdrun on rank 0 Thu Apr 29 10:34:34 2021

           Step           Time
              0        0.00000

   Energies (kJ/mol)
          Angle        LJ (SR)  Disper. corr.   Coulomb (SR)   Coul. recip.
    2.20866e+03    1.33278e+04   -9.70678e+02   -9.60086e+04    5.31105e+02
      Potential    Kinetic En.   Total Energy  Conserved En.    Temperature
   -8.09116e+04    1.14545e+04   -6.94571e+04   -6.94571e+04    2.02821e+02
 Pres. DC (bar) Pressure (bar)   Constr. rmsd
   -2.23016e+02   -2.99270e+02    2.46286e-06


DD  step 49 load imb.: force 28.0%

step 100 Turning on dynamic load balancing, because the performance loss due to load imbalance is 16.5 %.

DD  step 9999  vol min/aver 0.737  load imb.: force  2.4%
           Step           Time
          10000       10.00000

   Energies (kJ/mol)
          Angle        LJ (SR)  Disper. corr.   Coulomb (SR)   Coul. recip.
    1.46170e+03    1.60582e+04   -9.79243e+02   -1.06399e+05    3.98753e+02
      Potential    Kinetic En.   Total Energy  Conserved En.    Temperature
   -8.94596e+04    1.13761e+04   -7.80836e+04   -6.94797e+04    2.01432e+02
 Pres. DC (bar) Pressure (bar)   Constr. rmsd
   -2.26964e+02   -3.76247e+02    2.29519e-06


DD  step 19999  vol min/aver 0.757  load imb.: force  2.3%
           Step           Time
          20000       20.00000

Writing checkpoint, step 20000 at Thu Apr 29 10:34:55 2021


   Energies (kJ/mol)
          Angle        LJ (SR)  Disper. corr.   Coulomb (SR)   Coul. recip.
    1.42132e+03    1.66745e+04   -9.85669e+02   -1.07287e+05    3.67530e+02
      Potential    Kinetic En.   Total Energy  Conserved En.    Temperature
   -8.98094e+04    1.11727e+04   -7.86367e+04   -6.94879e+04    1.97831e+02
 Pres. DC (bar) Pressure (bar)   Constr. rmsd
   -2.29949e+02   -8.19700e+01    2.38410e-06

	<======  ###############  ==>
	<====  A V E R A G E S  ====>
	<==  ###############  ======>

	Statistics over 20001 steps using 201 frames

   Energies (kJ/mol)
          Angle        LJ (SR)  Disper. corr.   Coulomb (SR)   Coul. recip.
    1.48004e+03    1.58439e+04   -9.78915e+02   -1.05811e+05    3.88340e+02
      Potential    Kinetic En.   Total Energy  Conserved En.    Temperature
   -8.90776e+04    1.13318e+04   -7.77458e+04   -6.94791e+04    2.00648e+02
 Pres. DC (bar) Pressure (bar)   Constr. rmsd
   -2.26816e+02   -4.60198e+02    0.00000e+00

          Box-X          Box-Y          Box-Z
    1.25117e+01    2.39481e+00    2.39481e+00

   Total Virial (kJ/mol)
    4.27986e+03    1.04071e+02    9.52953e+00
    1.02309e+02    5.14155e+03    1.23072e+02
    1.04383e+01    1.23614e+02    4.89702e+03

   Pressure (bar)
   -2.24607e+02   -4.15908e+01   -9.22598e+00
   -4.07748e+01   -6.33851e+02   -5.88796e+01
   -9.64248e+00   -5.91301e+01   -5.22137e+02


	M E G A - F L O P S   A C C O U N T I N G

 NB=Group-cutoff nonbonded kernels    NxN=N-by-N cluster Verlet kernels
 RF=Reaction-Field  VdW=Van der Waals  QSTab=quadratic-spline table
 W3=SPC/TIP3p  W4=TIP4p (single or pairs)
 V&F=Potential and force  V=Potential only  F=Force only

 Computing:                               M-Number         M-Flops  % Flops
-----------------------------------------------------------------------------
 Pair Search distance check            1026.726916        9240.542     0.2
 NxN Ewald Elec. + LJ [F]             45432.447920     2998541.563    54.7
 NxN Ewald Elec. + LJ [V&F]             461.251704       49353.932     0.9
 NxN LJ [F]                             273.049968        9010.649     0.2
 NxN LJ [V&F]                             2.692592         115.781     0.0
 NxN Ewald Elec. [F]                  34313.203504     2093105.414    38.2
 NxN Ewald Elec. [V&F]                  348.279336       29255.464     0.5
 Calc Weights                           497.064852       17894.335     0.3
 Spread Q Bspline                     10604.050176       21208.100     0.4
 Gather F Bspline                     10604.050176       63624.301     1.2
 3D-FFT                               20209.610430      161676.883     2.9
 Solve PME                               33.601680        2150.508     0.0
 Reset In Box                             3.321884           9.966     0.0
 CG-CoM                                   3.330168           9.991     0.0
 Angles                                  39.841992        6693.455     0.1
 Virial                                  18.017004         324.306     0.0
 Stop-CM                                  1.673368          16.734     0.0
 P-Coupling                              16.576284          99.458     0.0
 Calc-Ekin                               33.152568         895.119     0.0
 Lincs                                   30.187868        1811.272     0.0
 Lincs-Mat                              543.381624        2173.526     0.0
 Constraint-V                           173.168891        1385.351     0.0
 Constraint-Vir                          14.303988         343.296     0.0
 Settle                                  37.600609       12144.997     0.2
 Virtual Site 3                          36.435312        1348.107     0.0
-----------------------------------------------------------------------------
 Total                                                 5482433.049   100.0
-----------------------------------------------------------------------------


    D O M A I N   D E C O M P O S I T I O N   S T A T I S T I C S

 av. #atoms communicated per step for force:  2 x 11972.5
 av. #atoms communicated per step for vsites: 3 x 250.7
 av. #atoms communicated per step for LINCS:  2 x 897.6


Dynamic load balancing report:
 DLB was turned on during the run due to measured imbalance.
 Average load imbalance: 3.9%.
 The balanceable part of the MD step is 69%, load imbalance is computed from this.
 Part of the total run time spent waiting due to load imbalance: 2.7%.
 Steps where the load balancing was limited by -rdd, -rcon and/or -dds: X 0 %


     R E A L   C Y C L E   A N D   T I M E   A C C O U N T I N G

On 16 MPI ranks

 Computing:          Num   Num      Call    Wall time         Giga-Cycles
                     Ranks Threads  Count      (s)         total sum    %
-----------------------------------------------------------------------------
 Domain decomp.        16    1        401       0.154          6.414   0.7
 DD comm. load         16    1        400       0.005          0.221   0.0
 DD comm. bounds       16    1        399       0.019          0.810   0.1
 Vsite constr.         16    1      20001       0.224          9.334   1.1
 Neighbor search       16    1        401       0.479         19.910   2.3
 Comm. coord.          16    1      19600       0.325         13.535   1.5
 Force                 16    1      20001      13.684        569.231  64.6
 Wait + Comm. F        16    1      20001       0.302         12.548   1.4
 PME mesh              16    1      20001       4.907        204.105  23.2
 NB X/F buffer ops.    16    1      59201       0.178          7.400   0.8
 Vsite spread          16    1      22002       0.202          8.411   1.0
 Write traj.           16    1          3       0.002          0.096   0.0
 Update                16    1      20001       0.078          3.239   0.4
 Constraints           16    1      20003       0.397         16.498   1.9
 Comm. energies        16    1       2001       0.123          5.103   0.6
 Rest                                           0.110          4.595   0.5
-----------------------------------------------------------------------------
 Total                                         21.190        881.451 100.0
-----------------------------------------------------------------------------
 Breakdown of PME mesh computation
-----------------------------------------------------------------------------
 PME redist. X/F       16    1      40002       1.516         63.082   7.2
 PME spread            16    1      20001       0.916         38.084   4.3
 PME gather            16    1      20001       0.721         29.988   3.4
 PME 3D-FFT            16    1      40002       0.564         23.443   2.7
 PME 3D-FFT Comm.      16    1      40002       1.043         43.397   4.9
 PME solve Elec        16    1      20001       0.130          5.413   0.6
-----------------------------------------------------------------------------

               Core t (s)   Wall t (s)        (%)
       Time:      339.016       21.190     1599.9
                 (ns/day)    (hour/ns)
Performance:       81.553        0.294
Finished mdrun on rank 0 Thu Apr 29 10:34:55 2021

